2025-08-07 14:22:55,977 [INFO] Activator:176 - 


2025-08-07 14:22:55,978 [INFO] Activator:177 - !SESSION log4j initialized
2025-08-07 14:22:59,087 [INFO] LogOutputStream:77 - [STDOUT_REDIRECT] 
2025-08-07 14:23:00,434 [INFO] ApplicationProperties:184 - Using Application install path: C:\ST\STM32CubeIDE_1.15.1\STM32CubeIDE\plugins\com.st.stm32cube.common.mx_6.11.1.202404110753
2025-08-07 14:23:00,456 [INFO] DbMcusXml:78 - Set database path to: C:\ST\STM32CubeIDE_1.15.1\STM32CubeIDE\plugins\com.st.stm32cube.common.mx_6.11.1.202404110753\\db\/mcu/
2025-08-07 14:23:00,457 [INFO] ApiDb:274 - Set plugin database path to: C:\ST\STM32CubeIDE_1.15.1\STM32CubeIDE\plugins\com.st.stm32cube.common.mx_6.11.1.202404110753\\db\/plugins/boardmanager/
2025-08-07 14:23:00,457 [WARN] ApiDb:259 - Overriding images path with different value:  => C:\ST\STM32CubeIDE_1.15.1\STM32CubeIDE\plugins\com.st.stm32cube.common.mx_6.11.1.202404110753\\db\/plugins/mcufinder/images/
2025-08-07 14:23:00,463 [INFO] ApiDb:250 - Set database path to: C:\Users\jakgr\.stmcufinder\plugins\mcufinder//mcu/
2025-08-07 14:23:00,465 [INFO] DbMcusAds:125 - Set database path to: C:\Users\jakgr\.stmcufinder\plugins\mcufinder//mcu/
2025-08-07 14:23:00,467 [INFO] CrossReferenceDbSqlite:203 - Set database path to: C:\Users\jakgr\.stmcufinder\plugins\mcufinder//mcu/cs/
2025-08-07 14:23:00,569 [INFO] RulesReader:64 - Compatibility file has been processed (297 Rules)
2025-08-07 14:23:00,632 [INFO] DbMcusXml:78 - Set database path to: C:\ST\STM32CubeIDE_1.15.1\STM32CubeIDE\plugins\com.st.stm32cube.common.mx_6.11.1.202404110753\\db\/mcu/
2025-08-07 14:23:00,632 [INFO] ApiDb:274 - Set plugin database path to: C:\ST\STM32CubeIDE_1.15.1\STM32CubeIDE\plugins\com.st.stm32cube.common.mx_6.11.1.202404110753\\db\/plugins/boardmanager/
2025-08-07 14:23:00,632 [INFO] ApiDb:261 - Set plugin images path to: C:\ST\STM32CubeIDE_1.15.1\STM32CubeIDE\plugins\com.st.stm32cube.common.mx_6.11.1.202404110753\\db\/plugins/mcufinder/images/
2025-08-07 14:23:00,632 [WARN] DbFile:41 - Overriding database path with different value: C:\Users\jakgr\.stmcufinder\plugins\mcufinder/ => C:\Users\jakgr\.stmcufinder\plugins\mcufinder
2025-08-07 14:23:00,632 [INFO] ApiDb:250 - Set database path to: C:\Users\jakgr\.stmcufinder\plugins\mcufinder//mcu/
2025-08-07 14:23:00,632 [WARN] DbFile:41 - Overriding database path with different value: C:\Users\jakgr\.stmcufinder\plugins\mcufinder/ => C:\Users\jakgr\.stmcufinder\plugins\mcufinder
2025-08-07 14:23:00,633 [INFO] DbMcusAds:125 - Set database path to: C:\Users\jakgr\.stmcufinder\plugins\mcufinder//mcu/
2025-08-07 14:23:00,633 [WARN] DbFile:41 - Overriding database path with different value: C:\Users\jakgr\.stmcufinder\plugins\mcufinder/ => C:\Users\jakgr\.stmcufinder\plugins\mcufinder
2025-08-07 14:23:00,633 [WARN] DbFile:41 - Overriding database path with different value: C:\Users\jakgr\.stmcufinder\plugins\mcufinder/ => C:\Users\jakgr\.stmcufinder\plugins\mcufinder
2025-08-07 14:23:00,633 [INFO] CrossReferenceDbSqlite:203 - Set database path to: C:\Users\jakgr\.stmcufinder\plugins\mcufinder//mcu/cs/
2025-08-07 14:23:00,687 [INFO] MainPanel:264 - HeapMemory: 268435456
2025-08-07 14:23:00,740 [INFO] DbMcusXml:78 - Set database path to: C:\ST\STM32CubeIDE_1.15.1\STM32CubeIDE\plugins\com.st.stm32cube.common.mx_6.11.1.202404110753\\db\/mcu/
2025-08-07 14:23:00,740 [INFO] ApiDb:274 - Set plugin database path to: C:\ST\STM32CubeIDE_1.15.1\STM32CubeIDE\plugins\com.st.stm32cube.common.mx_6.11.1.202404110753\\db\/plugins/boardmanager/
2025-08-07 14:23:00,740 [INFO] ApiDb:261 - Set plugin images path to: C:\ST\STM32CubeIDE_1.15.1\STM32CubeIDE\plugins\com.st.stm32cube.common.mx_6.11.1.202404110753\\db\/plugins/mcufinder/images/
2025-08-07 14:23:00,740 [WARN] DbFile:41 - Overriding database path with different value: C:\Users\jakgr\.stmcufinder\plugins\mcufinder/ => C:\Users\jakgr\.stmcufinder\plugins\mcufinder
2025-08-07 14:23:00,741 [INFO] ApiDb:250 - Set database path to: C:\Users\jakgr\.stmcufinder\plugins\mcufinder//mcu/
2025-08-07 14:23:00,741 [WARN] DbFile:41 - Overriding database path with different value: C:\Users\jakgr\.stmcufinder\plugins\mcufinder/ => C:\Users\jakgr\.stmcufinder\plugins\mcufinder
2025-08-07 14:23:00,741 [INFO] DbMcusAds:125 - Set database path to: C:\Users\jakgr\.stmcufinder\plugins\mcufinder//mcu/
2025-08-07 14:23:00,741 [WARN] DbFile:41 - Overriding database path with different value: C:\Users\jakgr\.stmcufinder\plugins\mcufinder/ => C:\Users\jakgr\.stmcufinder\plugins\mcufinder
2025-08-07 14:23:00,741 [WARN] DbFile:41 - Overriding database path with different value: C:\Users\jakgr\.stmcufinder\plugins\mcufinder/ => C:\Users\jakgr\.stmcufinder\plugins\mcufinder
2025-08-07 14:23:00,741 [INFO] CrossReferenceDbSqlite:203 - Set database path to: C:\Users\jakgr\.stmcufinder\plugins\mcufinder//mcu/cs/
2025-08-07 14:23:00,755 [INFO] ApplicationProperties:184 - Using Application install path: C:\ST\STM32CubeIDE_1.15.1\STM32CubeIDE\plugins\com.st.stm32cube.common.mx_6.11.1.202404110753
2025-08-07 14:23:00,756 [INFO] PluginManage:196 - Search for loadable plugins [exclusion list=, ]
2025-08-07 14:23:00,757 [INFO] PluginManage:310 - Check plugin analytics
2025-08-07 14:23:00,901 [INFO] AnalyticsPlugin:253 - Accepted Software Licenses: 
2025-08-07 14:23:00,901 [INFO] AnalyticsPlugin:255 - Accepted CMSIS Pack Licenses: 
2025-08-07 14:23:00,901 [INFO] AnalyticsPlugin:257 - Accepted Firmware Licenses: 
2025-08-07 14:23:00,903 [INFO] PluginManage:359 - Loaded plugin analytics (category:tool,tabindex:-1)
2025-08-07 14:23:00,903 [INFO] PluginManage:310 - Check plugin cadmodel
2025-08-07 14:23:00,907 [INFO] CADModel:105 - Init CAD model plugin
2025-08-07 14:23:00,907 [INFO] PluginManage:359 - Loaded plugin cadmodel (category:power,tabindex:5)
2025-08-07 14:23:00,907 [INFO] PluginManage:310 - Check plugin clock
2025-08-07 14:23:00,916 [INFO] PluginManage:359 - Loaded plugin clock (category:base,tabindex:2)
2025-08-07 14:23:00,916 [INFO] PluginManage:310 - Check plugin ddr
2025-08-07 14:23:00,918 [INFO] PluginManage:359 - Loaded plugin ddr (category:tool,tabindex:6)
2025-08-07 14:23:00,918 [INFO] PluginManage:310 - Check plugin filemanager
2025-08-07 14:23:01,074 [INFO] PluginManage:359 - Loaded plugin filemanager (category:base,tabindex:10)
2025-08-07 14:23:01,074 [INFO] PluginManage:310 - Check plugin ipmanager
2025-08-07 14:23:01,088 [INFO] PluginManage:359 - Loaded plugin ipmanager (category:base,tabindex:5)
2025-08-07 14:23:01,089 [INFO] PluginManage:310 - Check plugin lpbam
2025-08-07 14:23:01,098 [INFO] PluginManage:359 - Loaded plugin lpbam (category:base,tabindex:0)
2025-08-07 14:23:01,098 [INFO] PluginManage:310 - Check plugin memorymap
2025-08-07 14:23:01,108 [INFO] PluginManage:359 - Loaded plugin memorymap (category:base,tabindex:4)
2025-08-07 14:23:01,108 [INFO] PluginManage:310 - Check plugin pinoutandconfiguration
2025-08-07 14:23:01,114 [INFO] PluginManage:359 - Loaded plugin pinoutandconfiguration (category:base,tabindex:1)
2025-08-07 14:23:01,114 [INFO] PluginManage:310 - Check plugin pinoutconfig
2025-08-07 14:23:01,183 [WARN] SupportedApi:132 - Cannot load RTOS API schema: s4s-elt-must-match.1: The content of 'definitions' must match (annotation?, (simpleType | complexType)?, (unique | key | keyref)*)). A problem was found starting at: attribute.
2025-08-07 14:23:01,285 [INFO] PluginManage:359 - Loaded plugin pinoutconfig (category:base,tabindex:0)
2025-08-07 14:23:01,285 [INFO] PluginManage:310 - Check plugin power
2025-08-07 14:23:01,292 [INFO] PluginManage:359 - Loaded plugin power (category:power,tabindex:4)
2025-08-07 14:23:01,293 [INFO] PluginManage:310 - Check plugin projectmanager
2025-08-07 14:23:01,306 [INFO] PluginManage:359 - Loaded plugin projectmanager (category:projectmanager,tabindex:3)
2025-08-07 14:23:01,307 [INFO] PluginManage:310 - Check plugin thirdparty
2025-08-07 14:23:01,408 [INFO] PluginManage:359 - Loaded plugin thirdparty (category:base,tabindex:-1)
2025-08-07 14:23:01,408 [WARN] IntegrityCheckThread:84 - waiting for thirdparty lock release [integrity check]
2025-08-07 14:23:01,408 [INFO] IntegrityCheckThread:86 - entering critical section [integrity check]
2025-08-07 14:23:01,408 [INFO] PluginManage:310 - Check plugin tools
2025-08-07 14:23:01,409 [INFO] ThirdPartyUpdaterWithRetryManager:70 - Updater plugin not ready yet. [1/15]
2025-08-07 14:23:01,413 [INFO] PluginManage:359 - Loaded plugin tools (category:base,tabindex:7)
2025-08-07 14:23:01,413 [INFO] PluginManage:310 - Check plugin tutovideos
2025-08-07 14:23:01,542 [INFO] PluginManage:359 - Loaded plugin tutovideos (category:base,tabindex:-1)
2025-08-07 14:23:01,542 [INFO] PluginManage:310 - Check plugin updater
2025-08-07 14:23:01,551 [INFO] PluginManage:359 - Loaded plugin updater (category:base,tabindex:12)
2025-08-07 14:23:01,551 [INFO] PluginManage:310 - Check plugin userauth
2025-08-07 14:23:01,555 [INFO] UserAuth:114 - Init User Auth plugin
2025-08-07 14:23:01,555 [INFO] PluginManage:359 - Loaded plugin userauth (category:base,tabindex:14)
2025-08-07 14:23:01,556 [INFO] PluginManage:283 - PluginManage : Loaded plugins [17]
2025-08-07 14:23:01,722 [INFO] PinOutPanel:1561 - setPackage(No Configuration,No Configuration)
2025-08-07 14:23:01,779 [INFO] CADModel:165 - CPN selected for project level
2025-08-07 14:23:01,779 [INFO] CADModel:114 - Register for checkConnection events
2025-08-07 14:23:01,791 [INFO] IPUIPlugin:80 - create IPUIPlugin
2025-08-07 14:23:01,791 [INFO] PluginManager:220 - loadIPPluginJar : add adc
2025-08-07 14:23:01,793 [INFO] IPUIPlugin:80 - create IPUIPlugin
2025-08-07 14:23:01,793 [INFO] PluginManager:220 - loadIPPluginJar : add aes
2025-08-07 14:23:01,795 [INFO] IPUIPlugin:80 - create IPUIPlugin
2025-08-07 14:23:01,795 [INFO] PluginManager:220 - loadIPPluginJar : add can
2025-08-07 14:23:01,796 [INFO] IPUIPlugin:80 - create IPUIPlugin
2025-08-07 14:23:01,796 [INFO] PluginManager:220 - loadIPPluginJar : add comp
2025-08-07 14:23:01,798 [INFO] IPUIPlugin:80 - create IPUIPlugin
2025-08-07 14:23:01,798 [INFO] PluginManager:220 - loadIPPluginJar : add cryp
2025-08-07 14:23:01,800 [INFO] IPUIPlugin:80 - create IPUIPlugin
2025-08-07 14:23:01,800 [INFO] PluginManager:220 - loadIPPluginJar : add dfsdm
2025-08-07 14:23:01,804 [INFO] IPUIPlugin:80 - create IPUIPlugin
2025-08-07 14:23:01,804 [INFO] PluginManager:220 - loadIPPluginJar : add dma
2025-08-07 14:23:01,806 [INFO] IPUIPlugin:80 - create IPUIPlugin
2025-08-07 14:23:01,807 [INFO] PluginManager:220 - loadIPPluginJar : add dma3
2025-08-07 14:23:01,809 [INFO] IPUIPlugin:80 - create IPUIPlugin
2025-08-07 14:23:01,809 [INFO] PluginManager:220 - loadIPPluginJar : add extmemmanager
2025-08-07 14:23:01,810 [INFO] IPUIPlugin:80 - create IPUIPlugin
2025-08-07 14:23:01,810 [INFO] PluginManager:220 - loadIPPluginJar : add fatfs
2025-08-07 14:23:01,815 [INFO] IPUIPlugin:80 - create IPUIPlugin
2025-08-07 14:23:01,815 [INFO] PluginManager:220 - loadIPPluginJar : add fmc
2025-08-07 14:23:01,819 [INFO] IPUIPlugin:80 - create IPUIPlugin
2025-08-07 14:23:01,820 [INFO] PluginManager:220 - loadIPPluginJar : add freertos
2025-08-07 14:23:01,821 [INFO] IPUIPlugin:80 - create IPUIPlugin
2025-08-07 14:23:01,821 [INFO] PluginManager:220 - loadIPPluginJar : add genericplugin
2025-08-07 14:23:01,823 [INFO] IPUIPlugin:80 - create IPUIPlugin
2025-08-07 14:23:01,823 [INFO] PluginManager:220 - loadIPPluginJar : add gfxmmu
2025-08-07 14:23:01,827 [INFO] IPUIPlugin:80 - create IPUIPlugin
2025-08-07 14:23:01,827 [INFO] PluginManager:220 - loadIPPluginJar : add gic
2025-08-07 14:23:01,831 [INFO] IPUIPlugin:80 - create IPUIPlugin
2025-08-07 14:23:01,831 [INFO] PluginManager:220 - loadIPPluginJar : add gpio
2025-08-07 14:23:01,833 [INFO] IPUIPlugin:80 - create IPUIPlugin
2025-08-07 14:23:01,833 [INFO] PluginManager:220 - loadIPPluginJar : add gtzc
2025-08-07 14:23:01,835 [INFO] IPUIPlugin:80 - create IPUIPlugin
2025-08-07 14:23:01,835 [INFO] PluginManager:220 - loadIPPluginJar : add hash
2025-08-07 14:23:01,837 [INFO] IPUIPlugin:80 - create IPUIPlugin
2025-08-07 14:23:01,837 [INFO] PluginManager:220 - loadIPPluginJar : add i2c
2025-08-07 14:23:01,839 [INFO] IPUIPlugin:80 - create IPUIPlugin
2025-08-07 14:23:01,839 [INFO] PluginManager:220 - loadIPPluginJar : add i2s
2025-08-07 14:23:01,842 [INFO] IPUIPlugin:80 - create IPUIPlugin
2025-08-07 14:23:01,842 [INFO] PluginManager:220 - loadIPPluginJar : add i3c
2025-08-07 14:23:01,845 [INFO] IPUIPlugin:80 - create IPUIPlugin
2025-08-07 14:23:01,845 [INFO] PluginManager:220 - loadIPPluginJar : add ipddr
2025-08-07 14:23:01,851 [INFO] IPUIPlugin:80 - create IPUIPlugin
2025-08-07 14:23:01,851 [INFO] PluginManager:220 - loadIPPluginJar : add linkedlist
2025-08-07 14:23:01,854 [INFO] IPUIPlugin:80 - create IPUIPlugin
2025-08-07 14:23:01,854 [INFO] PluginManager:220 - loadIPPluginJar : add lorawan
2025-08-07 14:23:01,855 [INFO] IPUIPlugin:80 - create IPUIPlugin
2025-08-07 14:23:01,855 [INFO] PluginManager:220 - loadIPPluginJar : add ltdc
2025-08-07 14:23:01,861 [INFO] IPUIPlugin:80 - create IPUIPlugin
2025-08-07 14:23:01,861 [INFO] PluginManager:220 - loadIPPluginJar : add mdma
2025-08-07 14:23:01,864 [INFO] IPUIPlugin:80 - create IPUIPlugin
2025-08-07 14:23:01,864 [INFO] PluginManager:220 - loadIPPluginJar : add nvic
2025-08-07 14:23:01,867 [INFO] IPUIPlugin:80 - create IPUIPlugin
2025-08-07 14:23:01,867 [INFO] PluginManager:220 - loadIPPluginJar : add opamp
2025-08-07 14:23:01,870 [INFO] IPUIPlugin:80 - create IPUIPlugin
2025-08-07 14:23:01,870 [INFO] PluginManager:220 - loadIPPluginJar : add openamp
2025-08-07 14:23:01,873 [INFO] IPUIPlugin:80 - create IPUIPlugin
2025-08-07 14:23:01,873 [INFO] PluginManager:220 - loadIPPluginJar : add pdm2pcm
2025-08-07 14:23:01,878 [INFO] IPUIPlugin:80 - create IPUIPlugin
2025-08-07 14:23:01,880 [INFO] PluginManager:220 - loadIPPluginJar : add plateformsettings
2025-08-07 14:23:01,882 [INFO] IPUIPlugin:80 - create IPUIPlugin
2025-08-07 14:23:01,882 [INFO] PluginManager:220 - loadIPPluginJar : add quadspi
2025-08-07 14:23:01,884 [INFO] IPUIPlugin:80 - create IPUIPlugin
2025-08-07 14:23:01,884 [INFO] PluginManager:220 - loadIPPluginJar : add resmgrutility
2025-08-07 14:23:01,886 [INFO] IPUIPlugin:80 - create IPUIPlugin
2025-08-07 14:23:01,886 [INFO] PluginManager:220 - loadIPPluginJar : add sai
2025-08-07 14:23:01,889 [INFO] IPUIPlugin:80 - create IPUIPlugin
2025-08-07 14:23:01,889 [INFO] PluginManager:220 - loadIPPluginJar : add spi
2025-08-07 14:23:01,893 [INFO] IPUIPlugin:80 - create IPUIPlugin
2025-08-07 14:23:01,894 [INFO] PluginManager:220 - loadIPPluginJar : add stm32_wpan
2025-08-07 14:23:01,895 [INFO] IPUIPlugin:80 - create IPUIPlugin
2025-08-07 14:23:01,895 [INFO] PluginManager:220 - loadIPPluginJar : add tim
2025-08-07 14:23:01,898 [INFO] IPUIPlugin:80 - create IPUIPlugin
2025-08-07 14:23:01,898 [INFO] PluginManager:220 - loadIPPluginJar : add touchsensing
2025-08-07 14:23:01,900 [INFO] IPUIPlugin:80 - create IPUIPlugin
2025-08-07 14:23:01,900 [INFO] PluginManager:220 - loadIPPluginJar : add tracer_emb
2025-08-07 14:23:01,901 [INFO] IPUIPlugin:80 - create IPUIPlugin
2025-08-07 14:23:01,901 [INFO] PluginManager:220 - loadIPPluginJar : add ts
2025-08-07 14:23:01,903 [INFO] IPUIPlugin:80 - create IPUIPlugin
2025-08-07 14:23:01,903 [INFO] PluginManager:220 - loadIPPluginJar : add tsc
2025-08-07 14:23:01,904 [INFO] IPUIPlugin:80 - create IPUIPlugin
2025-08-07 14:23:01,904 [INFO] PluginManager:220 - loadIPPluginJar : add ucpd
2025-08-07 14:23:01,908 [INFO] IPUIPlugin:80 - create IPUIPlugin
2025-08-07 14:23:01,908 [INFO] PluginManager:220 - loadIPPluginJar : add usart
2025-08-07 14:23:01,910 [INFO] IPUIPlugin:80 - create IPUIPlugin
2025-08-07 14:23:01,910 [INFO] PluginManager:220 - loadIPPluginJar : add usbx
2025-08-07 14:23:02,032 [INFO] CADModel:165 - CPN selected for project level
2025-08-07 14:23:02,032 [INFO] CADModel:114 - Register for checkConnection events
2025-08-07 14:23:02,032 [FATAL] Updater:308 - Updater called before beeing initialized
2025-08-07 14:23:02,032 [ERROR] CADModel:125 - Updater not yet initialized, retry later 
2025-08-07 14:23:02,183 [INFO] CADModel:165 - CPN selected for project level
2025-08-07 14:23:02,183 [INFO] CADModel:114 - Register for checkConnection events
2025-08-07 14:23:02,183 [FATAL] Updater:308 - Updater called before beeing initialized
2025-08-07 14:23:02,183 [ERROR] CADModel:125 - Updater not yet initialized, retry later 
2025-08-07 14:23:02,187 [FATAL] Updater:308 - Updater called before beeing initialized
2025-08-07 14:23:02,266 [FATAL] Updater:308 - Updater called before beeing initialized
2025-08-07 14:23:02,270 [INFO] DbMcusAds:53 - JSON generation date=Tue Jul 08 15:14:23 ICT 2025 (1751962463582)
2025-08-07 14:23:02,270 [FATAL] Updater:308 - Updater called before beeing initialized
2025-08-07 14:23:02,298 [WARN] DetailPanel:346 - Failed to get advertising image, set to default
2025-08-07 14:23:02,361 [FATAL] Updater:308 - Updater called before beeing initialized
2025-08-07 14:23:02,363 [FATAL] Updater:308 - Updater called before beeing initialized
2025-08-07 14:23:02,363 [FATAL] Updater:308 - Updater called before beeing initialized
2025-08-07 14:23:02,363 [WARN] DetailPanel:346 - Failed to get advertising image, set to default
2025-08-07 14:23:02,363 [FATAL] Updater:308 - Updater called before beeing initialized
2025-08-07 14:23:02,399 [ERROR] Updater:1120 - MainUpdater not yet initialized. External WinMGr cannot be set.
2025-08-07 14:23:02,401 [INFO] Updater:1056 - Updater Version found : 6.11.1
2025-08-07 14:23:02,426 [INFO] ApplicationProperties:184 - Using Application install path: C:\ST\STM32CubeIDE_1.15.1\STM32CubeIDE\plugins\com.st.stm32cube.common.mx_6.11.1.202404110753
2025-08-07 14:23:02,660 [INFO] MainUpdater:2873 - connection check result : 10
2025-08-07 14:23:02,661 [INFO] MainUpdater:290 - Updater Check For Update Now.
2025-08-07 14:23:02,661 [INFO] MicroXplorer:498 - Change Database Version : DB.6.0.111
2025-08-07 14:23:02,667 [INFO] McuFinderGlobals:63 - Set McuFinder mode to 2 (CubeIDE integrated)
2025-08-07 14:23:02,667 [INFO] UserAuth:179 - activating auth plugin
2025-08-07 14:23:02,669 [INFO] UserAuth:415 - Internet connection configuration mode: 1
2025-08-07 14:23:02,683 [INFO] JxBrowserEngine:152 - Initiate JxBrowser Engine with user profile folder
2025-08-07 14:23:02,834 [INFO] CheckServerUpdateThread:120 - End of CheckServer Thread
2025-08-07 14:23:03,151 [INFO] WebApp:161 - Instantiating new browser for Auth
2025-08-07 14:23:03,610 [INFO] WebApp:779 - Register for checkConnection events
2025-08-07 14:23:03,610 [INFO] WebApp:414 - Apply proxy settings
2025-08-07 14:23:03,611 [INFO] WebApp:499 - Chromium requires no authentication
2025-08-07 14:23:03,617 [INFO] WebApp:442 - Direct internet connection detected
2025-08-07 14:23:03,746 [INFO] WebApp:192 - Starting web application
2025-08-07 14:23:03,746 [INFO] WebApp:544 - Web application path used C:\ST\STM32CubeIDE_1.15.1\STM32CubeIDE\plugins\com.st.stm32cube.common.mx_6.11.1.202404110753\db\plugins\mcufinder\reactClient1\index.html
2025-08-07 14:23:04,591 [WARN] PackLoader:240 - Cannot read IP mode file for STMicroelectronics.FP-SNS-MOTENVWB1.1.4.0
2025-08-07 14:23:04,599 [WARN] PackLoader:240 - Cannot read IP mode file for STMicroelectronics.FP-ATR-ASTRA1.2.0.2
2025-08-07 14:23:04,606 [WARN] PackLoader:240 - Cannot read IP mode file for STMicroelectronics.X-CUBE-SMBUS.2.1.0
2025-08-07 14:23:04,609 [ERROR] Engine:466 - C:\Users\jakgr\.stm32cubemx\thirdparties\pdsc\STMicroelectronics.X-CUBE-ST60.1.0.0.pdsc: PDSC version is not supported
2025-08-07 14:23:04,632 [WARN] PackLoader:240 - Cannot read IP mode file for STMicroelectronics.X-CUBE-AZRTOS-F7.1.1.0
2025-08-07 14:23:04,660 [WARN] PackLoader:240 - Cannot read IP mode file for Infineon.AIROC-Wi-Fi-Bluetooth-STM32.1.7.1
2025-08-07 14:23:04,685 [WARN] PackLoader:240 - Cannot read IP mode file for STMicroelectronics.X-CUBE-AZRTOS-H7.3.4.0
2025-08-07 14:23:04,692 [WARN] PackLoader:240 - Cannot read IP mode file for STMicroelectronics.X-CUBE-DISPLAY.3.0.0
2025-08-07 14:23:04,703 [WARN] PackLoader:240 - Cannot read IP mode file for STMicroelectronics.X-CUBE-NFC10.1.0.0
2025-08-07 14:23:04,708 [WARN] PackLoader:240 - Cannot read IP mode file for emotas.I-CUBE-CANOPEN.1.3.0
2025-08-07 14:23:04,712 [ERROR] Engine:466 - C:\Users\jakgr\.stm32cubemx\thirdparties\pdsc\STMicroelectronics.FP-SNS-STBOX1.2.1.0.pdsc: PDSC version is not supported
2025-08-07 14:23:04,715 [WARN] PackLoader:240 - Cannot read IP mode file for STMicroelectronics.FP-SNS-SMARTAG2.1.2.0
2025-08-07 14:23:04,717 [ERROR] Engine:466 - C:\Users\jakgr\.stm32cubemx\thirdparties\pdsc\STMicroelectronics.FP-SNS-FLIGHT1.5.1.0.pdsc: PDSC version is not supported
2025-08-07 14:23:04,723 [INFO] LogOutputStream:77 - [STDOUT_REDIRECT] 1 : Invalid condition id : UX_CORESTACK_Condition cause : null
2025-08-07 14:23:04,723 [INFO] LogOutputStream:77 - [STDOUT_REDIRECT] 1 : Invalid condition id : UX_CORESTACK_Condition cause : null
2025-08-07 14:23:04,724 [INFO] LogOutputStream:77 - [STDOUT_REDIRECT] 1 : Invalid condition id : UX_CORESTACK_Condition cause : null
2025-08-07 14:23:04,724 [INFO] LogOutputStream:77 - [STDOUT_REDIRECT] 1 : Invalid condition id : UX_CORESTACK_Condition cause : null
2025-08-07 14:23:04,725 [INFO] LogOutputStream:77 - [STDOUT_REDIRECT] 1 : Invalid condition id : UX_CORESTACK_Condition cause : null
2025-08-07 14:23:04,728 [WARN] PackLoader:240 - Cannot read IP mode file for STMicroelectronics.X-CUBE-AZRTOS-WL.2.0.0
2025-08-07 14:23:04,732 [WARN] PackLoader:240 - Cannot read IP mode file for STMicroelectronics.FP-SNS-MOTENV1.5.0.0
2025-08-07 14:23:04,738 [WARN] PackLoader:240 - Cannot read IP mode file for WES.I-CUBE-Cesium.1.3.0
2025-08-07 14:23:04,743 [WARN] PackLoader:240 - Cannot read IP mode file for STMicroelectronics.X-CUBE-BLE2.3.3.0
2025-08-07 14:23:04,748 [WARN] PackLoader:240 - Cannot read IP mode file for STMicroelectronics.X-CUBE-NFC9.1.0.0
2025-08-07 14:23:04,753 [WARN] PackLoader:240 - Cannot read IP mode file for wolfSSL.I-CUBE-wolfSSL.5.8.2
2025-08-07 14:23:04,756 [WARN] PackLoader:240 - Cannot read IP mode file for STMicroelectronics.X-CUBE-BLE1.7.1.0
2025-08-07 14:23:04,760 [WARN] PackLoader:240 - Cannot read IP mode file for wolfSSL.I-CUBE-wolfMQTT.1.19.2
2025-08-07 14:23:04,765 [WARN] PackLoader:240 - Cannot read IP mode file for STMicroelectronics.X-CUBE-EEPRMA1.5.2.0
2025-08-07 14:23:04,788 [WARN] PackLoader:240 - Cannot read IP mode file for STMicroelectronics.X-CUBE-AZRTOS-G0.1.1.0
2025-08-07 14:23:04,795 [WARN] PackLoader:240 - Cannot read IP mode file for STMicroelectronics.X-CUBE-SAFEA1.1.2.2
2025-08-07 14:23:04,799 [WARN] PackLoader:240 - Cannot read IP mode file for STMicroelectronics.X-CUBE-NFC4.3.0.0
2025-08-07 14:23:04,803 [WARN] PackLoader:240 - Cannot read IP mode file for STMicroelectronics.X-CUBE-WB05N.2.0.0
2025-08-07 14:23:04,807 [WARN] PackLoader:240 - Cannot read IP mode file for wolfSSL.I-CUBE-wolfTPM.3.8.0
2025-08-07 14:23:04,810 [ERROR] Engine:466 - C:\Users\jakgr\.stm32cubemx\thirdparties\pdsc\STMicroelectronics.X-CUBE-TCPP.4.2.0.pdsc: PDSC version is not supported
2025-08-07 14:23:04,813 [WARN] PackLoader:240 - Cannot read IP mode file for RealThread.X-CUBE-RT-Thread_Nano.4.1.1
2025-08-07 14:23:04,816 [WARN] PackLoader:240 - Cannot read IP mode file for STMicroelectronics.FP-ATR-SIGFOX1.3.2.0
2025-08-07 14:23:04,820 [WARN] PackLoader:240 - Cannot read IP mode file for ITTIA_DB.I-CUBE-ITTIADB.8.9.0
2025-08-07 14:23:04,822 [ERROR] Engine:466 - C:\Users\jakgr\.stm32cubemx\thirdparties\pdsc\STMicroelectronics.X-CUBE-ST67W61.1.0.0.pdsc: PDSC version is not supported
2025-08-07 14:23:04,824 [WARN] PackLoader:240 - Cannot read IP mode file for STMicroelectronics.X-CUBE-AI.10.2.0
2025-08-07 14:23:04,842 [WARN] PackLoader:240 - Cannot read IP mode file for SEGGER.I-CUBE-embOS.1.3.1
2025-08-07 14:23:04,866 [WARN] PackLoader:240 - Cannot read IP mode file for STMicroelectronics.X-CUBE-ALGOBUILD.1.4.0
2025-08-07 14:23:04,892 [WARN] PackLoader:240 - Cannot read IP mode file for STMicroelectronics.X-CUBE-MEMS1.11.3.0
2025-08-07 14:23:04,984 [WARN] PackLoader:240 - Cannot read IP mode file for STMicroelectronics.X-CUBE-PM33A1.1.0.0
2025-08-07 14:23:04,995 [WARN] PackLoader:240 - Cannot read IP mode file for STMicroelectronics.X-CUBE-AZRTOS-F4.1.1.0
2025-08-07 14:23:04,998 [ERROR] Engine:466 - C:\Users\jakgr\.stm32cubemx\thirdparties\pdsc\Avnet-IotConnect.X-CUBE-IoTC-DA16k-PMOD.1.0.0.pdsc: PDSC version is not supported
2025-08-07 14:23:05,001 [WARN] PackLoader:240 - Cannot read IP mode file for STMicroelectronics.X-CUBE-ISPU.2.1.0
2025-08-07 14:23:05,005 [WARN] PackLoader:240 - Cannot read IP mode file for STMicroelectronics.X-CUBE-NFC12.1.0.0
2025-08-07 14:23:05,016 [WARN] PackLoader:240 - Cannot read IP mode file for STMicroelectronics.X-CUBE-AZRTOS-L5.2.0.0
2025-08-07 14:23:05,022 [WARN] PackLoader:240 - Cannot read IP mode file for STMicroelectronics.X-CUBE-NFC6.3.1.0
2025-08-07 14:23:05,027 [WARN] PackLoader:240 - Cannot read IP mode file for STMicroelectronics.X-CUBE-FREERTOS.1.3.1
2025-08-07 14:23:05,030 [ERROR] Engine:466 - C:\Users\jakgr\.stm32cubemx\thirdparties\pdsc\STMicroelectronics.FP-SNS-STAIOTCFT.1.0.0.pdsc: PDSC version is not supported
2025-08-07 14:23:05,033 [WARN] PackLoader:240 - Cannot read IP mode file for STMicroelectronics.X-CUBE-DPower.1.3.0
2025-08-07 14:23:05,045 [WARN] ConditionMgr:438 - getConditionDescription Invalid condition id : LAN8742 Phy interface Condition cause : null
2025-08-07 14:23:05,046 [WARN] PackLoader:240 - Cannot read IP mode file for STMicroelectronics.X-CUBE-AZRTOS-L4.2.0.0
2025-08-07 14:23:05,047 [WARN] ConditionMgr:1039 - genDependencies : Invalid condition id : LAN8742 Phy interface Condition cause : null
2025-08-07 14:23:05,048 [WARN] ConditionMgr:1039 - genDependencies : Invalid condition id : LAN8742 Phy interface Condition cause : null
2025-08-07 14:23:05,048 [WARN] ConditionMgr:1039 - genDependencies : Invalid condition id : LAN8742 Phy interface Condition cause : null
2025-08-07 14:23:05,054 [WARN] PackLoader:240 - Cannot read IP mode file for STMicroelectronics.X-CUBE-SFXS2LP1.4.0.0
2025-08-07 14:23:05,057 [ERROR] Engine:466 - C:\Users\jakgr\.stm32cubemx\thirdparties\pdsc\STMicroelectronics.X-CUBE-BLEMGR.4.1.0.pdsc: PDSC version is not supported
2025-08-07 14:23:05,063 [WARN] ConditionMgr:438 - getConditionDescription Invalid condition id : UX DEVICE CLASS RTOS Condition cause : null
2025-08-07 14:23:05,064 [WARN] ConditionMgr:438 - getConditionDescription Invalid condition id : UX DEVICE CLASS RTOS Condition cause : null
2025-08-07 14:23:05,065 [WARN] PackLoader:240 - Cannot read IP mode file for STMicroelectronics.X-CUBE-AZRTOS-WB.2.0.0
2025-08-07 14:23:05,065 [WARN] ConditionMgr:1039 - genDependencies : Invalid condition id : UX DEVICE CLASS RTOS Condition cause : null
2025-08-07 14:23:05,065 [WARN] ConditionMgr:1039 - genDependencies : Invalid condition id : UX DEVICE CLASS RTOS Condition cause : null
2025-08-07 14:23:05,065 [WARN] ConditionMgr:1039 - genDependencies : Invalid condition id : UX DEVICE CLASS RTOS Condition cause : null
2025-08-07 14:23:05,065 [WARN] ConditionMgr:1039 - genDependencies : Invalid condition id : UX DEVICE CLASS RTOS Condition cause : null
2025-08-07 14:23:05,065 [WARN] ConditionMgr:1039 - genDependencies : Invalid condition id : UX DEVICE CLASS RTOS Condition cause : null
2025-08-07 14:23:05,069 [WARN] PackLoader:240 - Cannot read IP mode file for STMicroelectronics.X-CUBE-GNSS1.7.0.1
2025-08-07 14:23:05,079 [WARN] PackLoader:240 - Cannot read IP mode file for STMicroelectronics.X-CUBE-TOUCHGFX.4.25.0
2025-08-07 14:23:05,082 [WARN] ConditionMgr:438 - getConditionDescription Invalid condition id : Cortex-A Device cause : null
2025-08-07 14:23:05,094 [WARN] ConditionMgr:1039 - genDependencies : Invalid condition id : Cortex-A Device cause : null
2025-08-07 14:23:05,094 [WARN] ConditionMgr:1039 - genDependencies : Invalid condition id : Cortex-A Device cause : null
2025-08-07 14:23:05,094 [WARN] ConditionMgr:1039 - genDependencies : Invalid condition id : Cortex-A Device cause : null
2025-08-07 14:23:05,100 [WARN] PackLoader:240 - Cannot read IP mode file for STMicroelectronics.X-CUBE-SUBG2.5.0.0
2025-08-07 14:23:05,112 [WARN] PackLoader:240 - Cannot read IP mode file for STMicroelectronics.X-CUBE-AZRTOS-H7RS.1.1.0
2025-08-07 14:23:05,116 [WARN] PackLoader:240 - Cannot read IP mode file for Cesanta.I-CUBE-Mongoose.7.13.0
2025-08-07 14:23:05,125 [WARN] PackLoader:240 - Cannot read IP mode file for STMicroelectronics.X-CUBE-AZRTOS-G4.2.0.0
2025-08-07 14:23:05,129 [WARN] PackLoader:240 - Cannot read IP mode file for wolfSSL.I-CUBE-wolfSSH.1.4.20
2025-08-07 14:23:05,132 [WARN] PackLoader:240 - Cannot read IP mode file for STMicroelectronics.X-CUBE-NFC7.2.0.0
2025-08-07 14:23:05,136 [ERROR] Engine:466 - C:\Users\jakgr\.stm32cubemx\thirdparties\pdsc\STMicroelectronics.X-CUBE-IPS.3.1.0.pdsc: PDSC version is not supported
2025-08-07 14:23:05,139 [WARN] PackLoader:240 - Cannot read IP mode file for STMicroelectronics.X-CUBE-ALS.1.0.2
2025-08-07 14:23:05,143 [WARN] PackLoader:240 - Cannot read IP mode file for portGmbH.I-Cube-SoM-uGOAL.1.1.0
2025-08-07 14:23:05,146 [ERROR] Engine:466 - C:\Users\jakgr\.stm32cubemx\thirdparties\pdsc\STMicroelectronics.X-CUBE-TOF1.3.4.3.pdsc: PDSC version is not supported
2025-08-07 14:23:05,147 [INFO] ThirdParty:978 - Integrity check success = true
2025-08-07 14:23:05,147 [INFO] IntegrityCheckThread:100 - exiting critical section [integrity check]
2025-08-07 14:23:05,147 [INFO] IntegrityCheckThread:103 - End integrity checks thread
2025-08-07 14:24:09,241 [INFO] McuFinderGlobals:63 - Set McuFinder mode to 2 (CubeIDE integrated)
2025-08-07 14:24:09,244 [INFO] MainUpdater:2873 - connection check result : 10
2025-08-07 14:24:09,577 [INFO] ApiDb:581 - Connected to CubeFinder SQLite database (C:\Users\jakgr\.stmcufinder\plugins\mcufinder\mcu\cube-finder-db.db)
2025-08-07 14:24:09,635 [INFO] ApiDb:668 - CubeFinder database Data Model version=2.1
2025-08-07 14:24:09,635 [INFO] ApiDb:669 - CubeFinder database Configuration version=3.0.39
2025-08-07 14:24:09,635 [INFO] ApiDb:670 - CubeFinder database generation date=2025-07-24 (1753349077)
2025-08-07 14:24:09,635 [INFO] ApiDb:671 - CubeFinder database FW Pack versions=[FP-ATR-ASTRA1_V2.0.0, FP-SNS-FLIGHT1_V5.1.0, FP-SNS-MOTENV1_V5.0.0, FP-SNS-MOTENVWB1_V1.4.0, FP-SNS-SMARTAG2_V1.2.0, FP-SNS-STBOX1_V2.0.0, STM32Cube_FW_C0_V1.4.0, STM32Cube_FW_F4_V1.28.2, STM32Cube_FW_F7_V1.17.3, STM32Cube_FW_G0_V1.6.2, STM32Cube_FW_G4_V1.6.1, STM32Cube_FW_H5_V1.5.0, STM32Cube_FW_H7RS_V1.2.0, STM32Cube_FW_H7_V1.12.1, STM32Cube_FW_L0_V1.12.2, STM32Cube_FW_L4_V1.18.1, STM32Cube_FW_L5_V1.5.1, STM32Cube_FW_N6_V1.2.0, STM32Cube_FW_U0_V1.3.0, STM32Cube_FW_U3_V1.2.0, STM32Cube_FW_U5_V1.8.0, STM32Cube_FW_WB0_V1.3.0, STM32Cube_FW_WBA_V1.7.0, STM32Cube_FW_WB_V1.23.0, STM32Cube_FW_WL3_V1.2.0, STM32Cube_FW_WL_V1.3.1, X-CUBE-ALGOBUILD_V1.4.0, X-CUBE-ALS_V1.0.2, X-CUBE-AZRTOS-F4_V1.1.0, X-CUBE-AZRTOS-F7_V1.1.0, X-CUBE-AZRTOS-G0_V1.1.0, X-CUBE-AZRTOS-G4_V2.0.0, X-CUBE-AZRTOS-H7RS_V1.1.0, X-CUBE-AZRTOS-H7_V3.4.0, X-CUBE-AZRTOS-L4_V2.0.0, X-CUBE-AZRTOS-L5_V2.0.0, X-CUBE-AZRTOS-WB_V2.0.0, X-CUBE-AZRTOS-WL_V2.0.0, X-CUBE-BLE1_V7.1.0, X-CUBE-BLE2_V3.3.0, X-CUBE-BLEMGR_V4.1.0, X-CUBE-EEPRMA1_V5.2.0, X-CUBE-FREERTOS_V1.3.1, X-CUBE-GNSS1_V6.0.0, X-CUBE-MEMS1_V11.3.0, X-CUBE-NFC4_V3.0.0, X-CUBE-NFC7_V2.0.0, X-CUBE-SFXS2LP1_V4.0.0, X-CUBE-ST67W61_V1.0.0, X-CUBE-SUBG2_V5.0.0, X-CUBE-TOF1_V3.4.3]
2025-08-07 14:24:09,680 [INFO] DbBoardsSqlite:226 - include board P-NUCLEO-WB55-NUCLEO as a kit item of type 'Nucleo-64'
2025-08-07 14:24:09,680 [INFO] DbBoardsSqlite:226 - include board P-NUCLEO-WB55-USBDONGLE as a kit item of type 'Nucleo USB Dongle'
2025-08-07 14:24:09,680 [INFO] DbBoardsSqlite:226 - include board STEVAL-IDP005V1 as a kit item of type 'Evaluation Board'
2025-08-07 14:24:09,681 [INFO] DbBoardsSqlite:226 - include board STEVAL-IDP005V2 as a kit item of type 'Evaluation Board'
2025-08-07 14:24:09,738 [INFO] ApiDb:240 - Found 483 in-development CPN: [B-G473E-ZEST1S, B-WB1M-WPAN1, B-WL5M-SUBG1, NUCLEO-C031C6, NUCLEO-H503RB, NUCLEO-H533RE, NUCLEO-H563ZI, NUCLEO-H7S3L8, NUCLEO-U031R8, NUCLEO-U083RC, NUCLEO-U545RE-Q, NUCLEO-U5A5ZJ-Q, NUCLEO-WBA52CG, NUCLEO-WBA55CG, STEVAL-PROTEUS1, STEVAL-SMARTAG2, STEVAL-STWINBX1, STM320518-EVAL, STM32C0116-DK, STM32C011D6Y3TR, STM32C011D6Y6TR, STM32C011F4P3, STM32C011F4P6, STM32C011F4U3, STM32C011F4U6TR, STM32C011F6P3, STM32C011F6P6, STM32C011F6U3, STM32C011F6U6TR, STM32C011J4M3, STM32C011J4M6, STM32C011J6M3, STM32C011J6M6, STM32C0316-DK, STM32C031C4T3, STM32C031C4T6, STM32C031C4U3, STM32C031C4U6, STM32C031C6T3, STM32C031C6T6, STM32C031C6U3, STM32C031C6U6, STM32C031F4P3, STM32C031F4P6, STM32C031F6P3, STM32C031F6P6, STM32C031G4U3, STM32C031G4U6, STM32C031G6U3, STM32C031G6U6, STM32C031K4T3, STM32C031K4T6, STM32C031K4U3, STM32C031K4U6, STM32C031K6T3, STM32C031K6T6, STM32C031K6U3, STM32C031K6U6, STM32G071K8TXN, STM32G071K8UXN, STM32G081GBU6N, STM32G081KBT6N, STM32G081KBUXN, STM32G0B1CCT6N, STM32G0B1KCT6, STM32G0B1NEY6TR, STM32G0B1RCT6N, STM32G0C1CCT6, STM32G0C1CCT6N, STM32G0C1CCU6N, STM32G0C1CET6N, STM32G0C1CEU6N, STM32G0C1KCT6, STM32G0C1NEY6TR, STM32G0C1RCI6N, STM32G0C1RCT6N, STM32G0C1REI6N, STM32G0C1RET6N, STM32G0C1VCI6, STM32G0C1VEI6, STM32G471CCT6, STM32G471CCU6, STM32G471CET3, STM32G471CET6, STM32G471CEU3, STM32G471CEU6, STM32G471MCT6, STM32G471MET3, STM32G471MET6, STM32G471MEY6TR, STM32G471QCT6, STM32G471QET3, STM32G471RCT6, STM32G471RET3, STM32G471RET6, STM32G471VCH6, STM32G471VCI6, STM32G471VCT6, STM32G471VEH3, STM32G471VEH6, STM32G471VEI3, STM32G471VEI6, STM32G471VET3, STM32G471VET6, STM32G474CCT6, STM32H503CBT6, STM32H503CBU6, STM32H503EBY6TR, STM32H503KBU6, STM32H503RBT6, STM32H523CCT6, STM32H523CCU6, STM32H523CET6, STM32H523CEU6, STM32H523HEY6TR, STM32H523RCT6, STM32H523RET6, STM32H523VCI6, STM32H523VCT6, STM32H523VEI6, STM32H523VET6, STM32H523ZCJ6, STM32H523ZCT6, STM32H523ZEJ6, STM32H523ZET6, STM32H533CET6, STM32H533CEU6, STM32H533HEY6TR, STM32H533RET6, STM32H533VEI6, STM32H533VET6, STM32H533ZEJ6, STM32H533ZET6, STM32H562AGI6, STM32H562AII6, STM32H562IGK6, STM32H562IGT6, STM32H562IIK6, STM32H562IIT6, STM32H562RGT6, STM32H562RGV6, STM32H562RIT6, STM32H562RIV6, STM32H562VGT6, STM32H562VIT6, STM32H562ZGT6, STM32H562ZIT6, STM32H563AGI6, STM32H563AII3Q, STM32H563AII6, STM32H563IGK6, STM32H563IGT6, STM32H563IIK3Q, STM32H563IIK6, STM32H563IIT3Q, STM32H563IIT6, STM32H563MIY3QTR, STM32H563RGT6, STM32H563RGV6, STM32H563RIT6, STM32H563RIV6, STM32H563VGT6, STM32H563VIT3Q, STM32H563VIT6, STM32H563ZGT6, STM32H563ZIT3Q, STM32H563ZIT6, STM32H573AII3Q, STM32H573AII6, STM32H573I-DK, STM32H573IIK3Q, STM32H573IIK6, STM32H573IIT3Q, STM32H573IIT6, STM32H573MIY3QTR, STM32H573RIT6, STM32H573RIV6, STM32H573VIT3Q, STM32H573VIT6, STM32H573ZIT3Q, STM32H573ZIT6, STM32H7R3A8I6, STM32H7R3I8K6, STM32H7R3I8T6, STM32H7R3L8H6, STM32H7R3L8H6H, STM32H7R3R8V6, STM32H7R3V8H6, STM32H7R3V8T6, STM32H7R3V8Y6, STM32H7R3Z8J6, STM32H7R3Z8T6, STM32H7R7A8I6, STM32H7R7I8K6, STM32H7R7I8T6, STM32H7R7L8H6, STM32H7R7L8H6H, STM32H7R7Z8J6, STM32H7S3A8I6, STM32H7S3I8K6, STM32H7S3I8T6, STM32H7S3L8H6, STM32H7S3L8H6H, STM32H7S3R8V6, STM32H7S3V8H6, STM32H7S3V8T6, STM32H7S3V8Y6, STM32H7S3Z8J6, STM32H7S3Z8T6, STM32H7S78-DK, STM32H7S7A8I6, STM32H7S7I8K6, STM32H7S7I8T6, STM32H7S7L8H6, STM32H7S7L8H6H, STM32H7S7Z8J6, STM32L4R5QGI6STR, STM32MP131AAE3, STM32MP131AAF3, STM32MP131AAG3, STM32MP131CAE3, STM32MP131CAF3, STM32MP131CAG3, STM32MP131DAE7, STM32MP131DAF7, STM32MP131DAG7, STM32MP131FAE7, STM32MP131FAF7, STM32MP131FAG7, STM32MP133AAE3, STM32MP133AAF3, STM32MP133AAG3, STM32MP133CAE3, STM32MP133CAF3, STM32MP133CAG3, STM32MP133DAE7, STM32MP133DAF7, STM32MP133DAG7, STM32MP133FAE7, STM32MP133FAF7, STM32MP133FAG7, STM32MP135AAE3, STM32MP135AAF3, STM32MP135AAG3, STM32MP135CAE3, STM32MP135CAF3, STM32MP135CAG3, STM32MP135DAE7, STM32MP135DAF7, STM32MP135DAG7, STM32MP135F-DK, STM32MP135FAE7, STM32MP135FAF7, STM32MP135FAF7T, STM32MP135FAF7U, STM32MP135FAG7, STM32U031C6T6, STM32U031C6U6, STM32U031C8T6, STM32U031C8U6, STM32U031F4P6, STM32U031F6P6, STM32U031F8P6, STM32U031G6Y6TR, STM32U031G8Y6TR, STM32U031K4U6, STM32U031K6U6, STM32U031K8U6, STM32U031R6I6, STM32U031R6T6, STM32U031R8I6, STM32U031R8T6, STM32U073C8T6, STM32U073C8U6, STM32U073CBT6, STM32U073CBU6, STM32U073CCT6, STM32U073CCU6, STM32U073H8Y6TR, STM32U073HBY6TR, STM32U073HCY6TR, STM32U073K8U6, STM32U073KBU6, STM32U073KCU6, STM32U073M8I6, STM32U073M8T6, STM32U073MBI6, STM32U073MBT6, STM32U073MCI6, STM32U073MCT6, STM32U073R8I6, STM32U073R8T6, STM32U073RBI6, STM32U073RBT6, STM32U073RCI6, STM32U073RCT6, STM32U083C-DK, STM32U083CCT6, STM32U083CCU6, STM32U083HCY6TR, STM32U083KCU6, STM32U083MCI6, STM32U083MCT6, STM32U083RCI6, STM32U083RCT6, STM32U535CBT6, STM32U535CBT6Q, STM32U535CBU6, STM32U535CBU6Q, STM32U535CCT6, STM32U535CCT6Q, STM32U535CCU6, STM32U535CCU6Q, STM32U535CET6, STM32U535CET6Q, STM32U535CEU6, STM32U535CEU6Q, STM32U535JEY6QTR, STM32U535NCY6QTR, STM32U535NEY6QTR, STM32U535RBI6, STM32U535RBI6Q, STM32U535RBT6, STM32U535RBT6Q, STM32U535RCI6, STM32U535RCI6Q, STM32U535RCT6, STM32U535RCT6Q, STM32U535REI6, STM32U535REI6Q, STM32U535RET6, STM32U535RET6Q, STM32U535VCI6, STM32U535VCI6Q, STM32U535VCT6, STM32U535VCT6Q, STM32U535VEI6, STM32U535VEI6Q, STM32U535VET6, STM32U535VET6Q, STM32U545CET6, STM32U545CET6Q, STM32U545CEU6, STM32U545CEU6Q, STM32U545JEY6QTR, STM32U545NEY6QTR, STM32U545REI6, STM32U545REI6Q, STM32U545RET6, STM32U545RET6Q, STM32U545VEI6, STM32U545VEI6Q, STM32U545VET6, STM32U545VET6Q, STM32U595AIH6, STM32U595AIH6Q, STM32U595AJH6, STM32U595AJH6Q, STM32U595QII6, STM32U595QII6Q, STM32U595QJI6, STM32U595QJI6Q, STM32U595RIT6, STM32U595RIT6Q, STM32U595RJT6, STM32U595RJT6Q, STM32U595VIT6, STM32U595VIT6Q, STM32U595VJT6, STM32U595VJT6Q, STM32U595ZIT6, STM32U595ZIT6Q, STM32U595ZIY6QTR, STM32U595ZJT6, STM32U595ZJT6Q, STM32U595ZJY6QTR, STM32U599BJY6QTR, STM32U599NIH6Q, STM32U599NJH6Q, STM32U599VIT6Q, STM32U599VJT6, STM32U599VJT6Q, STM32U599ZIT6Q, STM32U599ZIY6QTR, STM32U599ZJT6Q, STM32U599ZJY6QTR, STM32U5A5AJH6, STM32U5A5AJH6Q, STM32U5A5QII3Q , STM32U5A5QJI6, STM32U5A5QJI6Q, STM32U5A5RJT6, STM32U5A5RJT6Q, STM32U5A5VJT6, STM32U5A5VJT6Q, STM32U5A5ZJT6, STM32U5A5ZJT6Q, STM32U5A5ZJY6QTR, STM32U5A9BJY6QTR, STM32U5A9J-DK, STM32U5A9NJH6Q, STM32U5A9VJT6Q, STM32U5A9ZJT6Q, STM32U5A9ZJY6QTR, STM32U5F7VIT6, STM32U5F7VIT6Q, STM32U5F7VJT6, STM32U5F7VJT6Q, STM32U5F9BJY6QTR, STM32U5F9NJH6Q, STM32U5F9VIT6Q, STM32U5F9VJT6Q, STM32U5F9ZIJ6QTR, STM32U5F9ZIT6Q, STM32U5F9ZJJ6QTR, STM32U5F9ZJT6Q, STM32U5G7VJT6, STM32U5G7VJT6Q, STM32U5G9BJY6QTR, STM32U5G9J-DK1, STM32U5G9J-DK2, STM32U5G9NJH6Q, STM32U5G9VJT6Q, STM32U5G9ZJJ6QTR, STM32U5G9ZJT6Q, STM32WB1MMCH6, STM32WBA50KEU6, STM32WBA50KEU6TR, STM32WBA50KGU6, STM32WBA50KGU6TR, STM32WBA52CEU6, STM32WBA52CEU6TR, STM32WBA52CEU7, STM32WBA52CEU7TR, STM32WBA52CGU6, STM32WBA52CGU6TR, STM32WBA52CGU6U, STM32WBA52CGU7, STM32WBA52CGU7TR, STM32WBA52KEU6, STM32WBA52KEU6TR, STM32WBA52KGU6, STM32WBA52KGU6TR, STM32WBA54CEU6, STM32WBA54CEU6TR, STM32WBA54CEU7, STM32WBA54CEU7TR, STM32WBA54CGU6, STM32WBA54CGU6TR, STM32WBA54CGU7, STM32WBA54CGU7TR, STM32WBA54KEU6, STM32WBA54KEU6TR, STM32WBA54KEU7, STM32WBA54KEU7TR, STM32WBA54KGU6, STM32WBA54KGU6TR, STM32WBA54KGU7, STM32WBA54KGU7TR, STM32WBA55CEU6, STM32WBA55CEU6TR, STM32WBA55CEU7, STM32WBA55CEU7TR, STM32WBA55CGU6, STM32WBA55CGU6TR, STM32WBA55CGU6U, STM32WBA55CGU7, STM32WBA55CGU7TR, STM32WBA55G-DK1, STM32WBA55HEF6, STM32WBA55HEF7, STM32WBA55HGF6, STM32WBA55HGF7, STM32WBA55UEI6, STM32WBA55UEI6TR, STM32WBA55UEI7, STM32WBA55UEI7TR, STM32WBA55UGI6, STM32WBA55UGI6TR, STM32WBA55UGI7, STM32WBA55UGI7TR, STM32WL5MOCH6, STM32WL5MOCH6TR]
2025-08-07 14:24:09,741 [INFO] ApiDb:668 - CubeFinder database Data Model version=2.1
2025-08-07 14:24:09,741 [INFO] ApiDb:669 - CubeFinder database Configuration version=3.0.39
2025-08-07 14:24:09,741 [INFO] ApiDb:670 - CubeFinder database generation date=2025-07-24 (1753349077)
2025-08-07 14:24:09,741 [INFO] ApiDb:671 - CubeFinder database FW Pack versions=[FP-ATR-ASTRA1_V2.0.0, FP-SNS-FLIGHT1_V5.1.0, FP-SNS-MOTENV1_V5.0.0, FP-SNS-MOTENVWB1_V1.4.0, FP-SNS-SMARTAG2_V1.2.0, FP-SNS-STBOX1_V2.0.0, STM32Cube_FW_C0_V1.4.0, STM32Cube_FW_F4_V1.28.2, STM32Cube_FW_F7_V1.17.3, STM32Cube_FW_G0_V1.6.2, STM32Cube_FW_G4_V1.6.1, STM32Cube_FW_H5_V1.5.0, STM32Cube_FW_H7RS_V1.2.0, STM32Cube_FW_H7_V1.12.1, STM32Cube_FW_L0_V1.12.2, STM32Cube_FW_L4_V1.18.1, STM32Cube_FW_L5_V1.5.1, STM32Cube_FW_N6_V1.2.0, STM32Cube_FW_U0_V1.3.0, STM32Cube_FW_U3_V1.2.0, STM32Cube_FW_U5_V1.8.0, STM32Cube_FW_WB0_V1.3.0, STM32Cube_FW_WBA_V1.7.0, STM32Cube_FW_WB_V1.23.0, STM32Cube_FW_WL3_V1.2.0, STM32Cube_FW_WL_V1.3.1, X-CUBE-ALGOBUILD_V1.4.0, X-CUBE-ALS_V1.0.2, X-CUBE-AZRTOS-F4_V1.1.0, X-CUBE-AZRTOS-F7_V1.1.0, X-CUBE-AZRTOS-G0_V1.1.0, X-CUBE-AZRTOS-G4_V2.0.0, X-CUBE-AZRTOS-H7RS_V1.1.0, X-CUBE-AZRTOS-H7_V3.4.0, X-CUBE-AZRTOS-L4_V2.0.0, X-CUBE-AZRTOS-L5_V2.0.0, X-CUBE-AZRTOS-WB_V2.0.0, X-CUBE-AZRTOS-WL_V2.0.0, X-CUBE-BLE1_V7.1.0, X-CUBE-BLE2_V3.3.0, X-CUBE-BLEMGR_V4.1.0, X-CUBE-EEPRMA1_V5.2.0, X-CUBE-FREERTOS_V1.3.1, X-CUBE-GNSS1_V6.0.0, X-CUBE-MEMS1_V11.3.0, X-CUBE-NFC4_V3.0.0, X-CUBE-NFC7_V2.0.0, X-CUBE-SFXS2LP1_V4.0.0, X-CUBE-ST67W61_V1.0.0, X-CUBE-SUBG2_V5.0.0, X-CUBE-TOF1_V3.4.3]
2025-08-07 14:24:11,324 [INFO] ApiDb:240 - Found 483 in-development CPN: [B-G473E-ZEST1S, B-WB1M-WPAN1, B-WL5M-SUBG1, NUCLEO-C031C6, NUCLEO-H503RB, NUCLEO-H533RE, NUCLEO-H563ZI, NUCLEO-H7S3L8, NUCLEO-U031R8, NUCLEO-U083RC, NUCLEO-U545RE-Q, NUCLEO-U5A5ZJ-Q, NUCLEO-WBA52CG, NUCLEO-WBA55CG, STEVAL-PROTEUS1, STEVAL-SMARTAG2, STEVAL-STWINBX1, STM320518-EVAL, STM32C0116-DK, STM32C011D6Y3TR, STM32C011D6Y6TR, STM32C011F4P3, STM32C011F4P6, STM32C011F4U3, STM32C011F4U6TR, STM32C011F6P3, STM32C011F6P6, STM32C011F6U3, STM32C011F6U6TR, STM32C011J4M3, STM32C011J4M6, STM32C011J6M3, STM32C011J6M6, STM32C0316-DK, STM32C031C4T3, STM32C031C4T6, STM32C031C4U3, STM32C031C4U6, STM32C031C6T3, STM32C031C6T6, STM32C031C6U3, STM32C031C6U6, STM32C031F4P3, STM32C031F4P6, STM32C031F6P3, STM32C031F6P6, STM32C031G4U3, STM32C031G4U6, STM32C031G6U3, STM32C031G6U6, STM32C031K4T3, STM32C031K4T6, STM32C031K4U3, STM32C031K4U6, STM32C031K6T3, STM32C031K6T6, STM32C031K6U3, STM32C031K6U6, STM32G071K8TXN, STM32G071K8UXN, STM32G081GBU6N, STM32G081KBT6N, STM32G081KBUXN, STM32G0B1CCT6N, STM32G0B1KCT6, STM32G0B1NEY6TR, STM32G0B1RCT6N, STM32G0C1CCT6, STM32G0C1CCT6N, STM32G0C1CCU6N, STM32G0C1CET6N, STM32G0C1CEU6N, STM32G0C1KCT6, STM32G0C1NEY6TR, STM32G0C1RCI6N, STM32G0C1RCT6N, STM32G0C1REI6N, STM32G0C1RET6N, STM32G0C1VCI6, STM32G0C1VEI6, STM32G471CCT6, STM32G471CCU6, STM32G471CET3, STM32G471CET6, STM32G471CEU3, STM32G471CEU6, STM32G471MCT6, STM32G471MET3, STM32G471MET6, STM32G471MEY6TR, STM32G471QCT6, STM32G471QET3, STM32G471RCT6, STM32G471RET3, STM32G471RET6, STM32G471VCH6, STM32G471VCI6, STM32G471VCT6, STM32G471VEH3, STM32G471VEH6, STM32G471VEI3, STM32G471VEI6, STM32G471VET3, STM32G471VET6, STM32G474CCT6, STM32H503CBT6, STM32H503CBU6, STM32H503EBY6TR, STM32H503KBU6, STM32H503RBT6, STM32H523CCT6, STM32H523CCU6, STM32H523CET6, STM32H523CEU6, STM32H523HEY6TR, STM32H523RCT6, STM32H523RET6, STM32H523VCI6, STM32H523VCT6, STM32H523VEI6, STM32H523VET6, STM32H523ZCJ6, STM32H523ZCT6, STM32H523ZEJ6, STM32H523ZET6, STM32H533CET6, STM32H533CEU6, STM32H533HEY6TR, STM32H533RET6, STM32H533VEI6, STM32H533VET6, STM32H533ZEJ6, STM32H533ZET6, STM32H562AGI6, STM32H562AII6, STM32H562IGK6, STM32H562IGT6, STM32H562IIK6, STM32H562IIT6, STM32H562RGT6, STM32H562RGV6, STM32H562RIT6, STM32H562RIV6, STM32H562VGT6, STM32H562VIT6, STM32H562ZGT6, STM32H562ZIT6, STM32H563AGI6, STM32H563AII3Q, STM32H563AII6, STM32H563IGK6, STM32H563IGT6, STM32H563IIK3Q, STM32H563IIK6, STM32H563IIT3Q, STM32H563IIT6, STM32H563MIY3QTR, STM32H563RGT6, STM32H563RGV6, STM32H563RIT6, STM32H563RIV6, STM32H563VGT6, STM32H563VIT3Q, STM32H563VIT6, STM32H563ZGT6, STM32H563ZIT3Q, STM32H563ZIT6, STM32H573AII3Q, STM32H573AII6, STM32H573I-DK, STM32H573IIK3Q, STM32H573IIK6, STM32H573IIT3Q, STM32H573IIT6, STM32H573MIY3QTR, STM32H573RIT6, STM32H573RIV6, STM32H573VIT3Q, STM32H573VIT6, STM32H573ZIT3Q, STM32H573ZIT6, STM32H7R3A8I6, STM32H7R3I8K6, STM32H7R3I8T6, STM32H7R3L8H6, STM32H7R3L8H6H, STM32H7R3R8V6, STM32H7R3V8H6, STM32H7R3V8T6, STM32H7R3V8Y6, STM32H7R3Z8J6, STM32H7R3Z8T6, STM32H7R7A8I6, STM32H7R7I8K6, STM32H7R7I8T6, STM32H7R7L8H6, STM32H7R7L8H6H, STM32H7R7Z8J6, STM32H7S3A8I6, STM32H7S3I8K6, STM32H7S3I8T6, STM32H7S3L8H6, STM32H7S3L8H6H, STM32H7S3R8V6, STM32H7S3V8H6, STM32H7S3V8T6, STM32H7S3V8Y6, STM32H7S3Z8J6, STM32H7S3Z8T6, STM32H7S78-DK, STM32H7S7A8I6, STM32H7S7I8K6, STM32H7S7I8T6, STM32H7S7L8H6, STM32H7S7L8H6H, STM32H7S7Z8J6, STM32L4R5QGI6STR, STM32MP131AAE3, STM32MP131AAF3, STM32MP131AAG3, STM32MP131CAE3, STM32MP131CAF3, STM32MP131CAG3, STM32MP131DAE7, STM32MP131DAF7, STM32MP131DAG7, STM32MP131FAE7, STM32MP131FAF7, STM32MP131FAG7, STM32MP133AAE3, STM32MP133AAF3, STM32MP133AAG3, STM32MP133CAE3, STM32MP133CAF3, STM32MP133CAG3, STM32MP133DAE7, STM32MP133DAF7, STM32MP133DAG7, STM32MP133FAE7, STM32MP133FAF7, STM32MP133FAG7, STM32MP135AAE3, STM32MP135AAF3, STM32MP135AAG3, STM32MP135CAE3, STM32MP135CAF3, STM32MP135CAG3, STM32MP135DAE7, STM32MP135DAF7, STM32MP135DAG7, STM32MP135F-DK, STM32MP135FAE7, STM32MP135FAF7, STM32MP135FAF7T, STM32MP135FAF7U, STM32MP135FAG7, STM32U031C6T6, STM32U031C6U6, STM32U031C8T6, STM32U031C8U6, STM32U031F4P6, STM32U031F6P6, STM32U031F8P6, STM32U031G6Y6TR, STM32U031G8Y6TR, STM32U031K4U6, STM32U031K6U6, STM32U031K8U6, STM32U031R6I6, STM32U031R6T6, STM32U031R8I6, STM32U031R8T6, STM32U073C8T6, STM32U073C8U6, STM32U073CBT6, STM32U073CBU6, STM32U073CCT6, STM32U073CCU6, STM32U073H8Y6TR, STM32U073HBY6TR, STM32U073HCY6TR, STM32U073K8U6, STM32U073KBU6, STM32U073KCU6, STM32U073M8I6, STM32U073M8T6, STM32U073MBI6, STM32U073MBT6, STM32U073MCI6, STM32U073MCT6, STM32U073R8I6, STM32U073R8T6, STM32U073RBI6, STM32U073RBT6, STM32U073RCI6, STM32U073RCT6, STM32U083C-DK, STM32U083CCT6, STM32U083CCU6, STM32U083HCY6TR, STM32U083KCU6, STM32U083MCI6, STM32U083MCT6, STM32U083RCI6, STM32U083RCT6, STM32U535CBT6, STM32U535CBT6Q, STM32U535CBU6, STM32U535CBU6Q, STM32U535CCT6, STM32U535CCT6Q, STM32U535CCU6, STM32U535CCU6Q, STM32U535CET6, STM32U535CET6Q, STM32U535CEU6, STM32U535CEU6Q, STM32U535JEY6QTR, STM32U535NCY6QTR, STM32U535NEY6QTR, STM32U535RBI6, STM32U535RBI6Q, STM32U535RBT6, STM32U535RBT6Q, STM32U535RCI6, STM32U535RCI6Q, STM32U535RCT6, STM32U535RCT6Q, STM32U535REI6, STM32U535REI6Q, STM32U535RET6, STM32U535RET6Q, STM32U535VCI6, STM32U535VCI6Q, STM32U535VCT6, STM32U535VCT6Q, STM32U535VEI6, STM32U535VEI6Q, STM32U535VET6, STM32U535VET6Q, STM32U545CET6, STM32U545CET6Q, STM32U545CEU6, STM32U545CEU6Q, STM32U545JEY6QTR, STM32U545NEY6QTR, STM32U545REI6, STM32U545REI6Q, STM32U545RET6, STM32U545RET6Q, STM32U545VEI6, STM32U545VEI6Q, STM32U545VET6, STM32U545VET6Q, STM32U595AIH6, STM32U595AIH6Q, STM32U595AJH6, STM32U595AJH6Q, STM32U595QII6, STM32U595QII6Q, STM32U595QJI6, STM32U595QJI6Q, STM32U595RIT6, STM32U595RIT6Q, STM32U595RJT6, STM32U595RJT6Q, STM32U595VIT6, STM32U595VIT6Q, STM32U595VJT6, STM32U595VJT6Q, STM32U595ZIT6, STM32U595ZIT6Q, STM32U595ZIY6QTR, STM32U595ZJT6, STM32U595ZJT6Q, STM32U595ZJY6QTR, STM32U599BJY6QTR, STM32U599NIH6Q, STM32U599NJH6Q, STM32U599VIT6Q, STM32U599VJT6, STM32U599VJT6Q, STM32U599ZIT6Q, STM32U599ZIY6QTR, STM32U599ZJT6Q, STM32U599ZJY6QTR, STM32U5A5AJH6, STM32U5A5AJH6Q, STM32U5A5QII3Q , STM32U5A5QJI6, STM32U5A5QJI6Q, STM32U5A5RJT6, STM32U5A5RJT6Q, STM32U5A5VJT6, STM32U5A5VJT6Q, STM32U5A5ZJT6, STM32U5A5ZJT6Q, STM32U5A5ZJY6QTR, STM32U5A9BJY6QTR, STM32U5A9J-DK, STM32U5A9NJH6Q, STM32U5A9VJT6Q, STM32U5A9ZJT6Q, STM32U5A9ZJY6QTR, STM32U5F7VIT6, STM32U5F7VIT6Q, STM32U5F7VJT6, STM32U5F7VJT6Q, STM32U5F9BJY6QTR, STM32U5F9NJH6Q, STM32U5F9VIT6Q, STM32U5F9VJT6Q, STM32U5F9ZIJ6QTR, STM32U5F9ZIT6Q, STM32U5F9ZJJ6QTR, STM32U5F9ZJT6Q, STM32U5G7VJT6, STM32U5G7VJT6Q, STM32U5G9BJY6QTR, STM32U5G9J-DK1, STM32U5G9J-DK2, STM32U5G9NJH6Q, STM32U5G9VJT6Q, STM32U5G9ZJJ6QTR, STM32U5G9ZJT6Q, STM32WB1MMCH6, STM32WBA50KEU6, STM32WBA50KEU6TR, STM32WBA50KGU6, STM32WBA50KGU6TR, STM32WBA52CEU6, STM32WBA52CEU6TR, STM32WBA52CEU7, STM32WBA52CEU7TR, STM32WBA52CGU6, STM32WBA52CGU6TR, STM32WBA52CGU6U, STM32WBA52CGU7, STM32WBA52CGU7TR, STM32WBA52KEU6, STM32WBA52KEU6TR, STM32WBA52KGU6, STM32WBA52KGU6TR, STM32WBA54CEU6, STM32WBA54CEU6TR, STM32WBA54CEU7, STM32WBA54CEU7TR, STM32WBA54CGU6, STM32WBA54CGU6TR, STM32WBA54CGU7, STM32WBA54CGU7TR, STM32WBA54KEU6, STM32WBA54KEU6TR, STM32WBA54KEU7, STM32WBA54KEU7TR, STM32WBA54KGU6, STM32WBA54KGU6TR, STM32WBA54KGU7, STM32WBA54KGU7TR, STM32WBA55CEU6, STM32WBA55CEU6TR, STM32WBA55CEU7, STM32WBA55CEU7TR, STM32WBA55CGU6, STM32WBA55CGU6TR, STM32WBA55CGU6U, STM32WBA55CGU7, STM32WBA55CGU7TR, STM32WBA55G-DK1, STM32WBA55HEF6, STM32WBA55HEF7, STM32WBA55HGF6, STM32WBA55HGF7, STM32WBA55UEI6, STM32WBA55UEI6TR, STM32WBA55UEI7, STM32WBA55UEI7TR, STM32WBA55UGI6, STM32WBA55UGI6TR, STM32WBA55UGI7, STM32WBA55UGI7TR, STM32WL5MOCH6, STM32WL5MOCH6TR]
2025-08-07 14:24:11,332 [INFO] DbMcus:218 - Found 4733 MCUs, 4733 are supported
2025-08-07 14:24:11,333 [INFO] ApiDb:423 - Load user favorites file C:\Users\jakgr/.stm32cubeide/favorites.mcus.txt: 0 item(s)
2025-08-07 14:24:11,333 [INFO] ApiDb:427 - User favorites MCUs=[]
2025-08-07 14:24:11,333 [INFO] DbMcus:224 - Set 0 / 0 favorites MCUs
2025-08-07 14:24:11,636 [INFO] BoardInfo:889 - No configuration file found for board B-WBA5M-WPAN
2025-08-07 14:24:11,637 [INFO] DbBoards:161 - Board is not supported: B-WBA5M-WPAN
2025-08-07 14:24:11,640 [INFO] BoardInfo:889 - No configuration file found for board NUCLEO-C051C8
2025-08-07 14:24:11,640 [INFO] DbBoards:161 - Board is not supported: NUCLEO-C051C8
2025-08-07 14:24:11,641 [INFO] BoardInfo:889 - No configuration file found for board NUCLEO-C071RB
2025-08-07 14:24:11,642 [INFO] DbBoards:161 - Board is not supported: NUCLEO-C071RB
2025-08-07 14:24:11,643 [INFO] BoardInfo:889 - No configuration file found for board NUCLEO-C092RC
2025-08-07 14:24:11,643 [INFO] DbBoards:161 - Board is not supported: NUCLEO-C092RC
2025-08-07 14:24:11,727 [INFO] BoardInfo:889 - No configuration file found for board NUCLEO-N657X0-Q
2025-08-07 14:24:11,728 [INFO] DbBoards:161 - Board is not supported: NUCLEO-N657X0-Q
2025-08-07 14:24:11,733 [INFO] BoardInfo:889 - No configuration file found for board NUCLEO-U385RG-Q
2025-08-07 14:24:11,734 [INFO] DbBoards:161 - Board is not supported: NUCLEO-U385RG-Q
2025-08-07 14:24:11,738 [INFO] BoardInfo:889 - No configuration file found for board NUCLEO-WB05KZ
2025-08-07 14:24:11,739 [INFO] DbBoards:161 - Board is not supported: NUCLEO-WB05KZ
2025-08-07 14:24:11,740 [INFO] BoardInfo:889 - No configuration file found for board NUCLEO-WB07CC
2025-08-07 14:24:11,741 [INFO] DbBoards:161 - Board is not supported: NUCLEO-WB07CC
2025-08-07 14:24:11,742 [INFO] BoardInfo:889 - No configuration file found for board NUCLEO-WB09KE
2025-08-07 14:24:11,742 [INFO] DbBoards:161 - Board is not supported: NUCLEO-WB09KE
2025-08-07 14:24:11,747 [INFO] BoardInfo:889 - No configuration file found for board NUCLEO-WBA65RI
2025-08-07 14:24:11,747 [INFO] DbBoards:161 - Board is not supported: NUCLEO-WBA65RI
2025-08-07 14:24:11,748 [INFO] BoardInfo:889 - No configuration file found for board NUCLEO-WL33CC1
2025-08-07 14:24:11,748 [INFO] DbBoards:161 - Board is not supported: NUCLEO-WL33CC1
2025-08-07 14:24:11,749 [INFO] BoardInfo:889 - No configuration file found for board NUCLEO-WL33CC2
2025-08-07 14:24:11,749 [INFO] DbBoards:161 - Board is not supported: NUCLEO-WL33CC2
2025-08-07 14:24:11,754 [INFO] BoardInfo:889 - No configuration file found for board P-NUCLEO-WB55
2025-08-07 14:24:11,754 [INFO] DbBoards:161 - Kit is not supported: P-NUCLEO-WB55
2025-08-07 14:24:11,758 [INFO] BoardInfo:889 - No configuration file found for board STEVAL-BFA001V1B
2025-08-07 14:24:11,758 [INFO] DbBoards:161 - Kit is not supported: STEVAL-BFA001V1B
2025-08-07 14:24:11,759 [INFO] BoardInfo:889 - No configuration file found for board STEVAL-BFA001V2B
2025-08-07 14:24:11,759 [INFO] DbBoards:161 - Kit is not supported: STEVAL-BFA001V2B
2025-08-07 14:24:11,849 [INFO] BoardInfo:889 - No configuration file found for board STM32MP257F-DK
2025-08-07 14:24:11,849 [INFO] DbBoards:161 - Board is not supported: STM32MP257F-DK
2025-08-07 14:24:11,850 [INFO] BoardInfo:889 - No configuration file found for board STM32MP257F-EV1
2025-08-07 14:24:11,851 [INFO] DbBoards:161 - Board is not supported: STM32MP257F-EV1
2025-08-07 14:24:11,852 [INFO] BoardInfo:889 - No configuration file found for board STM32N6570-DK
2025-08-07 14:24:11,853 [INFO] DbBoards:161 - Board is not supported: STM32N6570-DK
2025-08-07 14:24:11,865 [INFO] BoardInfo:889 - No configuration file found for board STM32WBA65I-DK1
2025-08-07 14:24:11,865 [INFO] DbBoards:161 - Board is not supported: STM32WBA65I-DK1
2025-08-07 14:24:11,865 [INFO] DbBoards:168 - Found 211 boards, 192 are supported
2025-08-07 14:24:11,865 [INFO] DbBoards:169 - Found 211 boards, 8 of them is supported for  Bsp
2025-08-07 14:24:11,868 [INFO] ApiDb:414 - User favorites file not found: C:\Users\jakgr/.stm32cubeide/favorites.boards.txt
2025-08-07 14:24:11,868 [INFO] DbBoards:198 - Set 0 / 0 favorites Boards
2025-08-07 14:24:11,868 [INFO] McuFinderGlobals:76 - Set McuFinderConnectedMode to true
2025-08-07 14:24:11,875 [INFO] MultiScanPanel:200 - Auto-refresh data requested => check proxy status ongoing
2025-08-07 14:24:11,878 [INFO] FinderPluginLoader:95 - Searching for filters in installed packs
2025-08-07 14:24:13,118 [INFO] LoadUrlFilesThread:185 - End of LoadServerUrlFiles without Thread
2025-08-07 14:24:13,206 [INFO] DetailPanel:341 - Set advertising image to C:/Users/jakgr/STM32Cube/Repository/\en.2400x1350px.jpeg
2025-08-07 14:24:22,514 [INFO] MultiScanPanel:200 - Auto-refresh data requested => check proxy status ongoing
2025-08-07 14:24:22,632 [INFO] LoadUrlFilesThread:185 - End of LoadServerUrlFiles without Thread
2025-08-07 14:24:22,632 [INFO] DetailPanel:341 - Set advertising image to C:/Users/jakgr/STM32Cube/Repository/\en.2400x1350px.jpeg
2025-08-07 14:24:22,644 [INFO] DbBoards:642 - Loading board mini-images...
2025-08-07 14:24:24,651 [INFO] DbBoards:665 - Loaded 211 board mini-images
2025-08-07 14:25:18,932 [INFO] McuFinderGlobals:76 - Set McuFinderConnectedMode to true
2025-08-07 14:25:18,937 [INFO] ApiDb:448 - Save user favorites file C:\Users\jakgr/.stm32cubeide/favorites.mcus.txt: 0 item(s)
2025-08-07 14:25:18,938 [INFO] ApiDb:452 - User favorites MCUs=[]
2025-08-07 14:25:18,940 [INFO] ApiDb:448 - Save user favorites file C:\Users\jakgr/.stm32cubeide/favorites.boards.txt: 0 item(s)
2025-08-07 14:25:18,940 [INFO] ApiDb:452 - User favorites Boards=[]
2025-08-07 16:34:35,914 [ERROR] LogOutputStream:75 - [STDERR_REDIRECT] 
