2025-09-23 22:32:46,711 [INFO] Activator:176 - 


2025-09-23 22:32:46,717 [INFO] Activator:177 - !SESSION log4j initialized
2025-09-23 22:32:54,959 [INFO] LogOutputStream:77 - [STDOUT_REDIRECT] 
2025-09-23 22:32:58,216 [INFO] ApplicationProperties:184 - Using Application install path: C:\ST\STM32CubeIDE_1.15.1\STM32CubeIDE\plugins\com.st.stm32cube.common.mx_6.11.1.202404110753
2025-09-23 22:32:58,247 [INFO] DbMcusXml:78 - Set database path to: C:\ST\STM32CubeIDE_1.15.1\STM32CubeIDE\plugins\com.st.stm32cube.common.mx_6.11.1.202404110753\\db\/mcu/
2025-09-23 22:32:58,248 [INFO] ApiDb:274 - Set plugin database path to: C:\ST\STM32CubeIDE_1.15.1\STM32CubeIDE\plugins\com.st.stm32cube.common.mx_6.11.1.202404110753\\db\/plugins/boardmanager/
2025-09-23 22:32:58,248 [WARN] ApiDb:259 - Overriding images path with different value:  => C:\ST\STM32CubeIDE_1.15.1\STM32CubeIDE\plugins\com.st.stm32cube.common.mx_6.11.1.202404110753\\db\/plugins/mcufinder/images/
2025-09-23 22:32:58,263 [INFO] ApiDb:250 - Set database path to: C:\Users\jakgr\.stmcufinder\plugins\mcufinder//mcu/
2025-09-23 22:32:58,265 [INFO] DbMcusAds:125 - Set database path to: C:\Users\jakgr\.stmcufinder\plugins\mcufinder//mcu/
2025-09-23 22:32:58,268 [INFO] CrossReferenceDbSqlite:203 - Set database path to: C:\Users\jakgr\.stmcufinder\plugins\mcufinder//mcu/cs/
2025-09-23 22:32:58,431 [INFO] RulesReader:64 - Compatibility file has been processed (297 Rules)
2025-09-23 22:32:58,527 [INFO] DbMcusXml:78 - Set database path to: C:\ST\STM32CubeIDE_1.15.1\STM32CubeIDE\plugins\com.st.stm32cube.common.mx_6.11.1.202404110753\\db\/mcu/
2025-09-23 22:32:58,528 [INFO] ApiDb:274 - Set plugin database path to: C:\ST\STM32CubeIDE_1.15.1\STM32CubeIDE\plugins\com.st.stm32cube.common.mx_6.11.1.202404110753\\db\/plugins/boardmanager/
2025-09-23 22:32:58,528 [INFO] ApiDb:261 - Set plugin images path to: C:\ST\STM32CubeIDE_1.15.1\STM32CubeIDE\plugins\com.st.stm32cube.common.mx_6.11.1.202404110753\\db\/plugins/mcufinder/images/
2025-09-23 22:32:58,528 [WARN] DbFile:41 - Overriding database path with different value: C:\Users\jakgr\.stmcufinder\plugins\mcufinder/ => C:\Users\jakgr\.stmcufinder\plugins\mcufinder
2025-09-23 22:32:58,528 [INFO] ApiDb:250 - Set database path to: C:\Users\jakgr\.stmcufinder\plugins\mcufinder//mcu/
2025-09-23 22:32:58,528 [WARN] DbFile:41 - Overriding database path with different value: C:\Users\jakgr\.stmcufinder\plugins\mcufinder/ => C:\Users\jakgr\.stmcufinder\plugins\mcufinder
2025-09-23 22:32:58,528 [INFO] DbMcusAds:125 - Set database path to: C:\Users\jakgr\.stmcufinder\plugins\mcufinder//mcu/
2025-09-23 22:32:58,528 [WARN] DbFile:41 - Overriding database path with different value: C:\Users\jakgr\.stmcufinder\plugins\mcufinder/ => C:\Users\jakgr\.stmcufinder\plugins\mcufinder
2025-09-23 22:32:58,528 [WARN] DbFile:41 - Overriding database path with different value: C:\Users\jakgr\.stmcufinder\plugins\mcufinder/ => C:\Users\jakgr\.stmcufinder\plugins\mcufinder
2025-09-23 22:32:58,528 [INFO] CrossReferenceDbSqlite:203 - Set database path to: C:\Users\jakgr\.stmcufinder\plugins\mcufinder//mcu/cs/
2025-09-23 22:32:58,612 [INFO] MainPanel:264 - HeapMemory: 268435456
2025-09-23 22:32:58,698 [INFO] DbMcusXml:78 - Set database path to: C:\ST\STM32CubeIDE_1.15.1\STM32CubeIDE\plugins\com.st.stm32cube.common.mx_6.11.1.202404110753\\db\/mcu/
2025-09-23 22:32:58,699 [INFO] ApiDb:274 - Set plugin database path to: C:\ST\STM32CubeIDE_1.15.1\STM32CubeIDE\plugins\com.st.stm32cube.common.mx_6.11.1.202404110753\\db\/plugins/boardmanager/
2025-09-23 22:32:58,699 [INFO] ApiDb:261 - Set plugin images path to: C:\ST\STM32CubeIDE_1.15.1\STM32CubeIDE\plugins\com.st.stm32cube.common.mx_6.11.1.202404110753\\db\/plugins/mcufinder/images/
2025-09-23 22:32:58,699 [WARN] DbFile:41 - Overriding database path with different value: C:\Users\jakgr\.stmcufinder\plugins\mcufinder/ => C:\Users\jakgr\.stmcufinder\plugins\mcufinder
2025-09-23 22:32:58,699 [INFO] ApiDb:250 - Set database path to: C:\Users\jakgr\.stmcufinder\plugins\mcufinder//mcu/
2025-09-23 22:32:58,699 [WARN] DbFile:41 - Overriding database path with different value: C:\Users\jakgr\.stmcufinder\plugins\mcufinder/ => C:\Users\jakgr\.stmcufinder\plugins\mcufinder
2025-09-23 22:32:58,699 [INFO] DbMcusAds:125 - Set database path to: C:\Users\jakgr\.stmcufinder\plugins\mcufinder//mcu/
2025-09-23 22:32:58,699 [WARN] DbFile:41 - Overriding database path with different value: C:\Users\jakgr\.stmcufinder\plugins\mcufinder/ => C:\Users\jakgr\.stmcufinder\plugins\mcufinder
2025-09-23 22:32:58,699 [WARN] DbFile:41 - Overriding database path with different value: C:\Users\jakgr\.stmcufinder\plugins\mcufinder/ => C:\Users\jakgr\.stmcufinder\plugins\mcufinder
2025-09-23 22:32:58,699 [INFO] CrossReferenceDbSqlite:203 - Set database path to: C:\Users\jakgr\.stmcufinder\plugins\mcufinder//mcu/cs/
2025-09-23 22:32:58,715 [INFO] ApplicationProperties:184 - Using Application install path: C:\ST\STM32CubeIDE_1.15.1\STM32CubeIDE\plugins\com.st.stm32cube.common.mx_6.11.1.202404110753
2025-09-23 22:32:58,717 [INFO] PluginManage:196 - Search for loadable plugins [exclusion list=, ]
2025-09-23 22:32:58,718 [INFO] PluginManage:310 - Check plugin analytics
2025-09-23 22:32:58,894 [INFO] AnalyticsPlugin:253 - Accepted Software Licenses: 
2025-09-23 22:32:58,895 [INFO] AnalyticsPlugin:255 - Accepted CMSIS Pack Licenses: 
2025-09-23 22:32:58,895 [INFO] AnalyticsPlugin:257 - Accepted Firmware Licenses: 
2025-09-23 22:32:58,898 [INFO] PluginManage:359 - Loaded plugin analytics (category:tool,tabindex:-1)
2025-09-23 22:32:58,899 [INFO] PluginManage:310 - Check plugin cadmodel
2025-09-23 22:32:58,924 [INFO] CADModel:105 - Init CAD model plugin
2025-09-23 22:32:58,924 [INFO] PluginManage:359 - Loaded plugin cadmodel (category:power,tabindex:5)
2025-09-23 22:32:58,924 [INFO] PluginManage:310 - Check plugin clock
2025-09-23 22:32:58,952 [INFO] PluginManage:359 - Loaded plugin clock (category:base,tabindex:2)
2025-09-23 22:32:58,952 [INFO] PluginManage:310 - Check plugin ddr
2025-09-23 22:32:58,955 [INFO] PluginManage:359 - Loaded plugin ddr (category:tool,tabindex:6)
2025-09-23 22:32:58,956 [INFO] PluginManage:310 - Check plugin filemanager
2025-09-23 22:32:59,099 [INFO] PluginManage:359 - Loaded plugin filemanager (category:base,tabindex:10)
2025-09-23 22:32:59,099 [INFO] PluginManage:310 - Check plugin ipmanager
2025-09-23 22:32:59,106 [INFO] PluginManage:359 - Loaded plugin ipmanager (category:base,tabindex:5)
2025-09-23 22:32:59,106 [INFO] PluginManage:310 - Check plugin lpbam
2025-09-23 22:32:59,128 [INFO] PluginManage:359 - Loaded plugin lpbam (category:base,tabindex:0)
2025-09-23 22:32:59,128 [INFO] PluginManage:310 - Check plugin memorymap
2025-09-23 22:32:59,161 [INFO] PluginManage:359 - Loaded plugin memorymap (category:base,tabindex:4)
2025-09-23 22:32:59,161 [INFO] PluginManage:310 - Check plugin pinoutandconfiguration
2025-09-23 22:32:59,193 [INFO] PluginManage:359 - Loaded plugin pinoutandconfiguration (category:base,tabindex:1)
2025-09-23 22:32:59,193 [INFO] PluginManage:310 - Check plugin pinoutconfig
2025-09-23 22:32:59,325 [WARN] SupportedApi:132 - Cannot load RTOS API schema: s4s-elt-must-match.1: The content of 'definitions' must match (annotation?, (simpleType | complexType)?, (unique | key | keyref)*)). A problem was found starting at: attribute.
2025-09-23 22:32:59,484 [INFO] PluginManage:359 - Loaded plugin pinoutconfig (category:base,tabindex:0)
2025-09-23 22:32:59,484 [INFO] PluginManage:310 - Check plugin power
2025-09-23 22:32:59,510 [INFO] PluginManage:359 - Loaded plugin power (category:power,tabindex:4)
2025-09-23 22:32:59,510 [INFO] PluginManage:310 - Check plugin projectmanager
2025-09-23 22:32:59,524 [INFO] PluginManage:359 - Loaded plugin projectmanager (category:projectmanager,tabindex:3)
2025-09-23 22:32:59,524 [INFO] PluginManage:310 - Check plugin thirdparty
2025-09-23 22:32:59,830 [INFO] PluginManage:359 - Loaded plugin thirdparty (category:base,tabindex:-1)
2025-09-23 22:32:59,830 [INFO] PluginManage:310 - Check plugin tools
2025-09-23 22:32:59,830 [WARN] IntegrityCheckThread:84 - waiting for thirdparty lock release [integrity check]
2025-09-23 22:32:59,831 [INFO] IntegrityCheckThread:86 - entering critical section [integrity check]
2025-09-23 22:32:59,831 [INFO] ThirdPartyUpdaterWithRetryManager:70 - Updater plugin not ready yet. [1/15]
2025-09-23 22:32:59,877 [INFO] PluginManage:359 - Loaded plugin tools (category:base,tabindex:7)
2025-09-23 22:32:59,877 [INFO] PluginManage:310 - Check plugin tutovideos
2025-09-23 22:33:00,081 [INFO] PluginManage:359 - Loaded plugin tutovideos (category:base,tabindex:-1)
2025-09-23 22:33:00,081 [INFO] PluginManage:310 - Check plugin updater
2025-09-23 22:33:00,093 [INFO] PluginManage:359 - Loaded plugin updater (category:base,tabindex:12)
2025-09-23 22:33:00,093 [INFO] PluginManage:310 - Check plugin userauth
2025-09-23 22:33:00,099 [INFO] UserAuth:114 - Init User Auth plugin
2025-09-23 22:33:00,099 [INFO] PluginManage:359 - Loaded plugin userauth (category:base,tabindex:14)
2025-09-23 22:33:00,100 [INFO] PluginManage:283 - PluginManage : Loaded plugins [17]
2025-09-23 22:33:00,312 [INFO] PinOutPanel:1561 - setPackage(No Configuration,No Configuration)
2025-09-23 22:33:00,398 [INFO] CADModel:165 - CPN selected for project level
2025-09-23 22:33:00,399 [INFO] CADModel:114 - Register for checkConnection events
2025-09-23 22:33:00,437 [INFO] IPUIPlugin:80 - create IPUIPlugin
2025-09-23 22:33:00,437 [INFO] PluginManager:220 - loadIPPluginJar : add adc
2025-09-23 22:33:00,491 [INFO] IPUIPlugin:80 - create IPUIPlugin
2025-09-23 22:33:00,491 [INFO] PluginManager:220 - loadIPPluginJar : add aes
2025-09-23 22:33:00,550 [INFO] IPUIPlugin:80 - create IPUIPlugin
2025-09-23 22:33:00,550 [INFO] PluginManager:220 - loadIPPluginJar : add can
2025-09-23 22:33:00,596 [INFO] IPUIPlugin:80 - create IPUIPlugin
2025-09-23 22:33:00,597 [INFO] PluginManager:220 - loadIPPluginJar : add comp
2025-09-23 22:33:00,672 [INFO] IPUIPlugin:80 - create IPUIPlugin
2025-09-23 22:33:00,672 [INFO] PluginManager:220 - loadIPPluginJar : add cryp
2025-09-23 22:33:00,724 [INFO] IPUIPlugin:80 - create IPUIPlugin
2025-09-23 22:33:00,724 [INFO] PluginManager:220 - loadIPPluginJar : add dfsdm
2025-09-23 22:33:00,743 [INFO] IPUIPlugin:80 - create IPUIPlugin
2025-09-23 22:33:00,743 [INFO] PluginManager:220 - loadIPPluginJar : add dma
2025-09-23 22:33:00,803 [INFO] IPUIPlugin:80 - create IPUIPlugin
2025-09-23 22:33:00,804 [INFO] PluginManager:220 - loadIPPluginJar : add dma3
2025-09-23 22:33:00,852 [INFO] IPUIPlugin:80 - create IPUIPlugin
2025-09-23 22:33:00,852 [INFO] PluginManager:220 - loadIPPluginJar : add extmemmanager
2025-09-23 22:33:00,877 [INFO] IPUIPlugin:80 - create IPUIPlugin
2025-09-23 22:33:00,877 [INFO] PluginManager:220 - loadIPPluginJar : add fatfs
2025-09-23 22:33:00,930 [INFO] IPUIPlugin:80 - create IPUIPlugin
2025-09-23 22:33:00,930 [INFO] PluginManager:220 - loadIPPluginJar : add fmc
2025-09-23 22:33:00,950 [INFO] IPUIPlugin:80 - create IPUIPlugin
2025-09-23 22:33:00,950 [INFO] PluginManager:220 - loadIPPluginJar : add freertos
2025-09-23 22:33:00,975 [INFO] IPUIPlugin:80 - create IPUIPlugin
2025-09-23 22:33:00,975 [INFO] PluginManager:220 - loadIPPluginJar : add genericplugin
2025-09-23 22:33:01,117 [INFO] IPUIPlugin:80 - create IPUIPlugin
2025-09-23 22:33:01,117 [INFO] PluginManager:220 - loadIPPluginJar : add gfxmmu
2025-09-23 22:33:01,306 [INFO] IPUIPlugin:80 - create IPUIPlugin
2025-09-23 22:33:01,306 [INFO] PluginManager:220 - loadIPPluginJar : add gic
2025-09-23 22:33:01,325 [INFO] IPUIPlugin:80 - create IPUIPlugin
2025-09-23 22:33:01,325 [INFO] PluginManager:220 - loadIPPluginJar : add gpio
2025-09-23 22:33:01,471 [INFO] IPUIPlugin:80 - create IPUIPlugin
2025-09-23 22:33:01,472 [INFO] PluginManager:220 - loadIPPluginJar : add gtzc
2025-09-23 22:33:01,528 [INFO] IPUIPlugin:80 - create IPUIPlugin
2025-09-23 22:33:01,528 [INFO] PluginManager:220 - loadIPPluginJar : add hash
2025-09-23 22:33:01,608 [INFO] IPUIPlugin:80 - create IPUIPlugin
2025-09-23 22:33:01,609 [INFO] PluginManager:220 - loadIPPluginJar : add i2c
2025-09-23 22:33:01,668 [INFO] IPUIPlugin:80 - create IPUIPlugin
2025-09-23 22:33:01,668 [INFO] PluginManager:220 - loadIPPluginJar : add i2s
2025-09-23 22:33:01,734 [INFO] IPUIPlugin:80 - create IPUIPlugin
2025-09-23 22:33:01,734 [INFO] PluginManager:220 - loadIPPluginJar : add i3c
2025-09-23 22:33:01,872 [INFO] IPUIPlugin:80 - create IPUIPlugin
2025-09-23 22:33:01,873 [INFO] PluginManager:220 - loadIPPluginJar : add ipddr
2025-09-23 22:33:01,989 [INFO] IPUIPlugin:80 - create IPUIPlugin
2025-09-23 22:33:01,989 [INFO] PluginManager:220 - loadIPPluginJar : add linkedlist
2025-09-23 22:33:02,036 [INFO] IPUIPlugin:80 - create IPUIPlugin
2025-09-23 22:33:02,036 [INFO] PluginManager:220 - loadIPPluginJar : add lorawan
2025-09-23 22:33:02,083 [INFO] IPUIPlugin:80 - create IPUIPlugin
2025-09-23 22:33:02,084 [INFO] PluginManager:220 - loadIPPluginJar : add ltdc
2025-09-23 22:33:02,100 [INFO] IPUIPlugin:80 - create IPUIPlugin
2025-09-23 22:33:02,100 [INFO] PluginManager:220 - loadIPPluginJar : add mdma
2025-09-23 22:33:02,116 [INFO] IPUIPlugin:80 - create IPUIPlugin
2025-09-23 22:33:02,117 [INFO] PluginManager:220 - loadIPPluginJar : add nvic
2025-09-23 22:33:02,167 [INFO] IPUIPlugin:80 - create IPUIPlugin
2025-09-23 22:33:02,167 [INFO] PluginManager:220 - loadIPPluginJar : add opamp
2025-09-23 22:33:02,245 [INFO] IPUIPlugin:80 - create IPUIPlugin
2025-09-23 22:33:02,245 [INFO] PluginManager:220 - loadIPPluginJar : add openamp
2025-09-23 22:33:02,301 [INFO] IPUIPlugin:80 - create IPUIPlugin
2025-09-23 22:33:02,301 [INFO] PluginManager:220 - loadIPPluginJar : add pdm2pcm
2025-09-23 22:33:02,319 [INFO] IPUIPlugin:80 - create IPUIPlugin
2025-09-23 22:33:02,321 [INFO] PluginManager:220 - loadIPPluginJar : add plateformsettings
2025-09-23 22:33:02,354 [INFO] IPUIPlugin:80 - create IPUIPlugin
2025-09-23 22:33:02,354 [INFO] PluginManager:220 - loadIPPluginJar : add quadspi
2025-09-23 22:33:02,371 [INFO] IPUIPlugin:80 - create IPUIPlugin
2025-09-23 22:33:02,371 [INFO] PluginManager:220 - loadIPPluginJar : add resmgrutility
2025-09-23 22:33:02,428 [INFO] IPUIPlugin:80 - create IPUIPlugin
2025-09-23 22:33:02,428 [INFO] PluginManager:220 - loadIPPluginJar : add sai
2025-09-23 22:33:02,483 [INFO] IPUIPlugin:80 - create IPUIPlugin
2025-09-23 22:33:02,483 [INFO] PluginManager:220 - loadIPPluginJar : add spi
2025-09-23 22:33:02,561 [INFO] IPUIPlugin:80 - create IPUIPlugin
2025-09-23 22:33:02,561 [INFO] PluginManager:220 - loadIPPluginJar : add stm32_wpan
2025-09-23 22:33:02,592 [INFO] IPUIPlugin:80 - create IPUIPlugin
2025-09-23 22:33:02,592 [INFO] PluginManager:220 - loadIPPluginJar : add tim
2025-09-23 22:33:02,660 [INFO] IPUIPlugin:80 - create IPUIPlugin
2025-09-23 22:33:02,661 [INFO] PluginManager:220 - loadIPPluginJar : add touchsensing
2025-09-23 22:33:02,689 [INFO] IPUIPlugin:80 - create IPUIPlugin
2025-09-23 22:33:02,689 [INFO] PluginManager:220 - loadIPPluginJar : add tracer_emb
2025-09-23 22:33:02,721 [INFO] IPUIPlugin:80 - create IPUIPlugin
2025-09-23 22:33:02,721 [INFO] PluginManager:220 - loadIPPluginJar : add ts
2025-09-23 22:33:02,752 [INFO] IPUIPlugin:80 - create IPUIPlugin
2025-09-23 22:33:02,752 [INFO] PluginManager:220 - loadIPPluginJar : add tsc
2025-09-23 22:33:02,781 [INFO] IPUIPlugin:80 - create IPUIPlugin
2025-09-23 22:33:02,781 [INFO] PluginManager:220 - loadIPPluginJar : add ucpd
2025-09-23 22:33:02,831 [INFO] ThirdPartyUpdaterWithRetryManager:70 - Updater plugin not ready yet. [2/15]
2025-09-23 22:33:02,836 [INFO] IPUIPlugin:80 - create IPUIPlugin
2025-09-23 22:33:02,836 [INFO] PluginManager:220 - loadIPPluginJar : add usart
2025-09-23 22:33:02,893 [INFO] IPUIPlugin:80 - create IPUIPlugin
2025-09-23 22:33:02,893 [INFO] PluginManager:220 - loadIPPluginJar : add usbx
2025-09-23 22:33:03,010 [INFO] CADModel:165 - CPN selected for project level
2025-09-23 22:33:03,011 [INFO] CADModel:114 - Register for checkConnection events
2025-09-23 22:33:03,011 [FATAL] Updater:308 - Updater called before beeing initialized
2025-09-23 22:33:03,011 [ERROR] CADModel:125 - Updater not yet initialized, retry later 
2025-09-23 22:33:03,128 [INFO] CADModel:165 - CPN selected for project level
2025-09-23 22:33:03,128 [INFO] CADModel:114 - Register for checkConnection events
2025-09-23 22:33:03,128 [FATAL] Updater:308 - Updater called before beeing initialized
2025-09-23 22:33:03,128 [ERROR] CADModel:125 - Updater not yet initialized, retry later 
2025-09-23 22:33:03,131 [FATAL] Updater:308 - Updater called before beeing initialized
2025-09-23 22:33:03,218 [FATAL] Updater:308 - Updater called before beeing initialized
2025-09-23 22:33:03,231 [INFO] DbMcusAds:53 - JSON generation date=Tue Jul 08 15:14:23 ICT 2025 (1751962463582)
2025-09-23 22:33:03,232 [FATAL] Updater:308 - Updater called before beeing initialized
2025-09-23 22:33:03,316 [WARN] DetailPanel:346 - Failed to get advertising image, set to default
2025-09-23 22:33:03,400 [FATAL] Updater:308 - Updater called before beeing initialized
2025-09-23 22:33:03,402 [FATAL] Updater:308 - Updater called before beeing initialized
2025-09-23 22:33:03,403 [FATAL] Updater:308 - Updater called before beeing initialized
2025-09-23 22:33:03,403 [WARN] DetailPanel:346 - Failed to get advertising image, set to default
2025-09-23 22:33:03,404 [FATAL] Updater:308 - Updater called before beeing initialized
2025-09-23 22:33:03,490 [ERROR] Updater:1120 - MainUpdater not yet initialized. External WinMGr cannot be set.
2025-09-23 22:33:03,504 [INFO] Updater:1056 - Updater Version found : 6.11.1
2025-09-23 22:33:03,524 [INFO] ApplicationProperties:184 - Using Application install path: C:\ST\STM32CubeIDE_1.15.1\STM32CubeIDE\plugins\com.st.stm32cube.common.mx_6.11.1.202404110753
2025-09-23 22:33:03,783 [INFO] MainUpdater:2873 - connection check result : 10
2025-09-23 22:33:03,783 [INFO] MainUpdater:290 - Updater Check For Update Now.
2025-09-23 22:33:03,784 [INFO] MicroXplorer:498 - Change Database Version : DB.6.0.111
2025-09-23 22:33:03,800 [INFO] McuFinderGlobals:63 - Set McuFinder mode to 2 (CubeIDE integrated)
2025-09-23 22:33:03,800 [INFO] UserAuth:179 - activating auth plugin
2025-09-23 22:33:03,803 [INFO] UserAuth:415 - Internet connection configuration mode: 1
2025-09-23 22:33:03,833 [INFO] JxBrowserEngine:152 - Initiate JxBrowser Engine with user profile folder
2025-09-23 22:33:03,987 [INFO] CheckServerUpdateThread:120 - End of CheckServer Thread
2025-09-23 22:33:06,029 [WARN] PackLoader:240 - Cannot read IP mode file for STMicroelectronics.FP-SNS-MOTENVWB1.1.4.0
2025-09-23 22:33:06,048 [WARN] PackLoader:240 - Cannot read IP mode file for STMicroelectronics.FP-ATR-ASTRA1.2.0.2
2025-09-23 22:33:06,064 [WARN] PackLoader:240 - Cannot read IP mode file for STMicroelectronics.X-CUBE-SMBUS.2.1.0
2025-09-23 22:33:06,078 [ERROR] Engine:466 - C:\Users\jakgr\.stm32cubemx\thirdparties\pdsc\STMicroelectronics.X-CUBE-ST60.1.0.0.pdsc: PDSC version is not supported
2025-09-23 22:33:06,114 [WARN] PackLoader:240 - Cannot read IP mode file for STMicroelectronics.X-CUBE-AZRTOS-F7.1.1.0
2025-09-23 22:33:06,150 [WARN] PackLoader:240 - Cannot read IP mode file for Infineon.AIROC-Wi-Fi-Bluetooth-STM32.1.7.1
2025-09-23 22:33:06,186 [WARN] PackLoader:240 - Cannot read IP mode file for STMicroelectronics.X-CUBE-AZRTOS-H7.3.4.0
2025-09-23 22:33:06,218 [WARN] PackLoader:240 - Cannot read IP mode file for STMicroelectronics.X-CUBE-DISPLAY.3.0.0
2025-09-23 22:33:06,241 [WARN] PackLoader:240 - Cannot read IP mode file for STMicroelectronics.X-CUBE-NFC10.1.0.0
2025-09-23 22:33:06,267 [WARN] PackLoader:240 - Cannot read IP mode file for emotas.I-CUBE-CANOPEN.1.3.0
2025-09-23 22:33:06,281 [ERROR] Engine:466 - C:\Users\jakgr\.stm32cubemx\thirdparties\pdsc\STMicroelectronics.FP-SNS-STBOX1.2.1.0.pdsc: PDSC version is not supported
2025-09-23 22:33:06,296 [WARN] PackLoader:240 - Cannot read IP mode file for STMicroelectronics.FP-SNS-SMARTAG2.1.2.0
2025-09-23 22:33:06,309 [ERROR] Engine:466 - C:\Users\jakgr\.stm32cubemx\thirdparties\pdsc\STMicroelectronics.FP-SNS-FLIGHT1.5.1.0.pdsc: PDSC version is not supported
2025-09-23 22:33:06,327 [INFO] LogOutputStream:77 - [STDOUT_REDIRECT] 1 : Invalid condition id : UX_CORESTACK_Condition cause : null
2025-09-23 22:33:06,327 [INFO] LogOutputStream:77 - [STDOUT_REDIRECT] 1 : Invalid condition id : UX_CORESTACK_Condition cause : null
2025-09-23 22:33:06,328 [INFO] LogOutputStream:77 - [STDOUT_REDIRECT] 1 : Invalid condition id : UX_CORESTACK_Condition cause : null
2025-09-23 22:33:06,329 [INFO] LogOutputStream:77 - [STDOUT_REDIRECT] 1 : Invalid condition id : UX_CORESTACK_Condition cause : null
2025-09-23 22:33:06,329 [INFO] LogOutputStream:77 - [STDOUT_REDIRECT] 1 : Invalid condition id : UX_CORESTACK_Condition cause : null
2025-09-23 22:33:06,331 [WARN] PackLoader:240 - Cannot read IP mode file for STMicroelectronics.X-CUBE-AZRTOS-WL.2.0.0
2025-09-23 22:33:06,348 [WARN] PackLoader:240 - Cannot read IP mode file for STMicroelectronics.FP-SNS-MOTENV1.5.0.0
2025-09-23 22:33:06,367 [WARN] PackLoader:240 - Cannot read IP mode file for WES.I-CUBE-Cesium.1.3.0
2025-09-23 22:33:06,383 [WARN] PackLoader:240 - Cannot read IP mode file for STMicroelectronics.X-CUBE-BLE2.3.3.0
2025-09-23 22:33:06,400 [WARN] PackLoader:240 - Cannot read IP mode file for STMicroelectronics.X-CUBE-NFC9.1.0.0
2025-09-23 22:33:06,415 [WARN] PackLoader:240 - Cannot read IP mode file for wolfSSL.I-CUBE-wolfSSL.5.8.2
2025-09-23 22:33:06,430 [WARN] PackLoader:240 - Cannot read IP mode file for STMicroelectronics.X-CUBE-BLE1.7.1.0
2025-09-23 22:33:06,444 [WARN] PackLoader:240 - Cannot read IP mode file for wolfSSL.I-CUBE-wolfMQTT.1.19.2
2025-09-23 22:33:06,460 [WARN] PackLoader:240 - Cannot read IP mode file for STMicroelectronics.X-CUBE-EEPRMA1.5.2.0
2025-09-23 22:33:06,487 [WARN] PackLoader:240 - Cannot read IP mode file for STMicroelectronics.X-CUBE-AZRTOS-G0.1.1.0
2025-09-23 22:33:06,506 [WARN] PackLoader:240 - Cannot read IP mode file for STMicroelectronics.X-CUBE-SAFEA1.1.2.2
2025-09-23 22:33:06,524 [WARN] PackLoader:240 - Cannot read IP mode file for STMicroelectronics.X-CUBE-NFC4.3.0.0
2025-09-23 22:33:06,544 [WARN] PackLoader:240 - Cannot read IP mode file for EmbeddedOffice.I-CUBE-FS-RTOS.1.0.1
2025-09-23 22:33:06,544 [ERROR] ConditionMgr:805 - Attr not supported : Dmpu
2025-09-23 22:33:06,544 [ERROR] ConditionMgr:805 - Attr not supported : Dmpu
2025-09-23 22:33:06,544 [ERROR] ConditionMgr:805 - Attr not supported : Dmpu
2025-09-23 22:33:06,544 [ERROR] ConditionMgr:805 - Attr not supported : Dmpu
2025-09-23 22:33:06,545 [ERROR] ConditionMgr:805 - Attr not supported : Dmpu
2025-09-23 22:33:06,545 [ERROR] ConditionMgr:805 - Attr not supported : Dmpu
2025-09-23 22:33:06,545 [ERROR] ConditionMgr:805 - Attr not supported : Dmpu
2025-09-23 22:33:06,545 [ERROR] ConditionMgr:805 - Attr not supported : Dmpu
2025-09-23 22:33:06,545 [ERROR] ConditionMgr:805 - Attr not supported : Dmpu
2025-09-23 22:33:06,545 [ERROR] ConditionMgr:805 - Attr not supported : Dmpu
2025-09-23 22:33:06,545 [ERROR] ConditionMgr:805 - Attr not supported : Dmpu
2025-09-23 22:33:06,545 [ERROR] ConditionMgr:805 - Attr not supported : Dmpu
2025-09-23 22:33:06,545 [ERROR] ConditionMgr:805 - Attr not supported : Dmpu
2025-09-23 22:33:06,545 [ERROR] ConditionMgr:805 - Attr not supported : Dmpu
2025-09-23 22:33:06,545 [ERROR] ConditionMgr:805 - Attr not supported : Dmpu
2025-09-23 22:33:06,545 [ERROR] ConditionMgr:805 - Attr not supported : Dmpu
2025-09-23 22:33:06,545 [ERROR] ConditionMgr:805 - Attr not supported : Dmpu
2025-09-23 22:33:06,545 [ERROR] ConditionMgr:805 - Attr not supported : Dmpu
2025-09-23 22:33:06,545 [ERROR] ConditionMgr:805 - Attr not supported : Dmpu
2025-09-23 22:33:06,545 [ERROR] ConditionMgr:805 - Attr not supported : Dmpu
2025-09-23 22:33:06,545 [ERROR] ConditionMgr:805 - Attr not supported : Dmpu
2025-09-23 22:33:06,545 [ERROR] ConditionMgr:805 - Attr not supported : Dmpu
2025-09-23 22:33:06,545 [ERROR] ConditionMgr:805 - Attr not supported : Dmpu
2025-09-23 22:33:06,545 [ERROR] ConditionMgr:805 - Attr not supported : Dmpu
2025-09-23 22:33:06,545 [ERROR] ConditionMgr:805 - Attr not supported : Dmpu
2025-09-23 22:33:06,546 [ERROR] ConditionMgr:805 - Attr not supported : Dmpu
2025-09-23 22:33:06,546 [ERROR] ConditionMgr:805 - Attr not supported : Dmpu
2025-09-23 22:33:06,546 [ERROR] ConditionMgr:805 - Attr not supported : Dmpu
2025-09-23 22:33:06,546 [ERROR] ConditionMgr:805 - Attr not supported : Dmpu
2025-09-23 22:33:06,546 [ERROR] ConditionMgr:805 - Attr not supported : Dmpu
2025-09-23 22:33:06,546 [ERROR] ConditionMgr:805 - Attr not supported : Dmpu
2025-09-23 22:33:06,546 [ERROR] ConditionMgr:805 - Attr not supported : Dmpu
2025-09-23 22:33:06,546 [ERROR] ConditionMgr:805 - Attr not supported : Dmpu
2025-09-23 22:33:06,546 [ERROR] ConditionMgr:805 - Attr not supported : Dmpu
2025-09-23 22:33:06,546 [ERROR] ConditionMgr:805 - Attr not supported : Dmpu
2025-09-23 22:33:06,546 [ERROR] ConditionMgr:805 - Attr not supported : Dmpu
2025-09-23 22:33:06,546 [ERROR] ConditionMgr:805 - Attr not supported : Dmpu
2025-09-23 22:33:06,546 [ERROR] ConditionMgr:805 - Attr not supported : Dmpu
2025-09-23 22:33:06,547 [ERROR] ConditionMgr:805 - Attr not supported : Dmpu
2025-09-23 22:33:06,547 [ERROR] ConditionMgr:805 - Attr not supported : Dmpu
2025-09-23 22:33:06,547 [ERROR] ConditionMgr:805 - Attr not supported : Dmpu
2025-09-23 22:33:06,547 [ERROR] ConditionMgr:805 - Attr not supported : Dmpu
2025-09-23 22:33:06,547 [ERROR] ConditionMgr:805 - Attr not supported : Dmpu
2025-09-23 22:33:06,547 [ERROR] ConditionMgr:805 - Attr not supported : Dmpu
2025-09-23 22:33:06,547 [ERROR] ConditionMgr:805 - Attr not supported : Dmpu
2025-09-23 22:33:06,547 [ERROR] ConditionMgr:805 - Attr not supported : Dmpu
2025-09-23 22:33:06,547 [ERROR] ConditionMgr:805 - Attr not supported : Dmpu
2025-09-23 22:33:06,547 [ERROR] ConditionMgr:805 - Attr not supported : Dmpu
2025-09-23 22:33:06,547 [ERROR] ConditionMgr:805 - Attr not supported : Dmpu
2025-09-23 22:33:06,547 [ERROR] ConditionMgr:805 - Attr not supported : Dmpu
2025-09-23 22:33:06,547 [ERROR] ConditionMgr:805 - Attr not supported : Dmpu
2025-09-23 22:33:06,547 [ERROR] ConditionMgr:805 - Attr not supported : Dmpu
2025-09-23 22:33:06,547 [ERROR] ConditionMgr:805 - Attr not supported : Dmpu
2025-09-23 22:33:06,547 [ERROR] ConditionMgr:805 - Attr not supported : Dmpu
2025-09-23 22:33:06,547 [ERROR] ConditionMgr:805 - Attr not supported : Dmpu
2025-09-23 22:33:06,547 [ERROR] ConditionMgr:805 - Attr not supported : Dmpu
2025-09-23 22:33:06,547 [ERROR] ConditionMgr:805 - Attr not supported : Dmpu
2025-09-23 22:33:06,547 [ERROR] ConditionMgr:805 - Attr not supported : Dmpu
2025-09-23 22:33:06,547 [ERROR] ConditionMgr:805 - Attr not supported : Dmpu
2025-09-23 22:33:06,547 [ERROR] ConditionMgr:805 - Attr not supported : Dmpu
2025-09-23 22:33:06,547 [ERROR] ConditionMgr:805 - Attr not supported : Dmpu
2025-09-23 22:33:06,547 [ERROR] ConditionMgr:805 - Attr not supported : Dmpu
2025-09-23 22:33:06,547 [ERROR] ConditionMgr:805 - Attr not supported : Dmpu
2025-09-23 22:33:06,548 [ERROR] ConditionMgr:805 - Attr not supported : Dmpu
2025-09-23 22:33:06,564 [WARN] PackLoader:240 - Cannot read IP mode file for STMicroelectronics.X-CUBE-WB05N.2.0.0
2025-09-23 22:33:06,580 [WARN] PackLoader:240 - Cannot read IP mode file for wolfSSL.I-CUBE-wolfTPM.3.8.0
2025-09-23 22:33:06,594 [ERROR] Engine:466 - C:\Users\jakgr\.stm32cubemx\thirdparties\pdsc\STMicroelectronics.X-CUBE-TCPP.4.2.0.pdsc: PDSC version is not supported
2025-09-23 22:33:06,609 [WARN] PackLoader:240 - Cannot read IP mode file for RealThread.X-CUBE-RT-Thread_Nano.4.1.1
2025-09-23 22:33:06,625 [WARN] PackLoader:240 - Cannot read IP mode file for STMicroelectronics.FP-ATR-SIGFOX1.3.2.0
2025-09-23 22:33:06,639 [WARN] PackLoader:240 - Cannot read IP mode file for ITTIA_DB.I-CUBE-ITTIADB.8.9.0
2025-09-23 22:33:06,652 [ERROR] Engine:466 - C:\Users\jakgr\.stm32cubemx\thirdparties\pdsc\STMicroelectronics.X-CUBE-ST67W61.1.0.0.pdsc: PDSC version is not supported
2025-09-23 22:33:06,666 [WARN] PackLoader:240 - Cannot read IP mode file for STMicroelectronics.X-CUBE-AI.10.2.0
2025-09-23 22:33:06,696 [WARN] PackLoader:240 - Cannot read IP mode file for SEGGER.I-CUBE-embOS.1.3.1
2025-09-23 22:33:06,734 [WARN] PackLoader:240 - Cannot read IP mode file for STMicroelectronics.X-CUBE-ALGOBUILD.1.4.0
2025-09-23 22:33:06,790 [WARN] PackLoader:240 - Cannot read IP mode file for STMicroelectronics.X-CUBE-MEMS1.11.3.0
2025-09-23 22:33:06,905 [WARN] PackLoader:240 - Cannot read IP mode file for STMicroelectronics.X-CUBE-PM33A1.1.0.0
2025-09-23 22:33:06,934 [WARN] PackLoader:240 - Cannot read IP mode file for STMicroelectronics.X-CUBE-AZRTOS-F4.1.1.0
2025-09-23 22:33:06,949 [ERROR] Engine:466 - C:\Users\jakgr\.stm32cubemx\thirdparties\pdsc\Avnet-IotConnect.X-CUBE-IoTC-DA16k-PMOD.1.0.0.pdsc: PDSC version is not supported
2025-09-23 22:33:06,963 [WARN] PackLoader:240 - Cannot read IP mode file for STMicroelectronics.X-CUBE-ISPU.2.1.0
2025-09-23 22:33:06,980 [WARN] PackLoader:240 - Cannot read IP mode file for STMicroelectronics.X-CUBE-NFC12.1.0.0
2025-09-23 22:33:07,015 [WARN] PackLoader:240 - Cannot read IP mode file for STMicroelectronics.X-CUBE-AZRTOS-L5.2.0.0
2025-09-23 22:33:07,034 [WARN] PackLoader:240 - Cannot read IP mode file for STMicroelectronics.X-CUBE-NFC6.3.1.0
2025-09-23 22:33:07,050 [WARN] PackLoader:240 - Cannot read IP mode file for STMicroelectronics.X-CUBE-FREERTOS.1.3.1
2025-09-23 22:33:07,067 [ERROR] Engine:466 - C:\Users\jakgr\.stm32cubemx\thirdparties\pdsc\STMicroelectronics.FP-SNS-STAIOTCFT.1.0.0.pdsc: PDSC version is not supported
2025-09-23 22:33:07,085 [WARN] PackLoader:240 - Cannot read IP mode file for STMicroelectronics.X-CUBE-DPower.1.3.0
2025-09-23 22:33:07,117 [WARN] ConditionMgr:438 - getConditionDescription Invalid condition id : LAN8742 Phy interface Condition cause : null
2025-09-23 22:33:07,117 [WARN] PackLoader:240 - Cannot read IP mode file for STMicroelectronics.X-CUBE-AZRTOS-L4.2.0.0
2025-09-23 22:33:07,118 [WARN] ConditionMgr:1039 - genDependencies : Invalid condition id : LAN8742 Phy interface Condition cause : null
2025-09-23 22:33:07,119 [WARN] ConditionMgr:1039 - genDependencies : Invalid condition id : LAN8742 Phy interface Condition cause : null
2025-09-23 22:33:07,119 [WARN] ConditionMgr:1039 - genDependencies : Invalid condition id : LAN8742 Phy interface Condition cause : null
2025-09-23 22:33:07,138 [WARN] PackLoader:240 - Cannot read IP mode file for STMicroelectronics.X-CUBE-SFXS2LP1.4.0.0
2025-09-23 22:33:07,154 [ERROR] Engine:466 - C:\Users\jakgr\.stm32cubemx\thirdparties\pdsc\STMicroelectronics.X-CUBE-BLEMGR.4.1.0.pdsc: PDSC version is not supported
2025-09-23 22:33:07,183 [WARN] ConditionMgr:438 - getConditionDescription Invalid condition id : UX DEVICE CLASS RTOS Condition cause : null
2025-09-23 22:33:07,184 [WARN] ConditionMgr:438 - getConditionDescription Invalid condition id : UX DEVICE CLASS RTOS Condition cause : null
2025-09-23 22:33:07,186 [WARN] PackLoader:240 - Cannot read IP mode file for STMicroelectronics.X-CUBE-AZRTOS-WB.2.0.0
2025-09-23 22:33:07,187 [WARN] ConditionMgr:1039 - genDependencies : Invalid condition id : UX DEVICE CLASS RTOS Condition cause : null
2025-09-23 22:33:07,187 [WARN] ConditionMgr:1039 - genDependencies : Invalid condition id : UX DEVICE CLASS RTOS Condition cause : null
2025-09-23 22:33:07,187 [WARN] ConditionMgr:1039 - genDependencies : Invalid condition id : UX DEVICE CLASS RTOS Condition cause : null
2025-09-23 22:33:07,187 [WARN] ConditionMgr:1039 - genDependencies : Invalid condition id : UX DEVICE CLASS RTOS Condition cause : null
2025-09-23 22:33:07,187 [WARN] ConditionMgr:1039 - genDependencies : Invalid condition id : UX DEVICE CLASS RTOS Condition cause : null
2025-09-23 22:33:07,206 [WARN] PackLoader:240 - Cannot read IP mode file for STMicroelectronics.X-CUBE-GNSS1.7.0.1
2025-09-23 22:33:07,237 [WARN] PackLoader:240 - Cannot read IP mode file for STMicroelectronics.X-CUBE-TOUCHGFX.4.25.0
2025-09-23 22:33:07,258 [WARN] ConditionMgr:438 - getConditionDescription Invalid condition id : Cortex-A Device cause : null
2025-09-23 22:33:07,289 [WARN] ConditionMgr:1039 - genDependencies : Invalid condition id : Cortex-A Device cause : null
2025-09-23 22:33:07,290 [WARN] ConditionMgr:1039 - genDependencies : Invalid condition id : Cortex-A Device cause : null
2025-09-23 22:33:07,290 [WARN] ConditionMgr:1039 - genDependencies : Invalid condition id : Cortex-A Device cause : null
2025-09-23 22:33:07,313 [WARN] PackLoader:240 - Cannot read IP mode file for STMicroelectronics.X-CUBE-SUBG2.5.0.0
2025-09-23 22:33:07,347 [WARN] PackLoader:240 - Cannot read IP mode file for STMicroelectronics.X-CUBE-AZRTOS-H7RS.1.1.0
2025-09-23 22:33:07,366 [WARN] PackLoader:240 - Cannot read IP mode file for Cesanta.I-CUBE-Mongoose.7.13.0
2025-09-23 22:33:07,393 [WARN] PackLoader:240 - Cannot read IP mode file for STMicroelectronics.X-CUBE-AZRTOS-G4.2.0.0
2025-09-23 22:33:07,410 [WARN] PackLoader:240 - Cannot read IP mode file for wolfSSL.I-CUBE-wolfSSH.1.4.20
2025-09-23 22:33:07,429 [WARN] PackLoader:240 - Cannot read IP mode file for STMicroelectronics.X-CUBE-NFC7.2.0.0
2025-09-23 22:33:07,447 [ERROR] Engine:466 - C:\Users\jakgr\.stm32cubemx\thirdparties\pdsc\STMicroelectronics.X-CUBE-IPS.3.1.0.pdsc: PDSC version is not supported
2025-09-23 22:33:07,465 [WARN] PackLoader:240 - Cannot read IP mode file for STMicroelectronics.X-CUBE-ALS.1.0.2
2025-09-23 22:33:07,484 [WARN] PackLoader:240 - Cannot read IP mode file for STMicroelectronics.X-CUBE-STSE01.1.0.0
2025-09-23 22:33:07,503 [WARN] PackLoader:240 - Cannot read IP mode file for portGmbH.I-Cube-SoM-uGOAL.1.1.0
2025-09-23 22:33:07,521 [ERROR] Engine:466 - C:\Users\jakgr\.stm32cubemx\thirdparties\pdsc\STMicroelectronics.X-CUBE-TOF1.3.4.3.pdsc: PDSC version is not supported
2025-09-23 22:33:07,521 [INFO] ThirdParty:978 - Integrity check success = true
2025-09-23 22:33:07,521 [INFO] IntegrityCheckThread:100 - exiting critical section [integrity check]
2025-09-23 22:33:07,521 [INFO] IntegrityCheckThread:103 - End integrity checks thread
2025-09-23 22:33:08,350 [INFO] WebApp:161 - Instantiating new browser for Auth
2025-09-23 22:33:08,884 [INFO] WebApp:779 - Register for checkConnection events
2025-09-23 22:33:08,885 [INFO] WebApp:414 - Apply proxy settings
2025-09-23 22:33:08,885 [INFO] WebApp:499 - Chromium requires no authentication
2025-09-23 22:33:08,893 [INFO] WebApp:442 - Direct internet connection detected
2025-09-23 22:33:09,040 [INFO] WebApp:192 - Starting web application
2025-09-23 22:33:09,041 [INFO] WebApp:544 - Web application path used C:\ST\STM32CubeIDE_1.15.1\STM32CubeIDE\plugins\com.st.stm32cube.common.mx_6.11.1.202404110753\db\plugins\mcufinder\reactClient1\index.html
2025-09-23 22:54:06,149 [ERROR] LogOutputStream:75 - [STDERR_REDIRECT] 
2025-09-23 22:54:29,447 [INFO] Activator:176 - 


2025-09-23 22:54:29,448 [INFO] Activator:177 - !SESSION log4j initialized
2025-09-23 22:54:35,831 [INFO] LogOutputStream:77 - [STDOUT_REDIRECT] 
2025-09-23 22:54:38,001 [INFO] ApplicationProperties:184 - Using Application install path: C:\ST\STM32CubeIDE_1.15.1\STM32CubeIDE\plugins\com.st.stm32cube.common.mx_6.11.1.202404110753
2025-09-23 22:54:38,015 [INFO] DbMcusXml:78 - Set database path to: C:\ST\STM32CubeIDE_1.15.1\STM32CubeIDE\plugins\com.st.stm32cube.common.mx_6.11.1.202404110753\\db\/mcu/
2025-09-23 22:54:38,015 [INFO] ApiDb:274 - Set plugin database path to: C:\ST\STM32CubeIDE_1.15.1\STM32CubeIDE\plugins\com.st.stm32cube.common.mx_6.11.1.202404110753\\db\/plugins/boardmanager/
2025-09-23 22:54:38,015 [WARN] ApiDb:259 - Overriding images path with different value:  => C:\ST\STM32CubeIDE_1.15.1\STM32CubeIDE\plugins\com.st.stm32cube.common.mx_6.11.1.202404110753\\db\/plugins/mcufinder/images/
2025-09-23 22:54:38,020 [INFO] ApiDb:250 - Set database path to: C:\Users\jakgr\.stmcufinder\plugins\mcufinder//mcu/
2025-09-23 22:54:38,021 [INFO] DbMcusAds:125 - Set database path to: C:\Users\jakgr\.stmcufinder\plugins\mcufinder//mcu/
2025-09-23 22:54:38,023 [INFO] CrossReferenceDbSqlite:203 - Set database path to: C:\Users\jakgr\.stmcufinder\plugins\mcufinder//mcu/cs/
2025-09-23 22:54:38,118 [INFO] RulesReader:64 - Compatibility file has been processed (297 Rules)
2025-09-23 22:54:38,175 [INFO] DbMcusXml:78 - Set database path to: C:\ST\STM32CubeIDE_1.15.1\STM32CubeIDE\plugins\com.st.stm32cube.common.mx_6.11.1.202404110753\\db\/mcu/
2025-09-23 22:54:38,176 [INFO] ApiDb:274 - Set plugin database path to: C:\ST\STM32CubeIDE_1.15.1\STM32CubeIDE\plugins\com.st.stm32cube.common.mx_6.11.1.202404110753\\db\/plugins/boardmanager/
2025-09-23 22:54:38,176 [INFO] ApiDb:261 - Set plugin images path to: C:\ST\STM32CubeIDE_1.15.1\STM32CubeIDE\plugins\com.st.stm32cube.common.mx_6.11.1.202404110753\\db\/plugins/mcufinder/images/
2025-09-23 22:54:38,176 [WARN] DbFile:41 - Overriding database path with different value: C:\Users\jakgr\.stmcufinder\plugins\mcufinder/ => C:\Users\jakgr\.stmcufinder\plugins\mcufinder
2025-09-23 22:54:38,176 [INFO] ApiDb:250 - Set database path to: C:\Users\jakgr\.stmcufinder\plugins\mcufinder//mcu/
2025-09-23 22:54:38,176 [WARN] DbFile:41 - Overriding database path with different value: C:\Users\jakgr\.stmcufinder\plugins\mcufinder/ => C:\Users\jakgr\.stmcufinder\plugins\mcufinder
2025-09-23 22:54:38,176 [INFO] DbMcusAds:125 - Set database path to: C:\Users\jakgr\.stmcufinder\plugins\mcufinder//mcu/
2025-09-23 22:54:38,176 [WARN] DbFile:41 - Overriding database path with different value: C:\Users\jakgr\.stmcufinder\plugins\mcufinder/ => C:\Users\jakgr\.stmcufinder\plugins\mcufinder
2025-09-23 22:54:38,176 [WARN] DbFile:41 - Overriding database path with different value: C:\Users\jakgr\.stmcufinder\plugins\mcufinder/ => C:\Users\jakgr\.stmcufinder\plugins\mcufinder
2025-09-23 22:54:38,176 [INFO] CrossReferenceDbSqlite:203 - Set database path to: C:\Users\jakgr\.stmcufinder\plugins\mcufinder//mcu/cs/
2025-09-23 22:54:38,231 [INFO] MainPanel:264 - HeapMemory: 268435456
2025-09-23 22:54:38,293 [INFO] DbMcusXml:78 - Set database path to: C:\ST\STM32CubeIDE_1.15.1\STM32CubeIDE\plugins\com.st.stm32cube.common.mx_6.11.1.202404110753\\db\/mcu/
2025-09-23 22:54:38,294 [INFO] ApiDb:274 - Set plugin database path to: C:\ST\STM32CubeIDE_1.15.1\STM32CubeIDE\plugins\com.st.stm32cube.common.mx_6.11.1.202404110753\\db\/plugins/boardmanager/
2025-09-23 22:54:38,294 [INFO] ApiDb:261 - Set plugin images path to: C:\ST\STM32CubeIDE_1.15.1\STM32CubeIDE\plugins\com.st.stm32cube.common.mx_6.11.1.202404110753\\db\/plugins/mcufinder/images/
2025-09-23 22:54:38,294 [WARN] DbFile:41 - Overriding database path with different value: C:\Users\jakgr\.stmcufinder\plugins\mcufinder/ => C:\Users\jakgr\.stmcufinder\plugins\mcufinder
2025-09-23 22:54:38,294 [INFO] ApiDb:250 - Set database path to: C:\Users\jakgr\.stmcufinder\plugins\mcufinder//mcu/
2025-09-23 22:54:38,294 [WARN] DbFile:41 - Overriding database path with different value: C:\Users\jakgr\.stmcufinder\plugins\mcufinder/ => C:\Users\jakgr\.stmcufinder\plugins\mcufinder
2025-09-23 22:54:38,294 [INFO] DbMcusAds:125 - Set database path to: C:\Users\jakgr\.stmcufinder\plugins\mcufinder//mcu/
2025-09-23 22:54:38,294 [WARN] DbFile:41 - Overriding database path with different value: C:\Users\jakgr\.stmcufinder\plugins\mcufinder/ => C:\Users\jakgr\.stmcufinder\plugins\mcufinder
2025-09-23 22:54:38,294 [WARN] DbFile:41 - Overriding database path with different value: C:\Users\jakgr\.stmcufinder\plugins\mcufinder/ => C:\Users\jakgr\.stmcufinder\plugins\mcufinder
2025-09-23 22:54:38,294 [INFO] CrossReferenceDbSqlite:203 - Set database path to: C:\Users\jakgr\.stmcufinder\plugins\mcufinder//mcu/cs/
2025-09-23 22:54:38,307 [INFO] ApplicationProperties:184 - Using Application install path: C:\ST\STM32CubeIDE_1.15.1\STM32CubeIDE\plugins\com.st.stm32cube.common.mx_6.11.1.202404110753
2025-09-23 22:54:38,309 [INFO] PluginManage:196 - Search for loadable plugins [exclusion list=, ]
2025-09-23 22:54:38,309 [INFO] PluginManage:310 - Check plugin analytics
2025-09-23 22:54:38,440 [INFO] AnalyticsPlugin:253 - Accepted Software Licenses: 
2025-09-23 22:54:38,440 [INFO] AnalyticsPlugin:255 - Accepted CMSIS Pack Licenses: 
2025-09-23 22:54:38,440 [INFO] AnalyticsPlugin:257 - Accepted Firmware Licenses: 
2025-09-23 22:54:38,442 [INFO] PluginManage:359 - Loaded plugin analytics (category:tool,tabindex:-1)
2025-09-23 22:54:38,442 [INFO] PluginManage:310 - Check plugin cadmodel
2025-09-23 22:54:38,462 [INFO] CADModel:105 - Init CAD model plugin
2025-09-23 22:54:38,462 [INFO] PluginManage:359 - Loaded plugin cadmodel (category:power,tabindex:5)
2025-09-23 22:54:38,462 [INFO] PluginManage:310 - Check plugin clock
2025-09-23 22:54:38,482 [INFO] PluginManage:359 - Loaded plugin clock (category:base,tabindex:2)
2025-09-23 22:54:38,484 [INFO] PluginManage:310 - Check plugin ddr
2025-09-23 22:54:38,487 [INFO] PluginManage:359 - Loaded plugin ddr (category:tool,tabindex:6)
2025-09-23 22:54:38,488 [INFO] PluginManage:310 - Check plugin filemanager
2025-09-23 22:54:38,623 [INFO] PluginManage:359 - Loaded plugin filemanager (category:base,tabindex:10)
2025-09-23 22:54:38,624 [INFO] PluginManage:310 - Check plugin ipmanager
2025-09-23 22:54:38,629 [INFO] PluginManage:359 - Loaded plugin ipmanager (category:base,tabindex:5)
2025-09-23 22:54:38,629 [INFO] PluginManage:310 - Check plugin lpbam
2025-09-23 22:54:38,647 [INFO] PluginManage:359 - Loaded plugin lpbam (category:base,tabindex:0)
2025-09-23 22:54:38,648 [INFO] PluginManage:310 - Check plugin memorymap
2025-09-23 22:54:38,668 [INFO] PluginManage:359 - Loaded plugin memorymap (category:base,tabindex:4)
2025-09-23 22:54:38,668 [INFO] PluginManage:310 - Check plugin pinoutandconfiguration
2025-09-23 22:54:38,687 [INFO] PluginManage:359 - Loaded plugin pinoutandconfiguration (category:base,tabindex:1)
2025-09-23 22:54:38,687 [INFO] PluginManage:310 - Check plugin pinoutconfig
2025-09-23 22:54:38,769 [WARN] SupportedApi:132 - Cannot load RTOS API schema: s4s-elt-must-match.1: The content of 'definitions' must match (annotation?, (simpleType | complexType)?, (unique | key | keyref)*)). A problem was found starting at: attribute.
2025-09-23 22:54:38,912 [INFO] PluginManage:359 - Loaded plugin pinoutconfig (category:base,tabindex:0)
2025-09-23 22:54:38,912 [INFO] PluginManage:310 - Check plugin power
2025-09-23 22:54:38,935 [INFO] PluginManage:359 - Loaded plugin power (category:power,tabindex:4)
2025-09-23 22:54:38,935 [INFO] PluginManage:310 - Check plugin projectmanager
2025-09-23 22:54:38,949 [INFO] PluginManage:359 - Loaded plugin projectmanager (category:projectmanager,tabindex:3)
2025-09-23 22:54:38,950 [INFO] PluginManage:310 - Check plugin thirdparty
2025-09-23 22:54:39,254 [INFO] PluginManage:359 - Loaded plugin thirdparty (category:base,tabindex:-1)
2025-09-23 22:54:39,254 [INFO] PluginManage:310 - Check plugin tools
2025-09-23 22:54:39,254 [WARN] IntegrityCheckThread:84 - waiting for thirdparty lock release [integrity check]
2025-09-23 22:54:39,256 [INFO] IntegrityCheckThread:86 - entering critical section [integrity check]
2025-09-23 22:54:39,256 [INFO] ThirdPartyUpdaterWithRetryManager:70 - Updater plugin not ready yet. [1/15]
2025-09-23 22:54:39,295 [INFO] PluginManage:359 - Loaded plugin tools (category:base,tabindex:7)
2025-09-23 22:54:39,295 [INFO] PluginManage:310 - Check plugin tutovideos
2025-09-23 22:54:39,453 [INFO] PluginManage:359 - Loaded plugin tutovideos (category:base,tabindex:-1)
2025-09-23 22:54:39,453 [INFO] PluginManage:310 - Check plugin updater
2025-09-23 22:54:39,462 [INFO] PluginManage:359 - Loaded plugin updater (category:base,tabindex:12)
2025-09-23 22:54:39,462 [INFO] PluginManage:310 - Check plugin userauth
2025-09-23 22:54:39,466 [INFO] UserAuth:114 - Init User Auth plugin
2025-09-23 22:54:39,466 [INFO] PluginManage:359 - Loaded plugin userauth (category:base,tabindex:14)
2025-09-23 22:54:39,466 [INFO] PluginManage:283 - PluginManage : Loaded plugins [17]
2025-09-23 22:54:39,653 [INFO] PinOutPanel:1561 - setPackage(No Configuration,No Configuration)
2025-09-23 22:54:39,720 [INFO] CADModel:165 - CPN selected for project level
2025-09-23 22:54:39,720 [INFO] CADModel:114 - Register for checkConnection events
2025-09-23 22:54:39,750 [INFO] IPUIPlugin:80 - create IPUIPlugin
2025-09-23 22:54:39,750 [INFO] PluginManager:220 - loadIPPluginJar : add adc
2025-09-23 22:54:39,793 [INFO] IPUIPlugin:80 - create IPUIPlugin
2025-09-23 22:54:39,793 [INFO] PluginManager:220 - loadIPPluginJar : add aes
2025-09-23 22:54:39,850 [INFO] IPUIPlugin:80 - create IPUIPlugin
2025-09-23 22:54:39,850 [INFO] PluginManager:220 - loadIPPluginJar : add can
2025-09-23 22:54:39,883 [INFO] IPUIPlugin:80 - create IPUIPlugin
2025-09-23 22:54:39,884 [INFO] PluginManager:220 - loadIPPluginJar : add comp
2025-09-23 22:54:39,922 [INFO] IPUIPlugin:80 - create IPUIPlugin
2025-09-23 22:54:39,923 [INFO] PluginManager:220 - loadIPPluginJar : add cryp
2025-09-23 22:54:39,961 [INFO] IPUIPlugin:80 - create IPUIPlugin
2025-09-23 22:54:39,961 [INFO] PluginManager:220 - loadIPPluginJar : add dfsdm
2025-09-23 22:54:39,978 [INFO] IPUIPlugin:80 - create IPUIPlugin
2025-09-23 22:54:39,978 [INFO] PluginManager:220 - loadIPPluginJar : add dma
2025-09-23 22:54:40,029 [INFO] IPUIPlugin:80 - create IPUIPlugin
2025-09-23 22:54:40,029 [INFO] PluginManager:220 - loadIPPluginJar : add dma3
2025-09-23 22:54:40,077 [INFO] IPUIPlugin:80 - create IPUIPlugin
2025-09-23 22:54:40,077 [INFO] PluginManager:220 - loadIPPluginJar : add extmemmanager
2025-09-23 22:54:40,101 [INFO] IPUIPlugin:80 - create IPUIPlugin
2025-09-23 22:54:40,101 [INFO] PluginManager:220 - loadIPPluginJar : add fatfs
2025-09-23 22:54:40,152 [INFO] IPUIPlugin:80 - create IPUIPlugin
2025-09-23 22:54:40,153 [INFO] PluginManager:220 - loadIPPluginJar : add fmc
2025-09-23 22:54:40,168 [INFO] IPUIPlugin:80 - create IPUIPlugin
2025-09-23 22:54:40,169 [INFO] PluginManager:220 - loadIPPluginJar : add freertos
2025-09-23 22:54:40,194 [INFO] IPUIPlugin:80 - create IPUIPlugin
2025-09-23 22:54:40,194 [INFO] PluginManager:220 - loadIPPluginJar : add genericplugin
2025-09-23 22:54:40,307 [INFO] IPUIPlugin:80 - create IPUIPlugin
2025-09-23 22:54:40,308 [INFO] PluginManager:220 - loadIPPluginJar : add gfxmmu
2025-09-23 22:54:40,457 [INFO] IPUIPlugin:80 - create IPUIPlugin
2025-09-23 22:54:40,457 [INFO] PluginManager:220 - loadIPPluginJar : add gic
2025-09-23 22:54:40,471 [INFO] IPUIPlugin:80 - create IPUIPlugin
2025-09-23 22:54:40,471 [INFO] PluginManager:220 - loadIPPluginJar : add gpio
2025-09-23 22:54:40,565 [INFO] IPUIPlugin:80 - create IPUIPlugin
2025-09-23 22:54:40,565 [INFO] PluginManager:220 - loadIPPluginJar : add gtzc
2025-09-23 22:54:40,601 [INFO] IPUIPlugin:80 - create IPUIPlugin
2025-09-23 22:54:40,601 [INFO] PluginManager:220 - loadIPPluginJar : add hash
2025-09-23 22:54:40,659 [INFO] IPUIPlugin:80 - create IPUIPlugin
2025-09-23 22:54:40,659 [INFO] PluginManager:220 - loadIPPluginJar : add i2c
2025-09-23 22:54:40,701 [INFO] IPUIPlugin:80 - create IPUIPlugin
2025-09-23 22:54:40,701 [INFO] PluginManager:220 - loadIPPluginJar : add i2s
2025-09-23 22:54:40,752 [INFO] IPUIPlugin:80 - create IPUIPlugin
2025-09-23 22:54:40,752 [INFO] PluginManager:220 - loadIPPluginJar : add i3c
2025-09-23 22:54:40,863 [INFO] IPUIPlugin:80 - create IPUIPlugin
2025-09-23 22:54:40,863 [INFO] PluginManager:220 - loadIPPluginJar : add ipddr
2025-09-23 22:54:40,971 [INFO] IPUIPlugin:80 - create IPUIPlugin
2025-09-23 22:54:40,971 [INFO] PluginManager:220 - loadIPPluginJar : add linkedlist
2025-09-23 22:54:41,012 [INFO] IPUIPlugin:80 - create IPUIPlugin
2025-09-23 22:54:41,012 [INFO] PluginManager:220 - loadIPPluginJar : add lorawan
2025-09-23 22:54:41,053 [INFO] IPUIPlugin:80 - create IPUIPlugin
2025-09-23 22:54:41,053 [INFO] PluginManager:220 - loadIPPluginJar : add ltdc
2025-09-23 22:54:41,069 [INFO] IPUIPlugin:80 - create IPUIPlugin
2025-09-23 22:54:41,069 [INFO] PluginManager:220 - loadIPPluginJar : add mdma
2025-09-23 22:54:41,082 [INFO] IPUIPlugin:80 - create IPUIPlugin
2025-09-23 22:54:41,083 [INFO] PluginManager:220 - loadIPPluginJar : add nvic
2025-09-23 22:54:41,127 [INFO] IPUIPlugin:80 - create IPUIPlugin
2025-09-23 22:54:41,127 [INFO] PluginManager:220 - loadIPPluginJar : add opamp
2025-09-23 22:54:41,194 [INFO] IPUIPlugin:80 - create IPUIPlugin
2025-09-23 22:54:41,194 [INFO] PluginManager:220 - loadIPPluginJar : add openamp
2025-09-23 22:54:41,242 [INFO] IPUIPlugin:80 - create IPUIPlugin
2025-09-23 22:54:41,242 [INFO] PluginManager:220 - loadIPPluginJar : add pdm2pcm
2025-09-23 22:54:41,258 [INFO] IPUIPlugin:80 - create IPUIPlugin
2025-09-23 22:54:41,260 [INFO] PluginManager:220 - loadIPPluginJar : add plateformsettings
2025-09-23 22:54:41,288 [INFO] IPUIPlugin:80 - create IPUIPlugin
2025-09-23 22:54:41,288 [INFO] PluginManager:220 - loadIPPluginJar : add quadspi
2025-09-23 22:54:41,303 [INFO] IPUIPlugin:80 - create IPUIPlugin
2025-09-23 22:54:41,304 [INFO] PluginManager:220 - loadIPPluginJar : add resmgrutility
2025-09-23 22:54:41,355 [INFO] IPUIPlugin:80 - create IPUIPlugin
2025-09-23 22:54:41,355 [INFO] PluginManager:220 - loadIPPluginJar : add sai
2025-09-23 22:54:41,397 [INFO] IPUIPlugin:80 - create IPUIPlugin
2025-09-23 22:54:41,397 [INFO] PluginManager:220 - loadIPPluginJar : add spi
2025-09-23 22:54:41,471 [INFO] IPUIPlugin:80 - create IPUIPlugin
2025-09-23 22:54:41,471 [INFO] PluginManager:220 - loadIPPluginJar : add stm32_wpan
2025-09-23 22:54:41,500 [INFO] IPUIPlugin:80 - create IPUIPlugin
2025-09-23 22:54:41,500 [INFO] PluginManager:220 - loadIPPluginJar : add tim
2025-09-23 22:54:41,563 [INFO] IPUIPlugin:80 - create IPUIPlugin
2025-09-23 22:54:41,564 [INFO] PluginManager:220 - loadIPPluginJar : add touchsensing
2025-09-23 22:54:41,590 [INFO] IPUIPlugin:80 - create IPUIPlugin
2025-09-23 22:54:41,590 [INFO] PluginManager:220 - loadIPPluginJar : add tracer_emb
2025-09-23 22:54:41,617 [INFO] IPUIPlugin:80 - create IPUIPlugin
2025-09-23 22:54:41,618 [INFO] PluginManager:220 - loadIPPluginJar : add ts
2025-09-23 22:54:41,645 [INFO] IPUIPlugin:80 - create IPUIPlugin
2025-09-23 22:54:41,645 [INFO] PluginManager:220 - loadIPPluginJar : add tsc
2025-09-23 22:54:41,672 [INFO] IPUIPlugin:80 - create IPUIPlugin
2025-09-23 22:54:41,672 [INFO] PluginManager:220 - loadIPPluginJar : add ucpd
2025-09-23 22:54:41,718 [INFO] IPUIPlugin:80 - create IPUIPlugin
2025-09-23 22:54:41,718 [INFO] PluginManager:220 - loadIPPluginJar : add usart
2025-09-23 22:54:41,775 [INFO] IPUIPlugin:80 - create IPUIPlugin
2025-09-23 22:54:41,775 [INFO] PluginManager:220 - loadIPPluginJar : add usbx
2025-09-23 22:54:41,899 [INFO] CADModel:165 - CPN selected for project level
2025-09-23 22:54:41,899 [INFO] CADModel:114 - Register for checkConnection events
2025-09-23 22:54:41,899 [FATAL] Updater:308 - Updater called before beeing initialized
2025-09-23 22:54:41,899 [ERROR] CADModel:125 - Updater not yet initialized, retry later 
2025-09-23 22:54:42,022 [INFO] CADModel:165 - CPN selected for project level
2025-09-23 22:54:42,022 [INFO] CADModel:114 - Register for checkConnection events
2025-09-23 22:54:42,022 [FATAL] Updater:308 - Updater called before beeing initialized
2025-09-23 22:54:42,022 [ERROR] CADModel:125 - Updater not yet initialized, retry later 
2025-09-23 22:54:42,026 [FATAL] Updater:308 - Updater called before beeing initialized
2025-09-23 22:54:42,108 [FATAL] Updater:308 - Updater called before beeing initialized
2025-09-23 22:54:42,121 [INFO] DbMcusAds:53 - JSON generation date=Tue Jul 08 15:14:23 ICT 2025 (1751962463582)
2025-09-23 22:54:42,121 [FATAL] Updater:308 - Updater called before beeing initialized
2025-09-23 22:54:42,221 [WARN] DetailPanel:346 - Failed to get advertising image, set to default
2025-09-23 22:54:42,258 [INFO] ThirdPartyUpdaterWithRetryManager:70 - Updater plugin not ready yet. [2/15]
2025-09-23 22:54:42,289 [FATAL] Updater:308 - Updater called before beeing initialized
2025-09-23 22:54:42,291 [FATAL] Updater:308 - Updater called before beeing initialized
2025-09-23 22:54:42,291 [FATAL] Updater:308 - Updater called before beeing initialized
2025-09-23 22:54:42,291 [WARN] DetailPanel:346 - Failed to get advertising image, set to default
2025-09-23 22:54:42,292 [FATAL] Updater:308 - Updater called before beeing initialized
2025-09-23 22:54:42,349 [ERROR] Updater:1120 - MainUpdater not yet initialized. External WinMGr cannot be set.
2025-09-23 22:54:42,362 [INFO] Updater:1056 - Updater Version found : 6.11.1
2025-09-23 22:54:42,378 [INFO] ApplicationProperties:184 - Using Application install path: C:\ST\STM32CubeIDE_1.15.1\STM32CubeIDE\plugins\com.st.stm32cube.common.mx_6.11.1.202404110753
2025-09-23 22:54:42,616 [INFO] MainUpdater:2873 - connection check result : 10
2025-09-23 22:54:42,617 [INFO] MainUpdater:290 - Updater Check For Update Now.
2025-09-23 22:54:42,617 [INFO] MicroXplorer:498 - Change Database Version : DB.6.0.111
2025-09-23 22:54:42,638 [INFO] McuFinderGlobals:63 - Set McuFinder mode to 2 (CubeIDE integrated)
2025-09-23 22:54:42,638 [INFO] UserAuth:179 - activating auth plugin
2025-09-23 22:54:42,640 [INFO] UserAuth:415 - Internet connection configuration mode: 1
2025-09-23 22:54:42,667 [INFO] JxBrowserEngine:152 - Initiate JxBrowser Engine with user profile folder
2025-09-23 22:54:42,815 [INFO] CheckServerUpdateThread:120 - End of CheckServer Thread
2025-09-23 22:54:45,437 [WARN] PackLoader:240 - Cannot read IP mode file for STMicroelectronics.FP-SNS-MOTENVWB1.1.4.0
2025-09-23 22:54:45,458 [WARN] PackLoader:240 - Cannot read IP mode file for STMicroelectronics.FP-ATR-ASTRA1.2.0.2
2025-09-23 22:54:45,479 [WARN] PackLoader:240 - Cannot read IP mode file for STMicroelectronics.X-CUBE-SMBUS.2.1.0
2025-09-23 22:54:45,493 [ERROR] Engine:466 - C:\Users\jakgr\.stm32cubemx\thirdparties\pdsc\STMicroelectronics.X-CUBE-ST60.1.0.0.pdsc: PDSC version is not supported
2025-09-23 22:54:45,528 [WARN] PackLoader:240 - Cannot read IP mode file for STMicroelectronics.X-CUBE-AZRTOS-F7.1.1.0
2025-09-23 22:54:45,563 [WARN] PackLoader:240 - Cannot read IP mode file for Infineon.AIROC-Wi-Fi-Bluetooth-STM32.1.7.1
2025-09-23 22:54:45,605 [WARN] PackLoader:240 - Cannot read IP mode file for STMicroelectronics.X-CUBE-AZRTOS-H7.3.4.0
2025-09-23 22:54:45,625 [WARN] PackLoader:240 - Cannot read IP mode file for STMicroelectronics.X-CUBE-DISPLAY.3.0.0
2025-09-23 22:54:45,646 [WARN] PackLoader:240 - Cannot read IP mode file for STMicroelectronics.X-CUBE-NFC10.1.0.0
2025-09-23 22:54:45,664 [WARN] PackLoader:240 - Cannot read IP mode file for emotas.I-CUBE-CANOPEN.1.3.0
2025-09-23 22:54:45,680 [ERROR] Engine:466 - C:\Users\jakgr\.stm32cubemx\thirdparties\pdsc\STMicroelectronics.FP-SNS-STBOX1.2.1.0.pdsc: PDSC version is not supported
2025-09-23 22:54:45,696 [WARN] PackLoader:240 - Cannot read IP mode file for STMicroelectronics.FP-SNS-SMARTAG2.1.2.0
2025-09-23 22:54:45,709 [ERROR] Engine:466 - C:\Users\jakgr\.stm32cubemx\thirdparties\pdsc\STMicroelectronics.FP-SNS-FLIGHT1.5.1.0.pdsc: PDSC version is not supported
2025-09-23 22:54:45,728 [INFO] LogOutputStream:77 - [STDOUT_REDIRECT] 1 : Invalid condition id : UX_CORESTACK_Condition cause : null
2025-09-23 22:54:45,728 [INFO] LogOutputStream:77 - [STDOUT_REDIRECT] 1 : Invalid condition id : UX_CORESTACK_Condition cause : null
2025-09-23 22:54:45,729 [INFO] LogOutputStream:77 - [STDOUT_REDIRECT] 1 : Invalid condition id : UX_CORESTACK_Condition cause : null
2025-09-23 22:54:45,730 [INFO] LogOutputStream:77 - [STDOUT_REDIRECT] 1 : Invalid condition id : UX_CORESTACK_Condition cause : null
2025-09-23 22:54:45,731 [INFO] LogOutputStream:77 - [STDOUT_REDIRECT] 1 : Invalid condition id : UX_CORESTACK_Condition cause : null
2025-09-23 22:54:45,734 [WARN] PackLoader:240 - Cannot read IP mode file for STMicroelectronics.X-CUBE-AZRTOS-WL.2.0.0
2025-09-23 22:54:45,754 [WARN] PackLoader:240 - Cannot read IP mode file for STMicroelectronics.FP-SNS-MOTENV1.5.0.0
2025-09-23 22:54:45,773 [WARN] PackLoader:240 - Cannot read IP mode file for WES.I-CUBE-Cesium.1.3.0
2025-09-23 22:54:45,792 [WARN] PackLoader:240 - Cannot read IP mode file for STMicroelectronics.X-CUBE-BLE2.3.3.0
2025-09-23 22:54:45,819 [WARN] PackLoader:240 - Cannot read IP mode file for STMicroelectronics.X-CUBE-NFC9.1.0.0
2025-09-23 22:54:45,845 [WARN] PackLoader:240 - Cannot read IP mode file for wolfSSL.I-CUBE-wolfSSL.5.8.2
2025-09-23 22:54:45,869 [WARN] PackLoader:240 - Cannot read IP mode file for STMicroelectronics.X-CUBE-BLE1.7.1.0
2025-09-23 22:54:45,896 [WARN] PackLoader:240 - Cannot read IP mode file for wolfSSL.I-CUBE-wolfMQTT.1.19.2
2025-09-23 22:54:45,924 [WARN] PackLoader:240 - Cannot read IP mode file for STMicroelectronics.X-CUBE-EEPRMA1.5.2.0
2025-09-23 22:54:45,975 [WARN] PackLoader:240 - Cannot read IP mode file for STMicroelectronics.X-CUBE-AZRTOS-G0.1.1.0
2025-09-23 22:54:46,003 [WARN] PackLoader:240 - Cannot read IP mode file for STMicroelectronics.X-CUBE-SAFEA1.1.2.2
2025-09-23 22:54:46,026 [WARN] PackLoader:240 - Cannot read IP mode file for STMicroelectronics.X-CUBE-NFC4.3.0.0
2025-09-23 22:54:46,050 [WARN] PackLoader:240 - Cannot read IP mode file for EmbeddedOffice.I-CUBE-FS-RTOS.1.0.1
2025-09-23 22:54:46,051 [ERROR] ConditionMgr:805 - Attr not supported : Dmpu
2025-09-23 22:54:46,051 [ERROR] ConditionMgr:805 - Attr not supported : Dmpu
2025-09-23 22:54:46,051 [ERROR] ConditionMgr:805 - Attr not supported : Dmpu
2025-09-23 22:54:46,051 [ERROR] ConditionMgr:805 - Attr not supported : Dmpu
2025-09-23 22:54:46,051 [ERROR] ConditionMgr:805 - Attr not supported : Dmpu
2025-09-23 22:54:46,051 [ERROR] ConditionMgr:805 - Attr not supported : Dmpu
2025-09-23 22:54:46,051 [ERROR] ConditionMgr:805 - Attr not supported : Dmpu
2025-09-23 22:54:46,051 [ERROR] ConditionMgr:805 - Attr not supported : Dmpu
2025-09-23 22:54:46,051 [ERROR] ConditionMgr:805 - Attr not supported : Dmpu
2025-09-23 22:54:46,051 [ERROR] ConditionMgr:805 - Attr not supported : Dmpu
2025-09-23 22:54:46,051 [ERROR] ConditionMgr:805 - Attr not supported : Dmpu
2025-09-23 22:54:46,051 [ERROR] ConditionMgr:805 - Attr not supported : Dmpu
2025-09-23 22:54:46,051 [ERROR] ConditionMgr:805 - Attr not supported : Dmpu
2025-09-23 22:54:46,051 [ERROR] ConditionMgr:805 - Attr not supported : Dmpu
2025-09-23 22:54:46,051 [ERROR] ConditionMgr:805 - Attr not supported : Dmpu
2025-09-23 22:54:46,051 [ERROR] ConditionMgr:805 - Attr not supported : Dmpu
2025-09-23 22:54:46,051 [ERROR] ConditionMgr:805 - Attr not supported : Dmpu
2025-09-23 22:54:46,052 [ERROR] ConditionMgr:805 - Attr not supported : Dmpu
2025-09-23 22:54:46,052 [ERROR] ConditionMgr:805 - Attr not supported : Dmpu
2025-09-23 22:54:46,052 [ERROR] ConditionMgr:805 - Attr not supported : Dmpu
2025-09-23 22:54:46,052 [ERROR] ConditionMgr:805 - Attr not supported : Dmpu
2025-09-23 22:54:46,052 [ERROR] ConditionMgr:805 - Attr not supported : Dmpu
2025-09-23 22:54:46,052 [ERROR] ConditionMgr:805 - Attr not supported : Dmpu
2025-09-23 22:54:46,052 [ERROR] ConditionMgr:805 - Attr not supported : Dmpu
2025-09-23 22:54:46,052 [ERROR] ConditionMgr:805 - Attr not supported : Dmpu
2025-09-23 22:54:46,052 [ERROR] ConditionMgr:805 - Attr not supported : Dmpu
2025-09-23 22:54:46,052 [ERROR] ConditionMgr:805 - Attr not supported : Dmpu
2025-09-23 22:54:46,052 [ERROR] ConditionMgr:805 - Attr not supported : Dmpu
2025-09-23 22:54:46,052 [ERROR] ConditionMgr:805 - Attr not supported : Dmpu
2025-09-23 22:54:46,052 [ERROR] ConditionMgr:805 - Attr not supported : Dmpu
2025-09-23 22:54:46,052 [ERROR] ConditionMgr:805 - Attr not supported : Dmpu
2025-09-23 22:54:46,052 [ERROR] ConditionMgr:805 - Attr not supported : Dmpu
2025-09-23 22:54:46,052 [ERROR] ConditionMgr:805 - Attr not supported : Dmpu
2025-09-23 22:54:46,052 [ERROR] ConditionMgr:805 - Attr not supported : Dmpu
2025-09-23 22:54:46,052 [ERROR] ConditionMgr:805 - Attr not supported : Dmpu
2025-09-23 22:54:46,052 [ERROR] ConditionMgr:805 - Attr not supported : Dmpu
2025-09-23 22:54:46,052 [ERROR] ConditionMgr:805 - Attr not supported : Dmpu
2025-09-23 22:54:46,052 [ERROR] ConditionMgr:805 - Attr not supported : Dmpu
2025-09-23 22:54:46,053 [ERROR] ConditionMgr:805 - Attr not supported : Dmpu
2025-09-23 22:54:46,053 [ERROR] ConditionMgr:805 - Attr not supported : Dmpu
2025-09-23 22:54:46,053 [ERROR] ConditionMgr:805 - Attr not supported : Dmpu
2025-09-23 22:54:46,053 [ERROR] ConditionMgr:805 - Attr not supported : Dmpu
2025-09-23 22:54:46,053 [ERROR] ConditionMgr:805 - Attr not supported : Dmpu
2025-09-23 22:54:46,053 [ERROR] ConditionMgr:805 - Attr not supported : Dmpu
2025-09-23 22:54:46,053 [ERROR] ConditionMgr:805 - Attr not supported : Dmpu
2025-09-23 22:54:46,053 [ERROR] ConditionMgr:805 - Attr not supported : Dmpu
2025-09-23 22:54:46,053 [ERROR] ConditionMgr:805 - Attr not supported : Dmpu
2025-09-23 22:54:46,053 [ERROR] ConditionMgr:805 - Attr not supported : Dmpu
2025-09-23 22:54:46,053 [ERROR] ConditionMgr:805 - Attr not supported : Dmpu
2025-09-23 22:54:46,053 [ERROR] ConditionMgr:805 - Attr not supported : Dmpu
2025-09-23 22:54:46,053 [ERROR] ConditionMgr:805 - Attr not supported : Dmpu
2025-09-23 22:54:46,053 [ERROR] ConditionMgr:805 - Attr not supported : Dmpu
2025-09-23 22:54:46,053 [ERROR] ConditionMgr:805 - Attr not supported : Dmpu
2025-09-23 22:54:46,053 [ERROR] ConditionMgr:805 - Attr not supported : Dmpu
2025-09-23 22:54:46,053 [ERROR] ConditionMgr:805 - Attr not supported : Dmpu
2025-09-23 22:54:46,053 [ERROR] ConditionMgr:805 - Attr not supported : Dmpu
2025-09-23 22:54:46,053 [ERROR] ConditionMgr:805 - Attr not supported : Dmpu
2025-09-23 22:54:46,053 [ERROR] ConditionMgr:805 - Attr not supported : Dmpu
2025-09-23 22:54:46,053 [ERROR] ConditionMgr:805 - Attr not supported : Dmpu
2025-09-23 22:54:46,054 [ERROR] ConditionMgr:805 - Attr not supported : Dmpu
2025-09-23 22:54:46,054 [ERROR] ConditionMgr:805 - Attr not supported : Dmpu
2025-09-23 22:54:46,054 [ERROR] ConditionMgr:805 - Attr not supported : Dmpu
2025-09-23 22:54:46,054 [ERROR] ConditionMgr:805 - Attr not supported : Dmpu
2025-09-23 22:54:46,054 [ERROR] ConditionMgr:805 - Attr not supported : Dmpu
2025-09-23 22:54:46,073 [WARN] PackLoader:240 - Cannot read IP mode file for STMicroelectronics.X-CUBE-WB05N.2.0.0
2025-09-23 22:54:46,088 [WARN] PackLoader:240 - Cannot read IP mode file for wolfSSL.I-CUBE-wolfTPM.3.8.0
2025-09-23 22:54:46,101 [ERROR] Engine:466 - C:\Users\jakgr\.stm32cubemx\thirdparties\pdsc\STMicroelectronics.X-CUBE-TCPP.4.2.0.pdsc: PDSC version is not supported
2025-09-23 22:54:46,118 [WARN] PackLoader:240 - Cannot read IP mode file for RealThread.X-CUBE-RT-Thread_Nano.4.1.1
2025-09-23 22:54:46,135 [WARN] PackLoader:240 - Cannot read IP mode file for STMicroelectronics.FP-ATR-SIGFOX1.3.2.0
2025-09-23 22:54:46,153 [WARN] PackLoader:240 - Cannot read IP mode file for ITTIA_DB.I-CUBE-ITTIADB.8.9.0
2025-09-23 22:54:46,167 [ERROR] Engine:466 - C:\Users\jakgr\.stm32cubemx\thirdparties\pdsc\STMicroelectronics.X-CUBE-ST67W61.1.0.0.pdsc: PDSC version is not supported
2025-09-23 22:54:46,172 [INFO] WebApp:161 - Instantiating new browser for Auth
2025-09-23 22:54:46,184 [WARN] PackLoader:240 - Cannot read IP mode file for STMicroelectronics.X-CUBE-AI.10.2.0
2025-09-23 22:54:46,245 [WARN] PackLoader:240 - Cannot read IP mode file for SEGGER.I-CUBE-embOS.1.3.1
2025-09-23 22:54:46,321 [WARN] PackLoader:240 - Cannot read IP mode file for STMicroelectronics.X-CUBE-ALGOBUILD.1.4.0
2025-09-23 22:54:46,388 [WARN] PackLoader:240 - Cannot read IP mode file for STMicroelectronics.X-CUBE-MEMS1.11.3.0
2025-09-23 22:54:46,544 [WARN] PackLoader:240 - Cannot read IP mode file for STMicroelectronics.X-CUBE-PM33A1.1.0.0
2025-09-23 22:54:46,569 [WARN] PackLoader:240 - Cannot read IP mode file for STMicroelectronics.X-CUBE-AZRTOS-F4.1.1.0
2025-09-23 22:54:46,585 [ERROR] Engine:466 - C:\Users\jakgr\.stm32cubemx\thirdparties\pdsc\Avnet-IotConnect.X-CUBE-IoTC-DA16k-PMOD.1.0.0.pdsc: PDSC version is not supported
2025-09-23 22:54:46,604 [WARN] PackLoader:240 - Cannot read IP mode file for STMicroelectronics.X-CUBE-ISPU.2.1.0
2025-09-23 22:54:46,622 [WARN] PackLoader:240 - Cannot read IP mode file for STMicroelectronics.X-CUBE-NFC12.1.0.0
2025-09-23 22:54:46,649 [WARN] PackLoader:240 - Cannot read IP mode file for STMicroelectronics.X-CUBE-AZRTOS-L5.2.0.0
2025-09-23 22:54:46,680 [WARN] PackLoader:240 - Cannot read IP mode file for STMicroelectronics.X-CUBE-NFC6.3.1.0
2025-09-23 22:54:46,707 [WARN] PackLoader:240 - Cannot read IP mode file for STMicroelectronics.X-CUBE-FREERTOS.1.3.1
2025-09-23 22:54:46,732 [ERROR] Engine:466 - C:\Users\jakgr\.stm32cubemx\thirdparties\pdsc\STMicroelectronics.FP-SNS-STAIOTCFT.1.0.0.pdsc: PDSC version is not supported
2025-09-23 22:54:46,756 [WARN] PackLoader:240 - Cannot read IP mode file for STMicroelectronics.X-CUBE-DPower.1.3.0
2025-09-23 22:54:46,788 [WARN] ConditionMgr:438 - getConditionDescription Invalid condition id : LAN8742 Phy interface Condition cause : null
2025-09-23 22:54:46,789 [WARN] PackLoader:240 - Cannot read IP mode file for STMicroelectronics.X-CUBE-AZRTOS-L4.2.0.0
2025-09-23 22:54:46,790 [WARN] ConditionMgr:1039 - genDependencies : Invalid condition id : LAN8742 Phy interface Condition cause : null
2025-09-23 22:54:46,790 [WARN] ConditionMgr:1039 - genDependencies : Invalid condition id : LAN8742 Phy interface Condition cause : null
2025-09-23 22:54:46,790 [WARN] ConditionMgr:1039 - genDependencies : Invalid condition id : LAN8742 Phy interface Condition cause : null
2025-09-23 22:54:46,809 [WARN] PackLoader:240 - Cannot read IP mode file for STMicroelectronics.X-CUBE-SFXS2LP1.4.0.0
2025-09-23 22:54:46,824 [ERROR] Engine:466 - C:\Users\jakgr\.stm32cubemx\thirdparties\pdsc\STMicroelectronics.X-CUBE-BLEMGR.4.1.0.pdsc: PDSC version is not supported
2025-09-23 22:54:46,846 [WARN] ConditionMgr:438 - getConditionDescription Invalid condition id : UX DEVICE CLASS RTOS Condition cause : null
2025-09-23 22:54:46,846 [WARN] ConditionMgr:438 - getConditionDescription Invalid condition id : UX DEVICE CLASS RTOS Condition cause : null
2025-09-23 22:54:46,847 [WARN] PackLoader:240 - Cannot read IP mode file for STMicroelectronics.X-CUBE-AZRTOS-WB.2.0.0
2025-09-23 22:54:46,848 [WARN] ConditionMgr:1039 - genDependencies : Invalid condition id : UX DEVICE CLASS RTOS Condition cause : null
2025-09-23 22:54:46,848 [WARN] ConditionMgr:1039 - genDependencies : Invalid condition id : UX DEVICE CLASS RTOS Condition cause : null
2025-09-23 22:54:46,848 [WARN] ConditionMgr:1039 - genDependencies : Invalid condition id : UX DEVICE CLASS RTOS Condition cause : null
2025-09-23 22:54:46,848 [WARN] ConditionMgr:1039 - genDependencies : Invalid condition id : UX DEVICE CLASS RTOS Condition cause : null
2025-09-23 22:54:46,848 [WARN] ConditionMgr:1039 - genDependencies : Invalid condition id : UX DEVICE CLASS RTOS Condition cause : null
2025-09-23 22:54:46,864 [WARN] PackLoader:240 - Cannot read IP mode file for STMicroelectronics.X-CUBE-GNSS1.7.0.1
2025-09-23 22:54:46,884 [WARN] PackLoader:240 - Cannot read IP mode file for STMicroelectronics.X-CUBE-TOUCHGFX.4.25.0
2025-09-23 22:54:46,903 [WARN] ConditionMgr:438 - getConditionDescription Invalid condition id : Cortex-A Device cause : null
2025-09-23 22:54:46,919 [INFO] WebApp:779 - Register for checkConnection events
2025-09-23 22:54:46,919 [INFO] WebApp:414 - Apply proxy settings
2025-09-23 22:54:46,919 [INFO] WebApp:499 - Chromium requires no authentication
2025-09-23 22:54:46,925 [INFO] WebApp:442 - Direct internet connection detected
2025-09-23 22:54:46,928 [WARN] ConditionMgr:1039 - genDependencies : Invalid condition id : Cortex-A Device cause : null
2025-09-23 22:54:46,928 [WARN] ConditionMgr:1039 - genDependencies : Invalid condition id : Cortex-A Device cause : null
2025-09-23 22:54:46,928 [WARN] ConditionMgr:1039 - genDependencies : Invalid condition id : Cortex-A Device cause : null
2025-09-23 22:54:46,948 [WARN] PackLoader:240 - Cannot read IP mode file for STMicroelectronics.X-CUBE-SUBG2.5.0.0
2025-09-23 22:54:46,978 [WARN] PackLoader:240 - Cannot read IP mode file for STMicroelectronics.X-CUBE-AZRTOS-H7RS.1.1.0
2025-09-23 22:54:46,997 [WARN] PackLoader:240 - Cannot read IP mode file for Cesanta.I-CUBE-Mongoose.7.13.0
2025-09-23 22:54:47,024 [WARN] PackLoader:240 - Cannot read IP mode file for STMicroelectronics.X-CUBE-AZRTOS-G4.2.0.0
2025-09-23 22:54:47,041 [WARN] PackLoader:240 - Cannot read IP mode file for wolfSSL.I-CUBE-wolfSSH.1.4.20
2025-09-23 22:54:47,062 [WARN] PackLoader:240 - Cannot read IP mode file for STMicroelectronics.X-CUBE-NFC7.2.0.0
2025-09-23 22:54:47,080 [ERROR] Engine:466 - C:\Users\jakgr\.stm32cubemx\thirdparties\pdsc\STMicroelectronics.X-CUBE-IPS.3.1.0.pdsc: PDSC version is not supported
2025-09-23 22:54:47,098 [WARN] PackLoader:240 - Cannot read IP mode file for STMicroelectronics.X-CUBE-ALS.1.0.2
2025-09-23 22:54:47,117 [WARN] PackLoader:240 - Cannot read IP mode file for STMicroelectronics.X-CUBE-STSE01.1.0.0
2025-09-23 22:54:47,136 [INFO] WebApp:192 - Starting web application
2025-09-23 22:54:47,136 [INFO] WebApp:544 - Web application path used C:\ST\STM32CubeIDE_1.15.1\STM32CubeIDE\plugins\com.st.stm32cube.common.mx_6.11.1.202404110753\db\plugins\mcufinder\reactClient1\index.html
2025-09-23 22:54:47,144 [WARN] PackLoader:240 - Cannot read IP mode file for portGmbH.I-Cube-SoM-uGOAL.1.1.0
2025-09-23 22:54:47,163 [ERROR] Engine:466 - C:\Users\jakgr\.stm32cubemx\thirdparties\pdsc\STMicroelectronics.X-CUBE-TOF1.3.4.3.pdsc: PDSC version is not supported
2025-09-23 22:54:47,164 [INFO] ThirdParty:978 - Integrity check success = true
2025-09-23 22:54:47,164 [INFO] IntegrityCheckThread:100 - exiting critical section [integrity check]
2025-09-23 22:54:47,165 [INFO] IntegrityCheckThread:103 - End integrity checks thread
