2025-08-17 02:43:52,298 [INFO] Activator:176 - 


2025-08-17 02:43:52,304 [INFO] Activator:177 - !SESSION log4j initialized
2025-08-17 02:44:02,956 [INFO] LogOutputStream:77 - [STDOUT_REDIRECT] 
2025-08-17 02:44:04,658 [INFO] ApplicationProperties:184 - Using Application install path: C:\ST\STM32CubeIDE_1.15.1\STM32CubeIDE\plugins\com.st.stm32cube.common.mx_6.11.1.202404110753
2025-08-17 02:44:04,675 [INFO] DbMcusXml:78 - Set database path to: C:\ST\STM32CubeIDE_1.15.1\STM32CubeIDE\plugins\com.st.stm32cube.common.mx_6.11.1.202404110753\\db\/mcu/
2025-08-17 02:44:04,676 [INFO] ApiDb:274 - Set plugin database path to: C:\ST\STM32CubeIDE_1.15.1\STM32CubeIDE\plugins\com.st.stm32cube.common.mx_6.11.1.202404110753\\db\/plugins/boardmanager/
2025-08-17 02:44:04,676 [WARN] ApiDb:259 - Overriding images path with different value:  => C:\ST\STM32CubeIDE_1.15.1\STM32CubeIDE\plugins\com.st.stm32cube.common.mx_6.11.1.202404110753\\db\/plugins/mcufinder/images/
2025-08-17 02:44:04,683 [INFO] ApiDb:250 - Set database path to: C:\Users\jakgr\.stmcufinder\plugins\mcufinder//mcu/
2025-08-17 02:44:04,684 [INFO] DbMcusAds:125 - Set database path to: C:\Users\jakgr\.stmcufinder\plugins\mcufinder//mcu/
2025-08-17 02:44:04,686 [INFO] CrossReferenceDbSqlite:203 - Set database path to: C:\Users\jakgr\.stmcufinder\plugins\mcufinder//mcu/cs/
2025-08-17 02:44:04,784 [INFO] RulesReader:64 - Compatibility file has been processed (297 Rules)
2025-08-17 02:44:04,850 [INFO] DbMcusXml:78 - Set database path to: C:\ST\STM32CubeIDE_1.15.1\STM32CubeIDE\plugins\com.st.stm32cube.common.mx_6.11.1.202404110753\\db\/mcu/
2025-08-17 02:44:04,850 [INFO] ApiDb:274 - Set plugin database path to: C:\ST\STM32CubeIDE_1.15.1\STM32CubeIDE\plugins\com.st.stm32cube.common.mx_6.11.1.202404110753\\db\/plugins/boardmanager/
2025-08-17 02:44:04,850 [INFO] ApiDb:261 - Set plugin images path to: C:\ST\STM32CubeIDE_1.15.1\STM32CubeIDE\plugins\com.st.stm32cube.common.mx_6.11.1.202404110753\\db\/plugins/mcufinder/images/
2025-08-17 02:44:04,850 [WARN] DbFile:41 - Overriding database path with different value: C:\Users\jakgr\.stmcufinder\plugins\mcufinder/ => C:\Users\jakgr\.stmcufinder\plugins\mcufinder
2025-08-17 02:44:04,850 [INFO] ApiDb:250 - Set database path to: C:\Users\jakgr\.stmcufinder\plugins\mcufinder//mcu/
2025-08-17 02:44:04,850 [WARN] DbFile:41 - Overriding database path with different value: C:\Users\jakgr\.stmcufinder\plugins\mcufinder/ => C:\Users\jakgr\.stmcufinder\plugins\mcufinder
2025-08-17 02:44:04,851 [INFO] DbMcusAds:125 - Set database path to: C:\Users\jakgr\.stmcufinder\plugins\mcufinder//mcu/
2025-08-17 02:44:04,851 [WARN] DbFile:41 - Overriding database path with different value: C:\Users\jakgr\.stmcufinder\plugins\mcufinder/ => C:\Users\jakgr\.stmcufinder\plugins\mcufinder
2025-08-17 02:44:04,851 [WARN] DbFile:41 - Overriding database path with different value: C:\Users\jakgr\.stmcufinder\plugins\mcufinder/ => C:\Users\jakgr\.stmcufinder\plugins\mcufinder
2025-08-17 02:44:04,851 [INFO] CrossReferenceDbSqlite:203 - Set database path to: C:\Users\jakgr\.stmcufinder\plugins\mcufinder//mcu/cs/
2025-08-17 02:44:04,920 [INFO] MainPanel:264 - HeapMemory: 268435456
2025-08-17 02:44:05,011 [INFO] DbMcusXml:78 - Set database path to: C:\ST\STM32CubeIDE_1.15.1\STM32CubeIDE\plugins\com.st.stm32cube.common.mx_6.11.1.202404110753\\db\/mcu/
2025-08-17 02:44:05,011 [INFO] ApiDb:274 - Set plugin database path to: C:\ST\STM32CubeIDE_1.15.1\STM32CubeIDE\plugins\com.st.stm32cube.common.mx_6.11.1.202404110753\\db\/plugins/boardmanager/
2025-08-17 02:44:05,011 [INFO] ApiDb:261 - Set plugin images path to: C:\ST\STM32CubeIDE_1.15.1\STM32CubeIDE\plugins\com.st.stm32cube.common.mx_6.11.1.202404110753\\db\/plugins/mcufinder/images/
2025-08-17 02:44:05,011 [WARN] DbFile:41 - Overriding database path with different value: C:\Users\jakgr\.stmcufinder\plugins\mcufinder/ => C:\Users\jakgr\.stmcufinder\plugins\mcufinder
2025-08-17 02:44:05,011 [INFO] ApiDb:250 - Set database path to: C:\Users\jakgr\.stmcufinder\plugins\mcufinder//mcu/
2025-08-17 02:44:05,011 [WARN] DbFile:41 - Overriding database path with different value: C:\Users\jakgr\.stmcufinder\plugins\mcufinder/ => C:\Users\jakgr\.stmcufinder\plugins\mcufinder
2025-08-17 02:44:05,012 [INFO] DbMcusAds:125 - Set database path to: C:\Users\jakgr\.stmcufinder\plugins\mcufinder//mcu/
2025-08-17 02:44:05,012 [WARN] DbFile:41 - Overriding database path with different value: C:\Users\jakgr\.stmcufinder\plugins\mcufinder/ => C:\Users\jakgr\.stmcufinder\plugins\mcufinder
2025-08-17 02:44:05,012 [WARN] DbFile:41 - Overriding database path with different value: C:\Users\jakgr\.stmcufinder\plugins\mcufinder/ => C:\Users\jakgr\.stmcufinder\plugins\mcufinder
2025-08-17 02:44:05,012 [INFO] CrossReferenceDbSqlite:203 - Set database path to: C:\Users\jakgr\.stmcufinder\plugins\mcufinder//mcu/cs/
2025-08-17 02:44:05,028 [INFO] ApplicationProperties:184 - Using Application install path: C:\ST\STM32CubeIDE_1.15.1\STM32CubeIDE\plugins\com.st.stm32cube.common.mx_6.11.1.202404110753
2025-08-17 02:44:05,030 [INFO] PluginManage:196 - Search for loadable plugins [exclusion list=, ]
2025-08-17 02:44:05,031 [INFO] PluginManage:310 - Check plugin analytics
2025-08-17 02:44:05,186 [INFO] AnalyticsPlugin:253 - Accepted Software Licenses: 
2025-08-17 02:44:05,186 [INFO] AnalyticsPlugin:255 - Accepted CMSIS Pack Licenses: 
2025-08-17 02:44:05,186 [INFO] AnalyticsPlugin:257 - Accepted Firmware Licenses: 
2025-08-17 02:44:05,188 [INFO] PluginManage:359 - Loaded plugin analytics (category:tool,tabindex:-1)
2025-08-17 02:44:05,188 [INFO] PluginManage:310 - Check plugin cadmodel
2025-08-17 02:44:05,208 [INFO] CADModel:105 - Init CAD model plugin
2025-08-17 02:44:05,208 [INFO] PluginManage:359 - Loaded plugin cadmodel (category:power,tabindex:5)
2025-08-17 02:44:05,208 [INFO] PluginManage:310 - Check plugin clock
2025-08-17 02:44:05,231 [INFO] PluginManage:359 - Loaded plugin clock (category:base,tabindex:2)
2025-08-17 02:44:05,231 [INFO] PluginManage:310 - Check plugin ddr
2025-08-17 02:44:05,233 [INFO] PluginManage:359 - Loaded plugin ddr (category:tool,tabindex:6)
2025-08-17 02:44:05,233 [INFO] PluginManage:310 - Check plugin filemanager
2025-08-17 02:44:05,367 [INFO] PluginManage:359 - Loaded plugin filemanager (category:base,tabindex:10)
2025-08-17 02:44:05,367 [INFO] PluginManage:310 - Check plugin ipmanager
2025-08-17 02:44:05,374 [INFO] PluginManage:359 - Loaded plugin ipmanager (category:base,tabindex:5)
2025-08-17 02:44:05,374 [INFO] PluginManage:310 - Check plugin lpbam
2025-08-17 02:44:05,397 [INFO] PluginManage:359 - Loaded plugin lpbam (category:base,tabindex:0)
2025-08-17 02:44:05,397 [INFO] PluginManage:310 - Check plugin memorymap
2025-08-17 02:44:05,422 [INFO] PluginManage:359 - Loaded plugin memorymap (category:base,tabindex:4)
2025-08-17 02:44:05,422 [INFO] PluginManage:310 - Check plugin pinoutandconfiguration
2025-08-17 02:44:05,441 [INFO] PluginManage:359 - Loaded plugin pinoutandconfiguration (category:base,tabindex:1)
2025-08-17 02:44:05,442 [INFO] PluginManage:310 - Check plugin pinoutconfig
2025-08-17 02:44:05,529 [WARN] SupportedApi:132 - Cannot load RTOS API schema: s4s-elt-must-match.1: The content of 'definitions' must match (annotation?, (simpleType | complexType)?, (unique | key | keyref)*)). A problem was found starting at: attribute.
2025-08-17 02:44:05,651 [INFO] PluginManage:359 - Loaded plugin pinoutconfig (category:base,tabindex:0)
2025-08-17 02:44:05,651 [INFO] PluginManage:310 - Check plugin power
2025-08-17 02:44:05,678 [INFO] PluginManage:359 - Loaded plugin power (category:power,tabindex:4)
2025-08-17 02:44:05,678 [INFO] PluginManage:310 - Check plugin projectmanager
2025-08-17 02:44:05,699 [INFO] PluginManage:359 - Loaded plugin projectmanager (category:projectmanager,tabindex:3)
2025-08-17 02:44:05,699 [INFO] PluginManage:310 - Check plugin thirdparty
2025-08-17 02:44:06,093 [INFO] PluginManage:359 - Loaded plugin thirdparty (category:base,tabindex:-1)
2025-08-17 02:44:06,093 [WARN] IntegrityCheckThread:84 - waiting for thirdparty lock release [integrity check]
2025-08-17 02:44:06,093 [INFO] PluginManage:310 - Check plugin tools
2025-08-17 02:44:06,093 [INFO] IntegrityCheckThread:86 - entering critical section [integrity check]
2025-08-17 02:44:06,094 [INFO] ThirdPartyUpdaterWithRetryManager:70 - Updater plugin not ready yet. [1/15]
2025-08-17 02:44:06,139 [INFO] PluginManage:359 - Loaded plugin tools (category:base,tabindex:7)
2025-08-17 02:44:06,139 [INFO] PluginManage:310 - Check plugin tutovideos
2025-08-17 02:44:06,328 [INFO] PluginManage:359 - Loaded plugin tutovideos (category:base,tabindex:-1)
2025-08-17 02:44:06,328 [INFO] PluginManage:310 - Check plugin updater
2025-08-17 02:44:06,340 [INFO] PluginManage:359 - Loaded plugin updater (category:base,tabindex:12)
2025-08-17 02:44:06,340 [INFO] PluginManage:310 - Check plugin userauth
2025-08-17 02:44:06,345 [INFO] UserAuth:114 - Init User Auth plugin
2025-08-17 02:44:06,345 [INFO] PluginManage:359 - Loaded plugin userauth (category:base,tabindex:14)
2025-08-17 02:44:06,346 [INFO] PluginManage:283 - PluginManage : Loaded plugins [17]
2025-08-17 02:44:06,548 [INFO] PinOutPanel:1561 - setPackage(No Configuration,No Configuration)
2025-08-17 02:44:06,620 [INFO] CADModel:165 - CPN selected for project level
2025-08-17 02:44:06,620 [INFO] CADModel:114 - Register for checkConnection events
2025-08-17 02:44:06,654 [INFO] IPUIPlugin:80 - create IPUIPlugin
2025-08-17 02:44:06,654 [INFO] PluginManager:220 - loadIPPluginJar : add adc
2025-08-17 02:44:06,703 [INFO] IPUIPlugin:80 - create IPUIPlugin
2025-08-17 02:44:06,703 [INFO] PluginManager:220 - loadIPPluginJar : add aes
2025-08-17 02:44:06,757 [INFO] IPUIPlugin:80 - create IPUIPlugin
2025-08-17 02:44:06,758 [INFO] PluginManager:220 - loadIPPluginJar : add can
2025-08-17 02:44:06,795 [INFO] IPUIPlugin:80 - create IPUIPlugin
2025-08-17 02:44:06,795 [INFO] PluginManager:220 - loadIPPluginJar : add comp
2025-08-17 02:44:06,868 [INFO] IPUIPlugin:80 - create IPUIPlugin
2025-08-17 02:44:06,869 [INFO] PluginManager:220 - loadIPPluginJar : add cryp
2025-08-17 02:44:06,936 [INFO] IPUIPlugin:80 - create IPUIPlugin
2025-08-17 02:44:06,936 [INFO] PluginManager:220 - loadIPPluginJar : add dfsdm
2025-08-17 02:44:06,959 [INFO] IPUIPlugin:80 - create IPUIPlugin
2025-08-17 02:44:06,960 [INFO] PluginManager:220 - loadIPPluginJar : add dma
2025-08-17 02:44:07,022 [INFO] IPUIPlugin:80 - create IPUIPlugin
2025-08-17 02:44:07,022 [INFO] PluginManager:220 - loadIPPluginJar : add dma3
2025-08-17 02:44:07,076 [INFO] IPUIPlugin:80 - create IPUIPlugin
2025-08-17 02:44:07,076 [INFO] PluginManager:220 - loadIPPluginJar : add extmemmanager
2025-08-17 02:44:07,103 [INFO] IPUIPlugin:80 - create IPUIPlugin
2025-08-17 02:44:07,103 [INFO] PluginManager:220 - loadIPPluginJar : add fatfs
2025-08-17 02:44:07,158 [INFO] IPUIPlugin:80 - create IPUIPlugin
2025-08-17 02:44:07,158 [INFO] PluginManager:220 - loadIPPluginJar : add fmc
2025-08-17 02:44:07,177 [INFO] IPUIPlugin:80 - create IPUIPlugin
2025-08-17 02:44:07,178 [INFO] PluginManager:220 - loadIPPluginJar : add freertos
2025-08-17 02:44:07,204 [INFO] IPUIPlugin:80 - create IPUIPlugin
2025-08-17 02:44:07,204 [INFO] PluginManager:220 - loadIPPluginJar : add genericplugin
2025-08-17 02:44:07,326 [INFO] IPUIPlugin:80 - create IPUIPlugin
2025-08-17 02:44:07,327 [INFO] PluginManager:220 - loadIPPluginJar : add gfxmmu
2025-08-17 02:44:07,496 [INFO] IPUIPlugin:80 - create IPUIPlugin
2025-08-17 02:44:07,496 [INFO] PluginManager:220 - loadIPPluginJar : add gic
2025-08-17 02:44:07,512 [INFO] IPUIPlugin:80 - create IPUIPlugin
2025-08-17 02:44:07,512 [INFO] PluginManager:220 - loadIPPluginJar : add gpio
2025-08-17 02:44:07,707 [INFO] IPUIPlugin:80 - create IPUIPlugin
2025-08-17 02:44:07,707 [INFO] PluginManager:220 - loadIPPluginJar : add gtzc
2025-08-17 02:44:07,764 [INFO] IPUIPlugin:80 - create IPUIPlugin
2025-08-17 02:44:07,764 [INFO] PluginManager:220 - loadIPPluginJar : add hash
2025-08-17 02:44:07,851 [INFO] IPUIPlugin:80 - create IPUIPlugin
2025-08-17 02:44:07,851 [INFO] PluginManager:220 - loadIPPluginJar : add i2c
2025-08-17 02:44:07,913 [INFO] IPUIPlugin:80 - create IPUIPlugin
2025-08-17 02:44:07,913 [INFO] PluginManager:220 - loadIPPluginJar : add i2s
2025-08-17 02:44:07,976 [INFO] IPUIPlugin:80 - create IPUIPlugin
2025-08-17 02:44:07,976 [INFO] PluginManager:220 - loadIPPluginJar : add i3c
2025-08-17 02:44:08,105 [INFO] IPUIPlugin:80 - create IPUIPlugin
2025-08-17 02:44:08,105 [INFO] PluginManager:220 - loadIPPluginJar : add ipddr
2025-08-17 02:44:08,251 [INFO] IPUIPlugin:80 - create IPUIPlugin
2025-08-17 02:44:08,253 [INFO] PluginManager:220 - loadIPPluginJar : add linkedlist
2025-08-17 02:44:08,342 [INFO] IPUIPlugin:80 - create IPUIPlugin
2025-08-17 02:44:08,343 [INFO] PluginManager:220 - loadIPPluginJar : add lorawan
2025-08-17 02:44:08,389 [INFO] IPUIPlugin:80 - create IPUIPlugin
2025-08-17 02:44:08,389 [INFO] PluginManager:220 - loadIPPluginJar : add ltdc
2025-08-17 02:44:08,406 [INFO] IPUIPlugin:80 - create IPUIPlugin
2025-08-17 02:44:08,406 [INFO] PluginManager:220 - loadIPPluginJar : add mdma
2025-08-17 02:44:08,422 [INFO] IPUIPlugin:80 - create IPUIPlugin
2025-08-17 02:44:08,422 [INFO] PluginManager:220 - loadIPPluginJar : add nvic
2025-08-17 02:44:08,475 [INFO] IPUIPlugin:80 - create IPUIPlugin
2025-08-17 02:44:08,476 [INFO] PluginManager:220 - loadIPPluginJar : add opamp
2025-08-17 02:44:08,574 [INFO] IPUIPlugin:80 - create IPUIPlugin
2025-08-17 02:44:08,575 [INFO] PluginManager:220 - loadIPPluginJar : add openamp
2025-08-17 02:44:08,643 [INFO] IPUIPlugin:80 - create IPUIPlugin
2025-08-17 02:44:08,643 [INFO] PluginManager:220 - loadIPPluginJar : add pdm2pcm
2025-08-17 02:44:08,663 [INFO] IPUIPlugin:80 - create IPUIPlugin
2025-08-17 02:44:08,666 [INFO] PluginManager:220 - loadIPPluginJar : add plateformsettings
2025-08-17 02:44:08,703 [INFO] IPUIPlugin:80 - create IPUIPlugin
2025-08-17 02:44:08,703 [INFO] PluginManager:220 - loadIPPluginJar : add quadspi
2025-08-17 02:44:08,720 [INFO] IPUIPlugin:80 - create IPUIPlugin
2025-08-17 02:44:08,720 [INFO] PluginManager:220 - loadIPPluginJar : add resmgrutility
2025-08-17 02:44:08,780 [INFO] IPUIPlugin:80 - create IPUIPlugin
2025-08-17 02:44:08,780 [INFO] PluginManager:220 - loadIPPluginJar : add sai
2025-08-17 02:44:08,825 [INFO] IPUIPlugin:80 - create IPUIPlugin
2025-08-17 02:44:08,825 [INFO] PluginManager:220 - loadIPPluginJar : add spi
2025-08-17 02:44:08,900 [INFO] IPUIPlugin:80 - create IPUIPlugin
2025-08-17 02:44:08,900 [INFO] PluginManager:220 - loadIPPluginJar : add stm32_wpan
2025-08-17 02:44:08,931 [INFO] IPUIPlugin:80 - create IPUIPlugin
2025-08-17 02:44:08,931 [INFO] PluginManager:220 - loadIPPluginJar : add tim
2025-08-17 02:44:09,009 [INFO] IPUIPlugin:80 - create IPUIPlugin
2025-08-17 02:44:09,009 [INFO] PluginManager:220 - loadIPPluginJar : add touchsensing
2025-08-17 02:44:09,057 [INFO] IPUIPlugin:80 - create IPUIPlugin
2025-08-17 02:44:09,058 [INFO] PluginManager:220 - loadIPPluginJar : add tracer_emb
2025-08-17 02:44:09,095 [INFO] ThirdPartyUpdaterWithRetryManager:70 - Updater plugin not ready yet. [2/15]
2025-08-17 02:44:09,118 [INFO] IPUIPlugin:80 - create IPUIPlugin
2025-08-17 02:44:09,118 [INFO] PluginManager:220 - loadIPPluginJar : add ts
2025-08-17 02:44:09,195 [INFO] IPUIPlugin:80 - create IPUIPlugin
2025-08-17 02:44:09,196 [INFO] PluginManager:220 - loadIPPluginJar : add tsc
2025-08-17 02:44:09,268 [INFO] IPUIPlugin:80 - create IPUIPlugin
2025-08-17 02:44:09,268 [INFO] PluginManager:220 - loadIPPluginJar : add ucpd
2025-08-17 02:44:09,393 [INFO] IPUIPlugin:80 - create IPUIPlugin
2025-08-17 02:44:09,393 [INFO] PluginManager:220 - loadIPPluginJar : add usart
2025-08-17 02:44:09,516 [INFO] IPUIPlugin:80 - create IPUIPlugin
2025-08-17 02:44:09,516 [INFO] PluginManager:220 - loadIPPluginJar : add usbx
2025-08-17 02:44:09,687 [INFO] CADModel:165 - CPN selected for project level
2025-08-17 02:44:09,688 [INFO] CADModel:114 - Register for checkConnection events
2025-08-17 02:44:09,688 [FATAL] Updater:308 - Updater called before beeing initialized
2025-08-17 02:44:09,689 [ERROR] CADModel:125 - Updater not yet initialized, retry later 
2025-08-17 02:44:09,976 [INFO] CADModel:165 - CPN selected for project level
2025-08-17 02:44:09,976 [INFO] CADModel:114 - Register for checkConnection events
2025-08-17 02:44:09,976 [FATAL] Updater:308 - Updater called before beeing initialized
2025-08-17 02:44:09,976 [ERROR] CADModel:125 - Updater not yet initialized, retry later 
2025-08-17 02:44:09,980 [FATAL] Updater:308 - Updater called before beeing initialized
2025-08-17 02:44:10,075 [FATAL] Updater:308 - Updater called before beeing initialized
2025-08-17 02:44:10,089 [INFO] DbMcusAds:53 - JSON generation date=Tue Jul 08 15:14:23 ICT 2025 (1751962463582)
2025-08-17 02:44:10,089 [FATAL] Updater:308 - Updater called before beeing initialized
2025-08-17 02:44:10,178 [WARN] DetailPanel:346 - Failed to get advertising image, set to default
2025-08-17 02:44:10,241 [FATAL] Updater:308 - Updater called before beeing initialized
2025-08-17 02:44:10,244 [FATAL] Updater:308 - Updater called before beeing initialized
2025-08-17 02:44:10,244 [FATAL] Updater:308 - Updater called before beeing initialized
2025-08-17 02:44:10,244 [WARN] DetailPanel:346 - Failed to get advertising image, set to default
2025-08-17 02:44:10,244 [FATAL] Updater:308 - Updater called before beeing initialized
2025-08-17 02:44:10,303 [ERROR] Updater:1120 - MainUpdater not yet initialized. External WinMGr cannot be set.
2025-08-17 02:44:10,316 [INFO] Updater:1056 - Updater Version found : 6.11.1
2025-08-17 02:44:10,335 [INFO] ApplicationProperties:184 - Using Application install path: C:\ST\STM32CubeIDE_1.15.1\STM32CubeIDE\plugins\com.st.stm32cube.common.mx_6.11.1.202404110753
2025-08-17 02:44:11,263 [INFO] MainUpdater:2873 - connection check result : 10
2025-08-17 02:44:11,263 [INFO] MainUpdater:3567 - Updater definition file requires update
2025-08-17 02:44:11,264 [INFO] MainUpdater:290 - Updater Check For Update Now.
2025-08-17 02:44:11,264 [INFO] MicroXplorer:498 - Change Database Version : DB.6.0.111
2025-08-17 02:44:11,285 [INFO] McuFinderGlobals:63 - Set McuFinder mode to 2 (CubeIDE integrated)
2025-08-17 02:44:11,285 [INFO] UserAuth:179 - activating auth plugin
2025-08-17 02:44:11,288 [INFO] UserAuth:415 - Internet connection configuration mode: 1
2025-08-17 02:44:11,314 [INFO] JxBrowserEngine:152 - Initiate JxBrowser Engine with user profile folder
2025-08-17 02:44:12,096 [WARN] MainUpdater:1194 - Updater busy. Cannot search thirdparties
2025-08-17 02:44:12,096 [INFO] ThirdPartyUpdaterWithRetryManager:96 - Updater plugin is busy. [1/15]
2025-08-17 02:44:12,560 [INFO] ServerAccessManage:473 - Download File updaters.zip
2025-08-17 02:44:12,707 [INFO] FileExtend:240 - Unzip File : updaters.zip
2025-08-17 02:44:12,708 [INFO] FileExtend:255 - Standard Zip Deflate
2025-08-17 02:44:14,172 [INFO] ServerAccessManage:473 - Download File PacksControlFlags.xml
2025-08-17 02:44:14,874 [INFO] ServerAccessManage:473 - Download File cubemx.pidx
2025-08-17 02:44:14,994 [INFO] LoadServerUpdatesThread:375 - End of LoadServerUpdate Thread
2025-08-17 02:44:15,100 [WARN] MainUpdater:1194 - Updater busy. Cannot search thirdparties
2025-08-17 02:44:15,100 [INFO] ThirdPartyUpdaterWithRetryManager:96 - Updater plugin is busy. [2/15]
2025-08-17 02:44:15,176 [INFO] CheckServerUpdateThread:120 - End of CheckServer Thread
2025-08-17 02:44:15,937 [INFO] WebApp:161 - Instantiating new browser for Auth
2025-08-17 02:44:17,165 [INFO] WebApp:779 - Register for checkConnection events
2025-08-17 02:44:17,166 [INFO] WebApp:414 - Apply proxy settings
2025-08-17 02:44:17,166 [INFO] WebApp:499 - Chromium requires no authentication
2025-08-17 02:44:17,174 [INFO] WebApp:442 - Direct internet connection detected
2025-08-17 02:44:17,465 [INFO] WebApp:192 - Starting web application
2025-08-17 02:44:17,465 [INFO] WebApp:544 - Web application path used C:\ST\STM32CubeIDE_1.15.1\STM32CubeIDE\plugins\com.st.stm32cube.common.mx_6.11.1.202404110753\db\plugins\mcufinder\reactClient1\index.html
2025-08-17 02:44:18,293 [WARN] PackLoader:240 - Cannot read IP mode file for STMicroelectronics.FP-SNS-MOTENVWB1.1.4.0
2025-08-17 02:44:18,309 [WARN] PackLoader:240 - Cannot read IP mode file for STMicroelectronics.FP-ATR-ASTRA1.2.0.2
2025-08-17 02:44:18,326 [WARN] PackLoader:240 - Cannot read IP mode file for STMicroelectronics.X-CUBE-SMBUS.2.1.0
2025-08-17 02:44:18,339 [ERROR] Engine:466 - C:\Users\jakgr\.stm32cubemx\thirdparties\pdsc\STMicroelectronics.X-CUBE-ST60.1.0.0.pdsc: PDSC version is not supported
2025-08-17 02:44:18,373 [WARN] PackLoader:240 - Cannot read IP mode file for STMicroelectronics.X-CUBE-AZRTOS-F7.1.1.0
2025-08-17 02:44:18,410 [WARN] PackLoader:240 - Cannot read IP mode file for Infineon.AIROC-Wi-Fi-Bluetooth-STM32.1.7.1
2025-08-17 02:44:18,446 [WARN] PackLoader:240 - Cannot read IP mode file for STMicroelectronics.X-CUBE-AZRTOS-H7.3.4.0
2025-08-17 02:44:18,471 [WARN] PackLoader:240 - Cannot read IP mode file for STMicroelectronics.X-CUBE-DISPLAY.3.0.0
2025-08-17 02:44:18,493 [WARN] PackLoader:240 - Cannot read IP mode file for STMicroelectronics.X-CUBE-NFC10.1.0.0
2025-08-17 02:44:18,511 [WARN] PackLoader:240 - Cannot read IP mode file for emotas.I-CUBE-CANOPEN.1.3.0
2025-08-17 02:44:18,526 [ERROR] Engine:466 - C:\Users\jakgr\.stm32cubemx\thirdparties\pdsc\STMicroelectronics.FP-SNS-STBOX1.2.1.0.pdsc: PDSC version is not supported
2025-08-17 02:44:18,544 [WARN] PackLoader:240 - Cannot read IP mode file for STMicroelectronics.FP-SNS-SMARTAG2.1.2.0
2025-08-17 02:44:18,561 [ERROR] Engine:466 - C:\Users\jakgr\.stm32cubemx\thirdparties\pdsc\STMicroelectronics.FP-SNS-FLIGHT1.5.1.0.pdsc: PDSC version is not supported
2025-08-17 02:44:18,585 [INFO] LogOutputStream:77 - [STDOUT_REDIRECT] 1 : Invalid condition id : UX_CORESTACK_Condition cause : null
2025-08-17 02:44:18,586 [INFO] LogOutputStream:77 - [STDOUT_REDIRECT] 1 : Invalid condition id : UX_CORESTACK_Condition cause : null
2025-08-17 02:44:18,587 [INFO] LogOutputStream:77 - [STDOUT_REDIRECT] 1 : Invalid condition id : UX_CORESTACK_Condition cause : null
2025-08-17 02:44:18,588 [INFO] LogOutputStream:77 - [STDOUT_REDIRECT] 1 : Invalid condition id : UX_CORESTACK_Condition cause : null
2025-08-17 02:44:18,588 [INFO] LogOutputStream:77 - [STDOUT_REDIRECT] 1 : Invalid condition id : UX_CORESTACK_Condition cause : null
2025-08-17 02:44:18,592 [WARN] PackLoader:240 - Cannot read IP mode file for STMicroelectronics.X-CUBE-AZRTOS-WL.2.0.0
2025-08-17 02:44:18,620 [WARN] PackLoader:240 - Cannot read IP mode file for STMicroelectronics.FP-SNS-MOTENV1.5.0.0
2025-08-17 02:44:18,667 [WARN] PackLoader:240 - Cannot read IP mode file for WES.I-CUBE-Cesium.1.3.0
2025-08-17 02:44:18,713 [WARN] PackLoader:240 - Cannot read IP mode file for STMicroelectronics.X-CUBE-BLE2.3.3.0
2025-08-17 02:44:18,747 [WARN] PackLoader:240 - Cannot read IP mode file for STMicroelectronics.X-CUBE-NFC9.1.0.0
2025-08-17 02:44:18,772 [WARN] PackLoader:240 - Cannot read IP mode file for wolfSSL.I-CUBE-wolfSSL.5.8.2
2025-08-17 02:44:18,795 [WARN] PackLoader:240 - Cannot read IP mode file for STMicroelectronics.X-CUBE-BLE1.7.1.0
2025-08-17 02:44:18,816 [WARN] PackLoader:240 - Cannot read IP mode file for wolfSSL.I-CUBE-wolfMQTT.1.19.2
2025-08-17 02:44:18,839 [WARN] PackLoader:240 - Cannot read IP mode file for STMicroelectronics.X-CUBE-EEPRMA1.5.2.0
2025-08-17 02:44:18,881 [WARN] PackLoader:240 - Cannot read IP mode file for STMicroelectronics.X-CUBE-AZRTOS-G0.1.1.0
2025-08-17 02:44:18,911 [WARN] PackLoader:240 - Cannot read IP mode file for STMicroelectronics.X-CUBE-SAFEA1.1.2.2
2025-08-17 02:44:18,933 [WARN] PackLoader:240 - Cannot read IP mode file for STMicroelectronics.X-CUBE-NFC4.3.0.0
2025-08-17 02:44:18,962 [WARN] PackLoader:240 - Cannot read IP mode file for STMicroelectronics.X-CUBE-WB05N.2.0.0
2025-08-17 02:44:18,990 [WARN] PackLoader:240 - Cannot read IP mode file for wolfSSL.I-CUBE-wolfTPM.3.8.0
2025-08-17 02:44:19,017 [ERROR] Engine:466 - C:\Users\jakgr\.stm32cubemx\thirdparties\pdsc\STMicroelectronics.X-CUBE-TCPP.4.2.0.pdsc: PDSC version is not supported
2025-08-17 02:44:19,043 [WARN] PackLoader:240 - Cannot read IP mode file for RealThread.X-CUBE-RT-Thread_Nano.4.1.1
2025-08-17 02:44:19,065 [WARN] PackLoader:240 - Cannot read IP mode file for STMicroelectronics.FP-ATR-SIGFOX1.3.2.0
2025-08-17 02:44:19,089 [WARN] PackLoader:240 - Cannot read IP mode file for ITTIA_DB.I-CUBE-ITTIADB.8.9.0
2025-08-17 02:44:19,111 [ERROR] Engine:466 - C:\Users\jakgr\.stm32cubemx\thirdparties\pdsc\STMicroelectronics.X-CUBE-ST67W61.1.0.0.pdsc: PDSC version is not supported
2025-08-17 02:44:19,132 [WARN] PackLoader:240 - Cannot read IP mode file for STMicroelectronics.X-CUBE-AI.10.2.0
2025-08-17 02:44:19,180 [WARN] PackLoader:240 - Cannot read IP mode file for SEGGER.I-CUBE-embOS.1.3.1
2025-08-17 02:44:19,227 [WARN] PackLoader:240 - Cannot read IP mode file for STMicroelectronics.X-CUBE-ALGOBUILD.1.4.0
2025-08-17 02:44:19,304 [WARN] PackLoader:240 - Cannot read IP mode file for STMicroelectronics.X-CUBE-MEMS1.11.3.0
2025-08-17 02:44:19,407 [WARN] PackLoader:240 - Cannot read IP mode file for STMicroelectronics.X-CUBE-PM33A1.1.0.0
2025-08-17 02:44:19,438 [WARN] PackLoader:240 - Cannot read IP mode file for STMicroelectronics.X-CUBE-AZRTOS-F4.1.1.0
2025-08-17 02:44:19,456 [ERROR] Engine:466 - C:\Users\jakgr\.stm32cubemx\thirdparties\pdsc\Avnet-IotConnect.X-CUBE-IoTC-DA16k-PMOD.1.0.0.pdsc: PDSC version is not supported
2025-08-17 02:44:19,473 [WARN] PackLoader:240 - Cannot read IP mode file for STMicroelectronics.X-CUBE-ISPU.2.1.0
2025-08-17 02:44:19,493 [WARN] PackLoader:240 - Cannot read IP mode file for STMicroelectronics.X-CUBE-NFC12.1.0.0
2025-08-17 02:44:19,532 [WARN] PackLoader:240 - Cannot read IP mode file for STMicroelectronics.X-CUBE-AZRTOS-L5.2.0.0
2025-08-17 02:44:19,557 [WARN] PackLoader:240 - Cannot read IP mode file for STMicroelectronics.X-CUBE-NFC6.3.1.0
2025-08-17 02:44:19,582 [WARN] PackLoader:240 - Cannot read IP mode file for STMicroelectronics.X-CUBE-FREERTOS.1.3.1
2025-08-17 02:44:19,606 [ERROR] Engine:466 - C:\Users\jakgr\.stm32cubemx\thirdparties\pdsc\STMicroelectronics.FP-SNS-STAIOTCFT.1.0.0.pdsc: PDSC version is not supported
2025-08-17 02:44:19,627 [WARN] PackLoader:240 - Cannot read IP mode file for STMicroelectronics.X-CUBE-DPower.1.3.0
2025-08-17 02:44:19,656 [WARN] ConditionMgr:438 - getConditionDescription Invalid condition id : LAN8742 Phy interface Condition cause : null
2025-08-17 02:44:19,657 [WARN] PackLoader:240 - Cannot read IP mode file for STMicroelectronics.X-CUBE-AZRTOS-L4.2.0.0
2025-08-17 02:44:19,658 [WARN] ConditionMgr:1039 - genDependencies : Invalid condition id : LAN8742 Phy interface Condition cause : null
2025-08-17 02:44:19,658 [WARN] ConditionMgr:1039 - genDependencies : Invalid condition id : LAN8742 Phy interface Condition cause : null
2025-08-17 02:44:19,658 [WARN] ConditionMgr:1039 - genDependencies : Invalid condition id : LAN8742 Phy interface Condition cause : null
2025-08-17 02:44:19,677 [WARN] PackLoader:240 - Cannot read IP mode file for STMicroelectronics.X-CUBE-SFXS2LP1.4.0.0
2025-08-17 02:44:19,693 [ERROR] Engine:466 - C:\Users\jakgr\.stm32cubemx\thirdparties\pdsc\STMicroelectronics.X-CUBE-BLEMGR.4.1.0.pdsc: PDSC version is not supported
2025-08-17 02:44:19,717 [WARN] ConditionMgr:438 - getConditionDescription Invalid condition id : UX DEVICE CLASS RTOS Condition cause : null
2025-08-17 02:44:19,718 [WARN] ConditionMgr:438 - getConditionDescription Invalid condition id : UX DEVICE CLASS RTOS Condition cause : null
2025-08-17 02:44:19,719 [WARN] PackLoader:240 - Cannot read IP mode file for STMicroelectronics.X-CUBE-AZRTOS-WB.2.0.0
2025-08-17 02:44:19,719 [WARN] ConditionMgr:1039 - genDependencies : Invalid condition id : UX DEVICE CLASS RTOS Condition cause : null
2025-08-17 02:44:19,719 [WARN] ConditionMgr:1039 - genDependencies : Invalid condition id : UX DEVICE CLASS RTOS Condition cause : null
2025-08-17 02:44:19,719 [WARN] ConditionMgr:1039 - genDependencies : Invalid condition id : UX DEVICE CLASS RTOS Condition cause : null
2025-08-17 02:44:19,719 [WARN] ConditionMgr:1039 - genDependencies : Invalid condition id : UX DEVICE CLASS RTOS Condition cause : null
2025-08-17 02:44:19,719 [WARN] ConditionMgr:1039 - genDependencies : Invalid condition id : UX DEVICE CLASS RTOS Condition cause : null
2025-08-17 02:44:19,736 [WARN] PackLoader:240 - Cannot read IP mode file for STMicroelectronics.X-CUBE-GNSS1.7.0.1
2025-08-17 02:44:19,752 [WARN] PackLoader:240 - Cannot read IP mode file for STMicroelectronics.X-CUBE-TOUCHGFX.4.25.0
2025-08-17 02:44:19,768 [WARN] ConditionMgr:438 - getConditionDescription Invalid condition id : Cortex-A Device cause : null
2025-08-17 02:44:19,793 [WARN] ConditionMgr:1039 - genDependencies : Invalid condition id : Cortex-A Device cause : null
2025-08-17 02:44:19,793 [WARN] ConditionMgr:1039 - genDependencies : Invalid condition id : Cortex-A Device cause : null
2025-08-17 02:44:19,793 [WARN] ConditionMgr:1039 - genDependencies : Invalid condition id : Cortex-A Device cause : null
2025-08-17 02:44:19,812 [WARN] PackLoader:240 - Cannot read IP mode file for STMicroelectronics.X-CUBE-SUBG2.5.0.0
2025-08-17 02:44:19,844 [WARN] PackLoader:240 - Cannot read IP mode file for STMicroelectronics.X-CUBE-AZRTOS-H7RS.1.1.0
2025-08-17 02:44:19,862 [WARN] PackLoader:240 - Cannot read IP mode file for Cesanta.I-CUBE-Mongoose.7.13.0
2025-08-17 02:44:19,888 [WARN] PackLoader:240 - Cannot read IP mode file for STMicroelectronics.X-CUBE-AZRTOS-G4.2.0.0
2025-08-17 02:44:19,905 [WARN] PackLoader:240 - Cannot read IP mode file for wolfSSL.I-CUBE-wolfSSH.1.4.20
2025-08-17 02:44:19,919 [WARN] PackLoader:240 - Cannot read IP mode file for STMicroelectronics.X-CUBE-NFC7.2.0.0
2025-08-17 02:44:19,936 [ERROR] Engine:466 - C:\Users\jakgr\.stm32cubemx\thirdparties\pdsc\STMicroelectronics.X-CUBE-IPS.3.1.0.pdsc: PDSC version is not supported
2025-08-17 02:44:19,951 [WARN] PackLoader:240 - Cannot read IP mode file for STMicroelectronics.X-CUBE-ALS.1.0.2
2025-08-17 02:44:19,969 [WARN] PackLoader:240 - Cannot read IP mode file for portGmbH.I-Cube-SoM-uGOAL.1.1.0
2025-08-17 02:44:19,988 [ERROR] Engine:466 - C:\Users\jakgr\.stm32cubemx\thirdparties\pdsc\STMicroelectronics.X-CUBE-TOF1.3.4.3.pdsc: PDSC version is not supported
2025-08-17 02:44:19,989 [INFO] ThirdParty:978 - Integrity check success = true
2025-08-17 02:44:19,989 [INFO] IntegrityCheckThread:100 - exiting critical section [integrity check]
2025-08-17 02:44:19,989 [INFO] IntegrityCheckThread:103 - End integrity checks thread
