2025-09-25 02:26:13,848 [INFO] Activator:176 - 


2025-09-25 02:26:13,853 [INFO] Activator:177 - !SESSION log4j initialized
2025-09-25 02:26:21,526 [INFO] LogOutputStream:77 - [STDOUT_REDIRECT] 
2025-09-25 02:26:24,596 [INFO] ApplicationProperties:184 - Using Application install path: C:\ST\STM32CubeIDE_1.15.1\STM32CubeIDE\plugins\com.st.stm32cube.common.mx_6.11.1.202404110753
2025-09-25 02:26:24,613 [INFO] DbMcusXml:78 - Set database path to: C:\ST\STM32CubeIDE_1.15.1\STM32CubeIDE\plugins\com.st.stm32cube.common.mx_6.11.1.202404110753\\db\/mcu/
2025-09-25 02:26:24,613 [INFO] ApiDb:274 - Set plugin database path to: C:\ST\STM32CubeIDE_1.15.1\STM32CubeIDE\plugins\com.st.stm32cube.common.mx_6.11.1.202404110753\\db\/plugins/boardmanager/
2025-09-25 02:26:24,614 [WARN] ApiDb:259 - Overriding images path with different value:  => C:\ST\STM32CubeIDE_1.15.1\STM32CubeIDE\plugins\com.st.stm32cube.common.mx_6.11.1.202404110753\\db\/plugins/mcufinder/images/
2025-09-25 02:26:24,620 [INFO] ApiDb:250 - Set database path to: C:\Users\jakgr\.stmcufinder\plugins\mcufinder//mcu/
2025-09-25 02:26:24,621 [INFO] DbMcusAds:125 - Set database path to: C:\Users\jakgr\.stmcufinder\plugins\mcufinder//mcu/
2025-09-25 02:26:24,622 [INFO] CrossReferenceDbSqlite:203 - Set database path to: C:\Users\jakgr\.stmcufinder\plugins\mcufinder//mcu/cs/
2025-09-25 02:26:24,720 [INFO] RulesReader:64 - Compatibility file has been processed (297 Rules)
2025-09-25 02:26:24,792 [INFO] DbMcusXml:78 - Set database path to: C:\ST\STM32CubeIDE_1.15.1\STM32CubeIDE\plugins\com.st.stm32cube.common.mx_6.11.1.202404110753\\db\/mcu/
2025-09-25 02:26:24,793 [INFO] ApiDb:274 - Set plugin database path to: C:\ST\STM32CubeIDE_1.15.1\STM32CubeIDE\plugins\com.st.stm32cube.common.mx_6.11.1.202404110753\\db\/plugins/boardmanager/
2025-09-25 02:26:24,793 [INFO] ApiDb:261 - Set plugin images path to: C:\ST\STM32CubeIDE_1.15.1\STM32CubeIDE\plugins\com.st.stm32cube.common.mx_6.11.1.202404110753\\db\/plugins/mcufinder/images/
2025-09-25 02:26:24,793 [WARN] DbFile:41 - Overriding database path with different value: C:\Users\jakgr\.stmcufinder\plugins\mcufinder/ => C:\Users\jakgr\.stmcufinder\plugins\mcufinder
2025-09-25 02:26:24,793 [INFO] ApiDb:250 - Set database path to: C:\Users\jakgr\.stmcufinder\plugins\mcufinder//mcu/
2025-09-25 02:26:24,793 [WARN] DbFile:41 - Overriding database path with different value: C:\Users\jakgr\.stmcufinder\plugins\mcufinder/ => C:\Users\jakgr\.stmcufinder\plugins\mcufinder
2025-09-25 02:26:24,793 [INFO] DbMcusAds:125 - Set database path to: C:\Users\jakgr\.stmcufinder\plugins\mcufinder//mcu/
2025-09-25 02:26:24,793 [WARN] DbFile:41 - Overriding database path with different value: C:\Users\jakgr\.stmcufinder\plugins\mcufinder/ => C:\Users\jakgr\.stmcufinder\plugins\mcufinder
2025-09-25 02:26:24,793 [WARN] DbFile:41 - Overriding database path with different value: C:\Users\jakgr\.stmcufinder\plugins\mcufinder/ => C:\Users\jakgr\.stmcufinder\plugins\mcufinder
2025-09-25 02:26:24,793 [INFO] CrossReferenceDbSqlite:203 - Set database path to: C:\Users\jakgr\.stmcufinder\plugins\mcufinder//mcu/cs/
2025-09-25 02:26:24,859 [INFO] MainPanel:264 - HeapMemory: 268435456
2025-09-25 02:26:24,951 [INFO] DbMcusXml:78 - Set database path to: C:\ST\STM32CubeIDE_1.15.1\STM32CubeIDE\plugins\com.st.stm32cube.common.mx_6.11.1.202404110753\\db\/mcu/
2025-09-25 02:26:24,951 [INFO] ApiDb:274 - Set plugin database path to: C:\ST\STM32CubeIDE_1.15.1\STM32CubeIDE\plugins\com.st.stm32cube.common.mx_6.11.1.202404110753\\db\/plugins/boardmanager/
2025-09-25 02:26:24,952 [INFO] ApiDb:261 - Set plugin images path to: C:\ST\STM32CubeIDE_1.15.1\STM32CubeIDE\plugins\com.st.stm32cube.common.mx_6.11.1.202404110753\\db\/plugins/mcufinder/images/
2025-09-25 02:26:24,952 [WARN] DbFile:41 - Overriding database path with different value: C:\Users\jakgr\.stmcufinder\plugins\mcufinder/ => C:\Users\jakgr\.stmcufinder\plugins\mcufinder
2025-09-25 02:26:24,952 [INFO] ApiDb:250 - Set database path to: C:\Users\jakgr\.stmcufinder\plugins\mcufinder//mcu/
2025-09-25 02:26:24,952 [WARN] DbFile:41 - Overriding database path with different value: C:\Users\jakgr\.stmcufinder\plugins\mcufinder/ => C:\Users\jakgr\.stmcufinder\plugins\mcufinder
2025-09-25 02:26:24,952 [INFO] DbMcusAds:125 - Set database path to: C:\Users\jakgr\.stmcufinder\plugins\mcufinder//mcu/
2025-09-25 02:26:24,953 [WARN] DbFile:41 - Overriding database path with different value: C:\Users\jakgr\.stmcufinder\plugins\mcufinder/ => C:\Users\jakgr\.stmcufinder\plugins\mcufinder
2025-09-25 02:26:24,953 [WARN] DbFile:41 - Overriding database path with different value: C:\Users\jakgr\.stmcufinder\plugins\mcufinder/ => C:\Users\jakgr\.stmcufinder\plugins\mcufinder
2025-09-25 02:26:24,953 [INFO] CrossReferenceDbSqlite:203 - Set database path to: C:\Users\jakgr\.stmcufinder\plugins\mcufinder//mcu/cs/
2025-09-25 02:26:24,968 [INFO] ApplicationProperties:184 - Using Application install path: C:\ST\STM32CubeIDE_1.15.1\STM32CubeIDE\plugins\com.st.stm32cube.common.mx_6.11.1.202404110753
2025-09-25 02:26:24,970 [INFO] PluginManage:196 - Search for loadable plugins [exclusion list=, ]
2025-09-25 02:26:24,971 [INFO] PluginManage:310 - Check plugin analytics
2025-09-25 02:26:25,122 [INFO] AnalyticsPlugin:253 - Accepted Software Licenses: 
2025-09-25 02:26:25,122 [INFO] AnalyticsPlugin:255 - Accepted CMSIS Pack Licenses: 
2025-09-25 02:26:25,122 [INFO] AnalyticsPlugin:257 - Accepted Firmware Licenses: 
2025-09-25 02:26:25,124 [INFO] PluginManage:359 - Loaded plugin analytics (category:tool,tabindex:-1)
2025-09-25 02:26:25,124 [INFO] PluginManage:310 - Check plugin cadmodel
2025-09-25 02:26:25,144 [INFO] CADModel:105 - Init CAD model plugin
2025-09-25 02:26:25,144 [INFO] PluginManage:359 - Loaded plugin cadmodel (category:power,tabindex:5)
2025-09-25 02:26:25,144 [INFO] PluginManage:310 - Check plugin clock
2025-09-25 02:26:25,167 [INFO] PluginManage:359 - Loaded plugin clock (category:base,tabindex:2)
2025-09-25 02:26:25,167 [INFO] PluginManage:310 - Check plugin ddr
2025-09-25 02:26:25,170 [INFO] PluginManage:359 - Loaded plugin ddr (category:tool,tabindex:6)
2025-09-25 02:26:25,170 [INFO] PluginManage:310 - Check plugin filemanager
2025-09-25 02:26:25,298 [INFO] PluginManage:359 - Loaded plugin filemanager (category:base,tabindex:10)
2025-09-25 02:26:25,298 [INFO] PluginManage:310 - Check plugin ipmanager
2025-09-25 02:26:25,318 [INFO] PluginManage:359 - Loaded plugin ipmanager (category:base,tabindex:5)
2025-09-25 02:26:25,318 [INFO] PluginManage:310 - Check plugin lpbam
2025-09-25 02:26:25,339 [INFO] PluginManage:359 - Loaded plugin lpbam (category:base,tabindex:0)
2025-09-25 02:26:25,339 [INFO] PluginManage:310 - Check plugin memorymap
2025-09-25 02:26:25,369 [INFO] PluginManage:359 - Loaded plugin memorymap (category:base,tabindex:4)
2025-09-25 02:26:25,369 [INFO] PluginManage:310 - Check plugin pinoutandconfiguration
2025-09-25 02:26:25,389 [INFO] PluginManage:359 - Loaded plugin pinoutandconfiguration (category:base,tabindex:1)
2025-09-25 02:26:25,389 [INFO] PluginManage:310 - Check plugin pinoutconfig
2025-09-25 02:26:25,472 [WARN] SupportedApi:132 - Cannot load RTOS API schema: s4s-elt-must-match.1: The content of 'definitions' must match (annotation?, (simpleType | complexType)?, (unique | key | keyref)*)). A problem was found starting at: attribute.
2025-09-25 02:26:25,583 [INFO] PluginManage:359 - Loaded plugin pinoutconfig (category:base,tabindex:0)
2025-09-25 02:26:25,583 [INFO] PluginManage:310 - Check plugin power
2025-09-25 02:26:25,607 [INFO] PluginManage:359 - Loaded plugin power (category:power,tabindex:4)
2025-09-25 02:26:25,608 [INFO] PluginManage:310 - Check plugin projectmanager
2025-09-25 02:26:25,620 [INFO] PluginManage:359 - Loaded plugin projectmanager (category:projectmanager,tabindex:3)
2025-09-25 02:26:25,620 [INFO] PluginManage:310 - Check plugin thirdparty
2025-09-25 02:26:25,935 [INFO] PluginManage:359 - Loaded plugin thirdparty (category:base,tabindex:-1)
2025-09-25 02:26:25,935 [WARN] IntegrityCheckThread:84 - waiting for thirdparty lock release [integrity check]
2025-09-25 02:26:25,935 [INFO] PluginManage:310 - Check plugin tools
2025-09-25 02:26:25,935 [INFO] IntegrityCheckThread:86 - entering critical section [integrity check]
2025-09-25 02:26:25,936 [INFO] ThirdPartyUpdaterWithRetryManager:70 - Updater plugin not ready yet. [1/15]
2025-09-25 02:26:25,978 [INFO] PluginManage:359 - Loaded plugin tools (category:base,tabindex:7)
2025-09-25 02:26:25,978 [INFO] PluginManage:310 - Check plugin tutovideos
2025-09-25 02:26:26,157 [INFO] PluginManage:359 - Loaded plugin tutovideos (category:base,tabindex:-1)
2025-09-25 02:26:26,158 [INFO] PluginManage:310 - Check plugin updater
2025-09-25 02:26:26,168 [INFO] PluginManage:359 - Loaded plugin updater (category:base,tabindex:12)
2025-09-25 02:26:26,168 [INFO] PluginManage:310 - Check plugin userauth
2025-09-25 02:26:26,173 [INFO] UserAuth:114 - Init User Auth plugin
2025-09-25 02:26:26,173 [INFO] PluginManage:359 - Loaded plugin userauth (category:base,tabindex:14)
2025-09-25 02:26:26,173 [INFO] PluginManage:283 - PluginManage : Loaded plugins [17]
2025-09-25 02:26:26,383 [INFO] PinOutPanel:1561 - setPackage(No Configuration,No Configuration)
2025-09-25 02:26:26,456 [INFO] CADModel:165 - CPN selected for project level
2025-09-25 02:26:26,456 [INFO] CADModel:114 - Register for checkConnection events
2025-09-25 02:26:26,486 [INFO] IPUIPlugin:80 - create IPUIPlugin
2025-09-25 02:26:26,486 [INFO] PluginManager:220 - loadIPPluginJar : add adc
2025-09-25 02:26:26,529 [INFO] IPUIPlugin:80 - create IPUIPlugin
2025-09-25 02:26:26,529 [INFO] PluginManager:220 - loadIPPluginJar : add aes
2025-09-25 02:26:26,577 [INFO] IPUIPlugin:80 - create IPUIPlugin
2025-09-25 02:26:26,578 [INFO] PluginManager:220 - loadIPPluginJar : add can
2025-09-25 02:26:26,609 [INFO] IPUIPlugin:80 - create IPUIPlugin
2025-09-25 02:26:26,609 [INFO] PluginManager:220 - loadIPPluginJar : add comp
2025-09-25 02:26:26,650 [INFO] IPUIPlugin:80 - create IPUIPlugin
2025-09-25 02:26:26,650 [INFO] PluginManager:220 - loadIPPluginJar : add cryp
2025-09-25 02:26:26,690 [INFO] IPUIPlugin:80 - create IPUIPlugin
2025-09-25 02:26:26,690 [INFO] PluginManager:220 - loadIPPluginJar : add dfsdm
2025-09-25 02:26:26,708 [INFO] IPUIPlugin:80 - create IPUIPlugin
2025-09-25 02:26:26,708 [INFO] PluginManager:220 - loadIPPluginJar : add dma
2025-09-25 02:26:26,762 [INFO] IPUIPlugin:80 - create IPUIPlugin
2025-09-25 02:26:26,762 [INFO] PluginManager:220 - loadIPPluginJar : add dma3
2025-09-25 02:26:26,812 [INFO] IPUIPlugin:80 - create IPUIPlugin
2025-09-25 02:26:26,812 [INFO] PluginManager:220 - loadIPPluginJar : add extmemmanager
2025-09-25 02:26:26,838 [INFO] IPUIPlugin:80 - create IPUIPlugin
2025-09-25 02:26:26,838 [INFO] PluginManager:220 - loadIPPluginJar : add fatfs
2025-09-25 02:26:26,893 [INFO] IPUIPlugin:80 - create IPUIPlugin
2025-09-25 02:26:26,894 [INFO] PluginManager:220 - loadIPPluginJar : add fmc
2025-09-25 02:26:26,911 [INFO] IPUIPlugin:80 - create IPUIPlugin
2025-09-25 02:26:26,911 [INFO] PluginManager:220 - loadIPPluginJar : add freertos
2025-09-25 02:26:26,937 [INFO] IPUIPlugin:80 - create IPUIPlugin
2025-09-25 02:26:26,937 [INFO] PluginManager:220 - loadIPPluginJar : add genericplugin
2025-09-25 02:26:27,044 [INFO] IPUIPlugin:80 - create IPUIPlugin
2025-09-25 02:26:27,045 [INFO] PluginManager:220 - loadIPPluginJar : add gfxmmu
2025-09-25 02:26:27,200 [INFO] IPUIPlugin:80 - create IPUIPlugin
2025-09-25 02:26:27,200 [INFO] PluginManager:220 - loadIPPluginJar : add gic
2025-09-25 02:26:27,217 [INFO] IPUIPlugin:80 - create IPUIPlugin
2025-09-25 02:26:27,217 [INFO] PluginManager:220 - loadIPPluginJar : add gpio
2025-09-25 02:26:27,334 [INFO] IPUIPlugin:80 - create IPUIPlugin
2025-09-25 02:26:27,334 [INFO] PluginManager:220 - loadIPPluginJar : add gtzc
2025-09-25 02:26:27,374 [INFO] IPUIPlugin:80 - create IPUIPlugin
2025-09-25 02:26:27,374 [INFO] PluginManager:220 - loadIPPluginJar : add hash
2025-09-25 02:26:27,433 [INFO] IPUIPlugin:80 - create IPUIPlugin
2025-09-25 02:26:27,433 [INFO] PluginManager:220 - loadIPPluginJar : add i2c
2025-09-25 02:26:27,478 [INFO] IPUIPlugin:80 - create IPUIPlugin
2025-09-25 02:26:27,478 [INFO] PluginManager:220 - loadIPPluginJar : add i2s
2025-09-25 02:26:27,525 [INFO] IPUIPlugin:80 - create IPUIPlugin
2025-09-25 02:26:27,525 [INFO] PluginManager:220 - loadIPPluginJar : add i3c
2025-09-25 02:26:27,632 [INFO] IPUIPlugin:80 - create IPUIPlugin
2025-09-25 02:26:27,632 [INFO] PluginManager:220 - loadIPPluginJar : add ipddr
2025-09-25 02:26:27,735 [INFO] IPUIPlugin:80 - create IPUIPlugin
2025-09-25 02:26:27,735 [INFO] PluginManager:220 - loadIPPluginJar : add linkedlist
2025-09-25 02:26:27,779 [INFO] IPUIPlugin:80 - create IPUIPlugin
2025-09-25 02:26:27,779 [INFO] PluginManager:220 - loadIPPluginJar : add lorawan
2025-09-25 02:26:27,821 [INFO] IPUIPlugin:80 - create IPUIPlugin
2025-09-25 02:26:27,821 [INFO] PluginManager:220 - loadIPPluginJar : add ltdc
2025-09-25 02:26:27,837 [INFO] IPUIPlugin:80 - create IPUIPlugin
2025-09-25 02:26:27,838 [INFO] PluginManager:220 - loadIPPluginJar : add mdma
2025-09-25 02:26:27,852 [INFO] IPUIPlugin:80 - create IPUIPlugin
2025-09-25 02:26:27,852 [INFO] PluginManager:220 - loadIPPluginJar : add nvic
2025-09-25 02:26:27,898 [INFO] IPUIPlugin:80 - create IPUIPlugin
2025-09-25 02:26:27,898 [INFO] PluginManager:220 - loadIPPluginJar : add opamp
2025-09-25 02:26:27,968 [INFO] IPUIPlugin:80 - create IPUIPlugin
2025-09-25 02:26:27,969 [INFO] PluginManager:220 - loadIPPluginJar : add openamp
2025-09-25 02:26:28,021 [INFO] IPUIPlugin:80 - create IPUIPlugin
2025-09-25 02:26:28,021 [INFO] PluginManager:220 - loadIPPluginJar : add pdm2pcm
2025-09-25 02:26:28,038 [INFO] IPUIPlugin:80 - create IPUIPlugin
2025-09-25 02:26:28,040 [INFO] PluginManager:220 - loadIPPluginJar : add plateformsettings
2025-09-25 02:26:28,070 [INFO] IPUIPlugin:80 - create IPUIPlugin
2025-09-25 02:26:28,070 [INFO] PluginManager:220 - loadIPPluginJar : add quadspi
2025-09-25 02:26:28,085 [INFO] IPUIPlugin:80 - create IPUIPlugin
2025-09-25 02:26:28,086 [INFO] PluginManager:220 - loadIPPluginJar : add resmgrutility
2025-09-25 02:26:28,138 [INFO] IPUIPlugin:80 - create IPUIPlugin
2025-09-25 02:26:28,138 [INFO] PluginManager:220 - loadIPPluginJar : add sai
2025-09-25 02:26:28,182 [INFO] IPUIPlugin:80 - create IPUIPlugin
2025-09-25 02:26:28,182 [INFO] PluginManager:220 - loadIPPluginJar : add spi
2025-09-25 02:26:28,258 [INFO] IPUIPlugin:80 - create IPUIPlugin
2025-09-25 02:26:28,258 [INFO] PluginManager:220 - loadIPPluginJar : add stm32_wpan
2025-09-25 02:26:28,289 [INFO] IPUIPlugin:80 - create IPUIPlugin
2025-09-25 02:26:28,289 [INFO] PluginManager:220 - loadIPPluginJar : add tim
2025-09-25 02:26:28,356 [INFO] IPUIPlugin:80 - create IPUIPlugin
2025-09-25 02:26:28,357 [INFO] PluginManager:220 - loadIPPluginJar : add touchsensing
2025-09-25 02:26:28,384 [INFO] IPUIPlugin:80 - create IPUIPlugin
2025-09-25 02:26:28,385 [INFO] PluginManager:220 - loadIPPluginJar : add tracer_emb
2025-09-25 02:26:28,416 [INFO] IPUIPlugin:80 - create IPUIPlugin
2025-09-25 02:26:28,417 [INFO] PluginManager:220 - loadIPPluginJar : add ts
2025-09-25 02:26:28,446 [INFO] IPUIPlugin:80 - create IPUIPlugin
2025-09-25 02:26:28,446 [INFO] PluginManager:220 - loadIPPluginJar : add tsc
2025-09-25 02:26:28,474 [INFO] IPUIPlugin:80 - create IPUIPlugin
2025-09-25 02:26:28,474 [INFO] PluginManager:220 - loadIPPluginJar : add ucpd
2025-09-25 02:26:28,524 [INFO] IPUIPlugin:80 - create IPUIPlugin
2025-09-25 02:26:28,524 [INFO] PluginManager:220 - loadIPPluginJar : add usart
2025-09-25 02:26:28,572 [INFO] IPUIPlugin:80 - create IPUIPlugin
2025-09-25 02:26:28,573 [INFO] PluginManager:220 - loadIPPluginJar : add usbx
2025-09-25 02:26:28,685 [INFO] CADModel:165 - CPN selected for project level
2025-09-25 02:26:28,685 [INFO] CADModel:114 - Register for checkConnection events
2025-09-25 02:26:28,685 [FATAL] Updater:308 - Updater called before beeing initialized
2025-09-25 02:26:28,685 [ERROR] CADModel:125 - Updater not yet initialized, retry later 
2025-09-25 02:26:28,809 [INFO] CADModel:165 - CPN selected for project level
2025-09-25 02:26:28,809 [INFO] CADModel:114 - Register for checkConnection events
2025-09-25 02:26:28,810 [FATAL] Updater:308 - Updater called before beeing initialized
2025-09-25 02:26:28,810 [ERROR] CADModel:125 - Updater not yet initialized, retry later 
2025-09-25 02:26:28,813 [FATAL] Updater:308 - Updater called before beeing initialized
2025-09-25 02:26:28,891 [FATAL] Updater:308 - Updater called before beeing initialized
2025-09-25 02:26:28,903 [INFO] DbMcusAds:53 - JSON generation date=Tue Jul 08 15:14:23 ICT 2025 (1751962463582)
2025-09-25 02:26:28,904 [FATAL] Updater:308 - Updater called before beeing initialized
2025-09-25 02:26:28,937 [INFO] ThirdPartyUpdaterWithRetryManager:70 - Updater plugin not ready yet. [2/15]
2025-09-25 02:26:28,982 [WARN] DetailPanel:346 - Failed to get advertising image, set to default
2025-09-25 02:26:29,052 [FATAL] Updater:308 - Updater called before beeing initialized
2025-09-25 02:26:29,054 [FATAL] Updater:308 - Updater called before beeing initialized
2025-09-25 02:26:29,055 [FATAL] Updater:308 - Updater called before beeing initialized
2025-09-25 02:26:29,055 [WARN] DetailPanel:346 - Failed to get advertising image, set to default
2025-09-25 02:26:29,055 [FATAL] Updater:308 - Updater called before beeing initialized
2025-09-25 02:26:29,109 [ERROR] Updater:1120 - MainUpdater not yet initialized. External WinMGr cannot be set.
2025-09-25 02:26:29,121 [INFO] Updater:1056 - Updater Version found : 6.11.1
2025-09-25 02:26:29,140 [INFO] ApplicationProperties:184 - Using Application install path: C:\ST\STM32CubeIDE_1.15.1\STM32CubeIDE\plugins\com.st.stm32cube.common.mx_6.11.1.202404110753
2025-09-25 02:26:30,128 [INFO] MainUpdater:2873 - connection check result : 10
2025-09-25 02:26:30,129 [INFO] MainUpdater:3567 - Updater definition file requires update
2025-09-25 02:26:30,129 [INFO] MainUpdater:290 - Updater Check For Update Now.
2025-09-25 02:26:30,130 [INFO] MicroXplorer:498 - Change Database Version : DB.6.0.111
2025-09-25 02:26:30,152 [INFO] McuFinderGlobals:63 - Set McuFinder mode to 2 (CubeIDE integrated)
2025-09-25 02:26:30,152 [INFO] UserAuth:179 - activating auth plugin
2025-09-25 02:26:30,155 [INFO] UserAuth:415 - Internet connection configuration mode: 1
2025-09-25 02:26:30,181 [INFO] JxBrowserEngine:152 - Initiate JxBrowser Engine with user profile folder
2025-09-25 02:26:31,426 [INFO] ServerAccessManage:473 - Download File updaters.zip
2025-09-25 02:26:31,510 [INFO] FileExtend:240 - Unzip File : updaters.zip
2025-09-25 02:26:31,510 [INFO] FileExtend:255 - Standard Zip Deflate
2025-09-25 02:26:31,963 [WARN] MainUpdater:1194 - Updater busy. Cannot search thirdparties
2025-09-25 02:26:31,966 [INFO] ThirdPartyUpdaterWithRetryManager:96 - Updater plugin is busy. [1/15]
2025-09-25 02:26:32,861 [INFO] ServerAccessManage:473 - Download File PacksControlFlags.xml
2025-09-25 02:26:33,653 [INFO] ServerAccessManage:473 - Download File cubemx.pidx
2025-09-25 02:26:34,686 [INFO] WebApp:161 - Instantiating new browser for Auth
2025-09-25 02:26:34,968 [WARN] MainUpdater:1194 - Updater busy. Cannot search thirdparties
2025-09-25 02:26:34,968 [INFO] ThirdPartyUpdaterWithRetryManager:96 - Updater plugin is busy. [2/15]
2025-09-25 02:26:35,182 [INFO] WebApp:779 - Register for checkConnection events
2025-09-25 02:26:35,182 [INFO] WebApp:414 - Apply proxy settings
2025-09-25 02:26:35,182 [INFO] WebApp:499 - Chromium requires no authentication
2025-09-25 02:26:35,188 [INFO] WebApp:442 - Direct internet connection detected
2025-09-25 02:26:35,294 [INFO] ServerAccessManage:473 - Download File STMicroelectronics.X-CUBE-FREERTOS.pdsc
2025-09-25 02:26:35,327 [INFO] WebApp:192 - Starting web application
2025-09-25 02:26:35,327 [INFO] WebApp:544 - Web application path used C:\ST\STM32CubeIDE_1.15.1\STM32CubeIDE\plugins\com.st.stm32cube.common.mx_6.11.1.202404110753\db\plugins\mcufinder\reactClient1\index.html
2025-09-25 02:26:37,969 [WARN] MainUpdater:1194 - Updater busy. Cannot search thirdparties
2025-09-25 02:26:37,969 [INFO] ThirdPartyUpdaterWithRetryManager:96 - Updater plugin is busy. [3/15]
2025-09-25 02:26:40,026 [WARN] PackLoader:240 - Cannot read IP mode file for STMicroelectronics.X-CUBE-FREERTOS.1.3.1
2025-09-25 02:26:40,027 [INFO] PopulateThirdPartyThread:66 - Ending populate Thread
2025-09-25 02:26:40,028 [INFO] ThirdParty:1030 - CMSIS Pack Vendor :STMicroelectronics X-CUBE-FREERTOS 1.3.1
2025-09-25 02:26:40,029 [INFO] LoadServerUpdatesThread:375 - End of LoadServerUpdate Thread
2025-09-25 02:26:40,154 [INFO] CheckServerUpdateThread:120 - End of CheckServer Thread
2025-09-25 02:26:41,123 [WARN] PackLoader:240 - Cannot read IP mode file for STMicroelectronics.FP-SNS-MOTENVWB1.1.4.0
2025-09-25 02:26:41,129 [WARN] PackLoader:240 - Cannot read IP mode file for STMicroelectronics.FP-ATR-ASTRA1.2.0.2
2025-09-25 02:26:41,147 [WARN] PackLoader:240 - Cannot read IP mode file for STMicroelectronics.X-CUBE-SMBUS.2.1.0
2025-09-25 02:26:41,161 [ERROR] Engine:466 - C:\Users\jakgr\.stm32cubemx\thirdparties\pdsc\STMicroelectronics.X-CUBE-ST60.1.0.0.pdsc: PDSC version is not supported
2025-09-25 02:26:41,190 [WARN] PackLoader:240 - Cannot read IP mode file for STMicroelectronics.X-CUBE-AZRTOS-F7.1.1.0
2025-09-25 02:26:41,224 [WARN] PackLoader:240 - Cannot read IP mode file for Infineon.AIROC-Wi-Fi-Bluetooth-STM32.1.7.1
2025-09-25 02:26:41,264 [WARN] PackLoader:240 - Cannot read IP mode file for STMicroelectronics.X-CUBE-AZRTOS-H7.3.4.0
2025-09-25 02:26:41,284 [WARN] PackLoader:240 - Cannot read IP mode file for STMicroelectronics.X-CUBE-DISPLAY.3.0.0
2025-09-25 02:26:41,304 [WARN] PackLoader:240 - Cannot read IP mode file for STMicroelectronics.X-CUBE-NFC10.1.0.0
2025-09-25 02:26:41,322 [WARN] PackLoader:240 - Cannot read IP mode file for emotas.I-CUBE-CANOPEN.1.3.0
2025-09-25 02:26:41,339 [ERROR] Engine:466 - C:\Users\jakgr\.stm32cubemx\thirdparties\pdsc\STMicroelectronics.FP-SNS-STBOX1.2.1.0.pdsc: PDSC version is not supported
2025-09-25 02:26:41,356 [WARN] PackLoader:240 - Cannot read IP mode file for STMicroelectronics.FP-SNS-SMARTAG2.1.2.0
2025-09-25 02:26:41,359 [ERROR] Engine:466 - C:\Users\jakgr\.stm32cubemx\thirdparties\pdsc\STMicroelectronics.FP-SNS-FLIGHT1.5.1.0.pdsc: PDSC version is not supported
2025-09-25 02:26:41,380 [INFO] LogOutputStream:77 - [STDOUT_REDIRECT] 1 : Invalid condition id : UX_CORESTACK_Condition cause : null
2025-09-25 02:26:41,381 [INFO] LogOutputStream:77 - [STDOUT_REDIRECT] 1 : Invalid condition id : UX_CORESTACK_Condition cause : null
2025-09-25 02:26:41,381 [INFO] LogOutputStream:77 - [STDOUT_REDIRECT] 1 : Invalid condition id : UX_CORESTACK_Condition cause : null
2025-09-25 02:26:41,382 [INFO] LogOutputStream:77 - [STDOUT_REDIRECT] 1 : Invalid condition id : UX_CORESTACK_Condition cause : null
2025-09-25 02:26:41,382 [INFO] LogOutputStream:77 - [STDOUT_REDIRECT] 1 : Invalid condition id : UX_CORESTACK_Condition cause : null
2025-09-25 02:26:41,384 [WARN] PackLoader:240 - Cannot read IP mode file for STMicroelectronics.X-CUBE-AZRTOS-WL.2.0.0
2025-09-25 02:26:41,401 [WARN] PackLoader:240 - Cannot read IP mode file for STMicroelectronics.FP-SNS-MOTENV1.5.0.0
2025-09-25 02:26:41,419 [WARN] PackLoader:240 - Cannot read IP mode file for WES.I-CUBE-Cesium.1.3.0
2025-09-25 02:26:41,435 [WARN] PackLoader:240 - Cannot read IP mode file for STMicroelectronics.X-CUBE-BLE2.3.3.0
2025-09-25 02:26:41,451 [WARN] PackLoader:240 - Cannot read IP mode file for STMicroelectronics.X-CUBE-NFC9.1.0.0
2025-09-25 02:26:41,468 [WARN] PackLoader:240 - Cannot read IP mode file for wolfSSL.I-CUBE-wolfSSL.5.8.2
2025-09-25 02:26:41,484 [WARN] PackLoader:240 - Cannot read IP mode file for STMicroelectronics.X-CUBE-BLE1.7.1.0
2025-09-25 02:26:41,488 [WARN] PackLoader:240 - Cannot read IP mode file for wolfSSL.I-CUBE-wolfMQTT.1.19.2
2025-09-25 02:26:41,505 [WARN] PackLoader:240 - Cannot read IP mode file for STMicroelectronics.X-CUBE-EEPRMA1.5.2.0
2025-09-25 02:26:41,534 [WARN] PackLoader:240 - Cannot read IP mode file for STMicroelectronics.X-CUBE-AZRTOS-G0.1.1.0
2025-09-25 02:26:41,552 [WARN] PackLoader:240 - Cannot read IP mode file for STMicroelectronics.X-CUBE-SAFEA1.1.2.2
2025-09-25 02:26:41,569 [WARN] PackLoader:240 - Cannot read IP mode file for STMicroelectronics.X-CUBE-NFC4.3.0.0
2025-09-25 02:26:41,586 [WARN] PackLoader:240 - Cannot read IP mode file for EmbeddedOffice.I-CUBE-FS-RTOS.1.0.1
2025-09-25 02:26:41,586 [ERROR] ConditionMgr:805 - Attr not supported : Dmpu
2025-09-25 02:26:41,586 [ERROR] ConditionMgr:805 - Attr not supported : Dmpu
2025-09-25 02:26:41,586 [ERROR] ConditionMgr:805 - Attr not supported : Dmpu
2025-09-25 02:26:41,586 [ERROR] ConditionMgr:805 - Attr not supported : Dmpu
2025-09-25 02:26:41,586 [ERROR] ConditionMgr:805 - Attr not supported : Dmpu
2025-09-25 02:26:41,587 [ERROR] ConditionMgr:805 - Attr not supported : Dmpu
2025-09-25 02:26:41,587 [ERROR] ConditionMgr:805 - Attr not supported : Dmpu
2025-09-25 02:26:41,587 [ERROR] ConditionMgr:805 - Attr not supported : Dmpu
2025-09-25 02:26:41,587 [ERROR] ConditionMgr:805 - Attr not supported : Dmpu
2025-09-25 02:26:41,587 [ERROR] ConditionMgr:805 - Attr not supported : Dmpu
2025-09-25 02:26:41,587 [ERROR] ConditionMgr:805 - Attr not supported : Dmpu
2025-09-25 02:26:41,587 [ERROR] ConditionMgr:805 - Attr not supported : Dmpu
2025-09-25 02:26:41,587 [ERROR] ConditionMgr:805 - Attr not supported : Dmpu
2025-09-25 02:26:41,587 [ERROR] ConditionMgr:805 - Attr not supported : Dmpu
2025-09-25 02:26:41,587 [ERROR] ConditionMgr:805 - Attr not supported : Dmpu
2025-09-25 02:26:41,587 [ERROR] ConditionMgr:805 - Attr not supported : Dmpu
2025-09-25 02:26:41,587 [ERROR] ConditionMgr:805 - Attr not supported : Dmpu
2025-09-25 02:26:41,587 [ERROR] ConditionMgr:805 - Attr not supported : Dmpu
2025-09-25 02:26:41,587 [ERROR] ConditionMgr:805 - Attr not supported : Dmpu
2025-09-25 02:26:41,587 [ERROR] ConditionMgr:805 - Attr not supported : Dmpu
2025-09-25 02:26:41,587 [ERROR] ConditionMgr:805 - Attr not supported : Dmpu
2025-09-25 02:26:41,587 [ERROR] ConditionMgr:805 - Attr not supported : Dmpu
2025-09-25 02:26:41,587 [ERROR] ConditionMgr:805 - Attr not supported : Dmpu
2025-09-25 02:26:41,587 [ERROR] ConditionMgr:805 - Attr not supported : Dmpu
2025-09-25 02:26:41,587 [ERROR] ConditionMgr:805 - Attr not supported : Dmpu
2025-09-25 02:26:41,587 [ERROR] ConditionMgr:805 - Attr not supported : Dmpu
2025-09-25 02:26:41,587 [ERROR] ConditionMgr:805 - Attr not supported : Dmpu
2025-09-25 02:26:41,587 [ERROR] ConditionMgr:805 - Attr not supported : Dmpu
2025-09-25 02:26:41,587 [ERROR] ConditionMgr:805 - Attr not supported : Dmpu
2025-09-25 02:26:41,587 [ERROR] ConditionMgr:805 - Attr not supported : Dmpu
2025-09-25 02:26:41,587 [ERROR] ConditionMgr:805 - Attr not supported : Dmpu
2025-09-25 02:26:41,587 [ERROR] ConditionMgr:805 - Attr not supported : Dmpu
2025-09-25 02:26:41,588 [ERROR] ConditionMgr:805 - Attr not supported : Dmpu
2025-09-25 02:26:41,588 [ERROR] ConditionMgr:805 - Attr not supported : Dmpu
2025-09-25 02:26:41,588 [ERROR] ConditionMgr:805 - Attr not supported : Dmpu
2025-09-25 02:26:41,588 [ERROR] ConditionMgr:805 - Attr not supported : Dmpu
2025-09-25 02:26:41,588 [ERROR] ConditionMgr:805 - Attr not supported : Dmpu
2025-09-25 02:26:41,588 [ERROR] ConditionMgr:805 - Attr not supported : Dmpu
2025-09-25 02:26:41,588 [ERROR] ConditionMgr:805 - Attr not supported : Dmpu
2025-09-25 02:26:41,588 [ERROR] ConditionMgr:805 - Attr not supported : Dmpu
2025-09-25 02:26:41,588 [ERROR] ConditionMgr:805 - Attr not supported : Dmpu
2025-09-25 02:26:41,588 [ERROR] ConditionMgr:805 - Attr not supported : Dmpu
2025-09-25 02:26:41,588 [ERROR] ConditionMgr:805 - Attr not supported : Dmpu
2025-09-25 02:26:41,588 [ERROR] ConditionMgr:805 - Attr not supported : Dmpu
2025-09-25 02:26:41,588 [ERROR] ConditionMgr:805 - Attr not supported : Dmpu
2025-09-25 02:26:41,588 [ERROR] ConditionMgr:805 - Attr not supported : Dmpu
2025-09-25 02:26:41,588 [ERROR] ConditionMgr:805 - Attr not supported : Dmpu
2025-09-25 02:26:41,588 [ERROR] ConditionMgr:805 - Attr not supported : Dmpu
2025-09-25 02:26:41,588 [ERROR] ConditionMgr:805 - Attr not supported : Dmpu
2025-09-25 02:26:41,588 [ERROR] ConditionMgr:805 - Attr not supported : Dmpu
2025-09-25 02:26:41,588 [ERROR] ConditionMgr:805 - Attr not supported : Dmpu
2025-09-25 02:26:41,588 [ERROR] ConditionMgr:805 - Attr not supported : Dmpu
2025-09-25 02:26:41,588 [ERROR] ConditionMgr:805 - Attr not supported : Dmpu
2025-09-25 02:26:41,588 [ERROR] ConditionMgr:805 - Attr not supported : Dmpu
2025-09-25 02:26:41,588 [ERROR] ConditionMgr:805 - Attr not supported : Dmpu
2025-09-25 02:26:41,588 [ERROR] ConditionMgr:805 - Attr not supported : Dmpu
2025-09-25 02:26:41,589 [ERROR] ConditionMgr:805 - Attr not supported : Dmpu
2025-09-25 02:26:41,589 [ERROR] ConditionMgr:805 - Attr not supported : Dmpu
2025-09-25 02:26:41,589 [ERROR] ConditionMgr:805 - Attr not supported : Dmpu
2025-09-25 02:26:41,589 [ERROR] ConditionMgr:805 - Attr not supported : Dmpu
2025-09-25 02:26:41,589 [ERROR] ConditionMgr:805 - Attr not supported : Dmpu
2025-09-25 02:26:41,589 [ERROR] ConditionMgr:805 - Attr not supported : Dmpu
2025-09-25 02:26:41,589 [ERROR] ConditionMgr:805 - Attr not supported : Dmpu
2025-09-25 02:26:41,589 [ERROR] ConditionMgr:805 - Attr not supported : Dmpu
2025-09-25 02:26:41,604 [WARN] PackLoader:240 - Cannot read IP mode file for STMicroelectronics.X-CUBE-WB05N.2.0.0
2025-09-25 02:26:41,610 [WARN] PackLoader:240 - Cannot read IP mode file for wolfSSL.I-CUBE-wolfTPM.3.8.0
2025-09-25 02:26:41,623 [ERROR] Engine:466 - C:\Users\jakgr\.stm32cubemx\thirdparties\pdsc\STMicroelectronics.X-CUBE-TCPP.4.2.0.pdsc: PDSC version is not supported
2025-09-25 02:26:41,638 [WARN] PackLoader:240 - Cannot read IP mode file for RealThread.X-CUBE-RT-Thread_Nano.4.1.1
2025-09-25 02:26:41,643 [WARN] PackLoader:240 - Cannot read IP mode file for STMicroelectronics.FP-ATR-SIGFOX1.3.2.0
2025-09-25 02:26:41,659 [WARN] PackLoader:240 - Cannot read IP mode file for ITTIA_DB.I-CUBE-ITTIADB.8.9.0
2025-09-25 02:26:41,673 [ERROR] Engine:466 - C:\Users\jakgr\.stm32cubemx\thirdparties\pdsc\STMicroelectronics.X-CUBE-ST67W61.1.0.0.pdsc: PDSC version is not supported
2025-09-25 02:26:41,688 [WARN] PackLoader:240 - Cannot read IP mode file for STMicroelectronics.X-CUBE-AI.10.2.0
2025-09-25 02:26:41,717 [WARN] PackLoader:240 - Cannot read IP mode file for SEGGER.I-CUBE-embOS.1.3.1
2025-09-25 02:26:41,755 [WARN] PackLoader:240 - Cannot read IP mode file for STMicroelectronics.X-CUBE-ALGOBUILD.1.4.0
2025-09-25 02:26:41,798 [WARN] PackLoader:240 - Cannot read IP mode file for STMicroelectronics.X-CUBE-MEMS1.11.3.0
2025-09-25 02:26:41,912 [WARN] PackLoader:240 - Cannot read IP mode file for STMicroelectronics.X-CUBE-PM33A1.1.0.0
2025-09-25 02:26:41,937 [WARN] PackLoader:240 - Cannot read IP mode file for STMicroelectronics.X-CUBE-AZRTOS-F4.1.1.0
2025-09-25 02:26:41,952 [ERROR] Engine:466 - C:\Users\jakgr\.stm32cubemx\thirdparties\pdsc\Avnet-IotConnect.X-CUBE-IoTC-DA16k-PMOD.1.0.0.pdsc: PDSC version is not supported
2025-09-25 02:26:41,968 [WARN] PackLoader:240 - Cannot read IP mode file for STMicroelectronics.X-CUBE-ISPU.2.1.0
2025-09-25 02:26:41,986 [WARN] PackLoader:240 - Cannot read IP mode file for STMicroelectronics.X-CUBE-NFC12.1.0.0
2025-09-25 02:26:42,013 [WARN] PackLoader:240 - Cannot read IP mode file for STMicroelectronics.X-CUBE-AZRTOS-L5.2.0.0
2025-09-25 02:26:42,031 [WARN] PackLoader:240 - Cannot read IP mode file for STMicroelectronics.X-CUBE-NFC6.3.1.0
2025-09-25 02:26:42,037 [WARN] PackLoader:240 - Cannot read IP mode file for STMicroelectronics.X-CUBE-FREERTOS.1.3.1
2025-09-25 02:26:42,052 [ERROR] Engine:466 - C:\Users\jakgr\.stm32cubemx\thirdparties\pdsc\STMicroelectronics.FP-SNS-STAIOTCFT.1.0.0.pdsc: PDSC version is not supported
2025-09-25 02:26:42,069 [WARN] PackLoader:240 - Cannot read IP mode file for STMicroelectronics.X-CUBE-DPower.1.3.0
2025-09-25 02:26:42,096 [WARN] ConditionMgr:438 - getConditionDescription Invalid condition id : LAN8742 Phy interface Condition cause : null
2025-09-25 02:26:42,097 [WARN] PackLoader:240 - Cannot read IP mode file for STMicroelectronics.X-CUBE-AZRTOS-L4.2.0.0
2025-09-25 02:26:42,098 [WARN] ConditionMgr:1039 - genDependencies : Invalid condition id : LAN8742 Phy interface Condition cause : null
2025-09-25 02:26:42,098 [WARN] ConditionMgr:1039 - genDependencies : Invalid condition id : LAN8742 Phy interface Condition cause : null
2025-09-25 02:26:42,098 [WARN] ConditionMgr:1039 - genDependencies : Invalid condition id : LAN8742 Phy interface Condition cause : null
2025-09-25 02:26:42,116 [WARN] PackLoader:240 - Cannot read IP mode file for STMicroelectronics.X-CUBE-SFXS2LP1.4.0.0
2025-09-25 02:26:42,132 [ERROR] Engine:466 - C:\Users\jakgr\.stm32cubemx\thirdparties\pdsc\STMicroelectronics.X-CUBE-BLEMGR.4.1.0.pdsc: PDSC version is not supported
2025-09-25 02:26:42,155 [WARN] ConditionMgr:438 - getConditionDescription Invalid condition id : UX DEVICE CLASS RTOS Condition cause : null
2025-09-25 02:26:42,155 [WARN] ConditionMgr:438 - getConditionDescription Invalid condition id : UX DEVICE CLASS RTOS Condition cause : null
2025-09-25 02:26:42,156 [WARN] PackLoader:240 - Cannot read IP mode file for STMicroelectronics.X-CUBE-AZRTOS-WB.2.0.0
2025-09-25 02:26:42,157 [WARN] ConditionMgr:1039 - genDependencies : Invalid condition id : UX DEVICE CLASS RTOS Condition cause : null
2025-09-25 02:26:42,157 [WARN] ConditionMgr:1039 - genDependencies : Invalid condition id : UX DEVICE CLASS RTOS Condition cause : null
2025-09-25 02:26:42,157 [WARN] ConditionMgr:1039 - genDependencies : Invalid condition id : UX DEVICE CLASS RTOS Condition cause : null
2025-09-25 02:26:42,157 [WARN] ConditionMgr:1039 - genDependencies : Invalid condition id : UX DEVICE CLASS RTOS Condition cause : null
2025-09-25 02:26:42,157 [WARN] ConditionMgr:1039 - genDependencies : Invalid condition id : UX DEVICE CLASS RTOS Condition cause : null
2025-09-25 02:26:42,174 [WARN] PackLoader:240 - Cannot read IP mode file for STMicroelectronics.X-CUBE-GNSS1.7.0.1
2025-09-25 02:26:42,191 [WARN] PackLoader:240 - Cannot read IP mode file for STMicroelectronics.X-CUBE-TOUCHGFX.4.25.0
2025-09-25 02:26:42,195 [WARN] ConditionMgr:438 - getConditionDescription Invalid condition id : Cortex-A Device cause : null
2025-09-25 02:26:42,215 [WARN] ConditionMgr:1039 - genDependencies : Invalid condition id : Cortex-A Device cause : null
2025-09-25 02:26:42,215 [WARN] ConditionMgr:1039 - genDependencies : Invalid condition id : Cortex-A Device cause : null
2025-09-25 02:26:42,215 [WARN] ConditionMgr:1039 - genDependencies : Invalid condition id : Cortex-A Device cause : null
2025-09-25 02:26:42,234 [WARN] PackLoader:240 - Cannot read IP mode file for STMicroelectronics.X-CUBE-SUBG2.5.0.0
2025-09-25 02:26:42,263 [WARN] PackLoader:240 - Cannot read IP mode file for STMicroelectronics.X-CUBE-AZRTOS-H7RS.1.1.0
2025-09-25 02:26:42,269 [WARN] PackLoader:240 - Cannot read IP mode file for Cesanta.I-CUBE-Mongoose.7.13.0
2025-09-25 02:26:42,301 [WARN] PackLoader:240 - Cannot read IP mode file for STMicroelectronics.X-CUBE-AZRTOS-G4.2.0.0
2025-09-25 02:26:42,307 [WARN] PackLoader:240 - Cannot read IP mode file for wolfSSL.I-CUBE-wolfSSH.1.4.20
2025-09-25 02:26:42,323 [WARN] PackLoader:240 - Cannot read IP mode file for STMicroelectronics.X-CUBE-NFC7.2.0.0
2025-09-25 02:26:42,340 [ERROR] Engine:466 - C:\Users\jakgr\.stm32cubemx\thirdparties\pdsc\STMicroelectronics.X-CUBE-IPS.3.1.0.pdsc: PDSC version is not supported
2025-09-25 02:26:42,356 [WARN] PackLoader:240 - Cannot read IP mode file for STMicroelectronics.X-CUBE-ALS.1.0.2
2025-09-25 02:26:42,378 [WARN] PackLoader:240 - Cannot read IP mode file for STMicroelectronics.X-CUBE-STSE01.1.0.0
2025-09-25 02:26:42,395 [WARN] PackLoader:240 - Cannot read IP mode file for portGmbH.I-Cube-SoM-uGOAL.1.1.0
2025-09-25 02:26:42,412 [ERROR] Engine:466 - C:\Users\jakgr\.stm32cubemx\thirdparties\pdsc\STMicroelectronics.X-CUBE-TOF1.3.4.3.pdsc: PDSC version is not supported
2025-09-25 02:26:42,413 [INFO] ThirdParty:978 - Integrity check success = true
2025-09-25 02:26:42,413 [INFO] IntegrityCheckThread:100 - exiting critical section [integrity check]
2025-09-25 02:26:42,413 [INFO] IntegrityCheckThread:103 - End integrity checks thread
2025-09-25 02:34:41,646 [ERROR] LogOutputStream:75 - [STDERR_REDIRECT] 
2025-09-25 21:03:56,433 [INFO] Activator:176 - 


2025-09-25 21:03:56,435 [INFO] Activator:177 - !SESSION log4j initialized
2025-09-25 21:04:04,702 [INFO] LogOutputStream:77 - [STDOUT_REDIRECT] 
2025-09-25 21:04:07,642 [INFO] ApplicationProperties:184 - Using Application install path: C:\ST\STM32CubeIDE_1.15.1\STM32CubeIDE\plugins\com.st.stm32cube.common.mx_6.11.1.202404110753
2025-09-25 21:04:07,659 [INFO] DbMcusXml:78 - Set database path to: C:\ST\STM32CubeIDE_1.15.1\STM32CubeIDE\plugins\com.st.stm32cube.common.mx_6.11.1.202404110753\\db\/mcu/
2025-09-25 21:04:07,659 [INFO] ApiDb:274 - Set plugin database path to: C:\ST\STM32CubeIDE_1.15.1\STM32CubeIDE\plugins\com.st.stm32cube.common.mx_6.11.1.202404110753\\db\/plugins/boardmanager/
2025-09-25 21:04:07,660 [WARN] ApiDb:259 - Overriding images path with different value:  => C:\ST\STM32CubeIDE_1.15.1\STM32CubeIDE\plugins\com.st.stm32cube.common.mx_6.11.1.202404110753\\db\/plugins/mcufinder/images/
2025-09-25 21:04:07,665 [INFO] ApiDb:250 - Set database path to: C:\Users\jakgr\.stmcufinder\plugins\mcufinder//mcu/
2025-09-25 21:04:07,666 [INFO] DbMcusAds:125 - Set database path to: C:\Users\jakgr\.stmcufinder\plugins\mcufinder//mcu/
2025-09-25 21:04:07,667 [INFO] CrossReferenceDbSqlite:203 - Set database path to: C:\Users\jakgr\.stmcufinder\plugins\mcufinder//mcu/cs/
2025-09-25 21:04:07,763 [INFO] RulesReader:64 - Compatibility file has been processed (297 Rules)
2025-09-25 21:04:07,830 [INFO] DbMcusXml:78 - Set database path to: C:\ST\STM32CubeIDE_1.15.1\STM32CubeIDE\plugins\com.st.stm32cube.common.mx_6.11.1.202404110753\\db\/mcu/
2025-09-25 21:04:07,830 [INFO] ApiDb:274 - Set plugin database path to: C:\ST\STM32CubeIDE_1.15.1\STM32CubeIDE\plugins\com.st.stm32cube.common.mx_6.11.1.202404110753\\db\/plugins/boardmanager/
2025-09-25 21:04:07,830 [INFO] ApiDb:261 - Set plugin images path to: C:\ST\STM32CubeIDE_1.15.1\STM32CubeIDE\plugins\com.st.stm32cube.common.mx_6.11.1.202404110753\\db\/plugins/mcufinder/images/
2025-09-25 21:04:07,830 [WARN] DbFile:41 - Overriding database path with different value: C:\Users\jakgr\.stmcufinder\plugins\mcufinder/ => C:\Users\jakgr\.stmcufinder\plugins\mcufinder
2025-09-25 21:04:07,830 [INFO] ApiDb:250 - Set database path to: C:\Users\jakgr\.stmcufinder\plugins\mcufinder//mcu/
2025-09-25 21:04:07,830 [WARN] DbFile:41 - Overriding database path with different value: C:\Users\jakgr\.stmcufinder\plugins\mcufinder/ => C:\Users\jakgr\.stmcufinder\plugins\mcufinder
2025-09-25 21:04:07,830 [INFO] DbMcusAds:125 - Set database path to: C:\Users\jakgr\.stmcufinder\plugins\mcufinder//mcu/
2025-09-25 21:04:07,831 [WARN] DbFile:41 - Overriding database path with different value: C:\Users\jakgr\.stmcufinder\plugins\mcufinder/ => C:\Users\jakgr\.stmcufinder\plugins\mcufinder
2025-09-25 21:04:07,831 [WARN] DbFile:41 - Overriding database path with different value: C:\Users\jakgr\.stmcufinder\plugins\mcufinder/ => C:\Users\jakgr\.stmcufinder\plugins\mcufinder
2025-09-25 21:04:07,831 [INFO] CrossReferenceDbSqlite:203 - Set database path to: C:\Users\jakgr\.stmcufinder\plugins\mcufinder//mcu/cs/
2025-09-25 21:04:07,897 [INFO] MainPanel:264 - HeapMemory: 268435456
2025-09-25 21:04:07,983 [INFO] DbMcusXml:78 - Set database path to: C:\ST\STM32CubeIDE_1.15.1\STM32CubeIDE\plugins\com.st.stm32cube.common.mx_6.11.1.202404110753\\db\/mcu/
2025-09-25 21:04:07,983 [INFO] ApiDb:274 - Set plugin database path to: C:\ST\STM32CubeIDE_1.15.1\STM32CubeIDE\plugins\com.st.stm32cube.common.mx_6.11.1.202404110753\\db\/plugins/boardmanager/
2025-09-25 21:04:07,983 [INFO] ApiDb:261 - Set plugin images path to: C:\ST\STM32CubeIDE_1.15.1\STM32CubeIDE\plugins\com.st.stm32cube.common.mx_6.11.1.202404110753\\db\/plugins/mcufinder/images/
2025-09-25 21:04:07,984 [WARN] DbFile:41 - Overriding database path with different value: C:\Users\jakgr\.stmcufinder\plugins\mcufinder/ => C:\Users\jakgr\.stmcufinder\plugins\mcufinder
2025-09-25 21:04:07,984 [INFO] ApiDb:250 - Set database path to: C:\Users\jakgr\.stmcufinder\plugins\mcufinder//mcu/
2025-09-25 21:04:07,984 [WARN] DbFile:41 - Overriding database path with different value: C:\Users\jakgr\.stmcufinder\plugins\mcufinder/ => C:\Users\jakgr\.stmcufinder\plugins\mcufinder
2025-09-25 21:04:07,984 [INFO] DbMcusAds:125 - Set database path to: C:\Users\jakgr\.stmcufinder\plugins\mcufinder//mcu/
2025-09-25 21:04:07,984 [WARN] DbFile:41 - Overriding database path with different value: C:\Users\jakgr\.stmcufinder\plugins\mcufinder/ => C:\Users\jakgr\.stmcufinder\plugins\mcufinder
2025-09-25 21:04:07,984 [WARN] DbFile:41 - Overriding database path with different value: C:\Users\jakgr\.stmcufinder\plugins\mcufinder/ => C:\Users\jakgr\.stmcufinder\plugins\mcufinder
2025-09-25 21:04:07,984 [INFO] CrossReferenceDbSqlite:203 - Set database path to: C:\Users\jakgr\.stmcufinder\plugins\mcufinder//mcu/cs/
2025-09-25 21:04:08,000 [INFO] ApplicationProperties:184 - Using Application install path: C:\ST\STM32CubeIDE_1.15.1\STM32CubeIDE\plugins\com.st.stm32cube.common.mx_6.11.1.202404110753
2025-09-25 21:04:08,001 [INFO] PluginManage:196 - Search for loadable plugins [exclusion list=, ]
2025-09-25 21:04:08,003 [INFO] PluginManage:310 - Check plugin analytics
2025-09-25 21:04:08,153 [INFO] AnalyticsPlugin:253 - Accepted Software Licenses: 
2025-09-25 21:04:08,154 [INFO] AnalyticsPlugin:255 - Accepted CMSIS Pack Licenses: 
2025-09-25 21:04:08,154 [INFO] AnalyticsPlugin:257 - Accepted Firmware Licenses: 
2025-09-25 21:04:08,156 [INFO] PluginManage:359 - Loaded plugin analytics (category:tool,tabindex:-1)
2025-09-25 21:04:08,157 [INFO] PluginManage:310 - Check plugin cadmodel
2025-09-25 21:04:08,179 [INFO] CADModel:105 - Init CAD model plugin
2025-09-25 21:04:08,179 [INFO] PluginManage:359 - Loaded plugin cadmodel (category:power,tabindex:5)
2025-09-25 21:04:08,180 [INFO] PluginManage:310 - Check plugin clock
2025-09-25 21:04:08,208 [INFO] PluginManage:359 - Loaded plugin clock (category:base,tabindex:2)
2025-09-25 21:04:08,208 [INFO] PluginManage:310 - Check plugin ddr
2025-09-25 21:04:08,210 [INFO] PluginManage:359 - Loaded plugin ddr (category:tool,tabindex:6)
2025-09-25 21:04:08,210 [INFO] PluginManage:310 - Check plugin filemanager
2025-09-25 21:04:08,341 [INFO] PluginManage:359 - Loaded plugin filemanager (category:base,tabindex:10)
2025-09-25 21:04:08,341 [INFO] PluginManage:310 - Check plugin ipmanager
2025-09-25 21:04:08,346 [INFO] PluginManage:359 - Loaded plugin ipmanager (category:base,tabindex:5)
2025-09-25 21:04:08,346 [INFO] PluginManage:310 - Check plugin lpbam
2025-09-25 21:04:08,366 [INFO] PluginManage:359 - Loaded plugin lpbam (category:base,tabindex:0)
2025-09-25 21:04:08,367 [INFO] PluginManage:310 - Check plugin memorymap
2025-09-25 21:04:08,390 [INFO] PluginManage:359 - Loaded plugin memorymap (category:base,tabindex:4)
2025-09-25 21:04:08,390 [INFO] PluginManage:310 - Check plugin pinoutandconfiguration
2025-09-25 21:04:08,411 [INFO] PluginManage:359 - Loaded plugin pinoutandconfiguration (category:base,tabindex:1)
2025-09-25 21:04:08,412 [INFO] PluginManage:310 - Check plugin pinoutconfig
2025-09-25 21:04:08,516 [WARN] SupportedApi:132 - Cannot load RTOS API schema: s4s-elt-must-match.1: The content of 'definitions' must match (annotation?, (simpleType | complexType)?, (unique | key | keyref)*)). A problem was found starting at: attribute.
2025-09-25 21:04:08,622 [INFO] PluginManage:359 - Loaded plugin pinoutconfig (category:base,tabindex:0)
2025-09-25 21:04:08,622 [INFO] PluginManage:310 - Check plugin power
2025-09-25 21:04:08,645 [INFO] PluginManage:359 - Loaded plugin power (category:power,tabindex:4)
2025-09-25 21:04:08,645 [INFO] PluginManage:310 - Check plugin projectmanager
2025-09-25 21:04:08,657 [INFO] PluginManage:359 - Loaded plugin projectmanager (category:projectmanager,tabindex:3)
2025-09-25 21:04:08,657 [INFO] PluginManage:310 - Check plugin thirdparty
2025-09-25 21:04:08,963 [INFO] PluginManage:359 - Loaded plugin thirdparty (category:base,tabindex:-1)
2025-09-25 21:04:08,963 [INFO] PluginManage:310 - Check plugin tools
2025-09-25 21:04:08,963 [WARN] IntegrityCheckThread:84 - waiting for thirdparty lock release [integrity check]
2025-09-25 21:04:08,963 [INFO] IntegrityCheckThread:86 - entering critical section [integrity check]
2025-09-25 21:04:08,964 [INFO] ThirdPartyUpdaterWithRetryManager:70 - Updater plugin not ready yet. [1/15]
2025-09-25 21:04:09,002 [INFO] PluginManage:359 - Loaded plugin tools (category:base,tabindex:7)
2025-09-25 21:04:09,002 [INFO] PluginManage:310 - Check plugin tutovideos
2025-09-25 21:04:09,181 [INFO] PluginManage:359 - Loaded plugin tutovideos (category:base,tabindex:-1)
2025-09-25 21:04:09,181 [INFO] PluginManage:310 - Check plugin updater
2025-09-25 21:04:09,191 [INFO] PluginManage:359 - Loaded plugin updater (category:base,tabindex:12)
2025-09-25 21:04:09,191 [INFO] PluginManage:310 - Check plugin userauth
2025-09-25 21:04:09,198 [INFO] UserAuth:114 - Init User Auth plugin
2025-09-25 21:04:09,198 [INFO] PluginManage:359 - Loaded plugin userauth (category:base,tabindex:14)
2025-09-25 21:04:09,198 [INFO] PluginManage:283 - PluginManage : Loaded plugins [17]
2025-09-25 21:04:09,382 [INFO] PinOutPanel:1561 - setPackage(No Configuration,No Configuration)
2025-09-25 21:04:09,447 [INFO] CADModel:165 - CPN selected for project level
2025-09-25 21:04:09,448 [INFO] CADModel:114 - Register for checkConnection events
2025-09-25 21:04:09,476 [INFO] IPUIPlugin:80 - create IPUIPlugin
2025-09-25 21:04:09,476 [INFO] PluginManager:220 - loadIPPluginJar : add adc
2025-09-25 21:04:09,517 [INFO] IPUIPlugin:80 - create IPUIPlugin
2025-09-25 21:04:09,517 [INFO] PluginManager:220 - loadIPPluginJar : add aes
2025-09-25 21:04:09,562 [INFO] IPUIPlugin:80 - create IPUIPlugin
2025-09-25 21:04:09,562 [INFO] PluginManager:220 - loadIPPluginJar : add can
2025-09-25 21:04:09,592 [INFO] IPUIPlugin:80 - create IPUIPlugin
2025-09-25 21:04:09,592 [INFO] PluginManager:220 - loadIPPluginJar : add comp
2025-09-25 21:04:09,629 [INFO] IPUIPlugin:80 - create IPUIPlugin
2025-09-25 21:04:09,630 [INFO] PluginManager:220 - loadIPPluginJar : add cryp
2025-09-25 21:04:09,669 [INFO] IPUIPlugin:80 - create IPUIPlugin
2025-09-25 21:04:09,669 [INFO] PluginManager:220 - loadIPPluginJar : add dfsdm
2025-09-25 21:04:09,687 [INFO] IPUIPlugin:80 - create IPUIPlugin
2025-09-25 21:04:09,687 [INFO] PluginManager:220 - loadIPPluginJar : add dma
2025-09-25 21:04:09,737 [INFO] IPUIPlugin:80 - create IPUIPlugin
2025-09-25 21:04:09,737 [INFO] PluginManager:220 - loadIPPluginJar : add dma3
2025-09-25 21:04:09,783 [INFO] IPUIPlugin:80 - create IPUIPlugin
2025-09-25 21:04:09,784 [INFO] PluginManager:220 - loadIPPluginJar : add extmemmanager
2025-09-25 21:04:09,809 [INFO] IPUIPlugin:80 - create IPUIPlugin
2025-09-25 21:04:09,809 [INFO] PluginManager:220 - loadIPPluginJar : add fatfs
2025-09-25 21:04:09,861 [INFO] IPUIPlugin:80 - create IPUIPlugin
2025-09-25 21:04:09,861 [INFO] PluginManager:220 - loadIPPluginJar : add fmc
2025-09-25 21:04:09,879 [INFO] IPUIPlugin:80 - create IPUIPlugin
2025-09-25 21:04:09,880 [INFO] PluginManager:220 - loadIPPluginJar : add freertos
2025-09-25 21:04:09,905 [INFO] IPUIPlugin:80 - create IPUIPlugin
2025-09-25 21:04:09,905 [INFO] PluginManager:220 - loadIPPluginJar : add genericplugin
2025-09-25 21:04:10,001 [INFO] IPUIPlugin:80 - create IPUIPlugin
2025-09-25 21:04:10,001 [INFO] PluginManager:220 - loadIPPluginJar : add gfxmmu
2025-09-25 21:04:10,141 [INFO] IPUIPlugin:80 - create IPUIPlugin
2025-09-25 21:04:10,141 [INFO] PluginManager:220 - loadIPPluginJar : add gic
2025-09-25 21:04:10,158 [INFO] IPUIPlugin:80 - create IPUIPlugin
2025-09-25 21:04:10,158 [INFO] PluginManager:220 - loadIPPluginJar : add gpio
2025-09-25 21:04:10,250 [INFO] IPUIPlugin:80 - create IPUIPlugin
2025-09-25 21:04:10,250 [INFO] PluginManager:220 - loadIPPluginJar : add gtzc
2025-09-25 21:04:10,288 [INFO] IPUIPlugin:80 - create IPUIPlugin
2025-09-25 21:04:10,288 [INFO] PluginManager:220 - loadIPPluginJar : add hash
2025-09-25 21:04:10,343 [INFO] IPUIPlugin:80 - create IPUIPlugin
2025-09-25 21:04:10,343 [INFO] PluginManager:220 - loadIPPluginJar : add i2c
2025-09-25 21:04:10,387 [INFO] IPUIPlugin:80 - create IPUIPlugin
2025-09-25 21:04:10,387 [INFO] PluginManager:220 - loadIPPluginJar : add i2s
2025-09-25 21:04:10,432 [INFO] IPUIPlugin:80 - create IPUIPlugin
2025-09-25 21:04:10,432 [INFO] PluginManager:220 - loadIPPluginJar : add i3c
2025-09-25 21:04:10,535 [INFO] IPUIPlugin:80 - create IPUIPlugin
2025-09-25 21:04:10,536 [INFO] PluginManager:220 - loadIPPluginJar : add ipddr
2025-09-25 21:04:10,631 [INFO] IPUIPlugin:80 - create IPUIPlugin
2025-09-25 21:04:10,631 [INFO] PluginManager:220 - loadIPPluginJar : add linkedlist
2025-09-25 21:04:10,671 [INFO] IPUIPlugin:80 - create IPUIPlugin
2025-09-25 21:04:10,671 [INFO] PluginManager:220 - loadIPPluginJar : add lorawan
2025-09-25 21:04:10,713 [INFO] IPUIPlugin:80 - create IPUIPlugin
2025-09-25 21:04:10,713 [INFO] PluginManager:220 - loadIPPluginJar : add ltdc
2025-09-25 21:04:10,729 [INFO] IPUIPlugin:80 - create IPUIPlugin
2025-09-25 21:04:10,729 [INFO] PluginManager:220 - loadIPPluginJar : add mdma
2025-09-25 21:04:10,744 [INFO] IPUIPlugin:80 - create IPUIPlugin
2025-09-25 21:04:10,744 [INFO] PluginManager:220 - loadIPPluginJar : add nvic
2025-09-25 21:04:10,786 [INFO] IPUIPlugin:80 - create IPUIPlugin
2025-09-25 21:04:10,786 [INFO] PluginManager:220 - loadIPPluginJar : add opamp
2025-09-25 21:04:10,853 [INFO] IPUIPlugin:80 - create IPUIPlugin
2025-09-25 21:04:10,853 [INFO] PluginManager:220 - loadIPPluginJar : add openamp
2025-09-25 21:04:10,901 [INFO] IPUIPlugin:80 - create IPUIPlugin
2025-09-25 21:04:10,901 [INFO] PluginManager:220 - loadIPPluginJar : add pdm2pcm
2025-09-25 21:04:10,918 [INFO] IPUIPlugin:80 - create IPUIPlugin
2025-09-25 21:04:10,920 [INFO] PluginManager:220 - loadIPPluginJar : add plateformsettings
2025-09-25 21:04:10,949 [INFO] IPUIPlugin:80 - create IPUIPlugin
2025-09-25 21:04:10,949 [INFO] PluginManager:220 - loadIPPluginJar : add quadspi
2025-09-25 21:04:10,965 [INFO] IPUIPlugin:80 - create IPUIPlugin
2025-09-25 21:04:10,965 [INFO] PluginManager:220 - loadIPPluginJar : add resmgrutility
2025-09-25 21:04:11,014 [INFO] IPUIPlugin:80 - create IPUIPlugin
2025-09-25 21:04:11,014 [INFO] PluginManager:220 - loadIPPluginJar : add sai
2025-09-25 21:04:11,056 [INFO] IPUIPlugin:80 - create IPUIPlugin
2025-09-25 21:04:11,056 [INFO] PluginManager:220 - loadIPPluginJar : add spi
2025-09-25 21:04:11,126 [INFO] IPUIPlugin:80 - create IPUIPlugin
2025-09-25 21:04:11,126 [INFO] PluginManager:220 - loadIPPluginJar : add stm32_wpan
2025-09-25 21:04:11,155 [INFO] IPUIPlugin:80 - create IPUIPlugin
2025-09-25 21:04:11,155 [INFO] PluginManager:220 - loadIPPluginJar : add tim
2025-09-25 21:04:11,217 [INFO] IPUIPlugin:80 - create IPUIPlugin
2025-09-25 21:04:11,217 [INFO] PluginManager:220 - loadIPPluginJar : add touchsensing
2025-09-25 21:04:11,245 [INFO] IPUIPlugin:80 - create IPUIPlugin
2025-09-25 21:04:11,246 [INFO] PluginManager:220 - loadIPPluginJar : add tracer_emb
2025-09-25 21:04:11,275 [INFO] IPUIPlugin:80 - create IPUIPlugin
2025-09-25 21:04:11,275 [INFO] PluginManager:220 - loadIPPluginJar : add ts
2025-09-25 21:04:11,302 [INFO] IPUIPlugin:80 - create IPUIPlugin
2025-09-25 21:04:11,303 [INFO] PluginManager:220 - loadIPPluginJar : add tsc
2025-09-25 21:04:11,329 [INFO] IPUIPlugin:80 - create IPUIPlugin
2025-09-25 21:04:11,329 [INFO] PluginManager:220 - loadIPPluginJar : add ucpd
2025-09-25 21:04:11,377 [INFO] IPUIPlugin:80 - create IPUIPlugin
2025-09-25 21:04:11,377 [INFO] PluginManager:220 - loadIPPluginJar : add usart
2025-09-25 21:04:11,422 [INFO] IPUIPlugin:80 - create IPUIPlugin
2025-09-25 21:04:11,422 [INFO] PluginManager:220 - loadIPPluginJar : add usbx
2025-09-25 21:04:11,553 [INFO] CADModel:165 - CPN selected for project level
2025-09-25 21:04:11,553 [INFO] CADModel:114 - Register for checkConnection events
2025-09-25 21:04:11,553 [FATAL] Updater:308 - Updater called before beeing initialized
2025-09-25 21:04:11,553 [ERROR] CADModel:125 - Updater not yet initialized, retry later 
2025-09-25 21:04:11,667 [INFO] CADModel:165 - CPN selected for project level
2025-09-25 21:04:11,668 [INFO] CADModel:114 - Register for checkConnection events
2025-09-25 21:04:11,668 [FATAL] Updater:308 - Updater called before beeing initialized
2025-09-25 21:04:11,668 [ERROR] CADModel:125 - Updater not yet initialized, retry later 
2025-09-25 21:04:11,670 [FATAL] Updater:308 - Updater called before beeing initialized
2025-09-25 21:04:11,754 [FATAL] Updater:308 - Updater called before beeing initialized
2025-09-25 21:04:11,766 [INFO] DbMcusAds:53 - JSON generation date=Tue Jul 08 15:14:23 ICT 2025 (1751962463582)
2025-09-25 21:04:11,767 [FATAL] Updater:308 - Updater called before beeing initialized
2025-09-25 21:04:11,845 [WARN] DetailPanel:346 - Failed to get advertising image, set to default
2025-09-25 21:04:11,913 [FATAL] Updater:308 - Updater called before beeing initialized
2025-09-25 21:04:11,915 [FATAL] Updater:308 - Updater called before beeing initialized
2025-09-25 21:04:11,915 [FATAL] Updater:308 - Updater called before beeing initialized
2025-09-25 21:04:11,915 [WARN] DetailPanel:346 - Failed to get advertising image, set to default
2025-09-25 21:04:11,916 [FATAL] Updater:308 - Updater called before beeing initialized
2025-09-25 21:04:11,970 [ERROR] Updater:1120 - MainUpdater not yet initialized. External WinMGr cannot be set.
2025-09-25 21:04:11,970 [INFO] ThirdPartyUpdaterWithRetryManager:70 - Updater plugin not ready yet. [2/15]
2025-09-25 21:04:11,983 [INFO] Updater:1056 - Updater Version found : 6.11.1
2025-09-25 21:04:11,998 [INFO] ApplicationProperties:184 - Using Application install path: C:\ST\STM32CubeIDE_1.15.1\STM32CubeIDE\plugins\com.st.stm32cube.common.mx_6.11.1.202404110753
2025-09-25 21:04:12,490 [INFO] MainUpdater:2873 - connection check result : 10
2025-09-25 21:04:12,490 [INFO] MainUpdater:290 - Updater Check For Update Now.
2025-09-25 21:04:12,491 [INFO] MicroXplorer:498 - Change Database Version : DB.6.0.111
2025-09-25 21:04:12,511 [INFO] McuFinderGlobals:63 - Set McuFinder mode to 2 (CubeIDE integrated)
2025-09-25 21:04:12,511 [INFO] UserAuth:179 - activating auth plugin
2025-09-25 21:04:12,513 [INFO] UserAuth:415 - Internet connection configuration mode: 1
2025-09-25 21:04:12,544 [INFO] JxBrowserEngine:152 - Initiate JxBrowser Engine with user profile folder
2025-09-25 21:04:12,698 [INFO] CheckServerUpdateThread:120 - End of CheckServer Thread
2025-09-25 21:04:15,151 [WARN] PackLoader:240 - Cannot read IP mode file for STMicroelectronics.FP-SNS-MOTENVWB1.1.4.0
2025-09-25 21:04:15,171 [WARN] PackLoader:240 - Cannot read IP mode file for STMicroelectronics.FP-ATR-ASTRA1.2.0.2
2025-09-25 21:04:15,192 [WARN] PackLoader:240 - Cannot read IP mode file for STMicroelectronics.X-CUBE-SMBUS.2.1.0
2025-09-25 21:04:15,205 [ERROR] Engine:466 - C:\Users\jakgr\.stm32cubemx\thirdparties\pdsc\STMicroelectronics.X-CUBE-ST60.1.0.0.pdsc: PDSC version is not supported
2025-09-25 21:04:15,239 [WARN] PackLoader:240 - Cannot read IP mode file for STMicroelectronics.X-CUBE-AZRTOS-F7.1.1.0
2025-09-25 21:04:15,274 [WARN] PackLoader:240 - Cannot read IP mode file for Infineon.AIROC-Wi-Fi-Bluetooth-STM32.1.7.1
2025-09-25 21:04:15,310 [WARN] PackLoader:240 - Cannot read IP mode file for STMicroelectronics.X-CUBE-AZRTOS-H7.3.4.0
2025-09-25 21:04:15,335 [WARN] PackLoader:240 - Cannot read IP mode file for STMicroelectronics.X-CUBE-DISPLAY.3.0.0
2025-09-25 21:04:15,355 [WARN] PackLoader:240 - Cannot read IP mode file for STMicroelectronics.X-CUBE-NFC10.1.0.0
2025-09-25 21:04:15,372 [WARN] PackLoader:240 - Cannot read IP mode file for emotas.I-CUBE-CANOPEN.1.3.0
2025-09-25 21:04:15,386 [ERROR] Engine:466 - C:\Users\jakgr\.stm32cubemx\thirdparties\pdsc\STMicroelectronics.FP-SNS-STBOX1.2.1.0.pdsc: PDSC version is not supported
2025-09-25 21:04:15,401 [WARN] PackLoader:240 - Cannot read IP mode file for STMicroelectronics.FP-SNS-SMARTAG2.1.2.0
2025-09-25 21:04:15,416 [ERROR] Engine:466 - C:\Users\jakgr\.stm32cubemx\thirdparties\pdsc\STMicroelectronics.FP-SNS-FLIGHT1.5.1.0.pdsc: PDSC version is not supported
2025-09-25 21:04:15,434 [INFO] LogOutputStream:77 - [STDOUT_REDIRECT] 1 : Invalid condition id : UX_CORESTACK_Condition cause : null
2025-09-25 21:04:15,434 [INFO] LogOutputStream:77 - [STDOUT_REDIRECT] 1 : Invalid condition id : UX_CORESTACK_Condition cause : null
2025-09-25 21:04:15,435 [INFO] LogOutputStream:77 - [STDOUT_REDIRECT] 1 : Invalid condition id : UX_CORESTACK_Condition cause : null
2025-09-25 21:04:15,435 [INFO] LogOutputStream:77 - [STDOUT_REDIRECT] 1 : Invalid condition id : UX_CORESTACK_Condition cause : null
2025-09-25 21:04:15,437 [INFO] LogOutputStream:77 - [STDOUT_REDIRECT] 1 : Invalid condition id : UX_CORESTACK_Condition cause : null
2025-09-25 21:04:15,439 [WARN] PackLoader:240 - Cannot read IP mode file for STMicroelectronics.X-CUBE-AZRTOS-WL.2.0.0
2025-09-25 21:04:15,456 [WARN] PackLoader:240 - Cannot read IP mode file for STMicroelectronics.FP-SNS-MOTENV1.5.0.0
2025-09-25 21:04:15,474 [WARN] PackLoader:240 - Cannot read IP mode file for WES.I-CUBE-Cesium.1.3.0
2025-09-25 21:04:15,491 [WARN] PackLoader:240 - Cannot read IP mode file for STMicroelectronics.X-CUBE-BLE2.3.3.0
2025-09-25 21:04:15,509 [WARN] PackLoader:240 - Cannot read IP mode file for STMicroelectronics.X-CUBE-NFC9.1.0.0
2025-09-25 21:04:15,525 [WARN] PackLoader:240 - Cannot read IP mode file for wolfSSL.I-CUBE-wolfSSL.5.8.2
2025-09-25 21:04:15,543 [WARN] PackLoader:240 - Cannot read IP mode file for STMicroelectronics.X-CUBE-BLE1.7.1.0
2025-09-25 21:04:15,556 [WARN] PackLoader:240 - Cannot read IP mode file for wolfSSL.I-CUBE-wolfMQTT.1.19.2
2025-09-25 21:04:15,572 [WARN] PackLoader:240 - Cannot read IP mode file for STMicroelectronics.X-CUBE-EEPRMA1.5.2.0
2025-09-25 21:04:15,599 [WARN] PackLoader:240 - Cannot read IP mode file for STMicroelectronics.X-CUBE-AZRTOS-G0.1.1.0
2025-09-25 21:04:15,618 [WARN] PackLoader:240 - Cannot read IP mode file for STMicroelectronics.X-CUBE-SAFEA1.1.2.2
2025-09-25 21:04:15,635 [WARN] PackLoader:240 - Cannot read IP mode file for STMicroelectronics.X-CUBE-NFC4.3.0.0
2025-09-25 21:04:15,654 [WARN] PackLoader:240 - Cannot read IP mode file for EmbeddedOffice.I-CUBE-FS-RTOS.1.0.1
2025-09-25 21:04:15,654 [ERROR] ConditionMgr:805 - Attr not supported : Dmpu
2025-09-25 21:04:15,654 [ERROR] ConditionMgr:805 - Attr not supported : Dmpu
2025-09-25 21:04:15,654 [ERROR] ConditionMgr:805 - Attr not supported : Dmpu
2025-09-25 21:04:15,654 [ERROR] ConditionMgr:805 - Attr not supported : Dmpu
2025-09-25 21:04:15,654 [ERROR] ConditionMgr:805 - Attr not supported : Dmpu
2025-09-25 21:04:15,654 [ERROR] ConditionMgr:805 - Attr not supported : Dmpu
2025-09-25 21:04:15,654 [ERROR] ConditionMgr:805 - Attr not supported : Dmpu
2025-09-25 21:04:15,654 [ERROR] ConditionMgr:805 - Attr not supported : Dmpu
2025-09-25 21:04:15,654 [ERROR] ConditionMgr:805 - Attr not supported : Dmpu
2025-09-25 21:04:15,654 [ERROR] ConditionMgr:805 - Attr not supported : Dmpu
2025-09-25 21:04:15,654 [ERROR] ConditionMgr:805 - Attr not supported : Dmpu
2025-09-25 21:04:15,655 [ERROR] ConditionMgr:805 - Attr not supported : Dmpu
2025-09-25 21:04:15,655 [ERROR] ConditionMgr:805 - Attr not supported : Dmpu
2025-09-25 21:04:15,655 [ERROR] ConditionMgr:805 - Attr not supported : Dmpu
2025-09-25 21:04:15,655 [ERROR] ConditionMgr:805 - Attr not supported : Dmpu
2025-09-25 21:04:15,655 [ERROR] ConditionMgr:805 - Attr not supported : Dmpu
2025-09-25 21:04:15,655 [ERROR] ConditionMgr:805 - Attr not supported : Dmpu
2025-09-25 21:04:15,655 [ERROR] ConditionMgr:805 - Attr not supported : Dmpu
2025-09-25 21:04:15,655 [ERROR] ConditionMgr:805 - Attr not supported : Dmpu
2025-09-25 21:04:15,655 [ERROR] ConditionMgr:805 - Attr not supported : Dmpu
2025-09-25 21:04:15,655 [ERROR] ConditionMgr:805 - Attr not supported : Dmpu
2025-09-25 21:04:15,655 [ERROR] ConditionMgr:805 - Attr not supported : Dmpu
2025-09-25 21:04:15,655 [ERROR] ConditionMgr:805 - Attr not supported : Dmpu
2025-09-25 21:04:15,655 [ERROR] ConditionMgr:805 - Attr not supported : Dmpu
2025-09-25 21:04:15,655 [ERROR] ConditionMgr:805 - Attr not supported : Dmpu
2025-09-25 21:04:15,655 [ERROR] ConditionMgr:805 - Attr not supported : Dmpu
2025-09-25 21:04:15,655 [ERROR] ConditionMgr:805 - Attr not supported : Dmpu
2025-09-25 21:04:15,655 [ERROR] ConditionMgr:805 - Attr not supported : Dmpu
2025-09-25 21:04:15,655 [ERROR] ConditionMgr:805 - Attr not supported : Dmpu
2025-09-25 21:04:15,655 [ERROR] ConditionMgr:805 - Attr not supported : Dmpu
2025-09-25 21:04:15,655 [ERROR] ConditionMgr:805 - Attr not supported : Dmpu
2025-09-25 21:04:15,655 [ERROR] ConditionMgr:805 - Attr not supported : Dmpu
2025-09-25 21:04:15,655 [ERROR] ConditionMgr:805 - Attr not supported : Dmpu
2025-09-25 21:04:15,655 [ERROR] ConditionMgr:805 - Attr not supported : Dmpu
2025-09-25 21:04:15,655 [ERROR] ConditionMgr:805 - Attr not supported : Dmpu
2025-09-25 21:04:15,655 [ERROR] ConditionMgr:805 - Attr not supported : Dmpu
2025-09-25 21:04:15,656 [ERROR] ConditionMgr:805 - Attr not supported : Dmpu
2025-09-25 21:04:15,656 [ERROR] ConditionMgr:805 - Attr not supported : Dmpu
2025-09-25 21:04:15,656 [ERROR] ConditionMgr:805 - Attr not supported : Dmpu
2025-09-25 21:04:15,656 [ERROR] ConditionMgr:805 - Attr not supported : Dmpu
2025-09-25 21:04:15,656 [ERROR] ConditionMgr:805 - Attr not supported : Dmpu
2025-09-25 21:04:15,656 [ERROR] ConditionMgr:805 - Attr not supported : Dmpu
2025-09-25 21:04:15,656 [ERROR] ConditionMgr:805 - Attr not supported : Dmpu
2025-09-25 21:04:15,656 [ERROR] ConditionMgr:805 - Attr not supported : Dmpu
2025-09-25 21:04:15,656 [ERROR] ConditionMgr:805 - Attr not supported : Dmpu
2025-09-25 21:04:15,656 [ERROR] ConditionMgr:805 - Attr not supported : Dmpu
2025-09-25 21:04:15,656 [ERROR] ConditionMgr:805 - Attr not supported : Dmpu
2025-09-25 21:04:15,656 [ERROR] ConditionMgr:805 - Attr not supported : Dmpu
2025-09-25 21:04:15,656 [ERROR] ConditionMgr:805 - Attr not supported : Dmpu
2025-09-25 21:04:15,656 [ERROR] ConditionMgr:805 - Attr not supported : Dmpu
2025-09-25 21:04:15,656 [ERROR] ConditionMgr:805 - Attr not supported : Dmpu
2025-09-25 21:04:15,656 [ERROR] ConditionMgr:805 - Attr not supported : Dmpu
2025-09-25 21:04:15,656 [ERROR] ConditionMgr:805 - Attr not supported : Dmpu
2025-09-25 21:04:15,656 [ERROR] ConditionMgr:805 - Attr not supported : Dmpu
2025-09-25 21:04:15,656 [ERROR] ConditionMgr:805 - Attr not supported : Dmpu
2025-09-25 21:04:15,656 [ERROR] ConditionMgr:805 - Attr not supported : Dmpu
2025-09-25 21:04:15,656 [ERROR] ConditionMgr:805 - Attr not supported : Dmpu
2025-09-25 21:04:15,657 [ERROR] ConditionMgr:805 - Attr not supported : Dmpu
2025-09-25 21:04:15,657 [ERROR] ConditionMgr:805 - Attr not supported : Dmpu
2025-09-25 21:04:15,657 [ERROR] ConditionMgr:805 - Attr not supported : Dmpu
2025-09-25 21:04:15,657 [ERROR] ConditionMgr:805 - Attr not supported : Dmpu
2025-09-25 21:04:15,657 [ERROR] ConditionMgr:805 - Attr not supported : Dmpu
2025-09-25 21:04:15,657 [ERROR] ConditionMgr:805 - Attr not supported : Dmpu
2025-09-25 21:04:15,657 [ERROR] ConditionMgr:805 - Attr not supported : Dmpu
2025-09-25 21:04:15,674 [WARN] PackLoader:240 - Cannot read IP mode file for STMicroelectronics.X-CUBE-WB05N.2.0.0
2025-09-25 21:04:15,689 [WARN] PackLoader:240 - Cannot read IP mode file for wolfSSL.I-CUBE-wolfTPM.3.8.0
2025-09-25 21:04:15,703 [ERROR] Engine:466 - C:\Users\jakgr\.stm32cubemx\thirdparties\pdsc\STMicroelectronics.X-CUBE-TCPP.4.2.0.pdsc: PDSC version is not supported
2025-09-25 21:04:15,719 [WARN] PackLoader:240 - Cannot read IP mode file for RealThread.X-CUBE-RT-Thread_Nano.4.1.1
2025-09-25 21:04:15,733 [WARN] PackLoader:240 - Cannot read IP mode file for STMicroelectronics.FP-ATR-SIGFOX1.3.2.0
2025-09-25 21:04:15,748 [WARN] PackLoader:240 - Cannot read IP mode file for ITTIA_DB.I-CUBE-ITTIADB.8.9.0
2025-09-25 21:04:15,762 [ERROR] Engine:466 - C:\Users\jakgr\.stm32cubemx\thirdparties\pdsc\STMicroelectronics.X-CUBE-ST67W61.1.0.0.pdsc: PDSC version is not supported
2025-09-25 21:04:15,777 [WARN] PackLoader:240 - Cannot read IP mode file for STMicroelectronics.X-CUBE-AI.10.2.0
2025-09-25 21:04:15,807 [WARN] PackLoader:240 - Cannot read IP mode file for SEGGER.I-CUBE-embOS.1.3.1
2025-09-25 21:04:15,856 [WARN] PackLoader:240 - Cannot read IP mode file for STMicroelectronics.X-CUBE-ALGOBUILD.1.4.0
2025-09-25 21:04:15,971 [WARN] PackLoader:240 - Cannot read IP mode file for STMicroelectronics.X-CUBE-MEMS1.11.3.0
2025-09-25 21:04:16,123 [WARN] PackLoader:240 - Cannot read IP mode file for STMicroelectronics.X-CUBE-PM33A1.1.0.0
2025-09-25 21:04:16,165 [WARN] PackLoader:240 - Cannot read IP mode file for STMicroelectronics.X-CUBE-AZRTOS-F4.1.1.0
2025-09-25 21:04:16,470 [ERROR] Engine:466 - C:\Users\jakgr\.stm32cubemx\thirdparties\pdsc\Avnet-IotConnect.X-CUBE-IoTC-DA16k-PMOD.1.0.0.pdsc: PDSC version is not supported
2025-09-25 21:04:16,486 [WARN] PackLoader:240 - Cannot read IP mode file for STMicroelectronics.X-CUBE-ISPU.2.1.0
2025-09-25 21:04:16,508 [WARN] PackLoader:240 - Cannot read IP mode file for STMicroelectronics.X-CUBE-NFC12.1.0.0
2025-09-25 21:04:16,540 [WARN] PackLoader:240 - Cannot read IP mode file for STMicroelectronics.X-CUBE-AZRTOS-L5.2.0.0
2025-09-25 21:04:16,574 [WARN] PackLoader:240 - Cannot read IP mode file for STMicroelectronics.X-CUBE-NFC6.3.1.0
2025-09-25 21:04:16,680 [WARN] PackLoader:240 - Cannot read IP mode file for STMicroelectronics.X-CUBE-FREERTOS.1.3.1
2025-09-25 21:04:16,738 [ERROR] Engine:466 - C:\Users\jakgr\.stm32cubemx\thirdparties\pdsc\STMicroelectronics.FP-SNS-STAIOTCFT.1.0.0.pdsc: PDSC version is not supported
2025-09-25 21:04:16,780 [WARN] PackLoader:240 - Cannot read IP mode file for STMicroelectronics.X-CUBE-DPower.1.3.0
2025-09-25 21:04:16,867 [WARN] ConditionMgr:438 - getConditionDescription Invalid condition id : LAN8742 Phy interface Condition cause : null
2025-09-25 21:04:16,868 [WARN] PackLoader:240 - Cannot read IP mode file for STMicroelectronics.X-CUBE-AZRTOS-L4.2.0.0
2025-09-25 21:04:16,870 [WARN] ConditionMgr:1039 - genDependencies : Invalid condition id : LAN8742 Phy interface Condition cause : null
2025-09-25 21:04:16,871 [WARN] ConditionMgr:1039 - genDependencies : Invalid condition id : LAN8742 Phy interface Condition cause : null
2025-09-25 21:04:16,872 [WARN] ConditionMgr:1039 - genDependencies : Invalid condition id : LAN8742 Phy interface Condition cause : null
2025-09-25 21:04:16,912 [WARN] PackLoader:240 - Cannot read IP mode file for STMicroelectronics.X-CUBE-SFXS2LP1.4.0.0
2025-09-25 21:04:16,942 [ERROR] Engine:466 - C:\Users\jakgr\.stm32cubemx\thirdparties\pdsc\STMicroelectronics.X-CUBE-BLEMGR.4.1.0.pdsc: PDSC version is not supported
2025-09-25 21:04:17,007 [WARN] ConditionMgr:438 - getConditionDescription Invalid condition id : UX DEVICE CLASS RTOS Condition cause : null
2025-09-25 21:04:17,007 [WARN] ConditionMgr:438 - getConditionDescription Invalid condition id : UX DEVICE CLASS RTOS Condition cause : null
2025-09-25 21:04:17,016 [WARN] PackLoader:240 - Cannot read IP mode file for STMicroelectronics.X-CUBE-AZRTOS-WB.2.0.0
2025-09-25 21:04:17,017 [WARN] ConditionMgr:1039 - genDependencies : Invalid condition id : UX DEVICE CLASS RTOS Condition cause : null
2025-09-25 21:04:17,017 [WARN] ConditionMgr:1039 - genDependencies : Invalid condition id : UX DEVICE CLASS RTOS Condition cause : null
2025-09-25 21:04:17,017 [WARN] ConditionMgr:1039 - genDependencies : Invalid condition id : UX DEVICE CLASS RTOS Condition cause : null
2025-09-25 21:04:17,018 [WARN] ConditionMgr:1039 - genDependencies : Invalid condition id : UX DEVICE CLASS RTOS Condition cause : null
2025-09-25 21:04:17,018 [WARN] ConditionMgr:1039 - genDependencies : Invalid condition id : UX DEVICE CLASS RTOS Condition cause : null
2025-09-25 21:04:17,057 [WARN] PackLoader:240 - Cannot read IP mode file for STMicroelectronics.X-CUBE-GNSS1.7.0.1
2025-09-25 21:04:17,085 [WARN] PackLoader:240 - Cannot read IP mode file for STMicroelectronics.X-CUBE-TOUCHGFX.4.25.0
2025-09-25 21:04:17,114 [WARN] ConditionMgr:438 - getConditionDescription Invalid condition id : Cortex-A Device cause : null
2025-09-25 21:04:17,126 [INFO] WebApp:161 - Instantiating new browser for Auth
2025-09-25 21:04:17,202 [WARN] ConditionMgr:1039 - genDependencies : Invalid condition id : Cortex-A Device cause : null
2025-09-25 21:04:17,202 [WARN] ConditionMgr:1039 - genDependencies : Invalid condition id : Cortex-A Device cause : null
2025-09-25 21:04:17,202 [WARN] ConditionMgr:1039 - genDependencies : Invalid condition id : Cortex-A Device cause : null
2025-09-25 21:04:17,236 [WARN] PackLoader:240 - Cannot read IP mode file for STMicroelectronics.X-CUBE-SUBG2.5.0.0
2025-09-25 21:04:17,292 [WARN] PackLoader:240 - Cannot read IP mode file for STMicroelectronics.X-CUBE-AZRTOS-H7RS.1.1.0
2025-09-25 21:04:17,328 [WARN] PackLoader:240 - Cannot read IP mode file for Cesanta.I-CUBE-Mongoose.7.13.0
2025-09-25 21:04:17,378 [WARN] PackLoader:240 - Cannot read IP mode file for STMicroelectronics.X-CUBE-AZRTOS-G4.2.0.0
2025-09-25 21:04:17,407 [WARN] PackLoader:240 - Cannot read IP mode file for wolfSSL.I-CUBE-wolfSSH.1.4.20
2025-09-25 21:04:17,439 [WARN] PackLoader:240 - Cannot read IP mode file for STMicroelectronics.X-CUBE-NFC7.2.0.0
2025-09-25 21:04:17,470 [ERROR] Engine:466 - C:\Users\jakgr\.stm32cubemx\thirdparties\pdsc\STMicroelectronics.X-CUBE-IPS.3.1.0.pdsc: PDSC version is not supported
2025-09-25 21:04:17,493 [WARN] PackLoader:240 - Cannot read IP mode file for STMicroelectronics.X-CUBE-ALS.1.0.2
2025-09-25 21:04:17,519 [WARN] PackLoader:240 - Cannot read IP mode file for STMicroelectronics.X-CUBE-STSE01.1.0.0
2025-09-25 21:04:17,546 [WARN] PackLoader:240 - Cannot read IP mode file for portGmbH.I-Cube-SoM-uGOAL.1.1.0
2025-09-25 21:04:17,571 [ERROR] Engine:466 - C:\Users\jakgr\.stm32cubemx\thirdparties\pdsc\STMicroelectronics.X-CUBE-TOF1.3.4.3.pdsc: PDSC version is not supported
2025-09-25 21:04:17,571 [INFO] ThirdParty:978 - Integrity check success = true
2025-09-25 21:04:17,572 [INFO] IntegrityCheckThread:100 - exiting critical section [integrity check]
2025-09-25 21:04:17,572 [INFO] IntegrityCheckThread:103 - End integrity checks thread
2025-09-25 21:04:17,929 [INFO] WebApp:779 - Register for checkConnection events
2025-09-25 21:04:17,930 [INFO] WebApp:414 - Apply proxy settings
2025-09-25 21:04:17,930 [INFO] WebApp:499 - Chromium requires no authentication
2025-09-25 21:04:17,939 [INFO] WebApp:442 - Direct internet connection detected
2025-09-25 21:04:18,119 [INFO] WebApp:192 - Starting web application
2025-09-25 21:04:18,119 [INFO] WebApp:544 - Web application path used C:\ST\STM32CubeIDE_1.15.1\STM32CubeIDE\plugins\com.st.stm32cube.common.mx_6.11.1.202404110753\db\plugins\mcufinder\reactClient1\index.html
