2025-08-24 09:11:35,922 [INFO] Activator:176 - 


2025-08-24 09:11:35,927 [INFO] Activator:177 - !SESSION log4j initialized
2025-08-24 09:11:41,781 [INFO] LogOutputStream:77 - [STDOUT_REDIRECT] 
2025-08-24 09:11:43,859 [INFO] ApplicationProperties:184 - Using Application install path: C:\ST\STM32CubeIDE_1.15.1\STM32CubeIDE\plugins\com.st.stm32cube.common.mx_6.11.1.202404110753
2025-08-24 09:11:43,875 [INFO] DbMcusXml:78 - Set database path to: C:\ST\STM32CubeIDE_1.15.1\STM32CubeIDE\plugins\com.st.stm32cube.common.mx_6.11.1.202404110753\\db\/mcu/
2025-08-24 09:11:43,875 [INFO] ApiDb:274 - Set plugin database path to: C:\ST\STM32CubeIDE_1.15.1\STM32CubeIDE\plugins\com.st.stm32cube.common.mx_6.11.1.202404110753\\db\/plugins/boardmanager/
2025-08-24 09:11:43,876 [WARN] ApiDb:259 - Overriding images path with different value:  => C:\ST\STM32CubeIDE_1.15.1\STM32CubeIDE\plugins\com.st.stm32cube.common.mx_6.11.1.202404110753\\db\/plugins/mcufinder/images/
2025-08-24 09:11:43,884 [INFO] ApiDb:250 - Set database path to: C:\Users\jakgr\.stmcufinder\plugins\mcufinder//mcu/
2025-08-24 09:11:43,886 [INFO] DbMcusAds:125 - Set database path to: C:\Users\jakgr\.stmcufinder\plugins\mcufinder//mcu/
2025-08-24 09:11:43,887 [INFO] CrossReferenceDbSqlite:203 - Set database path to: C:\Users\jakgr\.stmcufinder\plugins\mcufinder//mcu/cs/
2025-08-24 09:11:43,986 [INFO] RulesReader:64 - Compatibility file has been processed (297 Rules)
2025-08-24 09:11:44,051 [INFO] DbMcusXml:78 - Set database path to: C:\ST\STM32CubeIDE_1.15.1\STM32CubeIDE\plugins\com.st.stm32cube.common.mx_6.11.1.202404110753\\db\/mcu/
2025-08-24 09:11:44,051 [INFO] ApiDb:274 - Set plugin database path to: C:\ST\STM32CubeIDE_1.15.1\STM32CubeIDE\plugins\com.st.stm32cube.common.mx_6.11.1.202404110753\\db\/plugins/boardmanager/
2025-08-24 09:11:44,051 [INFO] ApiDb:261 - Set plugin images path to: C:\ST\STM32CubeIDE_1.15.1\STM32CubeIDE\plugins\com.st.stm32cube.common.mx_6.11.1.202404110753\\db\/plugins/mcufinder/images/
2025-08-24 09:11:44,051 [WARN] DbFile:41 - Overriding database path with different value: C:\Users\jakgr\.stmcufinder\plugins\mcufinder/ => C:\Users\jakgr\.stmcufinder\plugins\mcufinder
2025-08-24 09:11:44,051 [INFO] ApiDb:250 - Set database path to: C:\Users\jakgr\.stmcufinder\plugins\mcufinder//mcu/
2025-08-24 09:11:44,051 [WARN] DbFile:41 - Overriding database path with different value: C:\Users\jakgr\.stmcufinder\plugins\mcufinder/ => C:\Users\jakgr\.stmcufinder\plugins\mcufinder
2025-08-24 09:11:44,052 [INFO] DbMcusAds:125 - Set database path to: C:\Users\jakgr\.stmcufinder\plugins\mcufinder//mcu/
2025-08-24 09:11:44,052 [WARN] DbFile:41 - Overriding database path with different value: C:\Users\jakgr\.stmcufinder\plugins\mcufinder/ => C:\Users\jakgr\.stmcufinder\plugins\mcufinder
2025-08-24 09:11:44,052 [WARN] DbFile:41 - Overriding database path with different value: C:\Users\jakgr\.stmcufinder\plugins\mcufinder/ => C:\Users\jakgr\.stmcufinder\plugins\mcufinder
2025-08-24 09:11:44,052 [INFO] CrossReferenceDbSqlite:203 - Set database path to: C:\Users\jakgr\.stmcufinder\plugins\mcufinder//mcu/cs/
2025-08-24 09:11:44,141 [INFO] MainPanel:264 - HeapMemory: 268435456
2025-08-24 09:11:44,222 [INFO] DbMcusXml:78 - Set database path to: C:\ST\STM32CubeIDE_1.15.1\STM32CubeIDE\plugins\com.st.stm32cube.common.mx_6.11.1.202404110753\\db\/mcu/
2025-08-24 09:11:44,223 [INFO] ApiDb:274 - Set plugin database path to: C:\ST\STM32CubeIDE_1.15.1\STM32CubeIDE\plugins\com.st.stm32cube.common.mx_6.11.1.202404110753\\db\/plugins/boardmanager/
2025-08-24 09:11:44,223 [INFO] ApiDb:261 - Set plugin images path to: C:\ST\STM32CubeIDE_1.15.1\STM32CubeIDE\plugins\com.st.stm32cube.common.mx_6.11.1.202404110753\\db\/plugins/mcufinder/images/
2025-08-24 09:11:44,224 [WARN] DbFile:41 - Overriding database path with different value: C:\Users\jakgr\.stmcufinder\plugins\mcufinder/ => C:\Users\jakgr\.stmcufinder\plugins\mcufinder
2025-08-24 09:11:44,224 [INFO] ApiDb:250 - Set database path to: C:\Users\jakgr\.stmcufinder\plugins\mcufinder//mcu/
2025-08-24 09:11:44,224 [WARN] DbFile:41 - Overriding database path with different value: C:\Users\jakgr\.stmcufinder\plugins\mcufinder/ => C:\Users\jakgr\.stmcufinder\plugins\mcufinder
2025-08-24 09:11:44,224 [INFO] DbMcusAds:125 - Set database path to: C:\Users\jakgr\.stmcufinder\plugins\mcufinder//mcu/
2025-08-24 09:11:44,224 [WARN] DbFile:41 - Overriding database path with different value: C:\Users\jakgr\.stmcufinder\plugins\mcufinder/ => C:\Users\jakgr\.stmcufinder\plugins\mcufinder
2025-08-24 09:11:44,224 [WARN] DbFile:41 - Overriding database path with different value: C:\Users\jakgr\.stmcufinder\plugins\mcufinder/ => C:\Users\jakgr\.stmcufinder\plugins\mcufinder
2025-08-24 09:11:44,224 [INFO] CrossReferenceDbSqlite:203 - Set database path to: C:\Users\jakgr\.stmcufinder\plugins\mcufinder//mcu/cs/
2025-08-24 09:11:44,238 [INFO] ApplicationProperties:184 - Using Application install path: C:\ST\STM32CubeIDE_1.15.1\STM32CubeIDE\plugins\com.st.stm32cube.common.mx_6.11.1.202404110753
2025-08-24 09:11:44,240 [INFO] PluginManage:196 - Search for loadable plugins [exclusion list=, ]
2025-08-24 09:11:44,241 [INFO] PluginManage:310 - Check plugin analytics
2025-08-24 09:11:44,396 [INFO] AnalyticsPlugin:253 - Accepted Software Licenses: 
2025-08-24 09:11:44,396 [INFO] AnalyticsPlugin:255 - Accepted CMSIS Pack Licenses: 
2025-08-24 09:11:44,396 [INFO] AnalyticsPlugin:257 - Accepted Firmware Licenses: 
2025-08-24 09:11:44,399 [INFO] PluginManage:359 - Loaded plugin analytics (category:tool,tabindex:-1)
2025-08-24 09:11:44,399 [INFO] PluginManage:310 - Check plugin cadmodel
2025-08-24 09:11:44,418 [INFO] CADModel:105 - Init CAD model plugin
2025-08-24 09:11:44,418 [INFO] PluginManage:359 - Loaded plugin cadmodel (category:power,tabindex:5)
2025-08-24 09:11:44,419 [INFO] PluginManage:310 - Check plugin clock
2025-08-24 09:11:44,442 [INFO] PluginManage:359 - Loaded plugin clock (category:base,tabindex:2)
2025-08-24 09:11:44,442 [INFO] PluginManage:310 - Check plugin ddr
2025-08-24 09:11:44,444 [INFO] PluginManage:359 - Loaded plugin ddr (category:tool,tabindex:6)
2025-08-24 09:11:44,445 [INFO] PluginManage:310 - Check plugin filemanager
2025-08-24 09:11:44,569 [INFO] PluginManage:359 - Loaded plugin filemanager (category:base,tabindex:10)
2025-08-24 09:11:44,569 [INFO] PluginManage:310 - Check plugin ipmanager
2025-08-24 09:11:44,575 [INFO] PluginManage:359 - Loaded plugin ipmanager (category:base,tabindex:5)
2025-08-24 09:11:44,575 [INFO] PluginManage:310 - Check plugin lpbam
2025-08-24 09:11:44,595 [INFO] PluginManage:359 - Loaded plugin lpbam (category:base,tabindex:0)
2025-08-24 09:11:44,595 [INFO] PluginManage:310 - Check plugin memorymap
2025-08-24 09:11:44,615 [INFO] PluginManage:359 - Loaded plugin memorymap (category:base,tabindex:4)
2025-08-24 09:11:44,616 [INFO] PluginManage:310 - Check plugin pinoutandconfiguration
2025-08-24 09:11:44,633 [INFO] PluginManage:359 - Loaded plugin pinoutandconfiguration (category:base,tabindex:1)
2025-08-24 09:11:44,633 [INFO] PluginManage:310 - Check plugin pinoutconfig
2025-08-24 09:11:44,715 [WARN] SupportedApi:132 - Cannot load RTOS API schema: s4s-elt-must-match.1: The content of 'definitions' must match (annotation?, (simpleType | complexType)?, (unique | key | keyref)*)). A problem was found starting at: attribute.
2025-08-24 09:11:44,822 [INFO] PluginManage:359 - Loaded plugin pinoutconfig (category:base,tabindex:0)
2025-08-24 09:11:44,822 [INFO] PluginManage:310 - Check plugin power
2025-08-24 09:11:44,845 [INFO] PluginManage:359 - Loaded plugin power (category:power,tabindex:4)
2025-08-24 09:11:44,846 [INFO] PluginManage:310 - Check plugin projectmanager
2025-08-24 09:11:44,859 [INFO] PluginManage:359 - Loaded plugin projectmanager (category:projectmanager,tabindex:3)
2025-08-24 09:11:44,860 [INFO] PluginManage:310 - Check plugin thirdparty
2025-08-24 09:11:45,172 [INFO] PluginManage:359 - Loaded plugin thirdparty (category:base,tabindex:-1)
2025-08-24 09:11:45,172 [WARN] IntegrityCheckThread:84 - waiting for thirdparty lock release [integrity check]
2025-08-24 09:11:45,172 [INFO] PluginManage:310 - Check plugin tools
2025-08-24 09:11:45,173 [INFO] IntegrityCheckThread:86 - entering critical section [integrity check]
2025-08-24 09:11:45,173 [INFO] ThirdPartyUpdaterWithRetryManager:70 - Updater plugin not ready yet. [1/15]
2025-08-24 09:11:45,210 [INFO] PluginManage:359 - Loaded plugin tools (category:base,tabindex:7)
2025-08-24 09:11:45,210 [INFO] PluginManage:310 - Check plugin tutovideos
2025-08-24 09:11:45,369 [INFO] PluginManage:359 - Loaded plugin tutovideos (category:base,tabindex:-1)
2025-08-24 09:11:45,369 [INFO] PluginManage:310 - Check plugin updater
2025-08-24 09:11:45,381 [INFO] PluginManage:359 - Loaded plugin updater (category:base,tabindex:12)
2025-08-24 09:11:45,381 [INFO] PluginManage:310 - Check plugin userauth
2025-08-24 09:11:45,386 [INFO] UserAuth:114 - Init User Auth plugin
2025-08-24 09:11:45,386 [INFO] PluginManage:359 - Loaded plugin userauth (category:base,tabindex:14)
2025-08-24 09:11:45,386 [INFO] PluginManage:283 - PluginManage : Loaded plugins [17]
2025-08-24 09:11:45,563 [INFO] PinOutPanel:1561 - setPackage(No Configuration,No Configuration)
2025-08-24 09:11:45,626 [INFO] CADModel:165 - CPN selected for project level
2025-08-24 09:11:45,626 [INFO] CADModel:114 - Register for checkConnection events
2025-08-24 09:11:45,654 [INFO] IPUIPlugin:80 - create IPUIPlugin
2025-08-24 09:11:45,654 [INFO] PluginManager:220 - loadIPPluginJar : add adc
2025-08-24 09:11:45,693 [INFO] IPUIPlugin:80 - create IPUIPlugin
2025-08-24 09:11:45,694 [INFO] PluginManager:220 - loadIPPluginJar : add aes
2025-08-24 09:11:45,735 [INFO] IPUIPlugin:80 - create IPUIPlugin
2025-08-24 09:11:45,735 [INFO] PluginManager:220 - loadIPPluginJar : add can
2025-08-24 09:11:45,762 [INFO] IPUIPlugin:80 - create IPUIPlugin
2025-08-24 09:11:45,762 [INFO] PluginManager:220 - loadIPPluginJar : add comp
2025-08-24 09:11:45,798 [INFO] IPUIPlugin:80 - create IPUIPlugin
2025-08-24 09:11:45,798 [INFO] PluginManager:220 - loadIPPluginJar : add cryp
2025-08-24 09:11:45,833 [INFO] IPUIPlugin:80 - create IPUIPlugin
2025-08-24 09:11:45,834 [INFO] PluginManager:220 - loadIPPluginJar : add dfsdm
2025-08-24 09:11:45,850 [INFO] IPUIPlugin:80 - create IPUIPlugin
2025-08-24 09:11:45,850 [INFO] PluginManager:220 - loadIPPluginJar : add dma
2025-08-24 09:11:45,897 [INFO] IPUIPlugin:80 - create IPUIPlugin
2025-08-24 09:11:45,897 [INFO] PluginManager:220 - loadIPPluginJar : add dma3
2025-08-24 09:11:45,943 [INFO] IPUIPlugin:80 - create IPUIPlugin
2025-08-24 09:11:45,943 [INFO] PluginManager:220 - loadIPPluginJar : add extmemmanager
2025-08-24 09:11:45,966 [INFO] IPUIPlugin:80 - create IPUIPlugin
2025-08-24 09:11:45,966 [INFO] PluginManager:220 - loadIPPluginJar : add fatfs
2025-08-24 09:11:46,012 [INFO] IPUIPlugin:80 - create IPUIPlugin
2025-08-24 09:11:46,013 [INFO] PluginManager:220 - loadIPPluginJar : add fmc
2025-08-24 09:11:46,030 [INFO] IPUIPlugin:80 - create IPUIPlugin
2025-08-24 09:11:46,030 [INFO] PluginManager:220 - loadIPPluginJar : add freertos
2025-08-24 09:11:46,053 [INFO] IPUIPlugin:80 - create IPUIPlugin
2025-08-24 09:11:46,053 [INFO] PluginManager:220 - loadIPPluginJar : add genericplugin
2025-08-24 09:11:46,144 [INFO] IPUIPlugin:80 - create IPUIPlugin
2025-08-24 09:11:46,144 [INFO] PluginManager:220 - loadIPPluginJar : add gfxmmu
2025-08-24 09:11:46,278 [INFO] IPUIPlugin:80 - create IPUIPlugin
2025-08-24 09:11:46,278 [INFO] PluginManager:220 - loadIPPluginJar : add gic
2025-08-24 09:11:46,292 [INFO] IPUIPlugin:80 - create IPUIPlugin
2025-08-24 09:11:46,293 [INFO] PluginManager:220 - loadIPPluginJar : add gpio
2025-08-24 09:11:46,378 [INFO] IPUIPlugin:80 - create IPUIPlugin
2025-08-24 09:11:46,378 [INFO] PluginManager:220 - loadIPPluginJar : add gtzc
2025-08-24 09:11:46,413 [INFO] IPUIPlugin:80 - create IPUIPlugin
2025-08-24 09:11:46,413 [INFO] PluginManager:220 - loadIPPluginJar : add hash
2025-08-24 09:11:46,465 [INFO] IPUIPlugin:80 - create IPUIPlugin
2025-08-24 09:11:46,465 [INFO] PluginManager:220 - loadIPPluginJar : add i2c
2025-08-24 09:11:46,505 [INFO] IPUIPlugin:80 - create IPUIPlugin
2025-08-24 09:11:46,505 [INFO] PluginManager:220 - loadIPPluginJar : add i2s
2025-08-24 09:11:46,545 [INFO] IPUIPlugin:80 - create IPUIPlugin
2025-08-24 09:11:46,545 [INFO] PluginManager:220 - loadIPPluginJar : add i3c
2025-08-24 09:11:46,640 [INFO] IPUIPlugin:80 - create IPUIPlugin
2025-08-24 09:11:46,640 [INFO] PluginManager:220 - loadIPPluginJar : add ipddr
2025-08-24 09:11:46,731 [INFO] IPUIPlugin:80 - create IPUIPlugin
2025-08-24 09:11:46,731 [INFO] PluginManager:220 - loadIPPluginJar : add linkedlist
2025-08-24 09:11:46,769 [INFO] IPUIPlugin:80 - create IPUIPlugin
2025-08-24 09:11:46,769 [INFO] PluginManager:220 - loadIPPluginJar : add lorawan
2025-08-24 09:11:46,806 [INFO] IPUIPlugin:80 - create IPUIPlugin
2025-08-24 09:11:46,806 [INFO] PluginManager:220 - loadIPPluginJar : add ltdc
2025-08-24 09:11:46,821 [INFO] IPUIPlugin:80 - create IPUIPlugin
2025-08-24 09:11:46,821 [INFO] PluginManager:220 - loadIPPluginJar : add mdma
2025-08-24 09:11:46,834 [INFO] IPUIPlugin:80 - create IPUIPlugin
2025-08-24 09:11:46,834 [INFO] PluginManager:220 - loadIPPluginJar : add nvic
2025-08-24 09:11:46,877 [INFO] IPUIPlugin:80 - create IPUIPlugin
2025-08-24 09:11:46,877 [INFO] PluginManager:220 - loadIPPluginJar : add opamp
2025-08-24 09:11:46,939 [INFO] IPUIPlugin:80 - create IPUIPlugin
2025-08-24 09:11:46,939 [INFO] PluginManager:220 - loadIPPluginJar : add openamp
2025-08-24 09:11:46,984 [INFO] IPUIPlugin:80 - create IPUIPlugin
2025-08-24 09:11:46,984 [INFO] PluginManager:220 - loadIPPluginJar : add pdm2pcm
2025-08-24 09:11:47,000 [INFO] IPUIPlugin:80 - create IPUIPlugin
2025-08-24 09:11:47,001 [INFO] PluginManager:220 - loadIPPluginJar : add plateformsettings
2025-08-24 09:11:47,028 [INFO] IPUIPlugin:80 - create IPUIPlugin
2025-08-24 09:11:47,028 [INFO] PluginManager:220 - loadIPPluginJar : add quadspi
2025-08-24 09:11:47,042 [INFO] IPUIPlugin:80 - create IPUIPlugin
2025-08-24 09:11:47,043 [INFO] PluginManager:220 - loadIPPluginJar : add resmgrutility
2025-08-24 09:11:47,088 [INFO] IPUIPlugin:80 - create IPUIPlugin
2025-08-24 09:11:47,088 [INFO] PluginManager:220 - loadIPPluginJar : add sai
2025-08-24 09:11:47,128 [INFO] IPUIPlugin:80 - create IPUIPlugin
2025-08-24 09:11:47,128 [INFO] PluginManager:220 - loadIPPluginJar : add spi
2025-08-24 09:11:47,194 [INFO] IPUIPlugin:80 - create IPUIPlugin
2025-08-24 09:11:47,194 [INFO] PluginManager:220 - loadIPPluginJar : add stm32_wpan
2025-08-24 09:11:47,222 [INFO] IPUIPlugin:80 - create IPUIPlugin
2025-08-24 09:11:47,222 [INFO] PluginManager:220 - loadIPPluginJar : add tim
2025-08-24 09:11:47,280 [INFO] IPUIPlugin:80 - create IPUIPlugin
2025-08-24 09:11:47,280 [INFO] PluginManager:220 - loadIPPluginJar : add touchsensing
2025-08-24 09:11:47,304 [INFO] IPUIPlugin:80 - create IPUIPlugin
2025-08-24 09:11:47,305 [INFO] PluginManager:220 - loadIPPluginJar : add tracer_emb
2025-08-24 09:11:47,333 [INFO] IPUIPlugin:80 - create IPUIPlugin
2025-08-24 09:11:47,333 [INFO] PluginManager:220 - loadIPPluginJar : add ts
2025-08-24 09:11:47,358 [INFO] IPUIPlugin:80 - create IPUIPlugin
2025-08-24 09:11:47,358 [INFO] PluginManager:220 - loadIPPluginJar : add tsc
2025-08-24 09:11:47,382 [INFO] IPUIPlugin:80 - create IPUIPlugin
2025-08-24 09:11:47,382 [INFO] PluginManager:220 - loadIPPluginJar : add ucpd
2025-08-24 09:11:47,425 [INFO] IPUIPlugin:80 - create IPUIPlugin
2025-08-24 09:11:47,425 [INFO] PluginManager:220 - loadIPPluginJar : add usart
2025-08-24 09:11:47,468 [INFO] IPUIPlugin:80 - create IPUIPlugin
2025-08-24 09:11:47,468 [INFO] PluginManager:220 - loadIPPluginJar : add usbx
2025-08-24 09:11:47,581 [INFO] CADModel:165 - CPN selected for project level
2025-08-24 09:11:47,581 [INFO] CADModel:114 - Register for checkConnection events
2025-08-24 09:11:47,581 [FATAL] Updater:308 - Updater called before beeing initialized
2025-08-24 09:11:47,581 [ERROR] CADModel:125 - Updater not yet initialized, retry later 
2025-08-24 09:11:47,694 [INFO] CADModel:165 - CPN selected for project level
2025-08-24 09:11:47,695 [INFO] CADModel:114 - Register for checkConnection events
2025-08-24 09:11:47,695 [FATAL] Updater:308 - Updater called before beeing initialized
2025-08-24 09:11:47,695 [ERROR] CADModel:125 - Updater not yet initialized, retry later 
2025-08-24 09:11:47,697 [FATAL] Updater:308 - Updater called before beeing initialized
2025-08-24 09:11:47,774 [FATAL] Updater:308 - Updater called before beeing initialized
2025-08-24 09:11:47,785 [INFO] DbMcusAds:53 - JSON generation date=Tue Jul 08 15:14:23 ICT 2025 (1751962463582)
2025-08-24 09:11:47,786 [FATAL] Updater:308 - Updater called before beeing initialized
2025-08-24 09:11:47,859 [WARN] DetailPanel:346 - Failed to get advertising image, set to default
2025-08-24 09:11:47,939 [FATAL] Updater:308 - Updater called before beeing initialized
2025-08-24 09:11:47,941 [FATAL] Updater:308 - Updater called before beeing initialized
2025-08-24 09:11:47,941 [FATAL] Updater:308 - Updater called before beeing initialized
2025-08-24 09:11:47,941 [WARN] DetailPanel:346 - Failed to get advertising image, set to default
2025-08-24 09:11:47,942 [FATAL] Updater:308 - Updater called before beeing initialized
2025-08-24 09:11:47,996 [ERROR] Updater:1120 - MainUpdater not yet initialized. External WinMGr cannot be set.
2025-08-24 09:11:48,007 [INFO] Updater:1056 - Updater Version found : 6.11.1
2025-08-24 09:11:48,026 [INFO] ApplicationProperties:184 - Using Application install path: C:\ST\STM32CubeIDE_1.15.1\STM32CubeIDE\plugins\com.st.stm32cube.common.mx_6.11.1.202404110753
2025-08-24 09:11:48,175 [INFO] ThirdPartyUpdaterWithRetryManager:70 - Updater plugin not ready yet. [2/15]
2025-08-24 09:11:48,278 [INFO] MainUpdater:2873 - connection check result : 10
2025-08-24 09:11:48,278 [INFO] MainUpdater:3567 - Updater definition file requires update
2025-08-24 09:11:48,279 [INFO] MainUpdater:290 - Updater Check For Update Now.
2025-08-24 09:11:48,279 [INFO] MicroXplorer:498 - Change Database Version : DB.6.0.111
2025-08-24 09:11:48,298 [INFO] McuFinderGlobals:63 - Set McuFinder mode to 2 (CubeIDE integrated)
2025-08-24 09:11:48,298 [INFO] UserAuth:179 - activating auth plugin
2025-08-24 09:11:48,300 [INFO] UserAuth:415 - Internet connection configuration mode: 1
2025-08-24 09:11:48,324 [INFO] JxBrowserEngine:152 - Initiate JxBrowser Engine with user profile folder
2025-08-24 09:11:48,331 [INFO] ServerAccessManage:473 - Download File updaters.zip
2025-08-24 09:11:48,423 [INFO] FileExtend:240 - Unzip File : updaters.zip
2025-08-24 09:11:48,424 [INFO] FileExtend:255 - Standard Zip Deflate
2025-08-24 09:11:49,156 [INFO] ServerAccessManage:473 - Download File PacksControlFlags.xml
2025-08-24 09:11:49,259 [INFO] ServerAccessManage:473 - Download File cubemx.pidx
2025-08-24 09:11:49,359 [INFO] LoadServerUpdatesThread:375 - End of LoadServerUpdate Thread
2025-08-24 09:11:49,520 [INFO] CheckServerUpdateThread:120 - End of CheckServer Thread
2025-08-24 09:11:51,357 [WARN] PackLoader:240 - Cannot read IP mode file for STMicroelectronics.FP-SNS-MOTENVWB1.1.4.0
2025-08-24 09:11:51,375 [WARN] PackLoader:240 - Cannot read IP mode file for STMicroelectronics.FP-ATR-ASTRA1.2.0.2
2025-08-24 09:11:51,392 [WARN] PackLoader:240 - Cannot read IP mode file for STMicroelectronics.X-CUBE-SMBUS.2.1.0
2025-08-24 09:11:51,404 [ERROR] Engine:466 - C:\Users\jakgr\.stm32cubemx\thirdparties\pdsc\STMicroelectronics.X-CUBE-ST60.1.0.0.pdsc: PDSC version is not supported
2025-08-24 09:11:51,441 [WARN] PackLoader:240 - Cannot read IP mode file for STMicroelectronics.X-CUBE-AZRTOS-F7.1.1.0
2025-08-24 09:11:51,479 [WARN] PackLoader:240 - Cannot read IP mode file for Infineon.AIROC-Wi-Fi-Bluetooth-STM32.1.7.1
2025-08-24 09:11:51,516 [WARN] PackLoader:240 - Cannot read IP mode file for STMicroelectronics.X-CUBE-AZRTOS-H7.3.4.0
2025-08-24 09:11:51,536 [WARN] PackLoader:240 - Cannot read IP mode file for STMicroelectronics.X-CUBE-DISPLAY.3.0.0
2025-08-24 09:11:51,556 [WARN] PackLoader:240 - Cannot read IP mode file for STMicroelectronics.X-CUBE-NFC10.1.0.0
2025-08-24 09:11:51,575 [WARN] PackLoader:240 - Cannot read IP mode file for emotas.I-CUBE-CANOPEN.1.3.0
2025-08-24 09:11:51,590 [ERROR] Engine:466 - C:\Users\jakgr\.stm32cubemx\thirdparties\pdsc\STMicroelectronics.FP-SNS-STBOX1.2.1.0.pdsc: PDSC version is not supported
2025-08-24 09:11:51,605 [WARN] PackLoader:240 - Cannot read IP mode file for STMicroelectronics.FP-SNS-SMARTAG2.1.2.0
2025-08-24 09:11:51,620 [ERROR] Engine:466 - C:\Users\jakgr\.stm32cubemx\thirdparties\pdsc\STMicroelectronics.FP-SNS-FLIGHT1.5.1.0.pdsc: PDSC version is not supported
2025-08-24 09:11:51,640 [INFO] LogOutputStream:77 - [STDOUT_REDIRECT] 1 : Invalid condition id : UX_CORESTACK_Condition cause : null
2025-08-24 09:11:51,641 [INFO] LogOutputStream:77 - [STDOUT_REDIRECT] 1 : Invalid condition id : UX_CORESTACK_Condition cause : null
2025-08-24 09:11:51,642 [INFO] LogOutputStream:77 - [STDOUT_REDIRECT] 1 : Invalid condition id : UX_CORESTACK_Condition cause : null
2025-08-24 09:11:51,643 [INFO] LogOutputStream:77 - [STDOUT_REDIRECT] 1 : Invalid condition id : UX_CORESTACK_Condition cause : null
2025-08-24 09:11:51,643 [INFO] LogOutputStream:77 - [STDOUT_REDIRECT] 1 : Invalid condition id : UX_CORESTACK_Condition cause : null
2025-08-24 09:11:51,646 [WARN] PackLoader:240 - Cannot read IP mode file for STMicroelectronics.X-CUBE-AZRTOS-WL.2.0.0
2025-08-24 09:11:51,664 [WARN] PackLoader:240 - Cannot read IP mode file for STMicroelectronics.FP-SNS-MOTENV1.5.0.0
2025-08-24 09:11:51,682 [WARN] PackLoader:240 - Cannot read IP mode file for WES.I-CUBE-Cesium.1.3.0
2025-08-24 09:11:51,698 [WARN] PackLoader:240 - Cannot read IP mode file for STMicroelectronics.X-CUBE-BLE2.3.3.0
2025-08-24 09:11:51,714 [WARN] PackLoader:240 - Cannot read IP mode file for STMicroelectronics.X-CUBE-NFC9.1.0.0
2025-08-24 09:11:51,730 [WARN] PackLoader:240 - Cannot read IP mode file for wolfSSL.I-CUBE-wolfSSL.5.8.2
2025-08-24 09:11:51,744 [WARN] PackLoader:240 - Cannot read IP mode file for STMicroelectronics.X-CUBE-BLE1.7.1.0
2025-08-24 09:11:51,758 [WARN] PackLoader:240 - Cannot read IP mode file for wolfSSL.I-CUBE-wolfMQTT.1.19.2
2025-08-24 09:11:51,774 [WARN] PackLoader:240 - Cannot read IP mode file for STMicroelectronics.X-CUBE-EEPRMA1.5.2.0
2025-08-24 09:11:51,802 [WARN] PackLoader:240 - Cannot read IP mode file for STMicroelectronics.X-CUBE-AZRTOS-G0.1.1.0
2025-08-24 09:11:51,821 [WARN] PackLoader:240 - Cannot read IP mode file for STMicroelectronics.X-CUBE-SAFEA1.1.2.2
2025-08-24 09:11:51,838 [WARN] PackLoader:240 - Cannot read IP mode file for STMicroelectronics.X-CUBE-NFC4.3.0.0
2025-08-24 09:11:51,853 [WARN] PackLoader:240 - Cannot read IP mode file for STMicroelectronics.X-CUBE-WB05N.2.0.0
2025-08-24 09:11:51,867 [WARN] PackLoader:240 - Cannot read IP mode file for wolfSSL.I-CUBE-wolfTPM.3.8.0
2025-08-24 09:11:51,879 [ERROR] Engine:466 - C:\Users\jakgr\.stm32cubemx\thirdparties\pdsc\STMicroelectronics.X-CUBE-TCPP.4.2.0.pdsc: PDSC version is not supported
2025-08-24 09:11:51,893 [WARN] PackLoader:240 - Cannot read IP mode file for RealThread.X-CUBE-RT-Thread_Nano.4.1.1
2025-08-24 09:11:51,906 [WARN] PackLoader:240 - Cannot read IP mode file for STMicroelectronics.FP-ATR-SIGFOX1.3.2.0
2025-08-24 09:11:51,920 [WARN] PackLoader:240 - Cannot read IP mode file for ITTIA_DB.I-CUBE-ITTIADB.8.9.0
2025-08-24 09:11:51,933 [ERROR] Engine:466 - C:\Users\jakgr\.stm32cubemx\thirdparties\pdsc\STMicroelectronics.X-CUBE-ST67W61.1.0.0.pdsc: PDSC version is not supported
2025-08-24 09:11:51,946 [WARN] PackLoader:240 - Cannot read IP mode file for STMicroelectronics.X-CUBE-AI.10.2.0
2025-08-24 09:11:51,978 [WARN] PackLoader:240 - Cannot read IP mode file for SEGGER.I-CUBE-embOS.1.3.1
2025-08-24 09:11:52,025 [WARN] PackLoader:240 - Cannot read IP mode file for STMicroelectronics.X-CUBE-ALGOBUILD.1.4.0
2025-08-24 09:11:52,084 [WARN] PackLoader:240 - Cannot read IP mode file for STMicroelectronics.X-CUBE-MEMS1.11.3.0
2025-08-24 09:11:52,302 [WARN] PackLoader:240 - Cannot read IP mode file for STMicroelectronics.X-CUBE-PM33A1.1.0.0
2025-08-24 09:11:52,334 [WARN] PackLoader:240 - Cannot read IP mode file for STMicroelectronics.X-CUBE-AZRTOS-F4.1.1.0
2025-08-24 09:11:52,351 [ERROR] Engine:466 - C:\Users\jakgr\.stm32cubemx\thirdparties\pdsc\Avnet-IotConnect.X-CUBE-IoTC-DA16k-PMOD.1.0.0.pdsc: PDSC version is not supported
2025-08-24 09:11:52,366 [WARN] PackLoader:240 - Cannot read IP mode file for STMicroelectronics.X-CUBE-ISPU.2.1.0
2025-08-24 09:11:52,383 [WARN] PackLoader:240 - Cannot read IP mode file for STMicroelectronics.X-CUBE-NFC12.1.0.0
2025-08-24 09:11:52,418 [WARN] PackLoader:240 - Cannot read IP mode file for STMicroelectronics.X-CUBE-AZRTOS-L5.2.0.0
2025-08-24 09:11:52,448 [WARN] PackLoader:240 - Cannot read IP mode file for STMicroelectronics.X-CUBE-NFC6.3.1.0
2025-08-24 09:11:52,477 [WARN] PackLoader:240 - Cannot read IP mode file for STMicroelectronics.X-CUBE-FREERTOS.1.3.1
2025-08-24 09:11:52,502 [ERROR] Engine:466 - C:\Users\jakgr\.stm32cubemx\thirdparties\pdsc\STMicroelectronics.FP-SNS-STAIOTCFT.1.0.0.pdsc: PDSC version is not supported
2025-08-24 09:11:52,528 [WARN] PackLoader:240 - Cannot read IP mode file for STMicroelectronics.X-CUBE-DPower.1.3.0
2025-08-24 09:11:52,569 [WARN] ConditionMgr:438 - getConditionDescription Invalid condition id : LAN8742 Phy interface Condition cause : null
2025-08-24 09:11:52,570 [WARN] PackLoader:240 - Cannot read IP mode file for STMicroelectronics.X-CUBE-AZRTOS-L4.2.0.0
2025-08-24 09:11:52,571 [WARN] ConditionMgr:1039 - genDependencies : Invalid condition id : LAN8742 Phy interface Condition cause : null
2025-08-24 09:11:52,571 [WARN] ConditionMgr:1039 - genDependencies : Invalid condition id : LAN8742 Phy interface Condition cause : null
2025-08-24 09:11:52,572 [WARN] ConditionMgr:1039 - genDependencies : Invalid condition id : LAN8742 Phy interface Condition cause : null
2025-08-24 09:11:52,592 [WARN] PackLoader:240 - Cannot read IP mode file for STMicroelectronics.X-CUBE-SFXS2LP1.4.0.0
2025-08-24 09:11:52,608 [ERROR] Engine:466 - C:\Users\jakgr\.stm32cubemx\thirdparties\pdsc\STMicroelectronics.X-CUBE-BLEMGR.4.1.0.pdsc: PDSC version is not supported
2025-08-24 09:11:52,631 [WARN] ConditionMgr:438 - getConditionDescription Invalid condition id : UX DEVICE CLASS RTOS Condition cause : null
2025-08-24 09:11:52,631 [WARN] ConditionMgr:438 - getConditionDescription Invalid condition id : UX DEVICE CLASS RTOS Condition cause : null
2025-08-24 09:11:52,632 [WARN] PackLoader:240 - Cannot read IP mode file for STMicroelectronics.X-CUBE-AZRTOS-WB.2.0.0
2025-08-24 09:11:52,633 [WARN] ConditionMgr:1039 - genDependencies : Invalid condition id : UX DEVICE CLASS RTOS Condition cause : null
2025-08-24 09:11:52,633 [WARN] ConditionMgr:1039 - genDependencies : Invalid condition id : UX DEVICE CLASS RTOS Condition cause : null
2025-08-24 09:11:52,633 [WARN] ConditionMgr:1039 - genDependencies : Invalid condition id : UX DEVICE CLASS RTOS Condition cause : null
2025-08-24 09:11:52,633 [WARN] ConditionMgr:1039 - genDependencies : Invalid condition id : UX DEVICE CLASS RTOS Condition cause : null
2025-08-24 09:11:52,633 [WARN] ConditionMgr:1039 - genDependencies : Invalid condition id : UX DEVICE CLASS RTOS Condition cause : null
2025-08-24 09:11:52,649 [WARN] PackLoader:240 - Cannot read IP mode file for STMicroelectronics.X-CUBE-GNSS1.7.0.1
2025-08-24 09:11:52,665 [WARN] PackLoader:240 - Cannot read IP mode file for STMicroelectronics.X-CUBE-TOUCHGFX.4.25.0
2025-08-24 09:11:52,679 [WARN] ConditionMgr:438 - getConditionDescription Invalid condition id : Cortex-A Device cause : null
2025-08-24 09:11:52,701 [WARN] ConditionMgr:1039 - genDependencies : Invalid condition id : Cortex-A Device cause : null
2025-08-24 09:11:52,701 [WARN] ConditionMgr:1039 - genDependencies : Invalid condition id : Cortex-A Device cause : null
2025-08-24 09:11:52,701 [WARN] ConditionMgr:1039 - genDependencies : Invalid condition id : Cortex-A Device cause : null
2025-08-24 09:11:52,716 [INFO] WebApp:161 - Instantiating new browser for Auth
2025-08-24 09:11:52,720 [WARN] PackLoader:240 - Cannot read IP mode file for STMicroelectronics.X-CUBE-SUBG2.5.0.0
2025-08-24 09:11:52,774 [WARN] PackLoader:240 - Cannot read IP mode file for STMicroelectronics.X-CUBE-AZRTOS-H7RS.1.1.0
2025-08-24 09:11:52,796 [WARN] PackLoader:240 - Cannot read IP mode file for Cesanta.I-CUBE-Mongoose.7.13.0
2025-08-24 09:11:52,824 [WARN] PackLoader:240 - Cannot read IP mode file for STMicroelectronics.X-CUBE-AZRTOS-G4.2.0.0
2025-08-24 09:11:52,841 [WARN] PackLoader:240 - Cannot read IP mode file for wolfSSL.I-CUBE-wolfSSH.1.4.20
2025-08-24 09:11:52,856 [WARN] PackLoader:240 - Cannot read IP mode file for STMicroelectronics.X-CUBE-NFC7.2.0.0
2025-08-24 09:11:52,873 [ERROR] Engine:466 - C:\Users\jakgr\.stm32cubemx\thirdparties\pdsc\STMicroelectronics.X-CUBE-IPS.3.1.0.pdsc: PDSC version is not supported
2025-08-24 09:11:52,889 [WARN] PackLoader:240 - Cannot read IP mode file for STMicroelectronics.X-CUBE-ALS.1.0.2
2025-08-24 09:11:52,905 [WARN] PackLoader:240 - Cannot read IP mode file for portGmbH.I-Cube-SoM-uGOAL.1.1.0
2025-08-24 09:11:52,923 [ERROR] Engine:466 - C:\Users\jakgr\.stm32cubemx\thirdparties\pdsc\STMicroelectronics.X-CUBE-TOF1.3.4.3.pdsc: PDSC version is not supported
2025-08-24 09:11:52,924 [INFO] ThirdParty:978 - Integrity check success = true
2025-08-24 09:11:52,924 [INFO] IntegrityCheckThread:100 - exiting critical section [integrity check]
2025-08-24 09:11:52,924 [INFO] IntegrityCheckThread:103 - End integrity checks thread
2025-08-24 09:11:53,943 [INFO] WebApp:779 - Register for checkConnection events
2025-08-24 09:11:53,943 [INFO] WebApp:414 - Apply proxy settings
2025-08-24 09:11:53,943 [INFO] WebApp:499 - Chromium requires no authentication
2025-08-24 09:11:53,950 [INFO] WebApp:442 - Direct internet connection detected
2025-08-24 09:11:54,117 [INFO] WebApp:192 - Starting web application
2025-08-24 09:11:54,117 [INFO] WebApp:544 - Web application path used C:\ST\STM32CubeIDE_1.15.1\STM32CubeIDE\plugins\com.st.stm32cube.common.mx_6.11.1.202404110753\db\plugins\mcufinder\reactClient1\index.html
2025-08-24 19:45:49,784 [ERROR] LogOutputStream:75 - [STDERR_REDIRECT] 
