2025-09-19 16:59:44,730 [INFO] Activator:176 - 


2025-09-19 16:59:44,735 [INFO] Activator:177 - !SESSION log4j initialized
2025-09-19 16:59:55,705 [INFO] LogOutputStream:77 - [STDOUT_REDIRECT] 
2025-09-19 16:59:58,754 [INFO] ApplicationProperties:184 - Using Application install path: C:\ST\STM32CubeIDE_1.15.1\STM32CubeIDE\plugins\com.st.stm32cube.common.mx_6.11.1.202404110753
2025-09-19 16:59:58,773 [INFO] DbMcusXml:78 - Set database path to: C:\ST\STM32CubeIDE_1.15.1\STM32CubeIDE\plugins\com.st.stm32cube.common.mx_6.11.1.202404110753\\db\/mcu/
2025-09-19 16:59:58,774 [INFO] ApiDb:274 - Set plugin database path to: C:\ST\STM32CubeIDE_1.15.1\STM32CubeIDE\plugins\com.st.stm32cube.common.mx_6.11.1.202404110753\\db\/plugins/boardmanager/
2025-09-19 16:59:58,774 [WARN] ApiDb:259 - Overriding images path with different value:  => C:\ST\STM32CubeIDE_1.15.1\STM32CubeIDE\plugins\com.st.stm32cube.common.mx_6.11.1.202404110753\\db\/plugins/mcufinder/images/
2025-09-19 16:59:58,784 [INFO] ApiDb:250 - Set database path to: C:\Users\jakgr\.stmcufinder\plugins\mcufinder//mcu/
2025-09-19 16:59:58,785 [INFO] DbMcusAds:125 - Set database path to: C:\Users\jakgr\.stmcufinder\plugins\mcufinder//mcu/
2025-09-19 16:59:58,787 [INFO] CrossReferenceDbSqlite:203 - Set database path to: C:\Users\jakgr\.stmcufinder\plugins\mcufinder//mcu/cs/
2025-09-19 16:59:58,920 [INFO] RulesReader:64 - Compatibility file has been processed (297 Rules)
2025-09-19 16:59:59,010 [INFO] DbMcusXml:78 - Set database path to: C:\ST\STM32CubeIDE_1.15.1\STM32CubeIDE\plugins\com.st.stm32cube.common.mx_6.11.1.202404110753\\db\/mcu/
2025-09-19 16:59:59,010 [INFO] ApiDb:274 - Set plugin database path to: C:\ST\STM32CubeIDE_1.15.1\STM32CubeIDE\plugins\com.st.stm32cube.common.mx_6.11.1.202404110753\\db\/plugins/boardmanager/
2025-09-19 16:59:59,010 [INFO] ApiDb:261 - Set plugin images path to: C:\ST\STM32CubeIDE_1.15.1\STM32CubeIDE\plugins\com.st.stm32cube.common.mx_6.11.1.202404110753\\db\/plugins/mcufinder/images/
2025-09-19 16:59:59,010 [WARN] DbFile:41 - Overriding database path with different value: C:\Users\jakgr\.stmcufinder\plugins\mcufinder/ => C:\Users\jakgr\.stmcufinder\plugins\mcufinder
2025-09-19 16:59:59,010 [INFO] ApiDb:250 - Set database path to: C:\Users\jakgr\.stmcufinder\plugins\mcufinder//mcu/
2025-09-19 16:59:59,011 [WARN] DbFile:41 - Overriding database path with different value: C:\Users\jakgr\.stmcufinder\plugins\mcufinder/ => C:\Users\jakgr\.stmcufinder\plugins\mcufinder
2025-09-19 16:59:59,011 [INFO] DbMcusAds:125 - Set database path to: C:\Users\jakgr\.stmcufinder\plugins\mcufinder//mcu/
2025-09-19 16:59:59,011 [WARN] DbFile:41 - Overriding database path with different value: C:\Users\jakgr\.stmcufinder\plugins\mcufinder/ => C:\Users\jakgr\.stmcufinder\plugins\mcufinder
2025-09-19 16:59:59,011 [WARN] DbFile:41 - Overriding database path with different value: C:\Users\jakgr\.stmcufinder\plugins\mcufinder/ => C:\Users\jakgr\.stmcufinder\plugins\mcufinder
2025-09-19 16:59:59,011 [INFO] CrossReferenceDbSqlite:203 - Set database path to: C:\Users\jakgr\.stmcufinder\plugins\mcufinder//mcu/cs/
2025-09-19 16:59:59,099 [INFO] MainPanel:264 - HeapMemory: 268435456
2025-09-19 16:59:59,191 [INFO] DbMcusXml:78 - Set database path to: C:\ST\STM32CubeIDE_1.15.1\STM32CubeIDE\plugins\com.st.stm32cube.common.mx_6.11.1.202404110753\\db\/mcu/
2025-09-19 16:59:59,191 [INFO] ApiDb:274 - Set plugin database path to: C:\ST\STM32CubeIDE_1.15.1\STM32CubeIDE\plugins\com.st.stm32cube.common.mx_6.11.1.202404110753\\db\/plugins/boardmanager/
2025-09-19 16:59:59,191 [INFO] ApiDb:261 - Set plugin images path to: C:\ST\STM32CubeIDE_1.15.1\STM32CubeIDE\plugins\com.st.stm32cube.common.mx_6.11.1.202404110753\\db\/plugins/mcufinder/images/
2025-09-19 16:59:59,192 [WARN] DbFile:41 - Overriding database path with different value: C:\Users\jakgr\.stmcufinder\plugins\mcufinder/ => C:\Users\jakgr\.stmcufinder\plugins\mcufinder
2025-09-19 16:59:59,192 [INFO] ApiDb:250 - Set database path to: C:\Users\jakgr\.stmcufinder\plugins\mcufinder//mcu/
2025-09-19 16:59:59,192 [WARN] DbFile:41 - Overriding database path with different value: C:\Users\jakgr\.stmcufinder\plugins\mcufinder/ => C:\Users\jakgr\.stmcufinder\plugins\mcufinder
2025-09-19 16:59:59,192 [INFO] DbMcusAds:125 - Set database path to: C:\Users\jakgr\.stmcufinder\plugins\mcufinder//mcu/
2025-09-19 16:59:59,192 [WARN] DbFile:41 - Overriding database path with different value: C:\Users\jakgr\.stmcufinder\plugins\mcufinder/ => C:\Users\jakgr\.stmcufinder\plugins\mcufinder
2025-09-19 16:59:59,192 [WARN] DbFile:41 - Overriding database path with different value: C:\Users\jakgr\.stmcufinder\plugins\mcufinder/ => C:\Users\jakgr\.stmcufinder\plugins\mcufinder
2025-09-19 16:59:59,192 [INFO] CrossReferenceDbSqlite:203 - Set database path to: C:\Users\jakgr\.stmcufinder\plugins\mcufinder//mcu/cs/
2025-09-19 16:59:59,207 [INFO] ApplicationProperties:184 - Using Application install path: C:\ST\STM32CubeIDE_1.15.1\STM32CubeIDE\plugins\com.st.stm32cube.common.mx_6.11.1.202404110753
2025-09-19 16:59:59,209 [INFO] PluginManage:196 - Search for loadable plugins [exclusion list=, ]
2025-09-19 16:59:59,210 [INFO] PluginManage:310 - Check plugin analytics
2025-09-19 16:59:59,379 [INFO] AnalyticsPlugin:253 - Accepted Software Licenses: 
2025-09-19 16:59:59,379 [INFO] AnalyticsPlugin:255 - Accepted CMSIS Pack Licenses: 
2025-09-19 16:59:59,379 [INFO] AnalyticsPlugin:257 - Accepted Firmware Licenses: 
2025-09-19 16:59:59,381 [INFO] PluginManage:359 - Loaded plugin analytics (category:tool,tabindex:-1)
2025-09-19 16:59:59,381 [INFO] PluginManage:310 - Check plugin cadmodel
2025-09-19 16:59:59,407 [INFO] CADModel:105 - Init CAD model plugin
2025-09-19 16:59:59,407 [INFO] PluginManage:359 - Loaded plugin cadmodel (category:power,tabindex:5)
2025-09-19 16:59:59,407 [INFO] PluginManage:310 - Check plugin clock
2025-09-19 16:59:59,436 [INFO] PluginManage:359 - Loaded plugin clock (category:base,tabindex:2)
2025-09-19 16:59:59,436 [INFO] PluginManage:310 - Check plugin ddr
2025-09-19 16:59:59,438 [INFO] PluginManage:359 - Loaded plugin ddr (category:tool,tabindex:6)
2025-09-19 16:59:59,439 [INFO] PluginManage:310 - Check plugin filemanager
2025-09-19 16:59:59,596 [INFO] PluginManage:359 - Loaded plugin filemanager (category:base,tabindex:10)
2025-09-19 16:59:59,596 [INFO] PluginManage:310 - Check plugin ipmanager
2025-09-19 16:59:59,602 [INFO] PluginManage:359 - Loaded plugin ipmanager (category:base,tabindex:5)
2025-09-19 16:59:59,603 [INFO] PluginManage:310 - Check plugin lpbam
2025-09-19 16:59:59,625 [INFO] PluginManage:359 - Loaded plugin lpbam (category:base,tabindex:0)
2025-09-19 16:59:59,625 [INFO] PluginManage:310 - Check plugin memorymap
2025-09-19 16:59:59,650 [INFO] PluginManage:359 - Loaded plugin memorymap (category:base,tabindex:4)
2025-09-19 16:59:59,650 [INFO] PluginManage:310 - Check plugin pinoutandconfiguration
2025-09-19 16:59:59,670 [INFO] PluginManage:359 - Loaded plugin pinoutandconfiguration (category:base,tabindex:1)
2025-09-19 16:59:59,670 [INFO] PluginManage:310 - Check plugin pinoutconfig
2025-09-19 16:59:59,752 [WARN] SupportedApi:132 - Cannot load RTOS API schema: s4s-elt-must-match.1: The content of 'definitions' must match (annotation?, (simpleType | complexType)?, (unique | key | keyref)*)). A problem was found starting at: attribute.
2025-09-19 16:59:59,877 [INFO] PluginManage:359 - Loaded plugin pinoutconfig (category:base,tabindex:0)
2025-09-19 16:59:59,877 [INFO] PluginManage:310 - Check plugin power
2025-09-19 16:59:59,902 [INFO] PluginManage:359 - Loaded plugin power (category:power,tabindex:4)
2025-09-19 16:59:59,902 [INFO] PluginManage:310 - Check plugin projectmanager
2025-09-19 16:59:59,918 [INFO] PluginManage:359 - Loaded plugin projectmanager (category:projectmanager,tabindex:3)
2025-09-19 16:59:59,919 [INFO] PluginManage:310 - Check plugin thirdparty
2025-09-19 17:00:00,272 [INFO] PluginManage:359 - Loaded plugin thirdparty (category:base,tabindex:-1)
2025-09-19 17:00:00,272 [WARN] IntegrityCheckThread:84 - waiting for thirdparty lock release [integrity check]
2025-09-19 17:00:00,272 [INFO] IntegrityCheckThread:86 - entering critical section [integrity check]
2025-09-19 17:00:00,272 [INFO] PluginManage:310 - Check plugin tools
2025-09-19 17:00:00,272 [INFO] ThirdPartyUpdaterWithRetryManager:70 - Updater plugin not ready yet. [1/15]
2025-09-19 17:00:00,317 [INFO] PluginManage:359 - Loaded plugin tools (category:base,tabindex:7)
2025-09-19 17:00:00,317 [INFO] PluginManage:310 - Check plugin tutovideos
2025-09-19 17:00:00,511 [INFO] PluginManage:359 - Loaded plugin tutovideos (category:base,tabindex:-1)
2025-09-19 17:00:00,511 [INFO] PluginManage:310 - Check plugin updater
2025-09-19 17:00:00,523 [INFO] PluginManage:359 - Loaded plugin updater (category:base,tabindex:12)
2025-09-19 17:00:00,523 [INFO] PluginManage:310 - Check plugin userauth
2025-09-19 17:00:00,528 [INFO] UserAuth:114 - Init User Auth plugin
2025-09-19 17:00:00,529 [INFO] PluginManage:359 - Loaded plugin userauth (category:base,tabindex:14)
2025-09-19 17:00:00,529 [INFO] PluginManage:283 - PluginManage : Loaded plugins [17]
2025-09-19 17:00:00,750 [INFO] PinOutPanel:1561 - setPackage(No Configuration,No Configuration)
2025-09-19 17:00:00,827 [INFO] CADModel:165 - CPN selected for project level
2025-09-19 17:00:00,827 [INFO] CADModel:114 - Register for checkConnection events
2025-09-19 17:00:00,859 [INFO] IPUIPlugin:80 - create IPUIPlugin
2025-09-19 17:00:00,859 [INFO] PluginManager:220 - loadIPPluginJar : add adc
2025-09-19 17:00:00,906 [INFO] IPUIPlugin:80 - create IPUIPlugin
2025-09-19 17:00:00,906 [INFO] PluginManager:220 - loadIPPluginJar : add aes
2025-09-19 17:00:00,964 [INFO] IPUIPlugin:80 - create IPUIPlugin
2025-09-19 17:00:00,964 [INFO] PluginManager:220 - loadIPPluginJar : add can
2025-09-19 17:00:01,000 [INFO] IPUIPlugin:80 - create IPUIPlugin
2025-09-19 17:00:01,001 [INFO] PluginManager:220 - loadIPPluginJar : add comp
2025-09-19 17:00:01,047 [INFO] IPUIPlugin:80 - create IPUIPlugin
2025-09-19 17:00:01,047 [INFO] PluginManager:220 - loadIPPluginJar : add cryp
2025-09-19 17:00:01,095 [INFO] IPUIPlugin:80 - create IPUIPlugin
2025-09-19 17:00:01,095 [INFO] PluginManager:220 - loadIPPluginJar : add dfsdm
2025-09-19 17:00:01,113 [INFO] IPUIPlugin:80 - create IPUIPlugin
2025-09-19 17:00:01,113 [INFO] PluginManager:220 - loadIPPluginJar : add dma
2025-09-19 17:00:01,182 [INFO] IPUIPlugin:80 - create IPUIPlugin
2025-09-19 17:00:01,182 [INFO] PluginManager:220 - loadIPPluginJar : add dma3
2025-09-19 17:00:01,246 [INFO] IPUIPlugin:80 - create IPUIPlugin
2025-09-19 17:00:01,246 [INFO] PluginManager:220 - loadIPPluginJar : add extmemmanager
2025-09-19 17:00:01,278 [INFO] IPUIPlugin:80 - create IPUIPlugin
2025-09-19 17:00:01,278 [INFO] PluginManager:220 - loadIPPluginJar : add fatfs
2025-09-19 17:00:01,338 [INFO] IPUIPlugin:80 - create IPUIPlugin
2025-09-19 17:00:01,338 [INFO] PluginManager:220 - loadIPPluginJar : add fmc
2025-09-19 17:00:01,356 [INFO] IPUIPlugin:80 - create IPUIPlugin
2025-09-19 17:00:01,357 [INFO] PluginManager:220 - loadIPPluginJar : add freertos
2025-09-19 17:00:01,384 [INFO] IPUIPlugin:80 - create IPUIPlugin
2025-09-19 17:00:01,384 [INFO] PluginManager:220 - loadIPPluginJar : add genericplugin
2025-09-19 17:00:01,502 [INFO] IPUIPlugin:80 - create IPUIPlugin
2025-09-19 17:00:01,502 [INFO] PluginManager:220 - loadIPPluginJar : add gfxmmu
2025-09-19 17:00:01,660 [INFO] IPUIPlugin:80 - create IPUIPlugin
2025-09-19 17:00:01,660 [INFO] PluginManager:220 - loadIPPluginJar : add gic
2025-09-19 17:00:01,677 [INFO] IPUIPlugin:80 - create IPUIPlugin
2025-09-19 17:00:01,677 [INFO] PluginManager:220 - loadIPPluginJar : add gpio
2025-09-19 17:00:01,791 [INFO] IPUIPlugin:80 - create IPUIPlugin
2025-09-19 17:00:01,791 [INFO] PluginManager:220 - loadIPPluginJar : add gtzc
2025-09-19 17:00:01,843 [INFO] IPUIPlugin:80 - create IPUIPlugin
2025-09-19 17:00:01,843 [INFO] PluginManager:220 - loadIPPluginJar : add hash
2025-09-19 17:00:01,926 [INFO] IPUIPlugin:80 - create IPUIPlugin
2025-09-19 17:00:01,926 [INFO] PluginManager:220 - loadIPPluginJar : add i2c
2025-09-19 17:00:01,985 [INFO] IPUIPlugin:80 - create IPUIPlugin
2025-09-19 17:00:01,986 [INFO] PluginManager:220 - loadIPPluginJar : add i2s
2025-09-19 17:00:02,040 [INFO] IPUIPlugin:80 - create IPUIPlugin
2025-09-19 17:00:02,040 [INFO] PluginManager:220 - loadIPPluginJar : add i3c
2025-09-19 17:00:02,159 [INFO] IPUIPlugin:80 - create IPUIPlugin
2025-09-19 17:00:02,160 [INFO] PluginManager:220 - loadIPPluginJar : add ipddr
2025-09-19 17:00:02,302 [INFO] IPUIPlugin:80 - create IPUIPlugin
2025-09-19 17:00:02,302 [INFO] PluginManager:220 - loadIPPluginJar : add linkedlist
2025-09-19 17:00:02,355 [INFO] IPUIPlugin:80 - create IPUIPlugin
2025-09-19 17:00:02,355 [INFO] PluginManager:220 - loadIPPluginJar : add lorawan
2025-09-19 17:00:02,407 [INFO] IPUIPlugin:80 - create IPUIPlugin
2025-09-19 17:00:02,407 [INFO] PluginManager:220 - loadIPPluginJar : add ltdc
2025-09-19 17:00:02,424 [INFO] IPUIPlugin:80 - create IPUIPlugin
2025-09-19 17:00:02,424 [INFO] PluginManager:220 - loadIPPluginJar : add mdma
2025-09-19 17:00:02,440 [INFO] IPUIPlugin:80 - create IPUIPlugin
2025-09-19 17:00:02,440 [INFO] PluginManager:220 - loadIPPluginJar : add nvic
2025-09-19 17:00:02,500 [INFO] IPUIPlugin:80 - create IPUIPlugin
2025-09-19 17:00:02,500 [INFO] PluginManager:220 - loadIPPluginJar : add opamp
2025-09-19 17:00:02,575 [INFO] IPUIPlugin:80 - create IPUIPlugin
2025-09-19 17:00:02,575 [INFO] PluginManager:220 - loadIPPluginJar : add openamp
2025-09-19 17:00:02,630 [INFO] IPUIPlugin:80 - create IPUIPlugin
2025-09-19 17:00:02,630 [INFO] PluginManager:220 - loadIPPluginJar : add pdm2pcm
2025-09-19 17:00:02,648 [INFO] IPUIPlugin:80 - create IPUIPlugin
2025-09-19 17:00:02,649 [INFO] PluginManager:220 - loadIPPluginJar : add plateformsettings
2025-09-19 17:00:02,680 [INFO] IPUIPlugin:80 - create IPUIPlugin
2025-09-19 17:00:02,680 [INFO] PluginManager:220 - loadIPPluginJar : add quadspi
2025-09-19 17:00:02,699 [INFO] IPUIPlugin:80 - create IPUIPlugin
2025-09-19 17:00:02,699 [INFO] PluginManager:220 - loadIPPluginJar : add resmgrutility
2025-09-19 17:00:02,756 [INFO] IPUIPlugin:80 - create IPUIPlugin
2025-09-19 17:00:02,756 [INFO] PluginManager:220 - loadIPPluginJar : add sai
2025-09-19 17:00:02,816 [INFO] IPUIPlugin:80 - create IPUIPlugin
2025-09-19 17:00:02,816 [INFO] PluginManager:220 - loadIPPluginJar : add spi
2025-09-19 17:00:02,913 [INFO] IPUIPlugin:80 - create IPUIPlugin
2025-09-19 17:00:02,913 [INFO] PluginManager:220 - loadIPPluginJar : add stm32_wpan
2025-09-19 17:00:02,954 [INFO] IPUIPlugin:80 - create IPUIPlugin
2025-09-19 17:00:02,954 [INFO] PluginManager:220 - loadIPPluginJar : add tim
2025-09-19 17:00:03,044 [INFO] IPUIPlugin:80 - create IPUIPlugin
2025-09-19 17:00:03,044 [INFO] PluginManager:220 - loadIPPluginJar : add touchsensing
2025-09-19 17:00:03,080 [INFO] IPUIPlugin:80 - create IPUIPlugin
2025-09-19 17:00:03,080 [INFO] PluginManager:220 - loadIPPluginJar : add tracer_emb
2025-09-19 17:00:03,112 [INFO] IPUIPlugin:80 - create IPUIPlugin
2025-09-19 17:00:03,112 [INFO] PluginManager:220 - loadIPPluginJar : add ts
2025-09-19 17:00:03,142 [INFO] IPUIPlugin:80 - create IPUIPlugin
2025-09-19 17:00:03,142 [INFO] PluginManager:220 - loadIPPluginJar : add tsc
2025-09-19 17:00:03,174 [INFO] IPUIPlugin:80 - create IPUIPlugin
2025-09-19 17:00:03,174 [INFO] PluginManager:220 - loadIPPluginJar : add ucpd
2025-09-19 17:00:03,232 [INFO] IPUIPlugin:80 - create IPUIPlugin
2025-09-19 17:00:03,232 [INFO] PluginManager:220 - loadIPPluginJar : add usart
2025-09-19 17:00:03,277 [INFO] ThirdPartyUpdaterWithRetryManager:70 - Updater plugin not ready yet. [2/15]
2025-09-19 17:00:03,288 [INFO] IPUIPlugin:80 - create IPUIPlugin
2025-09-19 17:00:03,288 [INFO] PluginManager:220 - loadIPPluginJar : add usbx
2025-09-19 17:00:03,419 [INFO] CADModel:165 - CPN selected for project level
2025-09-19 17:00:03,419 [INFO] CADModel:114 - Register for checkConnection events
2025-09-19 17:00:03,419 [FATAL] Updater:308 - Updater called before beeing initialized
2025-09-19 17:00:03,419 [ERROR] CADModel:125 - Updater not yet initialized, retry later 
2025-09-19 17:00:03,543 [INFO] CADModel:165 - CPN selected for project level
2025-09-19 17:00:03,543 [INFO] CADModel:114 - Register for checkConnection events
2025-09-19 17:00:03,543 [FATAL] Updater:308 - Updater called before beeing initialized
2025-09-19 17:00:03,543 [ERROR] CADModel:125 - Updater not yet initialized, retry later 
2025-09-19 17:00:03,546 [FATAL] Updater:308 - Updater called before beeing initialized
2025-09-19 17:00:03,630 [FATAL] Updater:308 - Updater called before beeing initialized
2025-09-19 17:00:03,644 [INFO] DbMcusAds:53 - JSON generation date=Tue Jul 08 15:14:23 ICT 2025 (1751962463582)
2025-09-19 17:00:03,644 [FATAL] Updater:308 - Updater called before beeing initialized
2025-09-19 17:00:03,723 [WARN] DetailPanel:346 - Failed to get advertising image, set to default
2025-09-19 17:00:03,793 [FATAL] Updater:308 - Updater called before beeing initialized
2025-09-19 17:00:03,796 [FATAL] Updater:308 - Updater called before beeing initialized
2025-09-19 17:00:03,796 [FATAL] Updater:308 - Updater called before beeing initialized
2025-09-19 17:00:03,796 [WARN] DetailPanel:346 - Failed to get advertising image, set to default
2025-09-19 17:00:03,797 [FATAL] Updater:308 - Updater called before beeing initialized
2025-09-19 17:00:03,856 [ERROR] Updater:1120 - MainUpdater not yet initialized. External WinMGr cannot be set.
2025-09-19 17:00:03,871 [INFO] Updater:1056 - Updater Version found : 6.11.1
2025-09-19 17:00:03,889 [INFO] ApplicationProperties:184 - Using Application install path: C:\ST\STM32CubeIDE_1.15.1\STM32CubeIDE\plugins\com.st.stm32cube.common.mx_6.11.1.202404110753
2025-09-19 17:00:04,287 [INFO] MainUpdater:2873 - connection check result : 10
2025-09-19 17:00:04,287 [INFO] MainUpdater:3567 - Updater definition file requires update
2025-09-19 17:00:04,288 [INFO] MainUpdater:290 - Updater Check For Update Now.
2025-09-19 17:00:04,288 [INFO] MicroXplorer:498 - Change Database Version : DB.6.0.111
2025-09-19 17:00:04,308 [INFO] McuFinderGlobals:63 - Set McuFinder mode to 2 (CubeIDE integrated)
2025-09-19 17:00:04,308 [INFO] UserAuth:179 - activating auth plugin
2025-09-19 17:00:04,312 [INFO] UserAuth:415 - Internet connection configuration mode: 1
2025-09-19 17:00:04,338 [INFO] JxBrowserEngine:152 - Initiate JxBrowser Engine with user profile folder
2025-09-19 17:00:04,419 [INFO] ServerAccessManage:473 - Download File updaters.zip
2025-09-19 17:00:04,607 [INFO] FileExtend:240 - Unzip File : updaters.zip
2025-09-19 17:00:04,608 [INFO] FileExtend:255 - Standard Zip Deflate
2025-09-19 17:00:05,500 [INFO] ServerAccessManage:473 - Download File PacksControlFlags.xml
2025-09-19 17:00:05,642 [INFO] ServerAccessManage:473 - Download File cubemx.pidx
2025-09-19 17:00:06,290 [WARN] MainUpdater:1194 - Updater busy. Cannot search thirdparties
2025-09-19 17:00:06,290 [INFO] ThirdPartyUpdaterWithRetryManager:96 - Updater plugin is busy. [1/15]
2025-09-19 17:00:06,357 [INFO] ServerAccessManage:473 - Download File STMicroelectronics.X-CUBE-FREERTOS.pdsc
2025-09-19 17:00:07,626 [INFO] ServerAccessManage:473 - Download File STMicroelectronics.X-CUBE-STSE01.pdsc
2025-09-19 17:00:09,283 [INFO] WebApp:161 - Instantiating new browser for Auth
2025-09-19 17:00:09,294 [WARN] MainUpdater:1194 - Updater busy. Cannot search thirdparties
2025-09-19 17:00:09,294 [INFO] ThirdPartyUpdaterWithRetryManager:96 - Updater plugin is busy. [2/15]
2025-09-19 17:00:09,787 [INFO] ServerAccessManage:473 - Download File EmbeddedOffice.I-CUBE-FS-RTOS.pdsc
2025-09-19 17:00:09,821 [INFO] WebApp:779 - Register for checkConnection events
2025-09-19 17:00:09,821 [INFO] WebApp:414 - Apply proxy settings
2025-09-19 17:00:09,822 [INFO] WebApp:499 - Chromium requires no authentication
2025-09-19 17:00:09,829 [INFO] WebApp:442 - Direct internet connection detected
2025-09-19 17:00:09,987 [INFO] WebApp:192 - Starting web application
2025-09-19 17:00:09,987 [INFO] WebApp:544 - Web application path used C:\ST\STM32CubeIDE_1.15.1\STM32CubeIDE\plugins\com.st.stm32cube.common.mx_6.11.1.202404110753\db\plugins\mcufinder\reactClient1\index.html
2025-09-19 17:00:10,414 [WARN] PackLoader:240 - Cannot read IP mode file for STMicroelectronics.X-CUBE-FREERTOS.1.3.1
2025-09-19 17:00:10,427 [WARN] PackLoader:240 - Cannot read IP mode file for STMicroelectronics.X-CUBE-STSE01.1.0.0
2025-09-19 17:00:10,440 [WARN] PackLoader:240 - Cannot read IP mode file for EmbeddedOffice.I-CUBE-FS-RTOS.1.0.1
2025-09-19 17:00:10,440 [ERROR] ConditionMgr:805 - Attr not supported : Dmpu
2025-09-19 17:00:10,440 [ERROR] ConditionMgr:805 - Attr not supported : Dmpu
2025-09-19 17:00:10,440 [ERROR] ConditionMgr:805 - Attr not supported : Dmpu
2025-09-19 17:00:10,440 [ERROR] ConditionMgr:805 - Attr not supported : Dmpu
2025-09-19 17:00:10,441 [ERROR] ConditionMgr:805 - Attr not supported : Dmpu
2025-09-19 17:00:10,441 [ERROR] ConditionMgr:805 - Attr not supported : Dmpu
2025-09-19 17:00:10,441 [ERROR] ConditionMgr:805 - Attr not supported : Dmpu
2025-09-19 17:00:10,441 [ERROR] ConditionMgr:805 - Attr not supported : Dmpu
2025-09-19 17:00:10,441 [ERROR] ConditionMgr:805 - Attr not supported : Dmpu
2025-09-19 17:00:10,441 [ERROR] ConditionMgr:805 - Attr not supported : Dmpu
2025-09-19 17:00:10,441 [ERROR] ConditionMgr:805 - Attr not supported : Dmpu
2025-09-19 17:00:10,441 [ERROR] ConditionMgr:805 - Attr not supported : Dmpu
2025-09-19 17:00:10,441 [ERROR] ConditionMgr:805 - Attr not supported : Dmpu
2025-09-19 17:00:10,441 [ERROR] ConditionMgr:805 - Attr not supported : Dmpu
2025-09-19 17:00:10,441 [ERROR] ConditionMgr:805 - Attr not supported : Dmpu
2025-09-19 17:00:10,441 [ERROR] ConditionMgr:805 - Attr not supported : Dmpu
2025-09-19 17:00:10,441 [ERROR] ConditionMgr:805 - Attr not supported : Dmpu
2025-09-19 17:00:10,441 [ERROR] ConditionMgr:805 - Attr not supported : Dmpu
2025-09-19 17:00:10,441 [ERROR] ConditionMgr:805 - Attr not supported : Dmpu
2025-09-19 17:00:10,441 [ERROR] ConditionMgr:805 - Attr not supported : Dmpu
2025-09-19 17:00:10,441 [ERROR] ConditionMgr:805 - Attr not supported : Dmpu
2025-09-19 17:00:10,441 [ERROR] ConditionMgr:805 - Attr not supported : Dmpu
2025-09-19 17:00:10,441 [ERROR] ConditionMgr:805 - Attr not supported : Dmpu
2025-09-19 17:00:10,441 [ERROR] ConditionMgr:805 - Attr not supported : Dmpu
2025-09-19 17:00:10,441 [ERROR] ConditionMgr:805 - Attr not supported : Dmpu
2025-09-19 17:00:10,441 [ERROR] ConditionMgr:805 - Attr not supported : Dmpu
2025-09-19 17:00:10,441 [ERROR] ConditionMgr:805 - Attr not supported : Dmpu
2025-09-19 17:00:10,441 [ERROR] ConditionMgr:805 - Attr not supported : Dmpu
2025-09-19 17:00:10,441 [ERROR] ConditionMgr:805 - Attr not supported : Dmpu
2025-09-19 17:00:10,441 [ERROR] ConditionMgr:805 - Attr not supported : Dmpu
2025-09-19 17:00:10,441 [ERROR] ConditionMgr:805 - Attr not supported : Dmpu
2025-09-19 17:00:10,441 [ERROR] ConditionMgr:805 - Attr not supported : Dmpu
2025-09-19 17:00:10,442 [ERROR] ConditionMgr:805 - Attr not supported : Dmpu
2025-09-19 17:00:10,442 [ERROR] ConditionMgr:805 - Attr not supported : Dmpu
2025-09-19 17:00:10,442 [ERROR] ConditionMgr:805 - Attr not supported : Dmpu
2025-09-19 17:00:10,442 [ERROR] ConditionMgr:805 - Attr not supported : Dmpu
2025-09-19 17:00:10,442 [ERROR] ConditionMgr:805 - Attr not supported : Dmpu
2025-09-19 17:00:10,442 [ERROR] ConditionMgr:805 - Attr not supported : Dmpu
2025-09-19 17:00:10,442 [ERROR] ConditionMgr:805 - Attr not supported : Dmpu
2025-09-19 17:00:10,442 [ERROR] ConditionMgr:805 - Attr not supported : Dmpu
2025-09-19 17:00:10,442 [ERROR] ConditionMgr:805 - Attr not supported : Dmpu
2025-09-19 17:00:10,442 [ERROR] ConditionMgr:805 - Attr not supported : Dmpu
2025-09-19 17:00:10,442 [ERROR] ConditionMgr:805 - Attr not supported : Dmpu
2025-09-19 17:00:10,442 [ERROR] ConditionMgr:805 - Attr not supported : Dmpu
2025-09-19 17:00:10,442 [ERROR] ConditionMgr:805 - Attr not supported : Dmpu
2025-09-19 17:00:10,442 [ERROR] ConditionMgr:805 - Attr not supported : Dmpu
2025-09-19 17:00:10,442 [ERROR] ConditionMgr:805 - Attr not supported : Dmpu
2025-09-19 17:00:10,442 [ERROR] ConditionMgr:805 - Attr not supported : Dmpu
2025-09-19 17:00:10,442 [ERROR] ConditionMgr:805 - Attr not supported : Dmpu
2025-09-19 17:00:10,442 [ERROR] ConditionMgr:805 - Attr not supported : Dmpu
2025-09-19 17:00:10,442 [ERROR] ConditionMgr:805 - Attr not supported : Dmpu
2025-09-19 17:00:10,442 [ERROR] ConditionMgr:805 - Attr not supported : Dmpu
2025-09-19 17:00:10,443 [ERROR] ConditionMgr:805 - Attr not supported : Dmpu
2025-09-19 17:00:10,443 [ERROR] ConditionMgr:805 - Attr not supported : Dmpu
2025-09-19 17:00:10,443 [ERROR] ConditionMgr:805 - Attr not supported : Dmpu
2025-09-19 17:00:10,443 [ERROR] ConditionMgr:805 - Attr not supported : Dmpu
2025-09-19 17:00:10,443 [ERROR] ConditionMgr:805 - Attr not supported : Dmpu
2025-09-19 17:00:10,443 [ERROR] ConditionMgr:805 - Attr not supported : Dmpu
2025-09-19 17:00:10,443 [ERROR] ConditionMgr:805 - Attr not supported : Dmpu
2025-09-19 17:00:10,443 [ERROR] ConditionMgr:805 - Attr not supported : Dmpu
2025-09-19 17:00:10,443 [ERROR] ConditionMgr:805 - Attr not supported : Dmpu
2025-09-19 17:00:10,443 [ERROR] ConditionMgr:805 - Attr not supported : Dmpu
2025-09-19 17:00:10,443 [ERROR] ConditionMgr:805 - Attr not supported : Dmpu
2025-09-19 17:00:10,443 [ERROR] ConditionMgr:805 - Attr not supported : Dmpu
2025-09-19 17:00:10,443 [INFO] PopulateThirdPartyThread:66 - Ending populate Thread
2025-09-19 17:00:10,446 [INFO] ThirdParty:1030 - CMSIS Pack Vendor :STMicroelectronics X-CUBE-FREERTOS 1.3.1
2025-09-19 17:00:10,446 [INFO] ThirdParty:1030 - CMSIS Pack Vendor :EmbeddedOffice I-CUBE-FS-RTOS 1.0.1
2025-09-19 17:00:10,446 [INFO] ThirdParty:1030 - CMSIS Pack Vendor :STMicroelectronics X-CUBE-STSE01 1.0.0
2025-09-19 17:00:10,446 [INFO] LoadServerUpdatesThread:375 - End of LoadServerUpdate Thread
2025-09-19 17:00:10,547 [INFO] CheckServerUpdateThread:120 - End of CheckServer Thread
2025-09-19 17:00:12,497 [WARN] PackLoader:240 - Cannot read IP mode file for STMicroelectronics.FP-SNS-MOTENVWB1.1.4.0
2025-09-19 17:00:12,504 [WARN] PackLoader:240 - Cannot read IP mode file for STMicroelectronics.FP-ATR-ASTRA1.2.0.2
2025-09-19 17:00:12,522 [WARN] PackLoader:240 - Cannot read IP mode file for STMicroelectronics.X-CUBE-SMBUS.2.1.0
2025-09-19 17:00:12,535 [ERROR] Engine:466 - C:\Users\jakgr\.stm32cubemx\thirdparties\pdsc\STMicroelectronics.X-CUBE-ST60.1.0.0.pdsc: PDSC version is not supported
2025-09-19 17:00:12,563 [WARN] PackLoader:240 - Cannot read IP mode file for STMicroelectronics.X-CUBE-AZRTOS-F7.1.1.0
2025-09-19 17:00:12,597 [WARN] PackLoader:240 - Cannot read IP mode file for Infineon.AIROC-Wi-Fi-Bluetooth-STM32.1.7.1
2025-09-19 17:00:12,633 [WARN] PackLoader:240 - Cannot read IP mode file for STMicroelectronics.X-CUBE-AZRTOS-H7.3.4.0
2025-09-19 17:00:12,656 [WARN] PackLoader:240 - Cannot read IP mode file for STMicroelectronics.X-CUBE-DISPLAY.3.0.0
2025-09-19 17:00:12,679 [WARN] PackLoader:240 - Cannot read IP mode file for STMicroelectronics.X-CUBE-NFC10.1.0.0
2025-09-19 17:00:12,697 [WARN] PackLoader:240 - Cannot read IP mode file for emotas.I-CUBE-CANOPEN.1.3.0
2025-09-19 17:00:12,712 [ERROR] Engine:466 - C:\Users\jakgr\.stm32cubemx\thirdparties\pdsc\STMicroelectronics.FP-SNS-STBOX1.2.1.0.pdsc: PDSC version is not supported
2025-09-19 17:00:12,728 [WARN] PackLoader:240 - Cannot read IP mode file for STMicroelectronics.FP-SNS-SMARTAG2.1.2.0
2025-09-19 17:00:12,732 [ERROR] Engine:466 - C:\Users\jakgr\.stm32cubemx\thirdparties\pdsc\STMicroelectronics.FP-SNS-FLIGHT1.5.1.0.pdsc: PDSC version is not supported
2025-09-19 17:00:12,752 [INFO] LogOutputStream:77 - [STDOUT_REDIRECT] 1 : Invalid condition id : UX_CORESTACK_Condition cause : null
2025-09-19 17:00:12,753 [INFO] LogOutputStream:77 - [STDOUT_REDIRECT] 1 : Invalid condition id : UX_CORESTACK_Condition cause : null
2025-09-19 17:00:12,754 [INFO] LogOutputStream:77 - [STDOUT_REDIRECT] 1 : Invalid condition id : UX_CORESTACK_Condition cause : null
2025-09-19 17:00:12,754 [INFO] LogOutputStream:77 - [STDOUT_REDIRECT] 1 : Invalid condition id : UX_CORESTACK_Condition cause : null
2025-09-19 17:00:12,755 [INFO] LogOutputStream:77 - [STDOUT_REDIRECT] 1 : Invalid condition id : UX_CORESTACK_Condition cause : null
2025-09-19 17:00:12,757 [WARN] PackLoader:240 - Cannot read IP mode file for STMicroelectronics.X-CUBE-AZRTOS-WL.2.0.0
2025-09-19 17:00:12,773 [WARN] PackLoader:240 - Cannot read IP mode file for STMicroelectronics.FP-SNS-MOTENV1.5.0.0
2025-09-19 17:00:12,792 [WARN] PackLoader:240 - Cannot read IP mode file for WES.I-CUBE-Cesium.1.3.0
2025-09-19 17:00:12,810 [WARN] PackLoader:240 - Cannot read IP mode file for STMicroelectronics.X-CUBE-BLE2.3.3.0
2025-09-19 17:00:12,828 [WARN] PackLoader:240 - Cannot read IP mode file for STMicroelectronics.X-CUBE-NFC9.1.0.0
2025-09-19 17:00:12,844 [WARN] PackLoader:240 - Cannot read IP mode file for wolfSSL.I-CUBE-wolfSSL.5.8.2
2025-09-19 17:00:12,861 [WARN] PackLoader:240 - Cannot read IP mode file for STMicroelectronics.X-CUBE-BLE1.7.1.0
2025-09-19 17:00:12,866 [WARN] PackLoader:240 - Cannot read IP mode file for wolfSSL.I-CUBE-wolfMQTT.1.19.2
2025-09-19 17:00:12,883 [WARN] PackLoader:240 - Cannot read IP mode file for STMicroelectronics.X-CUBE-EEPRMA1.5.2.0
2025-09-19 17:00:12,912 [WARN] PackLoader:240 - Cannot read IP mode file for STMicroelectronics.X-CUBE-AZRTOS-G0.1.1.0
2025-09-19 17:00:12,931 [WARN] PackLoader:240 - Cannot read IP mode file for STMicroelectronics.X-CUBE-SAFEA1.1.2.2
2025-09-19 17:00:12,949 [WARN] PackLoader:240 - Cannot read IP mode file for STMicroelectronics.X-CUBE-NFC4.3.0.0
2025-09-19 17:00:12,956 [WARN] PackLoader:240 - Cannot read IP mode file for EmbeddedOffice.I-CUBE-FS-RTOS.1.0.1
2025-09-19 17:00:12,957 [ERROR] ConditionMgr:805 - Attr not supported : Dmpu
2025-09-19 17:00:12,957 [ERROR] ConditionMgr:805 - Attr not supported : Dmpu
2025-09-19 17:00:12,957 [ERROR] ConditionMgr:805 - Attr not supported : Dmpu
2025-09-19 17:00:12,957 [ERROR] ConditionMgr:805 - Attr not supported : Dmpu
2025-09-19 17:00:12,957 [ERROR] ConditionMgr:805 - Attr not supported : Dmpu
2025-09-19 17:00:12,957 [ERROR] ConditionMgr:805 - Attr not supported : Dmpu
2025-09-19 17:00:12,957 [ERROR] ConditionMgr:805 - Attr not supported : Dmpu
2025-09-19 17:00:12,957 [ERROR] ConditionMgr:805 - Attr not supported : Dmpu
2025-09-19 17:00:12,957 [ERROR] ConditionMgr:805 - Attr not supported : Dmpu
2025-09-19 17:00:12,957 [ERROR] ConditionMgr:805 - Attr not supported : Dmpu
2025-09-19 17:00:12,957 [ERROR] ConditionMgr:805 - Attr not supported : Dmpu
2025-09-19 17:00:12,957 [ERROR] ConditionMgr:805 - Attr not supported : Dmpu
2025-09-19 17:00:12,957 [ERROR] ConditionMgr:805 - Attr not supported : Dmpu
2025-09-19 17:00:12,957 [ERROR] ConditionMgr:805 - Attr not supported : Dmpu
2025-09-19 17:00:12,957 [ERROR] ConditionMgr:805 - Attr not supported : Dmpu
2025-09-19 17:00:12,957 [ERROR] ConditionMgr:805 - Attr not supported : Dmpu
2025-09-19 17:00:12,957 [ERROR] ConditionMgr:805 - Attr not supported : Dmpu
2025-09-19 17:00:12,958 [ERROR] ConditionMgr:805 - Attr not supported : Dmpu
2025-09-19 17:00:12,958 [ERROR] ConditionMgr:805 - Attr not supported : Dmpu
2025-09-19 17:00:12,958 [ERROR] ConditionMgr:805 - Attr not supported : Dmpu
2025-09-19 17:00:12,958 [ERROR] ConditionMgr:805 - Attr not supported : Dmpu
2025-09-19 17:00:12,958 [ERROR] ConditionMgr:805 - Attr not supported : Dmpu
2025-09-19 17:00:12,958 [ERROR] ConditionMgr:805 - Attr not supported : Dmpu
2025-09-19 17:00:12,958 [ERROR] ConditionMgr:805 - Attr not supported : Dmpu
2025-09-19 17:00:12,958 [ERROR] ConditionMgr:805 - Attr not supported : Dmpu
2025-09-19 17:00:12,958 [ERROR] ConditionMgr:805 - Attr not supported : Dmpu
2025-09-19 17:00:12,958 [ERROR] ConditionMgr:805 - Attr not supported : Dmpu
2025-09-19 17:00:12,958 [ERROR] ConditionMgr:805 - Attr not supported : Dmpu
2025-09-19 17:00:12,958 [ERROR] ConditionMgr:805 - Attr not supported : Dmpu
2025-09-19 17:00:12,958 [ERROR] ConditionMgr:805 - Attr not supported : Dmpu
2025-09-19 17:00:12,958 [ERROR] ConditionMgr:805 - Attr not supported : Dmpu
2025-09-19 17:00:12,958 [ERROR] ConditionMgr:805 - Attr not supported : Dmpu
2025-09-19 17:00:12,959 [ERROR] ConditionMgr:805 - Attr not supported : Dmpu
2025-09-19 17:00:12,959 [ERROR] ConditionMgr:805 - Attr not supported : Dmpu
2025-09-19 17:00:12,959 [ERROR] ConditionMgr:805 - Attr not supported : Dmpu
2025-09-19 17:00:12,959 [ERROR] ConditionMgr:805 - Attr not supported : Dmpu
2025-09-19 17:00:12,959 [ERROR] ConditionMgr:805 - Attr not supported : Dmpu
2025-09-19 17:00:12,959 [ERROR] ConditionMgr:805 - Attr not supported : Dmpu
2025-09-19 17:00:12,959 [ERROR] ConditionMgr:805 - Attr not supported : Dmpu
2025-09-19 17:00:12,959 [ERROR] ConditionMgr:805 - Attr not supported : Dmpu
2025-09-19 17:00:12,959 [ERROR] ConditionMgr:805 - Attr not supported : Dmpu
2025-09-19 17:00:12,960 [ERROR] ConditionMgr:805 - Attr not supported : Dmpu
2025-09-19 17:00:12,960 [ERROR] ConditionMgr:805 - Attr not supported : Dmpu
2025-09-19 17:00:12,960 [ERROR] ConditionMgr:805 - Attr not supported : Dmpu
2025-09-19 17:00:12,960 [ERROR] ConditionMgr:805 - Attr not supported : Dmpu
2025-09-19 17:00:12,960 [ERROR] ConditionMgr:805 - Attr not supported : Dmpu
2025-09-19 17:00:12,960 [ERROR] ConditionMgr:805 - Attr not supported : Dmpu
2025-09-19 17:00:12,960 [ERROR] ConditionMgr:805 - Attr not supported : Dmpu
2025-09-19 17:00:12,960 [ERROR] ConditionMgr:805 - Attr not supported : Dmpu
2025-09-19 17:00:12,960 [ERROR] ConditionMgr:805 - Attr not supported : Dmpu
2025-09-19 17:00:12,960 [ERROR] ConditionMgr:805 - Attr not supported : Dmpu
2025-09-19 17:00:12,960 [ERROR] ConditionMgr:805 - Attr not supported : Dmpu
2025-09-19 17:00:12,960 [ERROR] ConditionMgr:805 - Attr not supported : Dmpu
2025-09-19 17:00:12,960 [ERROR] ConditionMgr:805 - Attr not supported : Dmpu
2025-09-19 17:00:12,960 [ERROR] ConditionMgr:805 - Attr not supported : Dmpu
2025-09-19 17:00:12,960 [ERROR] ConditionMgr:805 - Attr not supported : Dmpu
2025-09-19 17:00:12,960 [ERROR] ConditionMgr:805 - Attr not supported : Dmpu
2025-09-19 17:00:12,960 [ERROR] ConditionMgr:805 - Attr not supported : Dmpu
2025-09-19 17:00:12,960 [ERROR] ConditionMgr:805 - Attr not supported : Dmpu
2025-09-19 17:00:12,960 [ERROR] ConditionMgr:805 - Attr not supported : Dmpu
2025-09-19 17:00:12,960 [ERROR] ConditionMgr:805 - Attr not supported : Dmpu
2025-09-19 17:00:12,961 [ERROR] ConditionMgr:805 - Attr not supported : Dmpu
2025-09-19 17:00:12,961 [ERROR] ConditionMgr:805 - Attr not supported : Dmpu
2025-09-19 17:00:12,961 [ERROR] ConditionMgr:805 - Attr not supported : Dmpu
2025-09-19 17:00:12,980 [WARN] PackLoader:240 - Cannot read IP mode file for STMicroelectronics.X-CUBE-WB05N.2.0.0
2025-09-19 17:00:12,986 [WARN] PackLoader:240 - Cannot read IP mode file for wolfSSL.I-CUBE-wolfTPM.3.8.0
2025-09-19 17:00:13,003 [ERROR] Engine:466 - C:\Users\jakgr\.stm32cubemx\thirdparties\pdsc\STMicroelectronics.X-CUBE-TCPP.4.2.0.pdsc: PDSC version is not supported
2025-09-19 17:00:13,019 [WARN] PackLoader:240 - Cannot read IP mode file for RealThread.X-CUBE-RT-Thread_Nano.4.1.1
2025-09-19 17:00:13,026 [WARN] PackLoader:240 - Cannot read IP mode file for STMicroelectronics.FP-ATR-SIGFOX1.3.2.0
2025-09-19 17:00:13,044 [WARN] PackLoader:240 - Cannot read IP mode file for ITTIA_DB.I-CUBE-ITTIADB.8.9.0
2025-09-19 17:00:13,064 [ERROR] Engine:466 - C:\Users\jakgr\.stm32cubemx\thirdparties\pdsc\STMicroelectronics.X-CUBE-ST67W61.1.0.0.pdsc: PDSC version is not supported
2025-09-19 17:00:13,080 [WARN] PackLoader:240 - Cannot read IP mode file for STMicroelectronics.X-CUBE-AI.10.2.0
2025-09-19 17:00:13,114 [WARN] PackLoader:240 - Cannot read IP mode file for SEGGER.I-CUBE-embOS.1.3.1
2025-09-19 17:00:13,157 [WARN] PackLoader:240 - Cannot read IP mode file for STMicroelectronics.X-CUBE-ALGOBUILD.1.4.0
2025-09-19 17:00:13,209 [WARN] PackLoader:240 - Cannot read IP mode file for STMicroelectronics.X-CUBE-MEMS1.11.3.0
2025-09-19 17:00:13,305 [WARN] PackLoader:240 - Cannot read IP mode file for STMicroelectronics.X-CUBE-PM33A1.1.0.0
2025-09-19 17:00:13,332 [WARN] PackLoader:240 - Cannot read IP mode file for STMicroelectronics.X-CUBE-AZRTOS-F4.1.1.0
2025-09-19 17:00:13,338 [ERROR] Engine:466 - C:\Users\jakgr\.stm32cubemx\thirdparties\pdsc\Avnet-IotConnect.X-CUBE-IoTC-DA16k-PMOD.1.0.0.pdsc: PDSC version is not supported
2025-09-19 17:00:13,353 [WARN] PackLoader:240 - Cannot read IP mode file for STMicroelectronics.X-CUBE-ISPU.2.1.0
2025-09-19 17:00:13,371 [WARN] PackLoader:240 - Cannot read IP mode file for STMicroelectronics.X-CUBE-NFC12.1.0.0
2025-09-19 17:00:13,404 [WARN] PackLoader:240 - Cannot read IP mode file for STMicroelectronics.X-CUBE-AZRTOS-L5.2.0.0
2025-09-19 17:00:13,426 [WARN] PackLoader:240 - Cannot read IP mode file for STMicroelectronics.X-CUBE-NFC6.3.1.0
2025-09-19 17:00:13,432 [WARN] PackLoader:240 - Cannot read IP mode file for STMicroelectronics.X-CUBE-FREERTOS.1.3.1
2025-09-19 17:00:13,454 [ERROR] Engine:466 - C:\Users\jakgr\.stm32cubemx\thirdparties\pdsc\STMicroelectronics.FP-SNS-STAIOTCFT.1.0.0.pdsc: PDSC version is not supported
2025-09-19 17:00:13,475 [WARN] PackLoader:240 - Cannot read IP mode file for STMicroelectronics.X-CUBE-DPower.1.3.0
2025-09-19 17:00:13,503 [WARN] ConditionMgr:438 - getConditionDescription Invalid condition id : LAN8742 Phy interface Condition cause : null
2025-09-19 17:00:13,503 [WARN] PackLoader:240 - Cannot read IP mode file for STMicroelectronics.X-CUBE-AZRTOS-L4.2.0.0
2025-09-19 17:00:13,504 [WARN] ConditionMgr:1039 - genDependencies : Invalid condition id : LAN8742 Phy interface Condition cause : null
2025-09-19 17:00:13,504 [WARN] ConditionMgr:1039 - genDependencies : Invalid condition id : LAN8742 Phy interface Condition cause : null
2025-09-19 17:00:13,504 [WARN] ConditionMgr:1039 - genDependencies : Invalid condition id : LAN8742 Phy interface Condition cause : null
2025-09-19 17:00:13,524 [WARN] PackLoader:240 - Cannot read IP mode file for STMicroelectronics.X-CUBE-SFXS2LP1.4.0.0
2025-09-19 17:00:13,542 [ERROR] Engine:466 - C:\Users\jakgr\.stm32cubemx\thirdparties\pdsc\STMicroelectronics.X-CUBE-BLEMGR.4.1.0.pdsc: PDSC version is not supported
2025-09-19 17:00:13,566 [WARN] ConditionMgr:438 - getConditionDescription Invalid condition id : UX DEVICE CLASS RTOS Condition cause : null
2025-09-19 17:00:13,567 [WARN] ConditionMgr:438 - getConditionDescription Invalid condition id : UX DEVICE CLASS RTOS Condition cause : null
2025-09-19 17:00:13,569 [WARN] PackLoader:240 - Cannot read IP mode file for STMicroelectronics.X-CUBE-AZRTOS-WB.2.0.0
2025-09-19 17:00:13,570 [WARN] ConditionMgr:1039 - genDependencies : Invalid condition id : UX DEVICE CLASS RTOS Condition cause : null
2025-09-19 17:00:13,570 [WARN] ConditionMgr:1039 - genDependencies : Invalid condition id : UX DEVICE CLASS RTOS Condition cause : null
2025-09-19 17:00:13,570 [WARN] ConditionMgr:1039 - genDependencies : Invalid condition id : UX DEVICE CLASS RTOS Condition cause : null
2025-09-19 17:00:13,570 [WARN] ConditionMgr:1039 - genDependencies : Invalid condition id : UX DEVICE CLASS RTOS Condition cause : null
2025-09-19 17:00:13,570 [WARN] ConditionMgr:1039 - genDependencies : Invalid condition id : UX DEVICE CLASS RTOS Condition cause : null
2025-09-19 17:00:13,590 [WARN] PackLoader:240 - Cannot read IP mode file for STMicroelectronics.X-CUBE-GNSS1.7.0.1
2025-09-19 17:00:13,608 [WARN] PackLoader:240 - Cannot read IP mode file for STMicroelectronics.X-CUBE-TOUCHGFX.4.25.0
2025-09-19 17:00:13,612 [WARN] ConditionMgr:438 - getConditionDescription Invalid condition id : Cortex-A Device cause : null
2025-09-19 17:00:13,635 [WARN] ConditionMgr:1039 - genDependencies : Invalid condition id : Cortex-A Device cause : null
2025-09-19 17:00:13,635 [WARN] ConditionMgr:1039 - genDependencies : Invalid condition id : Cortex-A Device cause : null
2025-09-19 17:00:13,635 [WARN] ConditionMgr:1039 - genDependencies : Invalid condition id : Cortex-A Device cause : null
2025-09-19 17:00:13,655 [WARN] PackLoader:240 - Cannot read IP mode file for STMicroelectronics.X-CUBE-SUBG2.5.0.0
2025-09-19 17:00:13,686 [WARN] PackLoader:240 - Cannot read IP mode file for STMicroelectronics.X-CUBE-AZRTOS-H7RS.1.1.0
2025-09-19 17:00:13,693 [WARN] PackLoader:240 - Cannot read IP mode file for Cesanta.I-CUBE-Mongoose.7.13.0
2025-09-19 17:00:13,721 [WARN] PackLoader:240 - Cannot read IP mode file for STMicroelectronics.X-CUBE-AZRTOS-G4.2.0.0
2025-09-19 17:00:13,727 [WARN] PackLoader:240 - Cannot read IP mode file for wolfSSL.I-CUBE-wolfSSH.1.4.20
2025-09-19 17:00:13,745 [WARN] PackLoader:240 - Cannot read IP mode file for STMicroelectronics.X-CUBE-NFC7.2.0.0
2025-09-19 17:00:13,762 [ERROR] Engine:466 - C:\Users\jakgr\.stm32cubemx\thirdparties\pdsc\STMicroelectronics.X-CUBE-IPS.3.1.0.pdsc: PDSC version is not supported
2025-09-19 17:00:13,779 [WARN] PackLoader:240 - Cannot read IP mode file for STMicroelectronics.X-CUBE-ALS.1.0.2
2025-09-19 17:00:13,783 [WARN] PackLoader:240 - Cannot read IP mode file for STMicroelectronics.X-CUBE-STSE01.1.0.0
2025-09-19 17:00:13,801 [WARN] PackLoader:240 - Cannot read IP mode file for portGmbH.I-Cube-SoM-uGOAL.1.1.0
2025-09-19 17:00:13,820 [ERROR] Engine:466 - C:\Users\jakgr\.stm32cubemx\thirdparties\pdsc\STMicroelectronics.X-CUBE-TOF1.3.4.3.pdsc: PDSC version is not supported
2025-09-19 17:00:13,820 [INFO] ThirdParty:978 - Integrity check success = true
2025-09-19 17:00:13,820 [INFO] IntegrityCheckThread:100 - exiting critical section [integrity check]
2025-09-19 17:00:13,820 [INFO] IntegrityCheckThread:103 - End integrity checks thread
