2025-10-01 16:36:54,964 [INFO] Activator:176 - 


2025-10-01 16:36:54,970 [INFO] Activator:177 - !SESSION log4j initialized
2025-10-01 16:37:03,830 [INFO] LogOutputStream:77 - [STDOUT_REDIRECT] 
2025-10-01 16:37:07,432 [INFO] ApplicationProperties:184 - Using Application install path: C:\ST\STM32CubeIDE_1.15.1\STM32CubeIDE\plugins\com.st.stm32cube.common.mx_6.11.1.202404110753
2025-10-01 16:37:07,457 [INFO] DbMcusXml:78 - Set database path to: C:\ST\STM32CubeIDE_1.15.1\STM32CubeIDE\plugins\com.st.stm32cube.common.mx_6.11.1.202404110753\\db\/mcu/
2025-10-01 16:37:07,457 [INFO] ApiDb:274 - Set plugin database path to: C:\ST\STM32CubeIDE_1.15.1\STM32CubeIDE\plugins\com.st.stm32cube.common.mx_6.11.1.202404110753\\db\/plugins/boardmanager/
2025-10-01 16:37:07,457 [WARN] ApiDb:259 - Overriding images path with different value:  => C:\ST\STM32CubeIDE_1.15.1\STM32CubeIDE\plugins\com.st.stm32cube.common.mx_6.11.1.202404110753\\db\/plugins/mcufinder/images/
2025-10-01 16:37:07,469 [INFO] ApiDb:250 - Set database path to: C:\Users\jakgr\.stmcufinder\plugins\mcufinder//mcu/
2025-10-01 16:37:07,471 [INFO] DbMcusAds:125 - Set database path to: C:\Users\jakgr\.stmcufinder\plugins\mcufinder//mcu/
2025-10-01 16:37:07,474 [INFO] CrossReferenceDbSqlite:203 - Set database path to: C:\Users\jakgr\.stmcufinder\plugins\mcufinder//mcu/cs/
2025-10-01 16:37:07,609 [INFO] RulesReader:64 - Compatibility file has been processed (297 Rules)
2025-10-01 16:37:07,697 [INFO] DbMcusXml:78 - Set database path to: C:\ST\STM32CubeIDE_1.15.1\STM32CubeIDE\plugins\com.st.stm32cube.common.mx_6.11.1.202404110753\\db\/mcu/
2025-10-01 16:37:07,697 [INFO] ApiDb:274 - Set plugin database path to: C:\ST\STM32CubeIDE_1.15.1\STM32CubeIDE\plugins\com.st.stm32cube.common.mx_6.11.1.202404110753\\db\/plugins/boardmanager/
2025-10-01 16:37:07,698 [INFO] ApiDb:261 - Set plugin images path to: C:\ST\STM32CubeIDE_1.15.1\STM32CubeIDE\plugins\com.st.stm32cube.common.mx_6.11.1.202404110753\\db\/plugins/mcufinder/images/
2025-10-01 16:37:07,698 [WARN] DbFile:41 - Overriding database path with different value: C:\Users\jakgr\.stmcufinder\plugins\mcufinder/ => C:\Users\jakgr\.stmcufinder\plugins\mcufinder
2025-10-01 16:37:07,698 [INFO] ApiDb:250 - Set database path to: C:\Users\jakgr\.stmcufinder\plugins\mcufinder//mcu/
2025-10-01 16:37:07,698 [WARN] DbFile:41 - Overriding database path with different value: C:\Users\jakgr\.stmcufinder\plugins\mcufinder/ => C:\Users\jakgr\.stmcufinder\plugins\mcufinder
2025-10-01 16:37:07,698 [INFO] DbMcusAds:125 - Set database path to: C:\Users\jakgr\.stmcufinder\plugins\mcufinder//mcu/
2025-10-01 16:37:07,698 [WARN] DbFile:41 - Overriding database path with different value: C:\Users\jakgr\.stmcufinder\plugins\mcufinder/ => C:\Users\jakgr\.stmcufinder\plugins\mcufinder
2025-10-01 16:37:07,698 [WARN] DbFile:41 - Overriding database path with different value: C:\Users\jakgr\.stmcufinder\plugins\mcufinder/ => C:\Users\jakgr\.stmcufinder\plugins\mcufinder
2025-10-01 16:37:07,698 [INFO] CrossReferenceDbSqlite:203 - Set database path to: C:\Users\jakgr\.stmcufinder\plugins\mcufinder//mcu/cs/
2025-10-01 16:37:07,778 [INFO] MainPanel:264 - HeapMemory: 268435456
2025-10-01 16:37:07,860 [INFO] DbMcusXml:78 - Set database path to: C:\ST\STM32CubeIDE_1.15.1\STM32CubeIDE\plugins\com.st.stm32cube.common.mx_6.11.1.202404110753\\db\/mcu/
2025-10-01 16:37:07,860 [INFO] ApiDb:274 - Set plugin database path to: C:\ST\STM32CubeIDE_1.15.1\STM32CubeIDE\plugins\com.st.stm32cube.common.mx_6.11.1.202404110753\\db\/plugins/boardmanager/
2025-10-01 16:37:07,860 [INFO] ApiDb:261 - Set plugin images path to: C:\ST\STM32CubeIDE_1.15.1\STM32CubeIDE\plugins\com.st.stm32cube.common.mx_6.11.1.202404110753\\db\/plugins/mcufinder/images/
2025-10-01 16:37:07,860 [WARN] DbFile:41 - Overriding database path with different value: C:\Users\jakgr\.stmcufinder\plugins\mcufinder/ => C:\Users\jakgr\.stmcufinder\plugins\mcufinder
2025-10-01 16:37:07,860 [INFO] ApiDb:250 - Set database path to: C:\Users\jakgr\.stmcufinder\plugins\mcufinder//mcu/
2025-10-01 16:37:07,860 [WARN] DbFile:41 - Overriding database path with different value: C:\Users\jakgr\.stmcufinder\plugins\mcufinder/ => C:\Users\jakgr\.stmcufinder\plugins\mcufinder
2025-10-01 16:37:07,860 [INFO] DbMcusAds:125 - Set database path to: C:\Users\jakgr\.stmcufinder\plugins\mcufinder//mcu/
2025-10-01 16:37:07,860 [WARN] DbFile:41 - Overriding database path with different value: C:\Users\jakgr\.stmcufinder\plugins\mcufinder/ => C:\Users\jakgr\.stmcufinder\plugins\mcufinder
2025-10-01 16:37:07,860 [WARN] DbFile:41 - Overriding database path with different value: C:\Users\jakgr\.stmcufinder\plugins\mcufinder/ => C:\Users\jakgr\.stmcufinder\plugins\mcufinder
2025-10-01 16:37:07,860 [INFO] CrossReferenceDbSqlite:203 - Set database path to: C:\Users\jakgr\.stmcufinder\plugins\mcufinder//mcu/cs/
2025-10-01 16:37:07,874 [INFO] ApplicationProperties:184 - Using Application install path: C:\ST\STM32CubeIDE_1.15.1\STM32CubeIDE\plugins\com.st.stm32cube.common.mx_6.11.1.202404110753
2025-10-01 16:37:07,876 [INFO] PluginManage:196 - Search for loadable plugins [exclusion list=, ]
2025-10-01 16:37:07,877 [INFO] PluginManage:310 - Check plugin analytics
2025-10-01 16:37:08,026 [INFO] AnalyticsPlugin:253 - Accepted Software Licenses: 
2025-10-01 16:37:08,027 [INFO] AnalyticsPlugin:255 - Accepted CMSIS Pack Licenses: 
2025-10-01 16:37:08,027 [INFO] AnalyticsPlugin:257 - Accepted Firmware Licenses: 
2025-10-01 16:37:08,029 [INFO] PluginManage:359 - Loaded plugin analytics (category:tool,tabindex:-1)
2025-10-01 16:37:08,029 [INFO] PluginManage:310 - Check plugin cadmodel
2025-10-01 16:37:08,053 [INFO] CADModel:105 - Init CAD model plugin
2025-10-01 16:37:08,053 [INFO] PluginManage:359 - Loaded plugin cadmodel (category:power,tabindex:5)
2025-10-01 16:37:08,053 [INFO] PluginManage:310 - Check plugin clock
2025-10-01 16:37:08,089 [INFO] PluginManage:359 - Loaded plugin clock (category:base,tabindex:2)
2025-10-01 16:37:08,090 [INFO] PluginManage:310 - Check plugin ddr
2025-10-01 16:37:08,093 [INFO] PluginManage:359 - Loaded plugin ddr (category:tool,tabindex:6)
2025-10-01 16:37:08,093 [INFO] PluginManage:310 - Check plugin filemanager
2025-10-01 16:37:08,247 [INFO] PluginManage:359 - Loaded plugin filemanager (category:base,tabindex:10)
2025-10-01 16:37:08,248 [INFO] PluginManage:310 - Check plugin ipmanager
2025-10-01 16:37:08,254 [INFO] PluginManage:359 - Loaded plugin ipmanager (category:base,tabindex:5)
2025-10-01 16:37:08,254 [INFO] PluginManage:310 - Check plugin lpbam
2025-10-01 16:37:08,276 [INFO] PluginManage:359 - Loaded plugin lpbam (category:base,tabindex:0)
2025-10-01 16:37:08,277 [INFO] PluginManage:310 - Check plugin memorymap
2025-10-01 16:37:08,300 [INFO] PluginManage:359 - Loaded plugin memorymap (category:base,tabindex:4)
2025-10-01 16:37:08,300 [INFO] PluginManage:310 - Check plugin pinoutandconfiguration
2025-10-01 16:37:08,320 [INFO] PluginManage:359 - Loaded plugin pinoutandconfiguration (category:base,tabindex:1)
2025-10-01 16:37:08,321 [INFO] PluginManage:310 - Check plugin pinoutconfig
2025-10-01 16:37:08,402 [WARN] SupportedApi:132 - Cannot load RTOS API schema: s4s-elt-must-match.1: The content of 'definitions' must match (annotation?, (simpleType | complexType)?, (unique | key | keyref)*)). A problem was found starting at: attribute.
2025-10-01 16:37:08,509 [INFO] PluginManage:359 - Loaded plugin pinoutconfig (category:base,tabindex:0)
2025-10-01 16:37:08,509 [INFO] PluginManage:310 - Check plugin power
2025-10-01 16:37:08,535 [INFO] PluginManage:359 - Loaded plugin power (category:power,tabindex:4)
2025-10-01 16:37:08,536 [INFO] PluginManage:310 - Check plugin projectmanager
2025-10-01 16:37:08,554 [INFO] PluginManage:359 - Loaded plugin projectmanager (category:projectmanager,tabindex:3)
2025-10-01 16:37:08,554 [INFO] PluginManage:310 - Check plugin thirdparty
2025-10-01 16:37:08,898 [INFO] PluginManage:359 - Loaded plugin thirdparty (category:base,tabindex:-1)
2025-10-01 16:37:08,899 [WARN] IntegrityCheckThread:84 - waiting for thirdparty lock release [integrity check]
2025-10-01 16:37:08,899 [INFO] PluginManage:310 - Check plugin tools
2025-10-01 16:37:08,899 [INFO] IntegrityCheckThread:86 - entering critical section [integrity check]
2025-10-01 16:37:08,899 [INFO] ThirdPartyUpdaterWithRetryManager:70 - Updater plugin not ready yet. [1/15]
2025-10-01 16:37:08,947 [INFO] PluginManage:359 - Loaded plugin tools (category:base,tabindex:7)
2025-10-01 16:37:08,947 [INFO] PluginManage:310 - Check plugin tutovideos
2025-10-01 16:37:09,111 [INFO] PluginManage:359 - Loaded plugin tutovideos (category:base,tabindex:-1)
2025-10-01 16:37:09,111 [INFO] PluginManage:310 - Check plugin updater
2025-10-01 16:37:09,121 [INFO] PluginManage:359 - Loaded plugin updater (category:base,tabindex:12)
2025-10-01 16:37:09,121 [INFO] PluginManage:310 - Check plugin userauth
2025-10-01 16:37:09,126 [INFO] UserAuth:114 - Init User Auth plugin
2025-10-01 16:37:09,126 [INFO] PluginManage:359 - Loaded plugin userauth (category:base,tabindex:14)
2025-10-01 16:37:09,127 [INFO] PluginManage:283 - PluginManage : Loaded plugins [17]
2025-10-01 16:37:09,337 [INFO] PinOutPanel:1561 - setPackage(No Configuration,No Configuration)
2025-10-01 16:37:09,424 [INFO] CADModel:165 - CPN selected for project level
2025-10-01 16:37:09,424 [INFO] CADModel:114 - Register for checkConnection events
2025-10-01 16:37:09,456 [INFO] IPUIPlugin:80 - create IPUIPlugin
2025-10-01 16:37:09,457 [INFO] PluginManager:220 - loadIPPluginJar : add adc
2025-10-01 16:37:09,510 [INFO] IPUIPlugin:80 - create IPUIPlugin
2025-10-01 16:37:09,511 [INFO] PluginManager:220 - loadIPPluginJar : add aes
2025-10-01 16:37:09,569 [INFO] IPUIPlugin:80 - create IPUIPlugin
2025-10-01 16:37:09,569 [INFO] PluginManager:220 - loadIPPluginJar : add can
2025-10-01 16:37:09,608 [INFO] IPUIPlugin:80 - create IPUIPlugin
2025-10-01 16:37:09,608 [INFO] PluginManager:220 - loadIPPluginJar : add comp
2025-10-01 16:37:09,656 [INFO] IPUIPlugin:80 - create IPUIPlugin
2025-10-01 16:37:09,656 [INFO] PluginManager:220 - loadIPPluginJar : add cryp
2025-10-01 16:37:09,705 [INFO] IPUIPlugin:80 - create IPUIPlugin
2025-10-01 16:37:09,705 [INFO] PluginManager:220 - loadIPPluginJar : add dfsdm
2025-10-01 16:37:09,724 [INFO] IPUIPlugin:80 - create IPUIPlugin
2025-10-01 16:37:09,724 [INFO] PluginManager:220 - loadIPPluginJar : add dma
2025-10-01 16:37:09,793 [INFO] IPUIPlugin:80 - create IPUIPlugin
2025-10-01 16:37:09,794 [INFO] PluginManager:220 - loadIPPluginJar : add dma3
2025-10-01 16:37:09,855 [INFO] IPUIPlugin:80 - create IPUIPlugin
2025-10-01 16:37:09,855 [INFO] PluginManager:220 - loadIPPluginJar : add extmemmanager
2025-10-01 16:37:09,890 [INFO] IPUIPlugin:80 - create IPUIPlugin
2025-10-01 16:37:09,890 [INFO] PluginManager:220 - loadIPPluginJar : add fatfs
2025-10-01 16:37:09,961 [INFO] IPUIPlugin:80 - create IPUIPlugin
2025-10-01 16:37:09,961 [INFO] PluginManager:220 - loadIPPluginJar : add fmc
2025-10-01 16:37:09,983 [INFO] IPUIPlugin:80 - create IPUIPlugin
2025-10-01 16:37:09,983 [INFO] PluginManager:220 - loadIPPluginJar : add freertos
2025-10-01 16:37:10,016 [INFO] IPUIPlugin:80 - create IPUIPlugin
2025-10-01 16:37:10,017 [INFO] PluginManager:220 - loadIPPluginJar : add genericplugin
2025-10-01 16:37:10,154 [INFO] IPUIPlugin:80 - create IPUIPlugin
2025-10-01 16:37:10,154 [INFO] PluginManager:220 - loadIPPluginJar : add gfxmmu
2025-10-01 16:37:10,445 [INFO] IPUIPlugin:80 - create IPUIPlugin
2025-10-01 16:37:10,446 [INFO] PluginManager:220 - loadIPPluginJar : add gic
2025-10-01 16:37:10,467 [INFO] IPUIPlugin:80 - create IPUIPlugin
2025-10-01 16:37:10,468 [INFO] PluginManager:220 - loadIPPluginJar : add gpio
2025-10-01 16:37:10,603 [INFO] IPUIPlugin:80 - create IPUIPlugin
2025-10-01 16:37:10,603 [INFO] PluginManager:220 - loadIPPluginJar : add gtzc
2025-10-01 16:37:10,654 [INFO] IPUIPlugin:80 - create IPUIPlugin
2025-10-01 16:37:10,654 [INFO] PluginManager:220 - loadIPPluginJar : add hash
2025-10-01 16:37:10,726 [INFO] IPUIPlugin:80 - create IPUIPlugin
2025-10-01 16:37:10,726 [INFO] PluginManager:220 - loadIPPluginJar : add i2c
2025-10-01 16:37:10,782 [INFO] IPUIPlugin:80 - create IPUIPlugin
2025-10-01 16:37:10,782 [INFO] PluginManager:220 - loadIPPluginJar : add i2s
2025-10-01 16:37:10,842 [INFO] IPUIPlugin:80 - create IPUIPlugin
2025-10-01 16:37:10,842 [INFO] PluginManager:220 - loadIPPluginJar : add i3c
2025-10-01 16:37:10,978 [INFO] IPUIPlugin:80 - create IPUIPlugin
2025-10-01 16:37:10,978 [INFO] PluginManager:220 - loadIPPluginJar : add ipddr
2025-10-01 16:37:11,080 [INFO] IPUIPlugin:80 - create IPUIPlugin
2025-10-01 16:37:11,080 [INFO] PluginManager:220 - loadIPPluginJar : add linkedlist
2025-10-01 16:37:11,125 [INFO] IPUIPlugin:80 - create IPUIPlugin
2025-10-01 16:37:11,125 [INFO] PluginManager:220 - loadIPPluginJar : add lorawan
2025-10-01 16:37:11,174 [INFO] IPUIPlugin:80 - create IPUIPlugin
2025-10-01 16:37:11,174 [INFO] PluginManager:220 - loadIPPluginJar : add ltdc
2025-10-01 16:37:11,198 [INFO] IPUIPlugin:80 - create IPUIPlugin
2025-10-01 16:37:11,198 [INFO] PluginManager:220 - loadIPPluginJar : add mdma
2025-10-01 16:37:11,221 [INFO] IPUIPlugin:80 - create IPUIPlugin
2025-10-01 16:37:11,221 [INFO] PluginManager:220 - loadIPPluginJar : add nvic
2025-10-01 16:37:11,280 [INFO] IPUIPlugin:80 - create IPUIPlugin
2025-10-01 16:37:11,280 [INFO] PluginManager:220 - loadIPPluginJar : add opamp
2025-10-01 16:37:11,360 [INFO] IPUIPlugin:80 - create IPUIPlugin
2025-10-01 16:37:11,360 [INFO] PluginManager:220 - loadIPPluginJar : add openamp
2025-10-01 16:37:11,418 [INFO] IPUIPlugin:80 - create IPUIPlugin
2025-10-01 16:37:11,418 [INFO] PluginManager:220 - loadIPPluginJar : add pdm2pcm
2025-10-01 16:37:11,436 [INFO] IPUIPlugin:80 - create IPUIPlugin
2025-10-01 16:37:11,437 [INFO] PluginManager:220 - loadIPPluginJar : add plateformsettings
2025-10-01 16:37:11,473 [INFO] IPUIPlugin:80 - create IPUIPlugin
2025-10-01 16:37:11,473 [INFO] PluginManager:220 - loadIPPluginJar : add quadspi
2025-10-01 16:37:11,489 [INFO] IPUIPlugin:80 - create IPUIPlugin
2025-10-01 16:37:11,489 [INFO] PluginManager:220 - loadIPPluginJar : add resmgrutility
2025-10-01 16:37:11,546 [INFO] IPUIPlugin:80 - create IPUIPlugin
2025-10-01 16:37:11,546 [INFO] PluginManager:220 - loadIPPluginJar : add sai
2025-10-01 16:37:11,591 [INFO] IPUIPlugin:80 - create IPUIPlugin
2025-10-01 16:37:11,591 [INFO] PluginManager:220 - loadIPPluginJar : add spi
2025-10-01 16:37:11,667 [INFO] IPUIPlugin:80 - create IPUIPlugin
2025-10-01 16:37:11,667 [INFO] PluginManager:220 - loadIPPluginJar : add stm32_wpan
2025-10-01 16:37:11,698 [INFO] IPUIPlugin:80 - create IPUIPlugin
2025-10-01 16:37:11,698 [INFO] PluginManager:220 - loadIPPluginJar : add tim
2025-10-01 16:37:11,769 [INFO] IPUIPlugin:80 - create IPUIPlugin
2025-10-01 16:37:11,770 [INFO] PluginManager:220 - loadIPPluginJar : add touchsensing
2025-10-01 16:37:11,801 [INFO] IPUIPlugin:80 - create IPUIPlugin
2025-10-01 16:37:11,801 [INFO] PluginManager:220 - loadIPPluginJar : add tracer_emb
2025-10-01 16:37:11,834 [INFO] IPUIPlugin:80 - create IPUIPlugin
2025-10-01 16:37:11,834 [INFO] PluginManager:220 - loadIPPluginJar : add ts
2025-10-01 16:37:11,866 [INFO] IPUIPlugin:80 - create IPUIPlugin
2025-10-01 16:37:11,866 [INFO] PluginManager:220 - loadIPPluginJar : add tsc
2025-10-01 16:37:11,894 [INFO] IPUIPlugin:80 - create IPUIPlugin
2025-10-01 16:37:11,894 [INFO] PluginManager:220 - loadIPPluginJar : add ucpd
2025-10-01 16:37:11,900 [INFO] ThirdPartyUpdaterWithRetryManager:70 - Updater plugin not ready yet. [2/15]
2025-10-01 16:37:11,946 [INFO] IPUIPlugin:80 - create IPUIPlugin
2025-10-01 16:37:11,946 [INFO] PluginManager:220 - loadIPPluginJar : add usart
2025-10-01 16:37:11,998 [INFO] IPUIPlugin:80 - create IPUIPlugin
2025-10-01 16:37:11,998 [INFO] PluginManager:220 - loadIPPluginJar : add usbx
2025-10-01 16:37:12,116 [INFO] CADModel:165 - CPN selected for project level
2025-10-01 16:37:12,116 [INFO] CADModel:114 - Register for checkConnection events
2025-10-01 16:37:12,116 [FATAL] Updater:308 - Updater called before beeing initialized
2025-10-01 16:37:12,116 [ERROR] CADModel:125 - Updater not yet initialized, retry later 
2025-10-01 16:37:12,234 [INFO] CADModel:165 - CPN selected for project level
2025-10-01 16:37:12,235 [INFO] CADModel:114 - Register for checkConnection events
2025-10-01 16:37:12,235 [FATAL] Updater:308 - Updater called before beeing initialized
2025-10-01 16:37:12,235 [ERROR] CADModel:125 - Updater not yet initialized, retry later 
2025-10-01 16:37:12,239 [FATAL] Updater:308 - Updater called before beeing initialized
2025-10-01 16:37:12,346 [FATAL] Updater:308 - Updater called before beeing initialized
2025-10-01 16:37:12,360 [INFO] DbMcusAds:53 - JSON generation date=Tue Jul 08 15:14:23 ICT 2025 (1751962463524)
2025-10-01 16:37:12,361 [FATAL] Updater:308 - Updater called before beeing initialized
2025-10-01 16:37:12,444 [WARN] DetailPanel:346 - Failed to get advertising image, set to default
2025-10-01 16:37:12,523 [FATAL] Updater:308 - Updater called before beeing initialized
2025-10-01 16:37:12,525 [FATAL] Updater:308 - Updater called before beeing initialized
2025-10-01 16:37:12,525 [FATAL] Updater:308 - Updater called before beeing initialized
2025-10-01 16:37:12,525 [WARN] DetailPanel:346 - Failed to get advertising image, set to default
2025-10-01 16:37:12,526 [FATAL] Updater:308 - Updater called before beeing initialized
2025-10-01 16:37:12,615 [ERROR] Updater:1120 - MainUpdater not yet initialized. External WinMGr cannot be set.
2025-10-01 16:37:12,630 [INFO] Updater:1056 - Updater Version found : 6.11.1
2025-10-01 16:37:12,645 [INFO] ApplicationProperties:184 - Using Application install path: C:\ST\STM32CubeIDE_1.15.1\STM32CubeIDE\plugins\com.st.stm32cube.common.mx_6.11.1.202404110753
2025-10-01 16:37:13,044 [INFO] MainUpdater:2873 - connection check result : 10
2025-10-01 16:37:13,044 [INFO] MainUpdater:3567 - Updater definition file requires update
2025-10-01 16:37:13,045 [INFO] MainUpdater:290 - Updater Check For Update Now.
2025-10-01 16:37:13,045 [INFO] MicroXplorer:498 - Change Database Version : DB.6.0.111
2025-10-01 16:37:13,067 [INFO] McuFinderGlobals:63 - Set McuFinder mode to 2 (CubeIDE integrated)
2025-10-01 16:37:13,067 [INFO] UserAuth:179 - activating auth plugin
2025-10-01 16:37:13,070 [INFO] UserAuth:415 - Internet connection configuration mode: 1
2025-10-01 16:37:13,096 [INFO] JxBrowserEngine:152 - Initiate JxBrowser Engine with user profile folder
2025-10-01 16:37:13,113 [INFO] ServerAccessManage:473 - Download File updaters.zip
2025-10-01 16:37:13,204 [INFO] FileExtend:240 - Unzip File : updaters.zip
2025-10-01 16:37:13,205 [INFO] FileExtend:255 - Standard Zip Deflate
2025-10-01 16:37:14,140 [INFO] ServerAccessManage:473 - Download File PacksControlFlags.xml
2025-10-01 16:37:14,261 [INFO] ServerAccessManage:473 - Download File cubemx.pidx
2025-10-01 16:37:14,901 [WARN] MainUpdater:1194 - Updater busy. Cannot search thirdparties
2025-10-01 16:37:14,901 [INFO] ThirdPartyUpdaterWithRetryManager:96 - Updater plugin is busy. [1/15]
2025-10-01 16:37:15,542 [INFO] ServerAccessManage:473 - Download File STMicroelectronics.X-CUBE-FREERTOS.pdsc
2025-10-01 16:37:17,862 [INFO] WebApp:161 - Instantiating new browser for Auth
2025-10-01 16:37:17,902 [WARN] MainUpdater:1194 - Updater busy. Cannot search thirdparties
2025-10-01 16:37:17,902 [INFO] ThirdPartyUpdaterWithRetryManager:96 - Updater plugin is busy. [2/15]
2025-10-01 16:37:18,396 [INFO] WebApp:779 - Register for checkConnection events
2025-10-01 16:37:18,397 [INFO] WebApp:414 - Apply proxy settings
2025-10-01 16:37:18,397 [INFO] WebApp:499 - Chromium requires no authentication
2025-10-01 16:37:18,403 [INFO] WebApp:442 - Direct internet connection detected
2025-10-01 16:37:18,547 [INFO] WebApp:192 - Starting web application
2025-10-01 16:37:18,548 [INFO] WebApp:544 - Web application path used C:\ST\STM32CubeIDE_1.15.1\STM32CubeIDE\plugins\com.st.stm32cube.common.mx_6.11.1.202404110753\db\plugins\mcufinder\reactClient1\index.html
2025-10-01 16:37:20,690 [INFO] ServerAccessManage:473 - Download File STMicroelectronics.X-CUBE-TOUCHGFX.pdsc
2025-10-01 16:37:20,903 [WARN] MainUpdater:1194 - Updater busy. Cannot search thirdparties
2025-10-01 16:37:20,903 [INFO] ThirdPartyUpdaterWithRetryManager:96 - Updater plugin is busy. [3/15]
2025-10-01 16:37:23,906 [WARN] MainUpdater:1194 - Updater busy. Cannot search thirdparties
2025-10-01 16:37:23,906 [INFO] ThirdPartyUpdaterWithRetryManager:96 - Updater plugin is busy. [4/15]
2025-10-01 16:37:26,907 [WARN] MainUpdater:1194 - Updater busy. Cannot search thirdparties
2025-10-01 16:37:26,907 [INFO] ThirdPartyUpdaterWithRetryManager:96 - Updater plugin is busy. [5/15]
2025-10-01 16:37:29,908 [WARN] MainUpdater:1194 - Updater busy. Cannot search thirdparties
2025-10-01 16:37:29,908 [INFO] ThirdPartyUpdaterWithRetryManager:96 - Updater plugin is busy. [6/15]
2025-10-01 16:37:32,910 [WARN] MainUpdater:1194 - Updater busy. Cannot search thirdparties
2025-10-01 16:37:32,910 [INFO] ThirdPartyUpdaterWithRetryManager:96 - Updater plugin is busy. [7/15]
2025-10-01 16:37:35,911 [WARN] MainUpdater:1194 - Updater busy. Cannot search thirdparties
2025-10-01 16:37:35,911 [INFO] ThirdPartyUpdaterWithRetryManager:96 - Updater plugin is busy. [8/15]
2025-10-01 16:37:36,907 [WARN] PackLoader:240 - Cannot read IP mode file for STMicroelectronics.X-CUBE-FREERTOS.1.3.1
2025-10-01 16:37:36,914 [WARN] PackLoader:240 - Cannot read IP mode file for STMicroelectronics.X-CUBE-TOUCHGFX.4.26.0
2025-10-01 16:37:36,915 [INFO] PopulateThirdPartyThread:66 - Ending populate Thread
2025-10-01 16:37:36,916 [INFO] ThirdParty:1030 - CMSIS Pack Vendor :STMicroelectronics X-CUBE-FREERTOS 1.3.1
2025-10-01 16:37:36,917 [INFO] ThirdParty:1030 - CMSIS Pack Vendor :STMicroelectronics X-CUBE-TOUCHGFX 4.26.0
2025-10-01 16:37:36,917 [INFO] LoadServerUpdatesThread:375 - End of LoadServerUpdate Thread
2025-10-01 16:37:37,047 [INFO] CheckServerUpdateThread:120 - End of CheckServer Thread
2025-10-01 16:37:39,101 [WARN] PackLoader:240 - Cannot read IP mode file for STMicroelectronics.FP-SNS-MOTENVWB1.1.4.0
2025-10-01 16:37:39,110 [WARN] PackLoader:240 - Cannot read IP mode file for STMicroelectronics.FP-ATR-ASTRA1.2.0.2
2025-10-01 16:37:39,131 [WARN] PackLoader:240 - Cannot read IP mode file for STMicroelectronics.X-CUBE-SMBUS.2.1.0
2025-10-01 16:37:39,146 [ERROR] Engine:466 - C:\Users\jakgr\.stm32cubemx\thirdparties\pdsc\STMicroelectronics.X-CUBE-ST60.1.0.0.pdsc: PDSC version is not supported
2025-10-01 16:37:39,181 [WARN] PackLoader:240 - Cannot read IP mode file for STMicroelectronics.X-CUBE-AZRTOS-F7.1.1.0
2025-10-01 16:37:39,224 [WARN] PackLoader:240 - Cannot read IP mode file for Infineon.AIROC-Wi-Fi-Bluetooth-STM32.1.7.1
2025-10-01 16:37:39,270 [WARN] PackLoader:240 - Cannot read IP mode file for STMicroelectronics.X-CUBE-AZRTOS-H7.3.4.0
2025-10-01 16:37:39,291 [WARN] PackLoader:240 - Cannot read IP mode file for STMicroelectronics.X-CUBE-DISPLAY.3.0.0
2025-10-01 16:37:39,314 [WARN] PackLoader:240 - Cannot read IP mode file for STMicroelectronics.X-CUBE-NFC10.1.0.0
2025-10-01 16:37:39,332 [WARN] PackLoader:240 - Cannot read IP mode file for emotas.I-CUBE-CANOPEN.1.3.0
2025-10-01 16:37:39,346 [ERROR] Engine:466 - C:\Users\jakgr\.stm32cubemx\thirdparties\pdsc\STMicroelectronics.FP-SNS-STBOX1.2.1.0.pdsc: PDSC version is not supported
2025-10-01 16:37:39,363 [WARN] PackLoader:240 - Cannot read IP mode file for STMicroelectronics.FP-SNS-SMARTAG2.1.2.0
2025-10-01 16:37:39,367 [ERROR] Engine:466 - C:\Users\jakgr\.stm32cubemx\thirdparties\pdsc\STMicroelectronics.FP-SNS-FLIGHT1.5.1.0.pdsc: PDSC version is not supported
2025-10-01 16:37:39,392 [INFO] LogOutputStream:77 - [STDOUT_REDIRECT] 1 : Invalid condition id : UX_CORESTACK_Condition cause : null
2025-10-01 16:37:39,393 [INFO] LogOutputStream:77 - [STDOUT_REDIRECT] 1 : Invalid condition id : UX_CORESTACK_Condition cause : null
2025-10-01 16:37:39,394 [INFO] LogOutputStream:77 - [STDOUT_REDIRECT] 1 : Invalid condition id : UX_CORESTACK_Condition cause : null
2025-10-01 16:37:39,395 [INFO] LogOutputStream:77 - [STDOUT_REDIRECT] 1 : Invalid condition id : UX_CORESTACK_Condition cause : null
2025-10-01 16:37:39,395 [INFO] LogOutputStream:77 - [STDOUT_REDIRECT] 1 : Invalid condition id : UX_CORESTACK_Condition cause : null
2025-10-01 16:37:39,405 [WARN] PackLoader:240 - Cannot read IP mode file for STMicroelectronics.X-CUBE-AZRTOS-WL.2.0.0
2025-10-01 16:37:39,421 [WARN] PackLoader:240 - Cannot read IP mode file for STMicroelectronics.FP-SNS-MOTENV1.5.0.0
2025-10-01 16:37:39,438 [WARN] PackLoader:240 - Cannot read IP mode file for WES.I-CUBE-Cesium.1.3.0
2025-10-01 16:37:39,455 [WARN] PackLoader:240 - Cannot read IP mode file for STMicroelectronics.X-CUBE-BLE2.3.3.0
2025-10-01 16:37:39,471 [WARN] PackLoader:240 - Cannot read IP mode file for STMicroelectronics.X-CUBE-NFC9.1.0.0
2025-10-01 16:37:39,488 [WARN] PackLoader:240 - Cannot read IP mode file for wolfSSL.I-CUBE-wolfSSL.5.8.2
2025-10-01 16:37:39,505 [WARN] PackLoader:240 - Cannot read IP mode file for STMicroelectronics.X-CUBE-BLE1.7.1.0
2025-10-01 16:37:39,511 [WARN] PackLoader:240 - Cannot read IP mode file for wolfSSL.I-CUBE-wolfMQTT.1.19.2
2025-10-01 16:37:39,528 [WARN] PackLoader:240 - Cannot read IP mode file for STMicroelectronics.X-CUBE-EEPRMA1.5.2.0
2025-10-01 16:37:39,558 [WARN] PackLoader:240 - Cannot read IP mode file for STMicroelectronics.X-CUBE-AZRTOS-G0.1.1.0
2025-10-01 16:37:39,580 [WARN] PackLoader:240 - Cannot read IP mode file for STMicroelectronics.X-CUBE-SAFEA1.1.2.2
2025-10-01 16:37:39,598 [WARN] PackLoader:240 - Cannot read IP mode file for STMicroelectronics.X-CUBE-NFC4.3.0.0
2025-10-01 16:37:39,616 [WARN] PackLoader:240 - Cannot read IP mode file for EmbeddedOffice.I-CUBE-FS-RTOS.1.0.1
2025-10-01 16:37:39,617 [ERROR] ConditionMgr:805 - Attr not supported : Dmpu
2025-10-01 16:37:39,617 [ERROR] ConditionMgr:805 - Attr not supported : Dmpu
2025-10-01 16:37:39,617 [ERROR] ConditionMgr:805 - Attr not supported : Dmpu
2025-10-01 16:37:39,617 [ERROR] ConditionMgr:805 - Attr not supported : Dmpu
2025-10-01 16:37:39,617 [ERROR] ConditionMgr:805 - Attr not supported : Dmpu
2025-10-01 16:37:39,617 [ERROR] ConditionMgr:805 - Attr not supported : Dmpu
2025-10-01 16:37:39,617 [ERROR] ConditionMgr:805 - Attr not supported : Dmpu
2025-10-01 16:37:39,617 [ERROR] ConditionMgr:805 - Attr not supported : Dmpu
2025-10-01 16:37:39,617 [ERROR] ConditionMgr:805 - Attr not supported : Dmpu
2025-10-01 16:37:39,617 [ERROR] ConditionMgr:805 - Attr not supported : Dmpu
2025-10-01 16:37:39,617 [ERROR] ConditionMgr:805 - Attr not supported : Dmpu
2025-10-01 16:37:39,617 [ERROR] ConditionMgr:805 - Attr not supported : Dmpu
2025-10-01 16:37:39,617 [ERROR] ConditionMgr:805 - Attr not supported : Dmpu
2025-10-01 16:37:39,617 [ERROR] ConditionMgr:805 - Attr not supported : Dmpu
2025-10-01 16:37:39,617 [ERROR] ConditionMgr:805 - Attr not supported : Dmpu
2025-10-01 16:37:39,617 [ERROR] ConditionMgr:805 - Attr not supported : Dmpu
2025-10-01 16:37:39,617 [ERROR] ConditionMgr:805 - Attr not supported : Dmpu
2025-10-01 16:37:39,618 [ERROR] ConditionMgr:805 - Attr not supported : Dmpu
2025-10-01 16:37:39,618 [ERROR] ConditionMgr:805 - Attr not supported : Dmpu
2025-10-01 16:37:39,618 [ERROR] ConditionMgr:805 - Attr not supported : Dmpu
2025-10-01 16:37:39,618 [ERROR] ConditionMgr:805 - Attr not supported : Dmpu
2025-10-01 16:37:39,618 [ERROR] ConditionMgr:805 - Attr not supported : Dmpu
2025-10-01 16:37:39,618 [ERROR] ConditionMgr:805 - Attr not supported : Dmpu
2025-10-01 16:37:39,618 [ERROR] ConditionMgr:805 - Attr not supported : Dmpu
2025-10-01 16:37:39,618 [ERROR] ConditionMgr:805 - Attr not supported : Dmpu
2025-10-01 16:37:39,618 [ERROR] ConditionMgr:805 - Attr not supported : Dmpu
2025-10-01 16:37:39,618 [ERROR] ConditionMgr:805 - Attr not supported : Dmpu
2025-10-01 16:37:39,618 [ERROR] ConditionMgr:805 - Attr not supported : Dmpu
2025-10-01 16:37:39,618 [ERROR] ConditionMgr:805 - Attr not supported : Dmpu
2025-10-01 16:37:39,618 [ERROR] ConditionMgr:805 - Attr not supported : Dmpu
2025-10-01 16:37:39,618 [ERROR] ConditionMgr:805 - Attr not supported : Dmpu
2025-10-01 16:37:39,618 [ERROR] ConditionMgr:805 - Attr not supported : Dmpu
2025-10-01 16:37:39,618 [ERROR] ConditionMgr:805 - Attr not supported : Dmpu
2025-10-01 16:37:39,618 [ERROR] ConditionMgr:805 - Attr not supported : Dmpu
2025-10-01 16:37:39,618 [ERROR] ConditionMgr:805 - Attr not supported : Dmpu
2025-10-01 16:37:39,618 [ERROR] ConditionMgr:805 - Attr not supported : Dmpu
2025-10-01 16:37:39,618 [ERROR] ConditionMgr:805 - Attr not supported : Dmpu
2025-10-01 16:37:39,619 [ERROR] ConditionMgr:805 - Attr not supported : Dmpu
2025-10-01 16:37:39,619 [ERROR] ConditionMgr:805 - Attr not supported : Dmpu
2025-10-01 16:37:39,619 [ERROR] ConditionMgr:805 - Attr not supported : Dmpu
2025-10-01 16:37:39,619 [ERROR] ConditionMgr:805 - Attr not supported : Dmpu
2025-10-01 16:37:39,619 [ERROR] ConditionMgr:805 - Attr not supported : Dmpu
2025-10-01 16:37:39,619 [ERROR] ConditionMgr:805 - Attr not supported : Dmpu
2025-10-01 16:37:39,619 [ERROR] ConditionMgr:805 - Attr not supported : Dmpu
2025-10-01 16:37:39,619 [ERROR] ConditionMgr:805 - Attr not supported : Dmpu
2025-10-01 16:37:39,619 [ERROR] ConditionMgr:805 - Attr not supported : Dmpu
2025-10-01 16:37:39,619 [ERROR] ConditionMgr:805 - Attr not supported : Dmpu
2025-10-01 16:37:39,619 [ERROR] ConditionMgr:805 - Attr not supported : Dmpu
2025-10-01 16:37:39,619 [ERROR] ConditionMgr:805 - Attr not supported : Dmpu
2025-10-01 16:37:39,619 [ERROR] ConditionMgr:805 - Attr not supported : Dmpu
2025-10-01 16:37:39,619 [ERROR] ConditionMgr:805 - Attr not supported : Dmpu
2025-10-01 16:37:39,619 [ERROR] ConditionMgr:805 - Attr not supported : Dmpu
2025-10-01 16:37:39,620 [ERROR] ConditionMgr:805 - Attr not supported : Dmpu
2025-10-01 16:37:39,620 [ERROR] ConditionMgr:805 - Attr not supported : Dmpu
2025-10-01 16:37:39,620 [ERROR] ConditionMgr:805 - Attr not supported : Dmpu
2025-10-01 16:37:39,620 [ERROR] ConditionMgr:805 - Attr not supported : Dmpu
2025-10-01 16:37:39,620 [ERROR] ConditionMgr:805 - Attr not supported : Dmpu
2025-10-01 16:37:39,620 [ERROR] ConditionMgr:805 - Attr not supported : Dmpu
2025-10-01 16:37:39,620 [ERROR] ConditionMgr:805 - Attr not supported : Dmpu
2025-10-01 16:37:39,620 [ERROR] ConditionMgr:805 - Attr not supported : Dmpu
2025-10-01 16:37:39,620 [ERROR] ConditionMgr:805 - Attr not supported : Dmpu
2025-10-01 16:37:39,620 [ERROR] ConditionMgr:805 - Attr not supported : Dmpu
2025-10-01 16:37:39,620 [ERROR] ConditionMgr:805 - Attr not supported : Dmpu
2025-10-01 16:37:39,620 [ERROR] ConditionMgr:805 - Attr not supported : Dmpu
2025-10-01 16:37:39,637 [WARN] PackLoader:240 - Cannot read IP mode file for STMicroelectronics.X-CUBE-WB05N.2.0.0
2025-10-01 16:37:39,642 [WARN] PackLoader:240 - Cannot read IP mode file for wolfSSL.I-CUBE-wolfTPM.3.8.0
2025-10-01 16:37:39,658 [ERROR] Engine:466 - C:\Users\jakgr\.stm32cubemx\thirdparties\pdsc\STMicroelectronics.X-CUBE-TCPP.4.2.0.pdsc: PDSC version is not supported
2025-10-01 16:37:39,675 [WARN] PackLoader:240 - Cannot read IP mode file for RealThread.X-CUBE-RT-Thread_Nano.4.1.1
2025-10-01 16:37:39,681 [WARN] PackLoader:240 - Cannot read IP mode file for STMicroelectronics.FP-ATR-SIGFOX1.3.2.0
2025-10-01 16:37:39,698 [WARN] PackLoader:240 - Cannot read IP mode file for ITTIA_DB.I-CUBE-ITTIADB.8.9.0
2025-10-01 16:37:39,712 [ERROR] Engine:466 - C:\Users\jakgr\.stm32cubemx\thirdparties\pdsc\STMicroelectronics.X-CUBE-ST67W61.1.0.0.pdsc: PDSC version is not supported
2025-10-01 16:37:39,727 [WARN] PackLoader:240 - Cannot read IP mode file for STMicroelectronics.X-CUBE-AI.10.2.0
2025-10-01 16:37:39,763 [WARN] PackLoader:240 - Cannot read IP mode file for SEGGER.I-CUBE-embOS.1.3.1
2025-10-01 16:37:39,810 [WARN] PackLoader:240 - Cannot read IP mode file for STMicroelectronics.X-CUBE-ALGOBUILD.1.4.0
2025-10-01 16:37:39,862 [WARN] PackLoader:240 - Cannot read IP mode file for STMicroelectronics.X-CUBE-MEMS1.11.3.0
2025-10-01 16:37:39,996 [WARN] PackLoader:240 - Cannot read IP mode file for STMicroelectronics.X-CUBE-PM33A1.1.0.0
2025-10-01 16:37:40,025 [WARN] PackLoader:240 - Cannot read IP mode file for STMicroelectronics.X-CUBE-AZRTOS-F4.1.1.0
2025-10-01 16:37:40,040 [ERROR] Engine:466 - C:\Users\jakgr\.stm32cubemx\thirdparties\pdsc\Avnet-IotConnect.X-CUBE-IoTC-DA16k-PMOD.1.0.0.pdsc: PDSC version is not supported
2025-10-01 16:37:40,056 [WARN] PackLoader:240 - Cannot read IP mode file for STMicroelectronics.X-CUBE-ISPU.2.1.0
2025-10-01 16:37:40,074 [WARN] PackLoader:240 - Cannot read IP mode file for STMicroelectronics.X-CUBE-NFC12.1.0.0
2025-10-01 16:37:40,103 [WARN] PackLoader:240 - Cannot read IP mode file for STMicroelectronics.X-CUBE-AZRTOS-L5.2.0.0
2025-10-01 16:37:40,126 [WARN] PackLoader:240 - Cannot read IP mode file for STMicroelectronics.X-CUBE-NFC6.3.1.0
2025-10-01 16:37:40,132 [WARN] PackLoader:240 - Cannot read IP mode file for STMicroelectronics.X-CUBE-FREERTOS.1.3.1
2025-10-01 16:37:40,136 [WARN] PackLoader:240 - Cannot read IP mode file for STMicroelectronics.X-CUBE-TOUCHGFX.4.26.0
2025-10-01 16:37:40,154 [ERROR] Engine:466 - C:\Users\jakgr\.stm32cubemx\thirdparties\pdsc\STMicroelectronics.FP-SNS-STAIOTCFT.1.0.0.pdsc: PDSC version is not supported
2025-10-01 16:37:40,170 [WARN] PackLoader:240 - Cannot read IP mode file for STMicroelectronics.X-CUBE-DPower.1.3.0
2025-10-01 16:37:40,201 [WARN] ConditionMgr:438 - getConditionDescription Invalid condition id : LAN8742 Phy interface Condition cause : null
2025-10-01 16:37:40,201 [WARN] PackLoader:240 - Cannot read IP mode file for STMicroelectronics.X-CUBE-AZRTOS-L4.2.0.0
2025-10-01 16:37:40,202 [WARN] ConditionMgr:1039 - genDependencies : Invalid condition id : LAN8742 Phy interface Condition cause : null
2025-10-01 16:37:40,202 [WARN] ConditionMgr:1039 - genDependencies : Invalid condition id : LAN8742 Phy interface Condition cause : null
2025-10-01 16:37:40,203 [WARN] ConditionMgr:1039 - genDependencies : Invalid condition id : LAN8742 Phy interface Condition cause : null
2025-10-01 16:37:40,222 [WARN] PackLoader:240 - Cannot read IP mode file for STMicroelectronics.X-CUBE-SFXS2LP1.4.0.0
2025-10-01 16:37:40,238 [ERROR] Engine:466 - C:\Users\jakgr\.stm32cubemx\thirdparties\pdsc\STMicroelectronics.X-CUBE-BLEMGR.4.1.0.pdsc: PDSC version is not supported
2025-10-01 16:37:40,262 [WARN] ConditionMgr:438 - getConditionDescription Invalid condition id : UX DEVICE CLASS RTOS Condition cause : null
2025-10-01 16:37:40,262 [WARN] ConditionMgr:438 - getConditionDescription Invalid condition id : UX DEVICE CLASS RTOS Condition cause : null
2025-10-01 16:37:40,264 [WARN] PackLoader:240 - Cannot read IP mode file for STMicroelectronics.X-CUBE-AZRTOS-WB.2.0.0
2025-10-01 16:37:40,265 [WARN] ConditionMgr:1039 - genDependencies : Invalid condition id : UX DEVICE CLASS RTOS Condition cause : null
2025-10-01 16:37:40,265 [WARN] ConditionMgr:1039 - genDependencies : Invalid condition id : UX DEVICE CLASS RTOS Condition cause : null
2025-10-01 16:37:40,265 [WARN] ConditionMgr:1039 - genDependencies : Invalid condition id : UX DEVICE CLASS RTOS Condition cause : null
2025-10-01 16:37:40,266 [WARN] ConditionMgr:1039 - genDependencies : Invalid condition id : UX DEVICE CLASS RTOS Condition cause : null
2025-10-01 16:37:40,266 [WARN] ConditionMgr:1039 - genDependencies : Invalid condition id : UX DEVICE CLASS RTOS Condition cause : null
2025-10-01 16:37:40,283 [WARN] PackLoader:240 - Cannot read IP mode file for STMicroelectronics.X-CUBE-GNSS1.7.0.1
2025-10-01 16:37:40,300 [WARN] PackLoader:240 - Cannot read IP mode file for STMicroelectronics.X-CUBE-TOUCHGFX.4.25.0
2025-10-01 16:37:40,305 [WARN] ConditionMgr:438 - getConditionDescription Invalid condition id : Cortex-A Device cause : null
2025-10-01 16:37:40,331 [WARN] ConditionMgr:1039 - genDependencies : Invalid condition id : Cortex-A Device cause : null
2025-10-01 16:37:40,331 [WARN] ConditionMgr:1039 - genDependencies : Invalid condition id : Cortex-A Device cause : null
2025-10-01 16:37:40,332 [WARN] ConditionMgr:1039 - genDependencies : Invalid condition id : Cortex-A Device cause : null
2025-10-01 16:37:40,351 [WARN] PackLoader:240 - Cannot read IP mode file for STMicroelectronics.X-CUBE-SUBG2.5.0.0
2025-10-01 16:37:40,388 [WARN] PackLoader:240 - Cannot read IP mode file for STMicroelectronics.X-CUBE-AZRTOS-H7RS.1.1.0
2025-10-01 16:37:40,394 [WARN] PackLoader:240 - Cannot read IP mode file for Cesanta.I-CUBE-Mongoose.7.13.0
2025-10-01 16:37:40,421 [WARN] PackLoader:240 - Cannot read IP mode file for STMicroelectronics.X-CUBE-AZRTOS-G4.2.0.0
2025-10-01 16:37:40,427 [WARN] PackLoader:240 - Cannot read IP mode file for wolfSSL.I-CUBE-wolfSSH.1.4.20
2025-10-01 16:37:40,442 [WARN] PackLoader:240 - Cannot read IP mode file for STMicroelectronics.X-CUBE-NFC7.2.0.0
2025-10-01 16:37:40,459 [ERROR] Engine:466 - C:\Users\jakgr\.stm32cubemx\thirdparties\pdsc\STMicroelectronics.X-CUBE-IPS.3.1.0.pdsc: PDSC version is not supported
2025-10-01 16:37:40,474 [WARN] PackLoader:240 - Cannot read IP mode file for STMicroelectronics.X-CUBE-ALS.1.0.2
2025-10-01 16:37:40,492 [WARN] PackLoader:240 - Cannot read IP mode file for STMicroelectronics.X-CUBE-STSE01.1.0.0
2025-10-01 16:37:40,512 [WARN] PackLoader:240 - Cannot read IP mode file for portGmbH.I-Cube-SoM-uGOAL.1.1.0
2025-10-01 16:37:40,532 [ERROR] Engine:466 - C:\Users\jakgr\.stm32cubemx\thirdparties\pdsc\STMicroelectronics.X-CUBE-TOF1.3.4.3.pdsc: PDSC version is not supported
2025-10-01 16:37:40,533 [INFO] ThirdParty:978 - Integrity check success = true
2025-10-01 16:37:40,533 [INFO] IntegrityCheckThread:100 - exiting critical section [integrity check]
2025-10-01 16:37:40,533 [INFO] IntegrityCheckThread:103 - End integrity checks thread
2025-10-01 18:39:49,481 [ERROR] LogOutputStream:75 - [STDERR_REDIRECT] 
